1.8491 	WARNING 	We strongly recommend you activate the PTB sound engine in PsychoPy prefs as the preferred audio engine. Its timing is vastly superior. Your prefs are currently set to use ['sounddevice', 'PTB', 'pyo', 'pygame'] (in that order).
3.0516 	WARNING 	Font Manager failed to load file C:\Windows\Fonts\경기천년바탕_Regular.ttf
3.0526 	WARNING 	Font Manager failed to load file C:\Windows\Fonts\경기천년제목V_Bold.ttf
3.0805 	WARNING 	Font Manager failed to load file C:\Windows\Fonts\경기천년바탕_Bold.ttf
3.0839 	WARNING 	Font Manager failed to load file C:\Windows\Fonts\전주완판본 각B.ttf
3.1225 	WARNING 	Font Manager failed to load file C:\Windows\Fonts\전주완판본 각R.ttf
3.1408 	WARNING 	Font Manager failed to load file C:\Windows\Fonts\경기천년제목_Light.ttf
3.1474 	WARNING 	Font Manager failed to load file C:\Windows\Fonts\경기천년제목_Medium.ttf
3.1509 	WARNING 	Font Manager failed to load file C:\Windows\Fonts\전주완판본 각L.ttf
3.1555 	WARNING 	Font Manager failed to load file C:\Windows\Fonts\경기천년제목_Bold.ttf
3.1568 	WARNING 	Font Manager failed to load file C:\Windows\Fonts\전주완판본 순B.ttf
3.1697 	WARNING 	Font Manager failed to load file C:\Windows\Fonts\전주완판본 순R.ttf
3.1825 	WARNING 	Font Manager failed to load file C:\Windows\Fonts\전주완판본 순L.ttf
3.2010 	WARNING 	C:\Users\Minu Kim\AppData\Roaming\psychopy3\fonts\Times.truetype doesn't have valid font family name
3.2940 	WARNING 	Font Manager failed to load file C:\Windows\Fonts\경기천년바탕_Regular.ttf
3.2949 	WARNING 	Font Manager failed to load file C:\Windows\Fonts\경기천년제목V_Bold.ttf
3.3214 	WARNING 	Font Manager failed to load file C:\Windows\Fonts\경기천년바탕_Bold.ttf
3.3247 	WARNING 	Font Manager failed to load file C:\Windows\Fonts\전주완판본 각B.ttf
3.3594 	WARNING 	Font Manager failed to load file C:\Windows\Fonts\전주완판본 각R.ttf
3.3769 	WARNING 	Font Manager failed to load file C:\Windows\Fonts\경기천년제목_Light.ttf
3.3831 	WARNING 	Font Manager failed to load file C:\Windows\Fonts\경기천년제목_Medium.ttf
3.3864 	WARNING 	Font Manager failed to load file C:\Windows\Fonts\전주완판본 각L.ttf
3.3909 	WARNING 	Font Manager failed to load file C:\Windows\Fonts\경기천년제목_Bold.ttf
3.3921 	WARNING 	Font Manager failed to load file C:\Windows\Fonts\전주완판본 순B.ttf
3.4044 	WARNING 	Font Manager failed to load file C:\Windows\Fonts\전주완판본 순R.ttf
3.4167 	WARNING 	Font Manager failed to load file C:\Windows\Fonts\전주완판본 순L.ttf
3.4343 	WARNING 	C:\Users\Minu Kim\AppData\Roaming\psychopy3\fonts\Times.truetype doesn't have valid font family name
5.5980 	EXP 	Created window1 = Window(allowGUI=True, allowStencil=False, autoLog=True, backendConf=UNKNOWN, bitsMode=UNKNOWN, blendMode='avg', bpc=(8, 8, 8), color=array([0, 0, 0]), colorSpace='rgb', depthBits=8, fullscr=<method-wrapper '__getattribute__' of attributeSetter object at 0x00000278B6945F40>, gamma=None, gammaErrorPolicy='raise', lms=UNKNOWN, monitor=<psychopy.monitors.calibTools.Monitor object at 0x00000278B6E4F220>, multiSample=False, name='window1', numSamples=2, pos=(0, 0), screen=1, size=array([1920, 1080]), stencilBits=0, stereo=False, units='height', useFBO=True, useRetina=False, viewOri=0.0, viewPos=None, viewScale=None, waitBlanking=True, winType='pyglet')
5.5981 	EXP 	window1: mouseVisible = True
5.5981 	EXP 	window1: mouseVisible = True
5.5981 	EXP 	window1: Attempting to measure frame rate of screen (1) ...
5.5982 	EXP 	window1: recordFrameIntervals = False
5.7644 	EXP 	window1: recordFrameIntervals = True
5.9480 	EXP 	Screen (1) actual frame rate measured at 60.00Hz
5.9480 	EXP 	window1: recordFrameIntervals = False
5.9700 	WARNING 	launchHubServer: If using the iohub mouse or eyetracker devices, fullScr should be True.
6.9210 	EXP 	Created image = ImageStim(__class__=<class 'psychopy.visual.image.ImageStim'>, anchor=('center', 'center'), autoLog=True, color=array([1, 1, 1]), colorSpace='rgb', contrast=1.0, depth=0.0, flipHoriz=False, flipVert=False, image=str(...), interpolate=True, mask=None, maskParams=None, name='image', opacity=1.0, ori=0.0, pos=array([0., 0.]), size=array([1.8, 1. ]), texRes=128.0, units='height', win=Window(...))
6.9733 	EXP 	Created text = TextStim(__class__=<class 'psychopy.visual.text.TextStim'>, alignHoriz=method-wrapper(...), alignText='center', alignVert=method-wrapper(...), anchorHoriz='center', anchorVert='center', antialias=True, autoDraw=False, autoLog=True, bold=False, color=array([-1, -1, -1]), colorSpace='rgb', contrast=1.0, depth=-1.0, flipHoriz=False, flipVert=False, font='Noto Sans KR', fontFiles=[], height=0.05, italic=False, languageStyle='LTR', name='text', opacity=1.0, ori=0.0, pos=array([0., 0.]), rgb=UNKNOWN, text='asdfasdfasdf', units='height', win=Window(...), wrapWidth=1)
7.1349 	EXP 	image: autoDraw = True
7.1349 	EXP 	text: autoDraw = True
23.5377 	DATA 	Mouse: Left button down, pos=(1087,736)
23.5379 	DATA 	Mouse:  Left button up, pos=(1093,736)
23.5383 	DATA 	Mouse: Left button down, pos=(1031,721)
23.5385 	DATA 	Mouse:  Left button up, pos=(1031,721)
23.5386 	DATA 	Mouse: Left button down, pos=(1031,721)
23.5388 	DATA 	Mouse:  Left button up, pos=(1031,721)
23.5389 	DATA 	Mouse: Left button down, pos=(1031,721)
23.5391 	DATA 	Mouse:  Left button up, pos=(1031,721)
23.5392 	DATA 	Mouse: Left button down, pos=(1031,721)
23.5394 	DATA 	Mouse:  Left button up, pos=(1031,721)
23.5395 	DATA 	Mouse: Left button down, pos=(1031,721)
23.5397 	DATA 	Mouse:  Left button up, pos=(1031,721)
23.5404 	DATA 	Mouse: Left button down, pos=(1183,748)
23.5406 	DATA 	Mouse:  Left button up, pos=(1183,748)
23.5407 	DATA 	Mouse: Left button down, pos=(1183,748)
23.5409 	DATA 	Mouse:  Left button up, pos=(1184,748)
23.5410 	DATA 	Mouse: Left button down, pos=(1184,748)
23.5412 	DATA 	Mouse:  Left button up, pos=(1184,748)
23.5414 	DATA 	Mouse: Left button down, pos=(1184,748)
23.5415 	DATA 	Mouse:  Left button up, pos=(1184,748)
23.5417 	DATA 	Mouse: Left button down, pos=(1184,747)
23.5419 	DATA 	Mouse:  Left button up, pos=(1184,747)
23.5428 	DATA 	Mouse: Left button down, pos=(1478,791)
23.5431 	DATA 	Mouse:  Left button up, pos=(1480,789)
23.5432 	DATA 	Mouse: Left button down, pos=(1480,789)
23.5434 	DATA 	Mouse:  Left button up, pos=(1480,789)
23.5435 	DATA 	Mouse: Left button down, pos=(1480,789)
23.5437 	DATA 	Mouse:  Left button up, pos=(1480,789)
23.5438 	DATA 	Mouse: Left button down, pos=(1478,789)
23.5440 	DATA 	Mouse:  Left button up, pos=(1475,789)
23.5630 	EXP 	image: autoDraw = False
23.5630 	EXP 	text: autoDraw = False
23.5769 	EXP 	window1: mouseVisible = True
