1.2653 	WARNING 	We strongly recommend you activate the PTB sound engine in PsychoPy prefs as the preferred audio engine. Its timing is vastly superior. Your prefs are currently set to use ['sounddevice', 'PTB', 'pyo', 'pygame'] (in that order).
2.4921 	WARNING 	Font Manager failed to load file C:\Windows\Fonts\전주완판본 각R.ttf
2.4983 	WARNING 	Font Manager failed to load file C:\Windows\Fonts\전주완판본 순R.ttf
2.5103 	WARNING 	Font Manager failed to load file C:\Windows\Fonts\경기천년제목_Medium.ttf
2.5171 	WARNING 	Font Manager failed to load file C:\Windows\Fonts\전주완판본 순L.ttf
2.5255 	WARNING 	Font Manager failed to load file C:\Windows\Fonts\전주완판본 각L.ttf
2.5308 	WARNING 	Font Manager failed to load file C:\Windows\Fonts\전주완판본 각B.ttf
2.5426 	WARNING 	Font Manager failed to load file C:\Windows\Fonts\전주완판본 순B.ttf
2.5623 	WARNING 	Font Manager failed to load file C:\Windows\Fonts\경기천년제목_Light.ttf
2.5697 	WARNING 	Font Manager failed to load file C:\Windows\Fonts\경기천년바탕_Bold.ttf
2.5935 	WARNING 	Font Manager failed to load file C:\Windows\Fonts\경기천년바탕_Regular.ttf
2.5945 	WARNING 	Font Manager failed to load file C:\Windows\Fonts\경기천년제목_Bold.ttf
2.6196 	WARNING 	Font Manager failed to load file C:\Windows\Fonts\경기천년제목V_Bold.ttf
2.6388 	WARNING 	C:\Users\Minu Kim\AppData\Roaming\psychopy3\fonts\Times.truetype doesn't have valid font family name
2.7346 	WARNING 	Font Manager failed to load file C:\Windows\Fonts\전주완판본 각R.ttf
2.7406 	WARNING 	Font Manager failed to load file C:\Windows\Fonts\전주완판본 순R.ttf
2.7520 	WARNING 	Font Manager failed to load file C:\Windows\Fonts\경기천년제목_Medium.ttf
2.7585 	WARNING 	Font Manager failed to load file C:\Windows\Fonts\전주완판본 순L.ttf
2.7665 	WARNING 	Font Manager failed to load file C:\Windows\Fonts\전주완판본 각L.ttf
2.7718 	WARNING 	Font Manager failed to load file C:\Windows\Fonts\전주완판본 각B.ttf
2.7844 	WARNING 	Font Manager failed to load file C:\Windows\Fonts\전주완판본 순B.ttf
2.8016 	WARNING 	Font Manager failed to load file C:\Windows\Fonts\경기천년제목_Light.ttf
2.8079 	WARNING 	Font Manager failed to load file C:\Windows\Fonts\경기천년바탕_Bold.ttf
2.8293 	WARNING 	Font Manager failed to load file C:\Windows\Fonts\경기천년바탕_Regular.ttf
2.8302 	WARNING 	Font Manager failed to load file C:\Windows\Fonts\경기천년제목_Bold.ttf
2.8537 	WARNING 	Font Manager failed to load file C:\Windows\Fonts\경기천년제목V_Bold.ttf
2.8718 	WARNING 	C:\Users\Minu Kim\AppData\Roaming\psychopy3\fonts\Times.truetype doesn't have valid font family name
4.6124 	WARNING 	User requested fullscreen with size [1024  768], but screen is actually [1920, 1080]. Using actual size
5.0260 	EXP 	Created window1 = Window(allowGUI=True, allowStencil=False, autoLog=True, backendConf=UNKNOWN, bitsMode=UNKNOWN, blendMode='avg', bpc=(8, 8, 8), color=array([0, 0, 0]), colorSpace='rgb', depthBits=8, fullscr=<method-wrapper '__getattribute__' of attributeSetter object at 0x000001CA8E71AF70>, gamma=None, gammaErrorPolicy='raise', lms=UNKNOWN, monitor=<psychopy.monitors.calibTools.Monitor object at 0x000001CA8F7913A0>, multiSample=False, name='window1', numSamples=2, pos=(1920, 0), screen=0, size=array([1920, 1080]), stencilBits=0, stereo=False, units='height', useFBO=True, useRetina=False, viewOri=0.0, viewPos=None, viewScale=None, waitBlanking=True, winType='pyglet')
5.0261 	EXP 	window1: mouseVisible = True
5.0261 	EXP 	window1: mouseVisible = False
5.0261 	EXP 	window1: Attempting to measure frame rate of screen (0) ...
5.0261 	EXP 	window1: recordFrameIntervals = False
5.0953 	EXP 	window1: recordFrameIntervals = True
5.1717 	EXP 	Screen (0) actual frame rate measured at 143.85Hz
5.1717 	EXP 	window1: recordFrameIntervals = False
7.4199 	EXP 	Created image = ImageStim(__class__=<class 'psychopy.visual.image.ImageStim'>, anchor=('center', 'center'), autoLog=True, color=array([1, 1, 1]), colorSpace='rgb', contrast=1.0, depth=0.0, flipHoriz=False, flipVert=False, image=str(...), interpolate=True, mask=None, maskParams=None, name='image', opacity=1.0, ori=0.0, pos=array([0., 0.]), size=array([1.8, 1. ]), texRes=128.0, units='height', win=Window(...))
25.1706 	EXP 	image: autoDraw = True
25.1706 	EXP 	image: autoDraw = False
25.1799 	EXP 	window1: mouseVisible = True
