1.9330 	WARNING 	We strongly recommend you activate the PTB sound engine in PsychoPy prefs as the preferred audio engine. Its timing is vastly superior. Your prefs are currently set to use ['sounddevice', 'PTB', 'pyo', 'pygame'] (in that order).
3.5784 	WARNING 	Font Manager failed to load file C:\Windows\Fonts\전주완판본 각B.ttf
3.5794 	WARNING 	Font Manager failed to load file C:\Windows\Fonts\전주완판본 각L.ttf
3.5944 	WARNING 	Font Manager failed to load file C:\Windows\Fonts\전주완판본 순L.ttf
3.6131 	WARNING 	Font Manager failed to load file C:\Windows\Fonts\경기천년바탕_Bold.ttf
3.6223 	WARNING 	Font Manager failed to load file C:\Windows\Fonts\경기천년제목_Light.ttf
3.6271 	WARNING 	Font Manager failed to load file C:\Windows\Fonts\전주완판본 순B.ttf
3.6377 	WARNING 	Font Manager failed to load file C:\Windows\Fonts\경기천년제목_Medium.ttf
3.6531 	WARNING 	Font Manager failed to load file C:\Windows\Fonts\경기천년바탕_Regular.ttf
3.6605 	WARNING 	Font Manager failed to load file C:\Windows\Fonts\전주완판본 순R.ttf
3.6734 	WARNING 	Font Manager failed to load file C:\Windows\Fonts\전주완판본 각R.ttf
3.6808 	WARNING 	Font Manager failed to load file C:\Windows\Fonts\경기천년제목_Bold.ttf
3.6941 	WARNING 	Font Manager failed to load file C:\Windows\Fonts\경기천년제목V_Bold.ttf
3.6968 	WARNING 	C:\Users\Minu Kim\AppData\Roaming\psychopy3\fonts\Times.truetype doesn't have valid font family name
3.8171 	WARNING 	Font Manager failed to load file C:\Windows\Fonts\전주완판본 각B.ttf
3.8183 	WARNING 	Font Manager failed to load file C:\Windows\Fonts\전주완판본 각L.ttf
3.8315 	WARNING 	Font Manager failed to load file C:\Windows\Fonts\전주완판본 순L.ttf
3.8487 	WARNING 	Font Manager failed to load file C:\Windows\Fonts\경기천년바탕_Bold.ttf
3.8571 	WARNING 	Font Manager failed to load file C:\Windows\Fonts\경기천년제목_Light.ttf
3.8617 	WARNING 	Font Manager failed to load file C:\Windows\Fonts\전주완판본 순B.ttf
3.8715 	WARNING 	Font Manager failed to load file C:\Windows\Fonts\경기천년제목_Medium.ttf
3.8859 	WARNING 	Font Manager failed to load file C:\Windows\Fonts\경기천년바탕_Regular.ttf
3.8926 	WARNING 	Font Manager failed to load file C:\Windows\Fonts\전주완판본 순R.ttf
3.9047 	WARNING 	Font Manager failed to load file C:\Windows\Fonts\전주완판본 각R.ttf
3.9115 	WARNING 	Font Manager failed to load file C:\Windows\Fonts\경기천년제목_Bold.ttf
3.9238 	WARNING 	Font Manager failed to load file C:\Windows\Fonts\경기천년제목V_Bold.ttf
3.9263 	WARNING 	C:\Users\Minu Kim\AppData\Roaming\psychopy3\fonts\Times.truetype doesn't have valid font family name
4.9314 	EXP 	Created window1 = Window(allowGUI=True, allowStencil=False, autoLog=True, backendConf=UNKNOWN, bitsMode=UNKNOWN, blendMode='avg', bpc=(8, 8, 8), color=array([0, 0, 0]), colorSpace='rgb', depthBits=8, fullscr=<method-wrapper '__getattribute__' of attributeSetter object at 0x000001F4CEAC4D90>, gamma=None, gammaErrorPolicy='raise', lms=UNKNOWN, monitor=<psychopy.monitors.calibTools.Monitor object at 0x000001F4D5030910>, multiSample=False, name='window1', numSamples=2, pos=(1920, 0), screen=0, size=array([1920, 1080]), stencilBits=0, stereo=False, units='height', useFBO=True, useRetina=False, viewOri=0.0, viewPos=None, viewScale=None, waitBlanking=True, winType='pyglet')
4.9315 	EXP 	window1: mouseVisible = True
4.9316 	EXP 	window1: mouseVisible = False
4.9316 	EXP 	window1: Attempting to measure frame rate of screen (0) ...
4.9316 	EXP 	window1: recordFrameIntervals = False
5.0008 	EXP 	window1: recordFrameIntervals = True
5.0771 	EXP 	Screen (0) actual frame rate measured at 144.04Hz
5.0771 	EXP 	window1: recordFrameIntervals = False
7.0469 	EXP 	Created text = TextStim(__class__=<class 'psychopy.visual.text.TextStim'>, alignHoriz=method-wrapper(...), alignText='center', alignVert=method-wrapper(...), anchorHoriz='center', anchorVert='center', antialias=True, autoDraw=False, autoLog=True, bold=False, color=array([1, 1, 1]), colorSpace='rgb', contrast=1.0, depth=0.0, flipHoriz=False, flipVert=False, font='Open Sans', fontFiles=[], height=0.05, italic=False, languageStyle='LTR', name='text', opacity=1.0, ori=0.0, pos=array([0., 0.]), rgb=UNKNOWN, text='show dialog box', units='height', win=Window(...), wrapWidth=1)
7.0490 	EXP 	text: autoDraw = True
8.0497 	EXP 	text: autoDraw = False
9.7729 	EXP 	text: autoDraw = False
9.7865 	EXP 	window1: mouseVisible = True
