1.2699 	WARNING 	We strongly recommend you activate the PTB sound engine in PsychoPy prefs as the preferred audio engine. Its timing is vastly superior. Your prefs are currently set to use ['sounddevice', 'PTB', 'pyo', 'pygame'] (in that order).
2.4898 	WARNING 	Font Manager failed to load file C:\Windows\Fonts\경기천년바탕_Bold.ttf
2.4903 	WARNING 	Font Manager failed to load file C:\Windows\Fonts\전주완판본 각L.ttf
2.4996 	WARNING 	Font Manager failed to load file C:\Windows\Fonts\경기천년바탕_Regular.ttf
2.5015 	WARNING 	Font Manager failed to load file C:\Windows\Fonts\경기천년제목_Medium.ttf
2.5405 	WARNING 	Font Manager failed to load file C:\Windows\Fonts\전주완판본 순R.ttf
2.5799 	WARNING 	Font Manager failed to load file C:\Windows\Fonts\경기천년제목_Light.ttf
2.5946 	WARNING 	Font Manager failed to load file C:\Windows\Fonts\전주완판본 각R.ttf
2.6021 	WARNING 	Font Manager failed to load file C:\Windows\Fonts\경기천년제목V_Bold.ttf
2.6068 	WARNING 	Font Manager failed to load file C:\Windows\Fonts\전주완판본 순B.ttf
2.6256 	WARNING 	Font Manager failed to load file C:\Windows\Fonts\전주완판본 순L.ttf
2.6318 	WARNING 	Font Manager failed to load file C:\Windows\Fonts\전주완판본 각B.ttf
2.6363 	WARNING 	Font Manager failed to load file C:\Windows\Fonts\경기천년제목_Bold.ttf
2.6404 	WARNING 	C:\Users\Minu Kim\AppData\Roaming\psychopy3\fonts\Times.truetype doesn't have valid font family name
2.7422 	WARNING 	Font Manager failed to load file C:\Windows\Fonts\경기천년바탕_Bold.ttf
2.7426 	WARNING 	Font Manager failed to load file C:\Windows\Fonts\전주완판본 각L.ttf
2.7516 	WARNING 	Font Manager failed to load file C:\Windows\Fonts\경기천년바탕_Regular.ttf
2.7533 	WARNING 	Font Manager failed to load file C:\Windows\Fonts\경기천년제목_Medium.ttf
2.7896 	WARNING 	Font Manager failed to load file C:\Windows\Fonts\전주완판본 순R.ttf
2.8271 	WARNING 	Font Manager failed to load file C:\Windows\Fonts\경기천년제목_Light.ttf
2.8408 	WARNING 	Font Manager failed to load file C:\Windows\Fonts\전주완판본 각R.ttf
2.8473 	WARNING 	Font Manager failed to load file C:\Windows\Fonts\경기천년제목V_Bold.ttf
2.8517 	WARNING 	Font Manager failed to load file C:\Windows\Fonts\전주완판본 순B.ttf
2.8682 	WARNING 	Font Manager failed to load file C:\Windows\Fonts\전주완판본 순L.ttf
2.8740 	WARNING 	Font Manager failed to load file C:\Windows\Fonts\전주완판본 각B.ttf
2.8784 	WARNING 	Font Manager failed to load file C:\Windows\Fonts\경기천년제목_Bold.ttf
2.8824 	WARNING 	C:\Users\Minu Kim\AppData\Roaming\psychopy3\fonts\Times.truetype doesn't have valid font family name
4.4438 	WARNING 	User requested fullscreen with size [1024  768], but screen is actually [1920, 1080]. Using actual size
4.8122 	EXP 	Created window1 = Window(allowGUI=True, allowStencil=False, autoLog=True, backendConf=UNKNOWN, bitsMode=UNKNOWN, blendMode='avg', bpc=(8, 8, 8), color=array([0, 0, 0]), colorSpace='rgb', depthBits=8, fullscr=<method-wrapper '__getattribute__' of attributeSetter object at 0x0000013C14E1FD90>, gamma=None, gammaErrorPolicy='raise', lms=UNKNOWN, monitor=<psychopy.monitors.calibTools.Monitor object at 0x0000013C1B3011F0>, multiSample=False, name='window1', numSamples=2, pos=(1920, 0), screen=0, size=array([1920, 1080]), stencilBits=0, stereo=False, units='height', useFBO=True, useRetina=False, viewOri=0.0, viewPos=None, viewScale=None, waitBlanking=True, winType='pyglet')
4.8123 	EXP 	window1: mouseVisible = True
4.8123 	EXP 	window1: mouseVisible = False
4.8123 	EXP 	window1: Attempting to measure frame rate of screen (0) ...
4.8123 	EXP 	window1: recordFrameIntervals = False
4.8812 	EXP 	window1: recordFrameIntervals = True
4.9579 	EXP 	Screen (0) actual frame rate measured at 143.48Hz
4.9579 	EXP 	window1: recordFrameIntervals = False
6.5567 	EXP 	window1: mouseVisible = True
