1.8525 	WARNING 	We strongly recommend you activate the PTB sound engine in PsychoPy prefs as the preferred audio engine. Its timing is vastly superior. Your prefs are currently set to use ['sounddevice', 'PTB', 'pyo', 'pygame'] (in that order).
3.0607 	WARNING 	Font Manager failed to load file C:\Windows\Fonts\전주완판본 각R.ttf
3.0651 	WARNING 	Font Manager failed to load file C:\Windows\Fonts\경기천년제목_Medium.ttf
3.0799 	WARNING 	Font Manager failed to load file C:\Windows\Fonts\전주완판본 순R.ttf
3.0979 	WARNING 	Font Manager failed to load file C:\Windows\Fonts\경기천년제목V_Bold.ttf
3.1139 	WARNING 	Font Manager failed to load file C:\Windows\Fonts\전주완판본 각B.ttf
3.1230 	WARNING 	Font Manager failed to load file C:\Windows\Fonts\경기천년바탕_Bold.ttf
3.1381 	WARNING 	Font Manager failed to load file C:\Windows\Fonts\전주완판본 순B.ttf
3.1503 	WARNING 	Font Manager failed to load file C:\Windows\Fonts\전주완판본 각L.ttf
3.1674 	WARNING 	Font Manager failed to load file C:\Windows\Fonts\경기천년제목_Bold.ttf
3.1766 	WARNING 	Font Manager failed to load file C:\Windows\Fonts\경기천년바탕_Regular.ttf
3.1895 	WARNING 	Font Manager failed to load file C:\Windows\Fonts\경기천년제목_Light.ttf
3.1932 	WARNING 	Font Manager failed to load file C:\Windows\Fonts\전주완판본 순L.ttf
3.2119 	WARNING 	C:\Users\Minu Kim\AppData\Roaming\psychopy3\fonts\Times.truetype doesn't have valid font family name
3.3041 	WARNING 	Font Manager failed to load file C:\Windows\Fonts\전주완판본 각R.ttf
3.3080 	WARNING 	Font Manager failed to load file C:\Windows\Fonts\경기천년제목_Medium.ttf
3.3201 	WARNING 	Font Manager failed to load file C:\Windows\Fonts\전주완판본 순R.ttf
3.3366 	WARNING 	Font Manager failed to load file C:\Windows\Fonts\경기천년제목V_Bold.ttf
3.3515 	WARNING 	Font Manager failed to load file C:\Windows\Fonts\전주완판본 각B.ttf
3.3601 	WARNING 	Font Manager failed to load file C:\Windows\Fonts\경기천년바탕_Bold.ttf
3.3743 	WARNING 	Font Manager failed to load file C:\Windows\Fonts\전주완판본 순B.ttf
3.3857 	WARNING 	Font Manager failed to load file C:\Windows\Fonts\전주완판본 각L.ttf
3.4026 	WARNING 	Font Manager failed to load file C:\Windows\Fonts\경기천년제목_Bold.ttf
3.4114 	WARNING 	Font Manager failed to load file C:\Windows\Fonts\경기천년바탕_Regular.ttf
3.4236 	WARNING 	Font Manager failed to load file C:\Windows\Fonts\경기천년제목_Light.ttf
3.4271 	WARNING 	Font Manager failed to load file C:\Windows\Fonts\전주완판본 순L.ttf
3.4449 	WARNING 	C:\Users\Minu Kim\AppData\Roaming\psychopy3\fonts\Times.truetype doesn't have valid font family name
5.8364 	EXP 	Created window1 = Window(allowGUI=True, allowStencil=False, autoLog=True, backendConf=UNKNOWN, bitsMode=UNKNOWN, blendMode='avg', bpc=(8, 8, 8), color=array([0, 0, 0]), colorSpace='rgb', depthBits=8, fullscr=<method-wrapper '__getattribute__' of attributeSetter object at 0x000001EB86014F70>, gamma=None, gammaErrorPolicy='raise', lms=UNKNOWN, monitor=<psychopy.monitors.calibTools.Monitor object at 0x000001EB8638F2E0>, multiSample=False, name='window1', numSamples=2, pos=(0, 0), screen=1, size=array([1920, 1080]), stencilBits=0, stereo=False, units='height', useFBO=True, useRetina=False, viewOri=0.0, viewPos=None, viewScale=None, waitBlanking=True, winType='pyglet')
5.8365 	EXP 	window1: mouseVisible = True
5.8365 	EXP 	window1: mouseVisible = True
5.8365 	EXP 	window1: Attempting to measure frame rate of screen (1) ...
5.8365 	EXP 	window1: recordFrameIntervals = False
6.0025 	EXP 	window1: recordFrameIntervals = True
6.1864 	EXP 	Screen (1) actual frame rate measured at 60.08Hz
6.1864 	EXP 	window1: recordFrameIntervals = False
6.2100 	WARNING 	launchHubServer: If using the iohub mouse or eyetracker devices, fullScr should be True.
8.4646 	EXP 	Created image = ImageStim(__class__=<class 'psychopy.visual.image.ImageStim'>, anchor=('center', 'center'), autoLog=True, color=array([1, 1, 1]), colorSpace='rgb', contrast=1.0, depth=0.0, flipHoriz=False, flipVert=False, image=str(...), interpolate=True, mask=None, maskParams=None, name='image', opacity=1.0, ori=0.0, pos=array([0., 0.]), size=array([1.8, 1. ]), texRes=128.0, units='height', win=Window(...))
8.5156 	EXP 	Created text = TextStim(__class__=<class 'psychopy.visual.text.TextStim'>, alignHoriz=method-wrapper(...), alignText='center', alignVert=method-wrapper(...), anchorHoriz='center', anchorVert='center', antialias=True, autoDraw=False, autoLog=True, bold=False, color=array([-1, -1, -1]), colorSpace='rgb', contrast=1.0, depth=-1.0, flipHoriz=False, flipVert=False, font='Noto Sans KR', fontFiles=[], height=0.05, italic=False, languageStyle='LTR', name='text', opacity=1.0, ori=0.0, pos=array([0., 0.]), rgb=UNKNOWN, text='asdfasdfasdf', units='height', win=Window(...), wrapWidth=1)
8.6494 	EXP 	image: autoDraw = True
8.6494 	EXP 	text: autoDraw = True
21.2962 	DATA 	Mouse: Left button down, pos=(703,729)
21.2964 	DATA 	Mouse:  Left button up, pos=(703,729)
21.2966 	DATA 	Keypress: e
21.2966 	DATA 	Keypress: f
21.2967 	DATA 	Keypress: d
21.2967 	DATA 	Keypress: s
21.2967 	DATA 	Keypress: f
21.2972 	DATA 	Mouse: Left button down, pos=(612,776)
21.2974 	DATA 	Mouse:  Left button up, pos=(612,777)
21.2974 	DATA 	Keypress: a
21.2975 	DATA 	Keypress: d
21.2975 	DATA 	Keypress: s
21.2975 	DATA 	Keypress: f
21.2976 	DATA 	Keypress: f
21.2976 	DATA 	Keypress: space
21.2977 	DATA 	KeyPress: ㅁ
21.2977 	DATA 	KeyPress: ㅇ
21.2978 	DATA 	KeyPress: 널
21.2978 	DATA 	Keypress: semicolon
21.2979 	DATA 	KeyPress: ㅣ
21.2979 	DATA 	KeyPress: ㅁ
21.2979 	DATA 	KeyPress: ㅇ
21.2980 	DATA 	KeyPress: 나
21.2980 	DATA 	KeyPress: ㅓ
21.2981 	DATA 	KeyPress: 리
21.2981 	DATA 	KeyPress: ㅓ
21.2981 	DATA 	KeyPress: ㅁ
21.2982 	DATA 	KeyPress: ㄴ
21.2982 	DATA 	KeyPress: 이
21.2982 	DATA 	Keypress: semicolon
21.2983 	DATA 	KeyPress: 러
21.2984 	DATA 	KeyPress: ㅏ
21.2984 	DATA 	Keypress: return
21.2988 	DATA 	Mouse: Left button down, pos=(682,813)
21.2998 	DATA 	Mouse: Left button down, pos=(731,696)
21.3014 	DATA 	Mouse: Left button down, pos=(466,823)
21.3016 	DATA 	Mouse:  Left button up, pos=(466,823)
21.3017 	DATA 	Mouse: Left button down, pos=(468,822)
21.3022 	DATA 	Mouse:  Left button up, pos=(500,818)
21.3024 	DATA 	Mouse: Left button down, pos=(513,820)
21.3031 	DATA 	Mouse:  Left button up, pos=(563,791)
21.3184 	EXP 	image: autoDraw = False
21.3184 	EXP 	text: autoDraw = False
21.3333 	EXP 	window1: mouseVisible = True
