2.3081 	WARNING 	We strongly recommend you activate the PTB sound engine in PsychoPy prefs as the preferred audio engine. Its timing is vastly superior. Your prefs are currently set to use ['sounddevice', 'PTB', 'pyo', 'pygame'] (in that order).
6.8376 	EXP 	Created window1 = Window(allowGUI=True, allowStencil=False, autoLog=True, backendConf=UNKNOWN, bitsMode=UNKNOWN, blendMode='avg', bpc=(8, 8, 8), color=array([0.0039, 0.0039, 0.0039]), colorSpace='rgb', depthBits=8, fullscr=<method-wrapper '__getattribute__' of attributeSetter object at 0x000001A2A1323E80>, gamma=None, gammaErrorPolicy='raise', lms=UNKNOWN, monitor=<psychopy.monitors.calibTools.Monitor object at 0x000001A2A26BE3A0>, multiSample=False, name='window1', numSamples=2, pos=(0, 0), screen=0, size=array([1920, 1080]), stencilBits=0, stereo=False, units='height', useFBO=True, useRetina=False, viewOri=0.0, viewPos=None, viewScale=None, waitBlanking=True, winType='pyglet')
6.8376 	EXP 	window1: mouseVisible = True
6.8377 	EXP 	window1: mouseVisible = True
6.8377 	EXP 	window1: Attempting to measure frame rate of screen (0) ...
6.8377 	EXP 	window1: recordFrameIntervals = False
7.0039 	EXP 	window1: recordFrameIntervals = True
7.1862 	EXP 	Screen (0) actual frame rate measured at 60.37Hz
7.1863 	EXP 	window1: recordFrameIntervals = False
7.2142 	WARNING 	launchHubServer: If using the iohub mouse or eyetracker devices, fullScr should be True.
8.8543 	EXP 	Created wth_inst_image = ImageStim(__class__=<class 'psychopy.visual.image.ImageStim'>, anchor=('center', 'center'), autoLog=True, color=array([1, 1, 1]), colorSpace='rgb', contrast=1.0, depth=0.0, flipHoriz=False, flipVert=False, image='fis_artwork/general_instruction.png', interpolate=True, mask=None, maskParams=None, name='wth_inst_image', opacity=1.0, ori=0.0, pos=array([0., 0.]), size=array([1920., 1080.]), texRes=128.0, units='pix', win=Window(...))
8.9866 	EXP 	Created wth_movie = MovieStim3(__class__=<class 'psychopy.visual.movie3.MovieStim3'>, anchor=('center', 'center'), autoLog=True, color=UNKNOWN, colorSpace=UNKNOWN, depth=0.0, filename='ins/weather_intro.mp4', flipHoriz=False, flipVert=False, fps=UNKNOWN, interpolate=True, loop=False, name='wth_movie', noAudio=False, opacity=1, ori=method-wrapper(...), pos=array([0., 0.]), size=None, units='pix', vframe_callback=UNKNOWN, volume=UNKNOWN, win=Window(...))
11.1181 	WARNING 	2.131418599998142: Video catchup needed, advancing self._nextFrameT from 0.0 to 0.041666666666666664
11.1181 	WARNING 	2.131444199996622: Video catchup needed, advancing self._nextFrameT from 0.041666666666666664 to 0.08333333333333333
11.1181 	WARNING 	2.1314545999994152: Video catchup needed, advancing self._nextFrameT from 0.08333333333333333 to 0.125
11.1181 	WARNING 	2.131463799996709: Video catchup needed, advancing self._nextFrameT from 0.125 to 0.16666666666666666
11.1181 	WARNING 	2.131472599998233: Video catchup needed, advancing self._nextFrameT from 0.16666666666666666 to 0.20833333333333331
11.1181 	WARNING 	2.131481899999926: Video catchup needed, advancing self._nextFrameT from 0.20833333333333331 to 0.24999999999999997
11.1181 	WARNING 	2.131490699997812: Video catchup needed, advancing self._nextFrameT from 0.24999999999999997 to 0.29166666666666663
11.1182 	WARNING 	2.131499699997221: Video catchup needed, advancing self._nextFrameT from 0.29166666666666663 to 0.3333333333333333
11.1182 	WARNING 	2.1315088999981526: Video catchup needed, advancing self._nextFrameT from 0.3333333333333333 to 0.375
11.1182 	WARNING 	2.131517599998915: Video catchup needed, advancing self._nextFrameT from 0.375 to 0.4166666666666667
11.1182 	WARNING 	Max reportNDroppedFrames reached, will not log any more dropped frames
11.3596 	EXP 	Created wth_inst_text = TextStim(__class__=<class 'psychopy.visual.text.TextStim'>, alignHoriz=method-wrapper(...), alignText='center', alignVert=method-wrapper(...), anchorHoriz='center', anchorVert='center', antialias=True, autoDraw=False, autoLog=True, bold=False, color=array([-1, -1, -1]), colorSpace='rgb', contrast=1.0, depth=-1.0, flipHoriz=False, flipVert=False, font='Noto Sans KR', fontFiles=[], height=0.05, italic=False, languageStyle='LTR', name='wth_inst_text', opacity=1.0, ori=0.0, pos=array([ 0. , -0.4]), rgb=UNKNOWN, text='스페이스로 넘어가세요', units='height', win=Window(...), wrapWidth=1)
11.9641 	EXP 	Created wth_background_inst = ImageStim(__class__=<class 'psychopy.visual.image.ImageStim'>, anchor=('center', 'center'), autoLog=True, color=array([1, 1, 1]), colorSpace='rgb', contrast=1.0, depth=0.0, flipHoriz=False, flipVert=False, image=str(...), interpolate=True, mask=None, maskParams=None, name='wth_background_inst', opacity=1.0, ori=0.0, pos=array([0., 0.]), size=array([1920., 1080.]), texRes=128.0, units='pix', win=Window(...))
11.9881 	EXP 	Created wth_text = TextStim(__class__=<class 'psychopy.visual.text.TextStim'>, alignHoriz=method-wrapper(...), alignText='center', alignVert=method-wrapper(...), anchorHoriz='center', anchorVert='center', antialias=True, autoDraw=False, autoLog=True, bold=False, color=array([-1, -1, -1]), colorSpace='rgb', contrast=1.0, depth=-1.0, flipHoriz=False, flipVert=False, font='Noto Sans KR', fontFiles=[], height=0.07, italic=False, languageStyle='LTR', name='wth_text', opacity=1.0, ori=0.0, pos=array([0., 0.]), rgb=UNKNOWN, text='단어연상 연습이 시작됩니다.', units='height', win=Window(...), wrapWidth=1)
12.6743 	EXP 	Created wth_background_6 = ImageStim(__class__=<class 'psychopy.visual.image.ImageStim'>, anchor=('center', 'center'), autoLog=True, color=array([1, 1, 1]), colorSpace='rgb', contrast=1.0, depth=0.0, flipHoriz=False, flipVert=False, image=str(...), interpolate=True, mask=None, maskParams=None, name='wth_background_6', opacity=1.0, ori=0.0, pos=array([0., 0.]), size=array([1920., 1080.]), texRes=128.0, units='pix', win=Window(...))
12.6845 	EXP 	Created wth_think_instr_2 = TextStim(__class__=<class 'psychopy.visual.text.TextStim'>, alignHoriz=method-wrapper(...), alignText='center', alignVert=method-wrapper(...), anchorHoriz='center', anchorVert='center', antialias=True, autoDraw=False, autoLog=True, bold=False, color=array([-1, -1, -1]), colorSpace='rgb', contrast=1.0, depth=-2.0, flipHoriz=False, flipVert=False, font='Noto Sans KR', fontFiles=[], height=0.07, italic=False, languageStyle='LTR', name='wth_think_instr_2', opacity=1.0, ori=0.0, pos=array([0. , 0.2]), rgb=UNKNOWN, text='자유롭게 생각하세요.', units='height', win=Window(...), wrapWidth=1)
12.6962 	EXP 	Created wth_think_cross_2 = ShapeStim(__class__=<class 'psychopy.visual.shape.ShapeStim'>, anchor=('center', 'center'), autoDraw=False, autoLog=True, closeShape=True, color=method-wrapper(...), colorSpace='rgb', contrast=None, depth=-3.0, fillColor=array([-1, -1, -1]), fillColorSpace='rgb', fillRGB=array([-1, -1, -1]), interpolate=True, lineColor=array([-1, -1, -1]), lineColorSpace='rgb', lineRGB=array([-1, -1, -1]), lineWidth=0.1, name='wth_think_cross_2', opacity=1.0, ori=0.0, pos=array([0., 0.]), size=array([0.07, 0.07]), units='height', vertices=ndarray(...), win=Window(...), windingRule=None)
13.3782 	EXP 	Created wth_word_back = ImageStim(__class__=<class 'psychopy.visual.image.ImageStim'>, anchor=('center', 'center'), autoLog=True, color=array([1, 1, 1]), colorSpace='rgb', contrast=1.0, depth=0.0, flipHoriz=False, flipVert=False, image=str(...), interpolate=True, mask=None, maskParams=None, name='wth_word_back', opacity=1.0, ori=0.0, pos=array([0., 0.]), size=array([1920., 1080.]), texRes=128.0, units='pix', win=Window(...))
13.4050 	EXP 	Created wth_word_instr_4 = TextStim(__class__=<class 'psychopy.visual.text.TextStim'>, alignHoriz=method-wrapper(...), alignText='center', alignVert=method-wrapper(...), anchorHoriz='center', anchorVert='center', antialias=True, autoDraw=False, autoLog=True, bold=False, color=array([-1, -1, -1]), colorSpace='rgb', contrast=1.0, depth=-1.0, flipHoriz=False, flipVert=False, font='Noto Sans KR', fontFiles=[], height=0.07, italic=False, languageStyle='LTR', name='wth_word_instr_4', opacity=1.0, ori=0.0, pos=array([0.  , 0.25]), rgb=UNKNOWN, text='지금 무슨 생각을 하고 있는지\n단어나 구로 입력해주세요.', units='height', win=Window(...), wrapWidth=1)
14.0529 	EXP 	Created wth_background_7 = ImageStim(__class__=<class 'psychopy.visual.image.ImageStim'>, anchor=('center', 'center'), autoLog=True, color=array([1, 1, 1]), colorSpace='rgb', contrast=1.0, depth=0.0, flipHoriz=False, flipVert=False, image=str(...), interpolate=True, mask=None, maskParams=None, name='wth_background_7', opacity=1.0, ori=0.0, pos=array([0., 0.]), size=array([1920., 1080.]), texRes=128.0, units='pix', win=Window(...))
14.0534 	EXP 	Created wth_word_typed_2 = TextStim(__class__=<class 'psychopy.visual.text.TextStim'>, alignHoriz=method-wrapper(...), alignText='center', alignVert=method-wrapper(...), anchorHoriz='center', anchorVert='center', antialias=True, autoDraw=False, autoLog=True, bold=False, color=array([-1, -1, -1]), colorSpace='rgb', contrast=1.0, depth=-1.0, flipHoriz=False, flipVert=False, font='Noto Sans KR', fontFiles=[], height=0.07, italic=False, languageStyle='LTR', name='wth_word_typed_2', opacity=1.0, ori=0.0, pos=array([0. , 0.2]), rgb=UNKNOWN, text='', units='height', win=Window(...), wrapWidth=1)
14.0568 	EXP 	window1: mouseVisible = True
14.1118 	EXP 	Created wth_valence_rating_2 = Slider(__class__=<class 'psychopy.visual.slider.Slider'>, autoDraw=False, autoLog=True, borderColor=None, color=None, colorSpace='rgb', depth=-2, fillColor=None, flip=False, font='Noto Sans KR', granularity=0.0, labelColor=None, labelHeight=0.03, labelWrapWidth=None, labels=('부정', '중립', '긍정'), lineColor=None, markerColor=None, name='wth_valence_rating_2', opacity=None, ori=0.0, pos=array([-0.5, -0.1]), readOnly=False, self=UNKNOWN, size=array([0.45, 0.05]), startValue=None, style='rating', styleTweaks=[], ticks=array([-1,  0,  1]), units='height', win=Window(...))
14.1238 	EXP 	Created wth_valence_txt_2 = TextStim(__class__=<class 'psychopy.visual.text.TextStim'>, alignHoriz=method-wrapper(...), alignText='center', alignVert=method-wrapper(...), anchorHoriz='center', anchorVert='center', antialias=True, autoDraw=False, autoLog=True, bold=False, color=array([-1, -1, -1]), colorSpace='rgb', contrast=1.0, depth=-3.0, flipHoriz=False, flipVert=False, font='Noto Sans KR', fontFiles=[], height=0.04, italic=False, languageStyle='LTR', name='wth_valence_txt_2', opacity=1.0, ori=0.0, pos=array([-0.5 , -0.02]), rgb=UNKNOWN, text='단어에서 느껴지는 감정', units='height', win=Window(...), wrapWidth=1)
14.1334 	EXP 	Created wth_self_txt_2 = TextStim(__class__=<class 'psychopy.visual.text.TextStim'>, alignHoriz=method-wrapper(...), alignText='center', alignVert=method-wrapper(...), anchorHoriz='center', anchorVert='center', antialias=True, autoDraw=False, autoLog=True, bold=False, color=array([-1, -1, -1]), colorSpace='rgb', contrast=1.0, depth=-4.0, flipHoriz=False, flipVert=False, font='Noto Sans KR', fontFiles=[], height=0.04, italic=False, languageStyle='LTR', name='wth_self_txt_2', opacity=1.0, ori=0.0, pos=array([ 0.5 , -0.02]), rgb=UNKNOWN, text='단어가 자신과 관련이 있는 정도', units='height', win=Window(...), wrapWidth=1)
14.1349 	EXP 	window1: mouseVisible = True
14.2189 	EXP 	Created wth_self_rating_2 = Slider(__class__=<class 'psychopy.visual.slider.Slider'>, autoDraw=False, autoLog=True, borderColor=None, color=None, colorSpace='rgb', depth=-5, fillColor=None, flip=False, font='Noto Sans KR', granularity=0.0, labelColor=None, labelHeight=0.03, labelWrapWidth=None, labels=('전혀 나와 관련 없음', '나와 관련 매우 많음'), lineColor=None, markerColor=None, name='wth_self_rating_2', opacity=None, ori=0.0, pos=array([ 0.5, -0.1]), readOnly=False, self=UNKNOWN, size=array([0.45, 0.05]), startValue=None, style='rating', styleTweaks=[], ticks=array([0, 1]), units='height', win=Window(...))
14.2545 	EXP 	window1: mouseVisible = True
14.8930 	EXP 	Created wth_image_2 = ImageStim(__class__=<class 'psychopy.visual.image.ImageStim'>, anchor=('center', 'center'), autoLog=True, color=array([1, 1, 1]), colorSpace='rgb', contrast=1.0, depth=0.0, flipHoriz=False, flipVert=False, image=str(...), interpolate=True, mask=None, maskParams=None, name='wth_image_2', opacity=1.0, ori=0.0, pos=array([0., 0.]), size=array([1920., 1080.]), texRes=128.0, units='pix', win=Window(...))
14.9166 	EXP 	Created wth_text_4 = TextStim(__class__=<class 'psychopy.visual.text.TextStim'>, alignHoriz=method-wrapper(...), alignText='center', alignVert=method-wrapper(...), anchorHoriz='center', anchorVert='center', antialias=True, autoDraw=False, autoLog=True, bold=False, color=array([-1, -1, -1]), colorSpace='rgb', contrast=1.0, depth=-1.0, flipHoriz=False, flipVert=False, font='Noto Sans KR', fontFiles=[], height=0.07, italic=False, languageStyle='LTR', name='wth_text_4', opacity=1.0, ori=0.0, pos=array([0., 0.]), rgb=UNKNOWN, text='넘어가시겠습니까?\n\n넘어가기 : Y\n다시연습 : N\n', units='height', win=Window(...), wrapWidth=1)
15.5593 	EXP 	Created wth_background_inst_2 = ImageStim(__class__=<class 'psychopy.visual.image.ImageStim'>, anchor=('center', 'center'), autoLog=True, color=array([1, 1, 1]), colorSpace='rgb', contrast=1.0, depth=0.0, flipHoriz=False, flipVert=False, image=str(...), interpolate=True, mask=None, maskParams=None, name='wth_background_inst_2', opacity=1.0, ori=0.0, pos=array([0., 0.]), size=array([1920., 1080.]), texRes=128.0, units='pix', win=Window(...))
15.5868 	EXP 	Created wth_text_2 = TextStim(__class__=<class 'psychopy.visual.text.TextStim'>, alignHoriz=method-wrapper(...), alignText='center', alignVert=method-wrapper(...), anchorHoriz='center', anchorVert='center', antialias=True, autoDraw=False, autoLog=True, bold=False, color=array([-1, -1, -1]), colorSpace='rgb', contrast=1.0, depth=-1.0, flipHoriz=False, flipVert=False, font='Noto Sans KR', fontFiles=[], height=0.07, italic=False, languageStyle='LTR', name='wth_text_2', opacity=1.0, ori=0.0, pos=array([0., 0.]), rgb=UNKNOWN, text=str(...), units='height', win=Window(...), wrapWidth=1)
16.2225 	EXP 	Created wth_begin_background = ImageStim(__class__=<class 'psychopy.visual.image.ImageStim'>, anchor=('center', 'center'), autoLog=True, color=array([1, 1, 1]), colorSpace='rgb', contrast=1.0, depth=0.0, flipHoriz=False, flipVert=False, image=str(...), interpolate=True, mask=None, maskParams=None, name='wth_begin_background', opacity=1.0, ori=0.0, pos=array([0., 0.]), size=array([1920., 1080.]), texRes=128.0, units='pix', win=Window(...))
16.2240 	EXP 	Created wth_begin_text = TextStim(__class__=<class 'psychopy.visual.text.TextStim'>, alignHoriz=method-wrapper(...), alignText='center', alignVert=method-wrapper(...), anchorHoriz='center', anchorVert='center', antialias=True, autoDraw=False, autoLog=True, bold=False, color=array([-1, -1, -1]), colorSpace='rgb', contrast=1.0, depth=-1.0, flipHoriz=False, flipVert=False, font='Noto Sans KR', fontFiles=[], height=0.07, italic=False, languageStyle='LTR', name='wth_begin_text', opacity=1.0, ori=0.0, pos=array([0., 0.]), rgb=UNKNOWN, text='시작', units='height', win=Window(...), wrapWidth=1)
16.8753 	EXP 	Created wth_background = ImageStim(__class__=<class 'psychopy.visual.image.ImageStim'>, anchor=('center', 'center'), autoLog=True, color=array([1, 1, 1]), colorSpace='rgb', contrast=1.0, depth=0.0, flipHoriz=False, flipVert=False, image=str(...), interpolate=True, mask=None, maskParams=None, name='wth_background', opacity=1.0, ori=0.0, pos=array([0., 0.]), size=array([1920., 1080.]), texRes=128.0, units='pix', win=Window(...))
16.8973 	EXP 	Created wth_think_instr = TextStim(__class__=<class 'psychopy.visual.text.TextStim'>, alignHoriz=method-wrapper(...), alignText='center', alignVert=method-wrapper(...), anchorHoriz='center', anchorVert='center', antialias=True, autoDraw=False, autoLog=True, bold=False, color=array([-1, -1, -1]), colorSpace='rgb', contrast=1.0, depth=-2.0, flipHoriz=False, flipVert=False, font='Noto Sans KR', fontFiles=[], height=0.07, italic=False, languageStyle='LTR', name='wth_think_instr', opacity=1.0, ori=0.0, pos=array([0. , 0.2]), rgb=UNKNOWN, text='자유롭게 생각하세요.', units='height', win=Window(...), wrapWidth=1)
16.8987 	EXP 	Created wth_think_cross = ShapeStim(__class__=<class 'psychopy.visual.shape.ShapeStim'>, anchor=('center', 'center'), autoDraw=False, autoLog=True, closeShape=True, color=method-wrapper(...), colorSpace='rgb', contrast=None, depth=-3.0, fillColor=array([-1, -1, -1]), fillColorSpace='rgb', fillRGB=array([-1, -1, -1]), interpolate=True, lineColor=array([-1, -1, -1]), lineColorSpace='rgb', lineRGB=array([-1, -1, -1]), lineWidth=0.1, name='wth_think_cross', opacity=1.0, ori=0.0, pos=array([0., 0.]), size=array([0.07, 0.07]), units='height', vertices=ndarray(...), win=Window(...), windingRule=None)
17.5568 	EXP 	Created wth_background_2 = ImageStim(__class__=<class 'psychopy.visual.image.ImageStim'>, anchor=('center', 'center'), autoLog=True, color=array([1, 1, 1]), colorSpace='rgb', contrast=1.0, depth=0.0, flipHoriz=False, flipVert=False, image=str(...), interpolate=True, mask=None, maskParams=None, name='wth_background_2', opacity=1.0, ori=0.0, pos=array([0., 0.]), size=array([1920., 1080.]), texRes=128.0, units='pix', win=Window(...))
17.5738 	EXP 	Created wth_word_instr = TextStim(__class__=<class 'psychopy.visual.text.TextStim'>, alignHoriz=method-wrapper(...), alignText='center', alignVert=method-wrapper(...), anchorHoriz='center', anchorVert='center', antialias=True, autoDraw=False, autoLog=True, bold=False, color=array([-1, -1, -1]), colorSpace='rgb', contrast=1.0, depth=-1.0, flipHoriz=False, flipVert=False, font='Arial', fontFiles=[], height=0.07, italic=False, languageStyle='LTR', name='wth_word_instr', opacity=1.0, ori=0.0, pos=array([0.  , 0.25]), rgb=UNKNOWN, text='지금 무슨 생각을 하고 있는지\n단어나 구로 입력해주세요.', units='height', win=Window(...), wrapWidth=1)
18.2718 	EXP 	Created wth_background_3 = ImageStim(__class__=<class 'psychopy.visual.image.ImageStim'>, anchor=('center', 'center'), autoLog=True, color=array([1, 1, 1]), colorSpace='rgb', contrast=1.0, depth=0.0, flipHoriz=False, flipVert=False, image=str(...), interpolate=True, mask=None, maskParams=None, name='wth_background_3', opacity=1.0, ori=0.0, pos=array([0., 0.]), size=array([1920., 1080.]), texRes=128.0, units='pix', win=Window(...))
18.2730 	EXP 	Created wth_word_typed = TextStim(__class__=<class 'psychopy.visual.text.TextStim'>, alignHoriz=method-wrapper(...), alignText='center', alignVert=method-wrapper(...), anchorHoriz='center', anchorVert='center', antialias=True, autoDraw=False, autoLog=True, bold=False, color=array([-1, -1, -1]), colorSpace='rgb', contrast=1.0, depth=-1.0, flipHoriz=False, flipVert=False, font='Noto Sans KR', fontFiles=[], height=0.1, italic=False, languageStyle='LTR', name='wth_word_typed', opacity=1.0, ori=0.0, pos=array([0. , 0.2]), rgb=UNKNOWN, text='', units='height', win=Window(...), wrapWidth=1)
18.2748 	EXP 	window1: mouseVisible = True
18.3258 	EXP 	Created wth_valence_rating = Slider(__class__=<class 'psychopy.visual.slider.Slider'>, autoDraw=False, autoLog=True, borderColor=None, color=None, colorSpace='rgb', depth=-2, fillColor=None, flip=False, font='Noto Sans KR', granularity=0.0, labelColor=None, labelHeight=0.03, labelWrapWidth=None, labels=('부정', '중립', '긍정'), lineColor=None, markerColor=None, name='wth_valence_rating', opacity=None, ori=0.0, pos=array([-0.5, -0.1]), readOnly=False, self=UNKNOWN, size=array([0.45, 0.05]), startValue=None, style='rating', styleTweaks=[], ticks=array([-1,  0,  1]), units='height', win=Window(...))
18.3340 	EXP 	Created wth_valence_txt = TextStim(__class__=<class 'psychopy.visual.text.TextStim'>, alignHoriz=method-wrapper(...), alignText='center', alignVert=method-wrapper(...), anchorHoriz='center', anchorVert='center', antialias=True, autoDraw=False, autoLog=True, bold=False, color=array([-1, -1, -1]), colorSpace='rgb', contrast=1.0, depth=-3.0, flipHoriz=False, flipVert=False, font='Noto Sans KR', fontFiles=[], height=0.04, italic=False, languageStyle='LTR', name='wth_valence_txt', opacity=1.0, ori=0.0, pos=array([-0.5 , -0.02]), rgb=UNKNOWN, text='단어에서 느껴지는 감정', units='height', win=Window(...), wrapWidth=1)
18.3401 	EXP 	Created wth_self_txt = TextStim(__class__=<class 'psychopy.visual.text.TextStim'>, alignHoriz=method-wrapper(...), alignText='center', alignVert=method-wrapper(...), anchorHoriz='center', anchorVert='center', antialias=True, autoDraw=False, autoLog=True, bold=False, color=array([-1, -1, -1]), colorSpace='rgb', contrast=1.0, depth=-4.0, flipHoriz=False, flipVert=False, font='Noto Sans KR', fontFiles=[], height=0.04, italic=False, languageStyle='LTR', name='wth_self_txt', opacity=1.0, ori=0.0, pos=array([ 0.5 , -0.02]), rgb=UNKNOWN, text='단어가 자신과 관련이 있는 정도', units='height', win=Window(...), wrapWidth=1)
18.3415 	EXP 	window1: mouseVisible = True
18.3610 	EXP 	Created wth_self_rating = Slider(__class__=<class 'psychopy.visual.slider.Slider'>, autoDraw=False, autoLog=True, borderColor=None, color=None, colorSpace='rgb', depth=-5, fillColor=None, flip=False, font='Noto Sans KR', granularity=0.0, labelColor=None, labelHeight=0.03, labelWrapWidth=None, labels=('전혀 나와 관련 없음', '나와 관련 매우 많음'), lineColor=None, markerColor=None, name='wth_self_rating', opacity=None, ori=0.0, pos=array([ 0.5, -0.1]), readOnly=False, self=UNKNOWN, size=array([0.45, 0.05]), startValue=None, style='rating', styleTweaks=[], ticks=array([0, 1]), units='height', win=Window(...))
18.3652 	EXP 	window1: mouseVisible = True
18.9851 	EXP 	Created wth_end_image = ImageStim(__class__=<class 'psychopy.visual.image.ImageStim'>, anchor=('center', 'center'), autoLog=True, color=array([1, 1, 1]), colorSpace='rgb', contrast=1.0, depth=0.0, flipHoriz=False, flipVert=False, image=str(...), interpolate=True, mask=None, maskParams=None, name='wth_end_image', opacity=1.0, ori=0.0, pos=array([0., 0.]), size=array([1920., 1080.]), texRes=128.0, units='pix', win=Window(...))
19.0273 	EXP 	Created exp_end_text = TextStim(__class__=<class 'psychopy.visual.text.TextStim'>, alignHoriz=method-wrapper(...), alignText='center', alignVert=method-wrapper(...), anchorHoriz='center', anchorVert='center', antialias=True, autoDraw=False, autoLog=True, bold=False, color=array([-1, -1, -1]), colorSpace='rgb', contrast=1.0, depth=-1.0, flipHoriz=False, flipVert=False, font='Noto Sans KR', fontFiles=[], height=0.07, italic=False, languageStyle='LTR', name='exp_end_text', opacity=1.0, ori=0.0, pos=array([0., 0.]), rgb=UNKNOWN, text=str(...), units='height', win=Window(...), wrapWidth=1)
19.0275 	EXP 	window1: mouseVisible = False
19.0534 	EXP 	wth_movie: autoLog = True
19.0534 	EXP 	wth_movie: movie = 'ins/weather_intro.mp4'
19.0534 	EXP 	wth_movie: ori = 0.0
19.0534 	EXP 	wth_valence_rating_2: autoLog = True
19.0534 	EXP 	wth_valence_rating_2: markerPos = None
19.0534 	EXP 	wth_valence_rating_2: styleTweaks = []
19.0534 	EXP 	wth_valence_rating_2: styleTweaks = []
19.0534 	EXP 	wth_valence_rating_2: styleTweaks = []
19.0534 	EXP 	wth_valence_rating_2: styleTweaks = []
19.0534 	EXP 	wth_valence_rating_2: contrast = 1.0
19.0534 	EXP 	wth_valence_rating_2: autoLog = True
19.0534 	EXP 	wth_self_rating_2: autoLog = True
19.0534 	EXP 	wth_self_rating_2: markerPos = None
19.0534 	EXP 	wth_self_rating_2: styleTweaks = []
19.0534 	EXP 	wth_self_rating_2: styleTweaks = []
19.0534 	EXP 	wth_self_rating_2: styleTweaks = []
19.0534 	EXP 	wth_self_rating_2: styleTweaks = []
19.0534 	EXP 	wth_self_rating_2: contrast = 1.0
19.0534 	EXP 	wth_self_rating_2: autoLog = True
19.0534 	EXP 	wth_valence_rating: autoLog = True
19.0534 	EXP 	wth_valence_rating: markerPos = None
19.0534 	EXP 	wth_valence_rating: styleTweaks = []
19.0534 	EXP 	wth_valence_rating: styleTweaks = []
19.0534 	EXP 	wth_valence_rating: styleTweaks = []
19.0534 	EXP 	wth_valence_rating: styleTweaks = []
19.0534 	EXP 	wth_valence_rating: contrast = 1.0
19.0534 	EXP 	wth_valence_rating: autoLog = True
19.0534 	EXP 	wth_self_rating: autoLog = True
19.0534 	EXP 	wth_self_rating: markerPos = None
19.0534 	EXP 	wth_self_rating: styleTweaks = []
19.0534 	EXP 	wth_self_rating: styleTweaks = []
19.0534 	EXP 	wth_self_rating: styleTweaks = []
19.0534 	EXP 	wth_self_rating: styleTweaks = []
19.0534 	EXP 	wth_self_rating: contrast = 1.0
19.0534 	EXP 	wth_self_rating: autoLog = True
19.0534 	EXP 	wth_inst_image: autoDraw = True
20.1034 	EXP 	Created sequence: random, trialTypes=1, nReps=1, seed=None
20.1035 	EXP 	New trial (rep=0, index=0): None
20.1045 	DATA 	Keypress: space
20.1180 	EXP 	wth_inst_image: autoDraw = False
22.1194 	EXP 	wth_movie: autoDraw = True
22.1194 	EXP 	wth_inst_text: autoDraw = True
23.1865 	EXP 	Created sequence: sequential, trialTypes=1, nReps=99, seed=None
23.1869 	EXP 	New trial (rep=0, index=0): None
23.2369 	DATA 	Keypress: space
23.2519 	EXP 	wth_movie: autoDraw = False
23.2519 	EXP 	wth_inst_text: autoDraw = False
23.2519 	EXP 	wth_background_inst: autoDraw = True
24.1858 	EXP 	wth_text: autoDraw = True
26.1857 	EXP 	wth_text: autoDraw = False
28.2850 	EXP 	wth_background_inst: autoDraw = False
28.2850 	EXP 	wth_background_inst: autoDraw = False
28.2850 	EXP 	wth_text: autoDraw = False
28.2850 	EXP 	wth_background_6: autoDraw = True
28.2850 	EXP 	wth_think_instr_2: autoDraw = True
28.2850 	EXP 	wth_think_cross_2: autoDraw = True
33.2689 	EXP 	window1: mouseVisible = True
33.3176 	EXP 	wth_background_6: autoDraw = False
33.3176 	EXP 	wth_think_instr_2: autoDraw = False
33.3176 	EXP 	wth_think_cross_2: autoDraw = False
33.3176 	EXP 	wth_background_6: autoDraw = False
33.3176 	EXP 	wth_think_instr_2: autoDraw = False
33.3176 	EXP 	wth_think_cross_2: autoDraw = False
33.3176 	EXP 	wth_word_back: autoDraw = True
33.3176 	EXP 	wth_word_instr_4: autoDraw = True
40.7475 	EXP 	wth_word_back: autoDraw = False
40.7475 	EXP 	wth_word_instr_4: autoDraw = False
40.7475 	EXP 	wth_word_typed_2: height = 0.07
40.7475 	EXP 	wth_word_typed_2: height = 0.07
40.7475 	EXP 	wth_word_typed_2: height = 0.07
40.7475 	EXP 	wth_word_typed_2: text = 'dfadsflrl김민우'
40.7475 	EXP 	wth_valence_rating_2: markerPos = None
40.7475 	EXP 	wth_valence_rating_2: markerPos = None
40.7475 	EXP 	wth_self_rating_2: markerPos = None
40.7475 	EXP 	wth_self_rating_2: markerPos = None
40.7475 	EXP 	wth_background_7: autoDraw = True
40.7475 	EXP 	wth_word_typed_2: autoDraw = True
40.7475 	EXP 	wth_valence_rating_2: autoDraw = True
40.7475 	EXP 	wth_valence_txt_2: autoDraw = True
40.7475 	EXP 	wth_self_txt_2: autoDraw = True
40.7475 	EXP 	wth_self_rating_2: autoDraw = True
41.9501 	DATA 	Mouse: Left button down, pos=(499,405)
41.9648 	EXP 	wth_valence_rating_2: markerPos = 0.3251028806584362
41.9816 	EXP 	wth_valence_rating_2: markerPos = 0.3251028806584362
42.0142 	EXP 	wth_valence_rating_2: markerPos = 0.3251028806584362
42.0318 	EXP 	wth_valence_rating_2: markerPos = 0.3251028806584362
42.0483 	EXP 	wth_valence_rating_2: markerPos = 0.3251028806584362
42.0649 	EXP 	wth_valence_rating_2: markerPos = 0.3251028806584362
42.0811 	EXP 	wth_valence_rating_2: markerPos = 0.3251028806584362
42.0981 	EXP 	wth_valence_rating_2: markerPos = 0.3251028806584362
42.1151 	EXP 	wth_valence_rating_2: markerPos = 0.3251028806584362
42.1220 	DATA 	Mouse:  Left button up, pos=(499,405)
42.1315 	EXP 	wth_valence_rating_2: markerPos = 0.3251028806584362
42.1484 	EXP 	wth_valence_rating_2: markerPos = 0.3251028806584362
43.1832 	DATA 	Mouse: Left button down, pos=(1388,442)
43.1981 	EXP 	wth_self_rating_2: markerPos = 0.26954732510288065
43.2309 	EXP 	wth_self_rating_2: markerPos = 0.26954732510288065
43.2641 	EXP 	wth_self_rating_2: markerPos = 0.26954732510288065
43.2813 	EXP 	wth_self_rating_2: markerPos = 0.26954732510288065
43.2982 	EXP 	wth_self_rating_2: markerPos = 0.26954732510288065
43.3150 	EXP 	wth_self_rating_2: markerPos = 0.26954732510288065
43.3214 	DATA 	Mouse:  Left button up, pos=(1388,442)
43.3314 	EXP 	wth_self_rating_2: markerPos = 0.26954732510288065
44.4716 	DATA 	Mouse: Left button down, pos=(943,84)
44.4840 	EXP 	window1: mouseVisible = False
44.5326 	EXP 	wth_background_7: autoDraw = False
44.5326 	EXP 	wth_word_typed_2: autoDraw = False
44.5326 	EXP 	wth_valence_rating_2: autoDraw = False
44.5326 	EXP 	wth_valence_txt_2: autoDraw = False
44.5326 	EXP 	wth_self_txt_2: autoDraw = False
44.5326 	EXP 	wth_self_rating_2: autoDraw = False
44.5326 	EXP 	wth_image_2: autoDraw = True
44.5326 	EXP 	wth_text_4: autoDraw = True
44.6188 	DATA 	Mouse:  Left button up, pos=(943,84)
45.9506 	EXP 	wth_image_2: autoDraw = False
45.9506 	EXP 	wth_text_4: autoDraw = False
45.9506 	EXP 	wth_background_inst_2: autoDraw = True
45.9506 	EXP 	wth_text_2: autoDraw = True
47.6162 	DATA 	KeyPress: ㅛ
47.6163 	DATA 	Keypress: space
47.6334 	EXP 	wth_background_inst_2: autoDraw = False
47.6334 	EXP 	wth_text_2: autoDraw = False
47.6334 	EXP 	wth_begin_background: autoDraw = True
48.5826 	EXP 	wth_begin_text: autoDraw = True
50.5827 	EXP 	wth_begin_text: autoDraw = False
51.5996 	EXP 	Created sequence: sequential, trialTypes=1, nReps=4, seed=None
51.5999 	EXP 	New trial (rep=0, index=0): None
51.6482 	EXP 	wth_begin_background: autoDraw = False
51.6482 	EXP 	wth_begin_text: autoDraw = False
51.6482 	EXP 	wth_background: autoDraw = True
54.5984 	EXP 	wth_think_instr: autoDraw = True
54.5984 	EXP 	wth_think_cross: autoDraw = True
56.7002 	DATA 	Keypress: space
59.5976 	EXP 	wth_think_instr: autoDraw = False
59.5976 	EXP 	wth_think_cross: autoDraw = False
59.6326 	EXP 	window1: mouseVisible = True
59.6954 	EXP 	wth_background: autoDraw = False
59.6954 	EXP 	wth_background: autoDraw = False
59.6954 	EXP 	wth_think_instr: autoDraw = False
59.6954 	EXP 	wth_think_cross: autoDraw = False
59.6954 	EXP 	wth_word_instr: font = 'Noto Sans KR'
59.6954 	EXP 	wth_background_2: autoDraw = True
59.6954 	EXP 	wth_word_instr: autoDraw = True
59.6954 	EXP 	wth_word_instr: height = 0.07
59.6954 	EXP 	wth_word_instr: height = 0.07
59.6954 	EXP 	wth_word_instr: height = 0.07
59.6954 	EXP 	wth_word_instr: text = '지금 무슨 생각을 하고 있는지\n단어나 구로 입력해주세요.'
64.6446 	EXP 	wth_background_2: autoDraw = False
64.6446 	EXP 	wth_word_instr: autoDraw = False
64.6446 	EXP 	wth_word_typed: height = 0.1
64.6446 	EXP 	wth_word_typed: height = 0.1
64.6446 	EXP 	wth_word_typed: height = 0.1
64.6446 	EXP 	wth_word_typed: text = '88'
64.6446 	EXP 	wth_valence_rating: markerPos = None
64.6446 	EXP 	wth_valence_rating: markerPos = None
64.6446 	EXP 	wth_self_rating: markerPos = None
64.6446 	EXP 	wth_self_rating: markerPos = None
64.6446 	EXP 	wth_background_3: autoDraw = True
64.6446 	EXP 	wth_word_typed: autoDraw = True
64.6446 	EXP 	wth_valence_rating: autoDraw = True
64.6446 	EXP 	wth_valence_txt: autoDraw = True
64.6446 	EXP 	wth_self_txt: autoDraw = True
64.6446 	EXP 	wth_self_rating: autoDraw = True
65.7642 	DATA 	Mouse: Left button down, pos=(598,427)
65.7783 	EXP 	wth_valence_rating: markerPos = 0.7325102880658436
65.7951 	EXP 	wth_valence_rating: markerPos = 0.7325102880658436
65.8120 	EXP 	wth_valence_rating: markerPos = 0.7325102880658436
65.8284 	EXP 	wth_valence_rating: markerPos = 0.7325102880658436
65.8453 	EXP 	wth_valence_rating: markerPos = 0.7325102880658436
65.8617 	EXP 	wth_valence_rating: markerPos = 0.7325102880658436
65.8784 	EXP 	wth_valence_rating: markerPos = 0.7325102880658436
65.8952 	EXP 	wth_valence_rating: markerPos = 0.7325102880658436
65.9117 	EXP 	wth_valence_rating: markerPos = 0.7325102880658436
65.9285 	EXP 	wth_valence_rating: markerPos = 0.7325102880658436
65.9448 	EXP 	wth_valence_rating: markerPos = 0.7325102880658436
65.9461 	DATA 	Mouse:  Left button up, pos=(598,427)
65.9616 	EXP 	wth_valence_rating: markerPos = 0.7325102880658436
66.6012 	DATA 	Mouse: Left button down, pos=(1585,426)
66.6118 	EXP 	wth_self_rating: markerPos = 0.6748971193415638
66.6284 	EXP 	wth_self_rating: markerPos = 0.6748971193415638
66.6449 	EXP 	wth_self_rating: markerPos = 0.6748971193415638
66.6622 	EXP 	wth_self_rating: markerPos = 0.6748971193415638
66.6780 	EXP 	wth_self_rating: markerPos = 0.6748971193415638
66.6950 	EXP 	wth_self_rating: markerPos = 0.6748971193415638
66.7121 	EXP 	wth_self_rating: markerPos = 0.6748971193415638
66.7281 	EXP 	wth_self_rating: markerPos = 0.6748971193415638
66.7451 	EXP 	wth_self_rating: markerPos = 0.6748971193415638
66.7613 	EXP 	wth_self_rating: markerPos = 0.6748971193415638
66.7631 	DATA 	Mouse:  Left button up, pos=(1585,426)
66.7782 	EXP 	wth_self_rating: markerPos = 0.6748971193415638
67.4357 	DATA 	Mouse: Left button down, pos=(943,87)
67.4522 	EXP 	window1: mouseVisible = False
67.4523 	EXP 	New trial (rep=1, index=0): None
67.4634 	EXP 	wth_background_3: autoDraw = False
67.4634 	EXP 	wth_word_typed: autoDraw = False
67.4634 	EXP 	wth_valence_rating: autoDraw = False
67.4634 	EXP 	wth_valence_txt: autoDraw = False
67.4634 	EXP 	wth_self_txt: autoDraw = False
67.4634 	EXP 	wth_self_rating: autoDraw = False
67.4634 	EXP 	wth_background: autoDraw = True
67.5481 	DATA 	Mouse:  Left button up, pos=(943,87)
70.4631 	EXP 	wth_think_instr: autoDraw = True
70.4631 	EXP 	wth_think_cross: autoDraw = True
75.4469 	EXP 	window1: mouseVisible = True
75.4627 	EXP 	wth_background: autoDraw = False
75.4627 	EXP 	wth_think_instr: autoDraw = False
75.4627 	EXP 	wth_think_cross: autoDraw = False
75.4627 	EXP 	wth_background: autoDraw = False
75.4627 	EXP 	wth_think_instr: autoDraw = False
75.4627 	EXP 	wth_think_cross: autoDraw = False
75.4627 	EXP 	wth_word_instr: font = 'Noto Sans KR'
75.4627 	EXP 	wth_background_2: autoDraw = True
75.4627 	EXP 	wth_word_instr: autoDraw = True
75.4627 	EXP 	wth_word_instr: height = 0.07
75.4627 	EXP 	wth_word_instr: height = 0.07
75.4627 	EXP 	wth_word_instr: height = 0.07
75.4627 	EXP 	wth_word_instr: text = '지금 무슨 생각을 하고 있는지\n단어나 구로 입력해주세요.'
85.6091 	EXP 	wth_background_2: autoDraw = False
85.6091 	EXP 	wth_word_instr: autoDraw = False
85.6091 	EXP 	wth_word_typed: height = 0.1
85.6091 	EXP 	wth_word_typed: height = 0.1
85.6091 	EXP 	wth_word_typed: height = 0.1
85.6091 	EXP 	wth_word_typed: text = 'ㄴㅇㄹㅇㄴㅇㅁㄵㅇㄹ김민우 바보바보'
85.6091 	EXP 	wth_valence_rating: markerPos = None
85.6091 	EXP 	wth_valence_rating: markerPos = None
85.6091 	EXP 	wth_self_rating: markerPos = None
85.6091 	EXP 	wth_self_rating: markerPos = None
85.6091 	EXP 	wth_background_3: autoDraw = True
85.6091 	EXP 	wth_word_typed: autoDraw = True
85.6091 	EXP 	wth_valence_rating: autoDraw = True
85.6091 	EXP 	wth_valence_txt: autoDraw = True
85.6091 	EXP 	wth_self_txt: autoDraw = True
85.6091 	EXP 	wth_self_rating: autoDraw = True
86.6486 	DATA 	Mouse: Left button down, pos=(432,424)
86.6754 	EXP 	wth_valence_rating: markerPos = 0.04938271604938271
86.6922 	EXP 	wth_valence_rating: markerPos = 0.04938271604938271
86.7091 	EXP 	wth_valence_rating: markerPos = 0.04938271604938271
86.7255 	EXP 	wth_valence_rating: markerPos = 0.04938271604938271
86.7422 	EXP 	wth_valence_rating: markerPos = 0.04938271604938271
86.7587 	EXP 	wth_valence_rating: markerPos = 0.04938271604938271
86.7756 	EXP 	wth_valence_rating: markerPos = 0.04938271604938271
86.7925 	EXP 	wth_valence_rating: markerPos = 0.04938271604938271
86.8087 	EXP 	wth_valence_rating: markerPos = 0.04938271604938271
86.8257 	EXP 	wth_valence_rating: markerPos = 0.04938271604938271
86.8274 	DATA 	Mouse:  Left button up, pos=(432,424)
86.8422 	EXP 	wth_valence_rating: markerPos = 0.04938271604938271
87.7271 	DATA 	Mouse: Left button down, pos=(1290,450)
87.7424 	EXP 	wth_self_rating: markerPos = 0.06790123456790126
87.7585 	EXP 	wth_self_rating: markerPos = 0.06790123456790126
87.7758 	EXP 	wth_self_rating: markerPos = 0.06790123456790126
87.7924 	EXP 	wth_self_rating: markerPos = 0.06790123456790126
87.8091 	EXP 	wth_self_rating: markerPos = 0.06790123456790126
87.8255 	EXP 	wth_self_rating: markerPos = 0.06790123456790126
87.8422 	EXP 	wth_self_rating: markerPos = 0.06790123456790126
87.8589 	EXP 	wth_self_rating: markerPos = 0.06790123456790126
87.8606 	DATA 	Mouse:  Left button up, pos=(1290,450)
87.8755 	EXP 	wth_self_rating: markerPos = 0.06790123456790126
89.7959 	DATA 	Mouse: Left button down, pos=(942,75)
89.8109 	EXP 	window1: mouseVisible = False
89.8110 	EXP 	New trial (rep=2, index=0): None
89.8273 	EXP 	wth_background_3: autoDraw = False
89.8273 	EXP 	wth_word_typed: autoDraw = False
89.8273 	EXP 	wth_valence_rating: autoDraw = False
89.8273 	EXP 	wth_valence_txt: autoDraw = False
89.8273 	EXP 	wth_self_txt: autoDraw = False
89.8273 	EXP 	wth_self_rating: autoDraw = False
89.8273 	EXP 	wth_background: autoDraw = True
89.9121 	DATA 	Mouse:  Left button up, pos=(942,75)
92.8102 	EXP 	wth_think_instr: autoDraw = True
92.8102 	EXP 	wth_think_cross: autoDraw = True
97.8094 	EXP 	wth_think_instr: autoDraw = False
97.8094 	EXP 	wth_think_cross: autoDraw = False
97.8270 	EXP 	window1: mouseVisible = True
97.8428 	EXP 	wth_background: autoDraw = False
97.8428 	EXP 	wth_background: autoDraw = False
97.8428 	EXP 	wth_think_instr: autoDraw = False
97.8428 	EXP 	wth_think_cross: autoDraw = False
97.8428 	EXP 	wth_word_instr: font = 'Noto Sans KR'
97.8428 	EXP 	wth_background_2: autoDraw = True
97.8428 	EXP 	wth_word_instr: autoDraw = True
97.8428 	EXP 	wth_word_instr: height = 0.07
97.8428 	EXP 	wth_word_instr: height = 0.07
97.8428 	EXP 	wth_word_instr: height = 0.07
97.8428 	EXP 	wth_word_instr: text = '지금 무슨 생각을 하고 있는지\n단어나 구로 입력해주세요.'
102.4899 	EXP 	wth_background_2: autoDraw = False
102.4899 	EXP 	wth_word_instr: autoDraw = False
102.4899 	EXP 	wth_word_typed: height = 0.1
102.4899 	EXP 	wth_word_typed: height = 0.1
102.4899 	EXP 	wth_word_typed: height = 0.1
102.4899 	EXP 	wth_word_typed: text = '아랄어마낭랄'
102.4899 	EXP 	wth_valence_rating: markerPos = None
102.4899 	EXP 	wth_valence_rating: markerPos = None
102.4899 	EXP 	wth_self_rating: markerPos = None
102.4899 	EXP 	wth_self_rating: markerPos = None
102.4899 	EXP 	wth_background_3: autoDraw = True
102.4899 	EXP 	wth_word_typed: autoDraw = True
102.4899 	EXP 	wth_valence_rating: autoDraw = True
102.4899 	EXP 	wth_valence_txt: autoDraw = True
102.4899 	EXP 	wth_self_txt: autoDraw = True
102.4899 	EXP 	wth_self_rating: autoDraw = True
103.7262 	DATA 	Mouse: Left button down, pos=(587,439)
103.7401 	EXP 	wth_valence_rating: markerPos = 0.6872427983539096
103.7570 	EXP 	wth_valence_rating: markerPos = 0.6872427983539096
103.7737 	EXP 	wth_valence_rating: markerPos = 0.6872427983539096
103.7899 	EXP 	wth_valence_rating: markerPos = 0.6872427983539096
103.8069 	EXP 	wth_valence_rating: markerPos = 0.6872427983539096
103.8231 	EXP 	wth_valence_rating: markerPos = 0.6872427983539096
103.8402 	EXP 	wth_valence_rating: markerPos = 0.6872427983539096
103.8569 	EXP 	wth_valence_rating: markerPos = 0.6872427983539096
103.8735 	EXP 	wth_valence_rating: markerPos = 0.6872427983539096
103.8905 	EXP 	wth_valence_rating: markerPos = 0.6872427983539096
103.8924 	DATA 	Mouse:  Left button up, pos=(587,439)
103.9065 	EXP 	wth_valence_rating: markerPos = 0.6872427983539096
104.4816 	DATA 	Mouse: Left button down, pos=(1328,452)
104.5069 	EXP 	wth_self_rating: markerPos = 0.14609053497942387
104.5233 	EXP 	wth_self_rating: markerPos = 0.14609053497942387
104.5397 	EXP 	wth_self_rating: markerPos = 0.14609053497942387
104.5567 	EXP 	wth_self_rating: markerPos = 0.14609053497942387
104.5732 	EXP 	wth_self_rating: markerPos = 0.14609053497942387
104.5902 	EXP 	wth_self_rating: markerPos = 0.14609053497942387
104.6065 	EXP 	wth_self_rating: markerPos = 0.14609053497942387
104.6233 	EXP 	wth_self_rating: markerPos = 0.14609053497942387
104.6398 	EXP 	wth_self_rating: markerPos = 0.14609053497942387
104.6565 	EXP 	wth_self_rating: markerPos = 0.14609053497942387
104.6584 	DATA 	Mouse:  Left button up, pos=(1328,452)
104.6736 	EXP 	wth_self_rating: markerPos = 0.14609053497942387
105.3968 	DATA 	Mouse: Left button down, pos=(908,94)
105.4086 	EXP 	window1: mouseVisible = False
105.4087 	EXP 	New trial (rep=3, index=0): None
105.4253 	EXP 	wth_background_3: autoDraw = False
105.4253 	EXP 	wth_word_typed: autoDraw = False
105.4253 	EXP 	wth_valence_rating: autoDraw = False
105.4253 	EXP 	wth_valence_txt: autoDraw = False
105.4253 	EXP 	wth_self_txt: autoDraw = False
105.4253 	EXP 	wth_self_rating: autoDraw = False
105.4253 	EXP 	wth_background: autoDraw = True
105.5099 	DATA 	Mouse:  Left button up, pos=(908,94)
108.4082 	EXP 	wth_think_instr: autoDraw = True
108.4082 	EXP 	wth_think_cross: autoDraw = True
113.4074 	EXP 	wth_think_instr: autoDraw = False
113.4074 	EXP 	wth_think_cross: autoDraw = False
113.4257 	EXP 	window1: mouseVisible = True
113.4410 	EXP 	wth_background: autoDraw = False
113.4410 	EXP 	wth_background: autoDraw = False
113.4410 	EXP 	wth_think_instr: autoDraw = False
113.4410 	EXP 	wth_think_cross: autoDraw = False
113.4410 	EXP 	wth_word_instr: font = 'Noto Sans KR'
113.4410 	EXP 	wth_background_2: autoDraw = True
113.4410 	EXP 	wth_word_instr: autoDraw = True
113.4410 	EXP 	wth_word_instr: height = 0.07
113.4410 	EXP 	wth_word_instr: height = 0.07
113.4410 	EXP 	wth_word_instr: height = 0.07
113.4410 	EXP 	wth_word_instr: text = '지금 무슨 생각을 하고 있는지\n단어나 구로 입력해주세요.'
117.5210 	EXP 	wth_background_2: autoDraw = False
117.5210 	EXP 	wth_word_instr: autoDraw = False
117.5210 	EXP 	wth_word_typed: height = 0.1
117.5210 	EXP 	wth_word_typed: height = 0.1
117.5210 	EXP 	wth_word_typed: height = 0.1
117.5210 	EXP 	wth_word_typed: text = ';ㅣ;ㅣㅏ'
117.5210 	EXP 	wth_valence_rating: markerPos = None
117.5210 	EXP 	wth_valence_rating: markerPos = None
117.5210 	EXP 	wth_self_rating: markerPos = None
117.5210 	EXP 	wth_self_rating: markerPos = None
117.5210 	EXP 	wth_background_3: autoDraw = True
117.5210 	EXP 	wth_word_typed: autoDraw = True
117.5210 	EXP 	wth_valence_rating: autoDraw = True
117.5210 	EXP 	wth_valence_txt: autoDraw = True
117.5210 	EXP 	wth_self_txt: autoDraw = True
117.5210 	EXP 	wth_self_rating: autoDraw = True
118.2085 	DATA 	Mouse: Left button down, pos=(567,449)
118.2217 	EXP 	wth_valence_rating: markerPos = 0.6049382716049383
118.2379 	EXP 	wth_valence_rating: markerPos = 0.6049382716049383
118.2549 	EXP 	wth_valence_rating: markerPos = 0.6049382716049383
118.2714 	EXP 	wth_valence_rating: markerPos = 0.6049382716049383
118.3041 	EXP 	wth_valence_rating: markerPos = 0.6049382716049383
118.3214 	EXP 	wth_valence_rating: markerPos = 0.6049382716049383
118.3381 	EXP 	wth_valence_rating: markerPos = 0.6049382716049383
118.3396 	DATA 	Mouse:  Left button up, pos=(567,449)
118.3550 	EXP 	wth_valence_rating: markerPos = 0.6049382716049383
119.1238 	DATA 	Mouse: Left button down, pos=(1648,428)
119.1537 	EXP 	wth_self_rating: markerPos = 0.8045267489711934
119.1714 	EXP 	wth_self_rating: markerPos = 0.8045267489711934
119.1881 	EXP 	wth_self_rating: markerPos = 0.8045267489711934
119.2050 	EXP 	wth_self_rating: markerPos = 0.8045267489711934
119.2215 	EXP 	wth_self_rating: markerPos = 0.8045267489711934
119.2235 	DATA 	Mouse:  Left button up, pos=(1648,428)
119.2378 	EXP 	wth_self_rating: markerPos = 0.8045267489711934
120.6724 	DATA 	Mouse: Left button down, pos=(922,100)
120.6753 	EXP 	window1: mouseVisible = False
120.6758 	EXP 	window1: fullscr = False
120.7227 	EXP 	wth_background_3: autoDraw = False
120.7227 	EXP 	wth_word_typed: autoDraw = False
120.7227 	EXP 	wth_valence_rating: autoDraw = False
120.7227 	EXP 	wth_valence_txt: autoDraw = False
120.7227 	EXP 	wth_self_txt: autoDraw = False
120.7227 	EXP 	wth_self_rating: autoDraw = False
120.7227 	EXP 	wth_end_image: autoDraw = True
120.7227 	EXP 	exp_end_text: autoDraw = True
120.7917 	DATA 	Mouse:  Left button up, pos=(922,100)
127.0242 	DATA 	Keypress: space
127.0366 	EXP 	wth_end_image: autoDraw = False
127.0366 	EXP 	exp_end_text: autoDraw = False
127.0995 	EXP 	window1: mouseVisible = True
