2.4647 	WARNING 	We strongly recommend you activate the PTB sound engine in PsychoPy prefs as the preferred audio engine. Its timing is vastly superior. Your prefs are currently set to use ['sounddevice', 'PTB', 'pyo', 'pygame'] (in that order).
7.2675 	EXP 	Created window1 = Window(allowGUI=True, allowStencil=False, autoLog=True, backendConf=UNKNOWN, bitsMode=UNKNOWN, blendMode='avg', bpc=(8, 8, 8), color=array([0.0039, 0.0039, 0.0039]), colorSpace='rgb', depthBits=8, fullscr=<method-wrapper '__getattribute__' of attributeSetter object at 0x000002B777073E50>, gamma=None, gammaErrorPolicy='raise', lms=UNKNOWN, monitor=<psychopy.monitors.calibTools.Monitor object at 0x000002B777591430>, multiSample=False, name='window1', numSamples=2, pos=(0, 0), screen=0, size=array([1920, 1080]), stencilBits=0, stereo=False, units='height', useFBO=True, useRetina=False, viewOri=0.0, viewPos=None, viewScale=None, waitBlanking=True, winType='pyglet')
7.2676 	EXP 	window1: mouseVisible = True
7.2676 	EXP 	window1: mouseVisible = True
7.2676 	EXP 	window1: Attempting to measure frame rate of screen (0) ...
7.2676 	EXP 	window1: recordFrameIntervals = False
7.4339 	EXP 	window1: recordFrameIntervals = True
7.6175 	EXP 	Screen (0) actual frame rate measured at 60.09Hz
7.6175 	EXP 	window1: recordFrameIntervals = False
7.6459 	WARNING 	launchHubServer: If using the iohub mouse or eyetracker devices, fullScr should be True.
9.2890 	EXP 	Created wth_inst_image = ImageStim(__class__=<class 'psychopy.visual.image.ImageStim'>, anchor=('center', 'center'), autoLog=True, color=array([1, 1, 1]), colorSpace='rgb', contrast=1.0, depth=0.0, flipHoriz=False, flipVert=False, image='fis_artwork/general_instruction.png', interpolate=True, mask=None, maskParams=None, name='wth_inst_image', opacity=1.0, ori=0.0, pos=array([0., 0.]), size=array([1920., 1080.]), texRes=128.0, units='pix', win=Window(...))
9.4230 	EXP 	Created wth_movie = MovieStim3(__class__=<class 'psychopy.visual.movie3.MovieStim3'>, anchor=('center', 'center'), autoLog=True, color=UNKNOWN, colorSpace=UNKNOWN, depth=0.0, filename='ins/weather_intro.mp4', flipHoriz=False, flipVert=False, fps=UNKNOWN, interpolate=True, loop=False, name='wth_movie', noAudio=False, opacity=1, ori=method-wrapper(...), pos=array([0., 0.]), size=None, units='pix', vframe_callback=UNKNOWN, volume=UNKNOWN, win=Window(...))
11.6255 	WARNING 	2.202385900000081: Video catchup needed, advancing self._nextFrameT from 0.0 to 0.041666666666666664
11.6255 	WARNING 	2.202429499999198: Video catchup needed, advancing self._nextFrameT from 0.041666666666666664 to 0.08333333333333333
11.6255 	WARNING 	2.2024528000001737: Video catchup needed, advancing self._nextFrameT from 0.08333333333333333 to 0.125
11.6255 	WARNING 	2.202473400000599: Video catchup needed, advancing self._nextFrameT from 0.125 to 0.16666666666666666
11.6256 	WARNING 	2.2024930999996286: Video catchup needed, advancing self._nextFrameT from 0.16666666666666666 to 0.20833333333333331
11.6256 	WARNING 	2.202514099999462: Video catchup needed, advancing self._nextFrameT from 0.20833333333333331 to 0.24999999999999997
11.6256 	WARNING 	2.202534000000014: Video catchup needed, advancing self._nextFrameT from 0.24999999999999997 to 0.29166666666666663
11.6256 	WARNING 	2.202553799999805: Video catchup needed, advancing self._nextFrameT from 0.29166666666666663 to 0.3333333333333333
11.6256 	WARNING 	2.202573399999892: Video catchup needed, advancing self._nextFrameT from 0.3333333333333333 to 0.375
11.6257 	WARNING 	2.202592999999979: Video catchup needed, advancing self._nextFrameT from 0.375 to 0.4166666666666667
11.6257 	WARNING 	Max reportNDroppedFrames reached, will not log any more dropped frames
11.8733 	EXP 	Created text = TextStim(__class__=<class 'psychopy.visual.text.TextStim'>, alignHoriz=method-wrapper(...), alignText='center', alignVert=method-wrapper(...), anchorHoriz='center', anchorVert='center', antialias=True, autoDraw=False, autoLog=True, bold=False, color=array([-1, -1, -1]), colorSpace='rgb', contrast=1.0, depth=-1.0, flipHoriz=False, flipVert=False, font='Noto Sans KR', fontFiles=[], height=0.05, italic=False, languageStyle='LTR', name='text', opacity=1.0, ori=0.0, pos=array([ 0. , -0.4]), rgb=UNKNOWN, text='스페이스로 넘어가세요', units='height', win=Window(...), wrapWidth=1)
12.4422 	EXP 	Created wth_background_inst = ImageStim(__class__=<class 'psychopy.visual.image.ImageStim'>, anchor=('center', 'center'), autoLog=True, color=array([1, 1, 1]), colorSpace='rgb', contrast=1.0, depth=0.0, flipHoriz=False, flipVert=False, image=str(...), interpolate=True, mask=None, maskParams=None, name='wth_background_inst', opacity=1.0, ori=0.0, pos=array([0., 0.]), size=array([1920., 1080.]), texRes=128.0, units='pix', win=Window(...))
12.4634 	EXP 	Created wth_text = TextStim(__class__=<class 'psychopy.visual.text.TextStim'>, alignHoriz=method-wrapper(...), alignText='center', alignVert=method-wrapper(...), anchorHoriz='center', anchorVert='center', antialias=True, autoDraw=False, autoLog=True, bold=False, color=array([-1, -1, -1]), colorSpace='rgb', contrast=1.0, depth=-1.0, flipHoriz=False, flipVert=False, font='Noto Sans KR', fontFiles=[], height=0.07, italic=False, languageStyle='LTR', name='wth_text', opacity=1.0, ori=0.0, pos=array([0., 0.]), rgb=UNKNOWN, text='단어연상 연습이 시작됩니다.', units='height', win=Window(...), wrapWidth=1)
13.0754 	EXP 	Created wth_background_6 = ImageStim(__class__=<class 'psychopy.visual.image.ImageStim'>, anchor=('center', 'center'), autoLog=True, color=array([1, 1, 1]), colorSpace='rgb', contrast=1.0, depth=0.0, flipHoriz=False, flipVert=False, image=str(...), interpolate=True, mask=None, maskParams=None, name='wth_background_6', opacity=1.0, ori=0.0, pos=array([0., 0.]), size=array([1920., 1080.]), texRes=128.0, units='pix', win=Window(...))
13.0870 	EXP 	Created wth_think_instr_2 = TextStim(__class__=<class 'psychopy.visual.text.TextStim'>, alignHoriz=method-wrapper(...), alignText='center', alignVert=method-wrapper(...), anchorHoriz='center', anchorVert='center', antialias=True, autoDraw=False, autoLog=True, bold=False, color=array([-1, -1, -1]), colorSpace='rgb', contrast=1.0, depth=-2.0, flipHoriz=False, flipVert=False, font='Noto Sans KR', fontFiles=[], height=0.07, italic=False, languageStyle='LTR', name='wth_think_instr_2', opacity=1.0, ori=0.0, pos=array([0. , 0.3]), rgb=UNKNOWN, text='자유롭게 생각하세요.', units='height', win=Window(...), wrapWidth=1)
13.0942 	EXP 	Created wth_think_cross_2 = ShapeStim(__class__=<class 'psychopy.visual.shape.ShapeStim'>, anchor=('center', 'center'), autoDraw=False, autoLog=True, closeShape=True, color=method-wrapper(...), colorSpace='rgb', contrast=None, depth=-3.0, fillColor=array([-1, -1, -1]), fillColorSpace='rgb', fillRGB=array([-1, -1, -1]), interpolate=True, lineColor=array([-1, -1, -1]), lineColorSpace='rgb', lineRGB=array([-1, -1, -1]), lineWidth=0.1, name='wth_think_cross_2', opacity=1.0, ori=0.0, pos=array([0., 0.]), size=array([0.07, 0.07]), units='height', vertices=ndarray(...), win=Window(...), windingRule=None)
13.7080 	EXP 	Created image_2 = ImageStim(__class__=<class 'psychopy.visual.image.ImageStim'>, anchor=('center', 'center'), autoLog=True, color=array([1, 1, 1]), colorSpace='rgb', contrast=1.0, depth=0.0, flipHoriz=False, flipVert=False, image=str(...), interpolate=True, mask=None, maskParams=None, name='image_2', opacity=1.0, ori=0.0, pos=array([0., 0.]), size=array([1920., 1080.]), texRes=128.0, units='pix', win=Window(...))
13.7316 	EXP 	Created wth_word_instr_4 = TextStim(__class__=<class 'psychopy.visual.text.TextStim'>, alignHoriz=method-wrapper(...), alignText='center', alignVert=method-wrapper(...), anchorHoriz='center', anchorVert='center', antialias=True, autoDraw=False, autoLog=True, bold=False, color=array([-1, -1, -1]), colorSpace='rgb', contrast=1.0, depth=-1.0, flipHoriz=False, flipVert=False, font='Noto Sans KR', fontFiles=[], height=0.07, italic=False, languageStyle='LTR', name='wth_word_instr_4', opacity=1.0, ori=0.0, pos=array([0.  , 0.25]), rgb=UNKNOWN, text='지금 무슨 생각을 하고 있는지\n단어나 구로 입력해주세요.', units='height', win=Window(...), wrapWidth=1)
14.3147 	EXP 	Created wth_background_7 = ImageStim(__class__=<class 'psychopy.visual.image.ImageStim'>, anchor=('center', 'center'), autoLog=True, color=array([1, 1, 1]), colorSpace='rgb', contrast=1.0, depth=0.0, flipHoriz=False, flipVert=False, image=str(...), interpolate=True, mask=None, maskParams=None, name='wth_background_7', opacity=1.0, ori=0.0, pos=array([0., 0.]), size=array([1920., 1080.]), texRes=128.0, units='pix', win=Window(...))
14.3156 	EXP 	Created wth_word_typed_2 = TextStim(__class__=<class 'psychopy.visual.text.TextStim'>, alignHoriz=method-wrapper(...), alignText='center', alignVert=method-wrapper(...), anchorHoriz='center', anchorVert='center', antialias=True, autoDraw=False, autoLog=True, bold=False, color=array([-1, -1, -1]), colorSpace='rgb', contrast=1.0, depth=-1.0, flipHoriz=False, flipVert=False, font='Noto Sans KR', fontFiles=[], height=0.07, italic=False, languageStyle='LTR', name='wth_word_typed_2', opacity=1.0, ori=0.0, pos=array([0. , 0.2]), rgb=UNKNOWN, text='', units='height', win=Window(...), wrapWidth=1)
14.3196 	EXP 	window1: mouseVisible = True
14.3753 	EXP 	Created wth_valence_rating_2 = Slider(__class__=<class 'psychopy.visual.slider.Slider'>, autoDraw=False, autoLog=True, borderColor=None, color=None, colorSpace='rgb', depth=-2, fillColor=None, flip=False, font='Noto Sans KR', granularity=0.0, labelColor=None, labelHeight=0.03, labelWrapWidth=None, labels=('부정', '중립', '긍정'), lineColor=None, markerColor=None, name='wth_valence_rating_2', opacity=None, ori=0.0, pos=array([-0.5, -0.1]), readOnly=False, self=UNKNOWN, size=array([0.45, 0.05]), startValue=None, style='rating', styleTweaks=[], ticks=array([-1,  0,  1]), units='height', win=Window(...))
14.3880 	EXP 	Created wth_valence_txt_2 = TextStim(__class__=<class 'psychopy.visual.text.TextStim'>, alignHoriz=method-wrapper(...), alignText='center', alignVert=method-wrapper(...), anchorHoriz='center', anchorVert='center', antialias=True, autoDraw=False, autoLog=True, bold=False, color=array([-1, -1, -1]), colorSpace='rgb', contrast=1.0, depth=-3.0, flipHoriz=False, flipVert=False, font='Noto Sans KR', fontFiles=[], height=0.04, italic=False, languageStyle='LTR', name='wth_valence_txt_2', opacity=1.0, ori=0.0, pos=array([-0.5 , -0.02]), rgb=UNKNOWN, text='단어에서 느껴지는 감정', units='height', win=Window(...), wrapWidth=1)
14.3976 	EXP 	Created wth_self_txt_2 = TextStim(__class__=<class 'psychopy.visual.text.TextStim'>, alignHoriz=method-wrapper(...), alignText='center', alignVert=method-wrapper(...), anchorHoriz='center', anchorVert='center', antialias=True, autoDraw=False, autoLog=True, bold=False, color=array([-1, -1, -1]), colorSpace='rgb', contrast=1.0, depth=-4.0, flipHoriz=False, flipVert=False, font='Noto Sans KR', fontFiles=[], height=0.04, italic=False, languageStyle='LTR', name='wth_self_txt_2', opacity=1.0, ori=0.0, pos=array([ 0.5 , -0.02]), rgb=UNKNOWN, text='단어가 자신과 관련이 있는 정도', units='height', win=Window(...), wrapWidth=1)
14.3991 	EXP 	window1: mouseVisible = True
14.4841 	EXP 	Created wth_self_rating_2 = Slider(__class__=<class 'psychopy.visual.slider.Slider'>, autoDraw=False, autoLog=True, borderColor=None, color=None, colorSpace='rgb', depth=-5, fillColor=None, flip=False, font='Noto Sans KR', granularity=0.0, labelColor=None, labelHeight=0.03, labelWrapWidth=None, labels=('전혀 나와 관련 없음', '나와 관련 매우 많음'), lineColor=None, markerColor=None, name='wth_self_rating_2', opacity=None, ori=0.0, pos=array([ 0.5, -0.1]), readOnly=False, self=UNKNOWN, size=array([0.45, 0.05]), startValue=None, style='rating', styleTweaks=[], ticks=array([0, 1]), units='height', win=Window(...))
14.5230 	EXP 	window1: mouseVisible = True
15.0882 	EXP 	Created wth_image_2 = ImageStim(__class__=<class 'psychopy.visual.image.ImageStim'>, anchor=('center', 'center'), autoLog=True, color=array([1, 1, 1]), colorSpace='rgb', contrast=1.0, depth=0.0, flipHoriz=False, flipVert=False, image=str(...), interpolate=True, mask=None, maskParams=None, name='wth_image_2', opacity=1.0, ori=0.0, pos=array([0., 0.]), size=array([1920., 1080.]), texRes=128.0, units='pix', win=Window(...))
15.1082 	EXP 	Created wth_text_4 = TextStim(__class__=<class 'psychopy.visual.text.TextStim'>, alignHoriz=method-wrapper(...), alignText='center', alignVert=method-wrapper(...), anchorHoriz='center', anchorVert='center', antialias=True, autoDraw=False, autoLog=True, bold=False, color=array([-1, -1, -1]), colorSpace='rgb', contrast=1.0, depth=-1.0, flipHoriz=False, flipVert=False, font='Noto Sans KR', fontFiles=[], height=0.07, italic=False, languageStyle='LTR', name='wth_text_4', opacity=1.0, ori=0.0, pos=array([0., 0.]), rgb=UNKNOWN, text='연습을 다시 하시겠습니까?\n\n다시연습 : y\n\n넘어가기 : n', units='height', win=Window(...), wrapWidth=1)
15.6734 	EXP 	Created wth_background_inst_2 = ImageStim(__class__=<class 'psychopy.visual.image.ImageStim'>, anchor=('center', 'center'), autoLog=True, color=array([1, 1, 1]), colorSpace='rgb', contrast=1.0, depth=0.0, flipHoriz=False, flipVert=False, image=str(...), interpolate=True, mask=None, maskParams=None, name='wth_background_inst_2', opacity=1.0, ori=0.0, pos=array([0., 0.]), size=array([1920., 1080.]), texRes=128.0, units='pix', win=Window(...))
15.7013 	EXP 	Created wth_text_2 = TextStim(__class__=<class 'psychopy.visual.text.TextStim'>, alignHoriz=method-wrapper(...), alignText='center', alignVert=method-wrapper(...), anchorHoriz='center', anchorVert='center', antialias=True, autoDraw=False, autoLog=True, bold=False, color=array([-1, -1, -1]), colorSpace='rgb', contrast=1.0, depth=-1.0, flipHoriz=False, flipVert=False, font='Noto Sans KR', fontFiles=[], height=0.07, italic=False, languageStyle='LTR', name='wth_text_2', opacity=1.0, ori=0.0, pos=array([0., 0.]), rgb=UNKNOWN, text=str(...), units='height', win=Window(...), wrapWidth=1)
16.2690 	EXP 	Created image_3 = ImageStim(__class__=<class 'psychopy.visual.image.ImageStim'>, anchor=('center', 'center'), autoLog=True, color=array([1, 1, 1]), colorSpace='rgb', contrast=1.0, depth=0.0, flipHoriz=False, flipVert=False, image=str(...), interpolate=True, mask=None, maskParams=None, name='image_3', opacity=1.0, ori=0.0, pos=array([0., 0.]), size=array([1920., 1080.]), texRes=128.0, units='pix', win=Window(...))
16.2708 	EXP 	Created text_2 = TextStim(__class__=<class 'psychopy.visual.text.TextStim'>, alignHoriz=method-wrapper(...), alignText='center', alignVert=method-wrapper(...), anchorHoriz='center', anchorVert='center', antialias=True, autoDraw=False, autoLog=True, bold=False, color=array([-1, -1, -1]), colorSpace='rgb', contrast=1.0, depth=-1.0, flipHoriz=False, flipVert=False, font='Noto Sans KR', fontFiles=[], height=0.07, italic=False, languageStyle='LTR', name='text_2', opacity=1.0, ori=0.0, pos=array([0., 0.]), rgb=UNKNOWN, text='시작', units='height', win=Window(...), wrapWidth=1)
16.8401 	EXP 	Created wth_background = ImageStim(__class__=<class 'psychopy.visual.image.ImageStim'>, anchor=('center', 'center'), autoLog=True, color=array([1, 1, 1]), colorSpace='rgb', contrast=1.0, depth=0.0, flipHoriz=False, flipVert=False, image=str(...), interpolate=True, mask=None, maskParams=None, name='wth_background', opacity=1.0, ori=0.0, pos=array([0., 0.]), size=array([1920., 1080.]), texRes=128.0, units='pix', win=Window(...))
16.8526 	EXP 	Created wth_think_instr = TextStim(__class__=<class 'psychopy.visual.text.TextStim'>, alignHoriz=method-wrapper(...), alignText='center', alignVert=method-wrapper(...), anchorHoriz='center', anchorVert='center', antialias=True, autoDraw=False, autoLog=True, bold=False, color=array([-1, -1, -1]), colorSpace='rgb', contrast=1.0, depth=-2.0, flipHoriz=False, flipVert=False, font='Noto Sans KR', fontFiles=[], height=0.07, italic=False, languageStyle='LTR', name='wth_think_instr', opacity=1.0, ori=0.0, pos=array([0. , 0.2]), rgb=UNKNOWN, text='자유롭게 생각하세요.', units='height', win=Window(...), wrapWidth=1)
16.8537 	EXP 	Created wth_think_cross = ShapeStim(__class__=<class 'psychopy.visual.shape.ShapeStim'>, anchor=('center', 'center'), autoDraw=False, autoLog=True, closeShape=True, color=method-wrapper(...), colorSpace='rgb', contrast=None, depth=-3.0, fillColor=array([-1, -1, -1]), fillColorSpace='rgb', fillRGB=array([-1, -1, -1]), interpolate=True, lineColor=array([-1, -1, -1]), lineColorSpace='rgb', lineRGB=array([-1, -1, -1]), lineWidth=0.1, name='wth_think_cross', opacity=1.0, ori=0.0, pos=array([0., 0.]), size=array([0.07, 0.07]), units='height', vertices=ndarray(...), win=Window(...), windingRule=None)
17.4302 	EXP 	Created wth_background_2 = ImageStim(__class__=<class 'psychopy.visual.image.ImageStim'>, anchor=('center', 'center'), autoLog=True, color=array([1, 1, 1]), colorSpace='rgb', contrast=1.0, depth=0.0, flipHoriz=False, flipVert=False, image=str(...), interpolate=True, mask=None, maskParams=None, name='wth_background_2', opacity=1.0, ori=0.0, pos=array([0., 0.]), size=array([1920., 1080.]), texRes=128.0, units='pix', win=Window(...))
17.4501 	EXP 	Created wth_word_instr = TextStim(__class__=<class 'psychopy.visual.text.TextStim'>, alignHoriz=method-wrapper(...), alignText='center', alignVert=method-wrapper(...), anchorHoriz='center', anchorVert='center', antialias=True, autoDraw=False, autoLog=True, bold=False, color=array([-1, -1, -1]), colorSpace='rgb', contrast=1.0, depth=-1.0, flipHoriz=False, flipVert=False, font='Arial', fontFiles=[], height=0.07, italic=False, languageStyle='LTR', name='wth_word_instr', opacity=1.0, ori=0.0, pos=array([0.  , 0.25]), rgb=UNKNOWN, text='지금 무슨 생각을 하고 있는지\n단어나 구로 입력해주세요.', units='height', win=Window(...), wrapWidth=1)
18.0635 	EXP 	Created wth_background_3 = ImageStim(__class__=<class 'psychopy.visual.image.ImageStim'>, anchor=('center', 'center'), autoLog=True, color=array([1, 1, 1]), colorSpace='rgb', contrast=1.0, depth=0.0, flipHoriz=False, flipVert=False, image=str(...), interpolate=True, mask=None, maskParams=None, name='wth_background_3', opacity=1.0, ori=0.0, pos=array([0., 0.]), size=array([1920., 1080.]), texRes=128.0, units='pix', win=Window(...))
18.0646 	EXP 	Created wth_word_typed = TextStim(__class__=<class 'psychopy.visual.text.TextStim'>, alignHoriz=method-wrapper(...), alignText='center', alignVert=method-wrapper(...), anchorHoriz='center', anchorVert='center', antialias=True, autoDraw=False, autoLog=True, bold=False, color=array([-1, -1, -1]), colorSpace='rgb', contrast=1.0, depth=-1.0, flipHoriz=False, flipVert=False, font='Noto Sans KR', fontFiles=[], height=0.1, italic=False, languageStyle='LTR', name='wth_word_typed', opacity=1.0, ori=0.0, pos=array([0. , 0.2]), rgb=UNKNOWN, text='', units='height', win=Window(...), wrapWidth=1)
18.0663 	EXP 	window1: mouseVisible = True
18.1009 	EXP 	Created wth_valence_rating = Slider(__class__=<class 'psychopy.visual.slider.Slider'>, autoDraw=False, autoLog=True, borderColor=None, color=None, colorSpace='rgb', depth=-2, fillColor=None, flip=False, font='Noto Sans KR', granularity=0.0, labelColor=None, labelHeight=0.03, labelWrapWidth=None, labels=('부정', '중립', '긍정'), lineColor=None, markerColor=None, name='wth_valence_rating', opacity=None, ori=0.0, pos=array([-0.5, -0.1]), readOnly=False, self=UNKNOWN, size=array([0.45, 0.05]), startValue=None, style='rating', styleTweaks=[], ticks=array([-1,  0,  1]), units='height', win=Window(...))
18.1094 	EXP 	Created wth_valence_txt = TextStim(__class__=<class 'psychopy.visual.text.TextStim'>, alignHoriz=method-wrapper(...), alignText='center', alignVert=method-wrapper(...), anchorHoriz='center', anchorVert='center', antialias=True, autoDraw=False, autoLog=True, bold=False, color=array([-1, -1, -1]), colorSpace='rgb', contrast=1.0, depth=-3.0, flipHoriz=False, flipVert=False, font='Noto Sans KR', fontFiles=[], height=0.04, italic=False, languageStyle='LTR', name='wth_valence_txt', opacity=1.0, ori=0.0, pos=array([-0.5 , -0.02]), rgb=UNKNOWN, text='단어에서 느껴지는 감정', units='height', win=Window(...), wrapWidth=1)
18.1156 	EXP 	Created wth_self_txt = TextStim(__class__=<class 'psychopy.visual.text.TextStim'>, alignHoriz=method-wrapper(...), alignText='center', alignVert=method-wrapper(...), anchorHoriz='center', anchorVert='center', antialias=True, autoDraw=False, autoLog=True, bold=False, color=array([-1, -1, -1]), colorSpace='rgb', contrast=1.0, depth=-4.0, flipHoriz=False, flipVert=False, font='Noto Sans KR', fontFiles=[], height=0.04, italic=False, languageStyle='LTR', name='wth_self_txt', opacity=1.0, ori=0.0, pos=array([ 0.5 , -0.02]), rgb=UNKNOWN, text='단어가 자신과 관련이 있는 정도', units='height', win=Window(...), wrapWidth=1)
18.1172 	EXP 	window1: mouseVisible = True
18.1374 	EXP 	Created wth_self_rating = Slider(__class__=<class 'psychopy.visual.slider.Slider'>, autoDraw=False, autoLog=True, borderColor=None, color=None, colorSpace='rgb', depth=-5, fillColor=None, flip=False, font='Noto Sans KR', granularity=0.0, labelColor=None, labelHeight=0.03, labelWrapWidth=None, labels=('전혀 나와 관련 없음', '나와 관련 매우 많음'), lineColor=None, markerColor=None, name='wth_self_rating', opacity=None, ori=0.0, pos=array([ 0.5, -0.1]), readOnly=False, self=UNKNOWN, size=array([0.45, 0.05]), startValue=None, style='rating', styleTweaks=[], ticks=array([0, 1]), units='height', win=Window(...))
18.1415 	EXP 	window1: mouseVisible = True
18.1626 	EXP 	Created exp_end_text = TextStim(__class__=<class 'psychopy.visual.text.TextStim'>, alignHoriz=method-wrapper(...), alignText='center', alignVert=method-wrapper(...), anchorHoriz='center', anchorVert='center', antialias=True, autoDraw=False, autoLog=True, bold=False, color=array([-1, -1, -1]), colorSpace='rgb', contrast=1.0, depth=0.0, flipHoriz=False, flipVert=False, font='Noto Sans KR', fontFiles=[], height=0.04, italic=False, languageStyle='LTR', name='exp_end_text', opacity=1.0, ori=0.0, pos=array([0., 0.]), rgb=UNKNOWN, text=str(...), units='height', win=Window(...), wrapWidth=1)
18.1812 	EXP 	wth_movie: autoLog = True
18.1812 	EXP 	wth_movie: movie = 'ins/weather_intro.mp4'
18.1812 	EXP 	wth_movie: ori = 0.0
18.1812 	EXP 	wth_valence_rating_2: autoLog = True
18.1812 	EXP 	wth_valence_rating_2: markerPos = None
18.1812 	EXP 	wth_valence_rating_2: styleTweaks = []
18.1812 	EXP 	wth_valence_rating_2: styleTweaks = []
18.1812 	EXP 	wth_valence_rating_2: styleTweaks = []
18.1812 	EXP 	wth_valence_rating_2: styleTweaks = []
18.1812 	EXP 	wth_valence_rating_2: contrast = 1.0
18.1812 	EXP 	wth_valence_rating_2: autoLog = True
18.1812 	EXP 	wth_self_rating_2: autoLog = True
18.1812 	EXP 	wth_self_rating_2: markerPos = None
18.1812 	EXP 	wth_self_rating_2: styleTweaks = []
18.1812 	EXP 	wth_self_rating_2: styleTweaks = []
18.1812 	EXP 	wth_self_rating_2: styleTweaks = []
18.1812 	EXP 	wth_self_rating_2: styleTweaks = []
18.1812 	EXP 	wth_self_rating_2: contrast = 1.0
18.1812 	EXP 	wth_self_rating_2: autoLog = True
18.1812 	EXP 	wth_valence_rating: autoLog = True
18.1812 	EXP 	wth_valence_rating: markerPos = None
18.1812 	EXP 	wth_valence_rating: styleTweaks = []
18.1812 	EXP 	wth_valence_rating: styleTweaks = []
18.1812 	EXP 	wth_valence_rating: styleTweaks = []
18.1812 	EXP 	wth_valence_rating: styleTweaks = []
18.1812 	EXP 	wth_valence_rating: contrast = 1.0
18.1812 	EXP 	wth_valence_rating: autoLog = True
18.1812 	EXP 	wth_self_rating: autoLog = True
18.1812 	EXP 	wth_self_rating: markerPos = None
18.1812 	EXP 	wth_self_rating: styleTweaks = []
18.1812 	EXP 	wth_self_rating: styleTweaks = []
18.1812 	EXP 	wth_self_rating: styleTweaks = []
18.1812 	EXP 	wth_self_rating: styleTweaks = []
18.1812 	EXP 	wth_self_rating: contrast = 1.0
18.1812 	EXP 	wth_self_rating: autoLog = True
18.1812 	EXP 	wth_inst_image: autoDraw = True
20.5499 	EXP 	Created sequence: random, trialTypes=1, nReps=1, seed=None
20.5501 	EXP 	New trial (rep=0, index=0): None
20.5515 	DATA 	Keypress: space
20.5648 	EXP 	wth_inst_image: autoDraw = False
22.5653 	EXP 	wth_movie: autoDraw = True
22.5653 	EXP 	text: autoDraw = True
23.8331 	EXP 	Created sequence: sequential, trialTypes=1, nReps=99, seed=None
23.8334 	EXP 	New trial (rep=0, index=0): None
23.8958 	DATA 	Keypress: space
23.9148 	EXP 	wth_movie: autoDraw = False
23.9148 	EXP 	text: autoDraw = False
23.9148 	EXP 	wth_background_inst: autoDraw = True
24.8330 	EXP 	wth_text: autoDraw = True
26.8319 	EXP 	wth_text: autoDraw = False
28.9065 	EXP 	window1: mouseVisible = False
28.9473 	EXP 	wth_background_inst: autoDraw = False
28.9473 	EXP 	wth_background_inst: autoDraw = False
28.9473 	EXP 	wth_text: autoDraw = False
28.9473 	EXP 	wth_background_6: autoDraw = True
28.9473 	EXP 	wth_think_instr_2: autoDraw = True
28.9473 	EXP 	wth_think_cross_2: autoDraw = True
31.6833 	DATA 	Keypress: space
33.9391 	EXP 	window1: mouseVisible = True
33.9392 	EXP 	window1: mouseVisible = True
33.9800 	EXP 	wth_background_6: autoDraw = False
33.9800 	EXP 	wth_think_instr_2: autoDraw = False
33.9800 	EXP 	wth_think_cross_2: autoDraw = False
33.9800 	EXP 	wth_background_6: autoDraw = False
33.9800 	EXP 	wth_think_instr_2: autoDraw = False
33.9800 	EXP 	wth_think_cross_2: autoDraw = False
33.9800 	EXP 	image_2: autoDraw = True
33.9800 	EXP 	wth_word_instr_4: autoDraw = True
41.2931 	EXP 	image_2: autoDraw = False
41.2931 	EXP 	wth_word_instr_4: autoDraw = False
41.2931 	EXP 	wth_word_typed_2: height = 0.07
41.2931 	EXP 	wth_word_typed_2: height = 0.07
41.2931 	EXP 	wth_word_typed_2: height = 0.07
41.2931 	EXP 	wth_word_typed_2: text = 'kjnjkj'
41.2931 	EXP 	wth_valence_rating_2: markerPos = None
41.2931 	EXP 	wth_valence_rating_2: markerPos = None
41.2931 	EXP 	wth_self_rating_2: markerPos = None
41.2931 	EXP 	wth_self_rating_2: markerPos = None
41.2931 	EXP 	wth_background_7: autoDraw = True
41.2931 	EXP 	wth_word_typed_2: autoDraw = True
41.2931 	EXP 	wth_valence_rating_2: autoDraw = True
41.2931 	EXP 	wth_valence_txt_2: autoDraw = True
41.2931 	EXP 	wth_self_txt_2: autoDraw = True
41.2931 	EXP 	wth_self_rating_2: autoDraw = True
42.3298 	DATA 	Mouse: Left button down, pos=(570,419)
42.3449 	EXP 	wth_valence_rating_2: markerPos = 0.617283950617284
42.3614 	EXP 	wth_valence_rating_2: markerPos = 0.617283950617284
42.3777 	EXP 	wth_valence_rating_2: markerPos = 0.617283950617284
42.3939 	EXP 	wth_valence_rating_2: markerPos = 0.617283950617284
42.4108 	EXP 	wth_valence_rating_2: markerPos = 0.617283950617284
42.4287 	EXP 	wth_valence_rating_2: markerPos = 0.617283950617284
42.4357 	DATA 	Mouse:  Left button up, pos=(570,419)
42.4446 	EXP 	wth_valence_rating_2: markerPos = 0.617283950617284
42.4612 	EXP 	wth_valence_rating_2: markerPos = 0.617283950617284
43.1130 	DATA 	Mouse: Left button down, pos=(1449,434)
43.1279 	EXP 	wth_self_rating_2: markerPos = 0.3950617283950617
43.1451 	EXP 	wth_self_rating_2: markerPos = 0.3950617283950617
43.1613 	EXP 	wth_self_rating_2: markerPos = 0.3950617283950617
43.1775 	EXP 	wth_self_rating_2: markerPos = 0.3950617283950617
43.1952 	EXP 	wth_self_rating_2: markerPos = 0.3950617283950617
43.2111 	EXP 	wth_self_rating_2: markerPos = 0.3950617283950617
43.2285 	EXP 	wth_self_rating_2: markerPos = 0.3950617283950617
43.2444 	EXP 	wth_self_rating_2: markerPos = 0.3950617283950617
43.2537 	DATA 	Mouse:  Left button up, pos=(1449,434)
43.2768 	EXP 	wth_self_rating_2: markerPos = 0.3950617283950617
44.2548 	DATA 	Mouse: Left button down, pos=(923,108)
44.2951 	EXP 	wth_background_7: autoDraw = False
44.2951 	EXP 	wth_word_typed_2: autoDraw = False
44.2951 	EXP 	wth_valence_rating_2: autoDraw = False
44.2951 	EXP 	wth_valence_txt_2: autoDraw = False
44.2951 	EXP 	wth_self_txt_2: autoDraw = False
44.2951 	EXP 	wth_self_rating_2: autoDraw = False
44.2951 	EXP 	wth_image_2: autoDraw = True
44.2951 	EXP 	wth_text_4: autoDraw = True
44.4643 	DATA 	Mouse:  Left button up, pos=(923,108)
45.5864 	DATA 	Keypress: n
45.5945 	EXP 	wth_image_2: autoDraw = False
45.5945 	EXP 	wth_text_4: autoDraw = False
45.5945 	EXP 	wth_background_inst_2: autoDraw = True
45.5945 	EXP 	wth_text_2: autoDraw = True
46.7192 	DATA 	Keypress: space
46.7279 	EXP 	wth_background_inst_2: autoDraw = False
46.7279 	EXP 	wth_text_2: autoDraw = False
46.7279 	EXP 	image_3: autoDraw = True
47.6956 	EXP 	text_2: autoDraw = True
49.6959 	EXP 	text_2: autoDraw = False
50.7131 	EXP 	Created sequence: sequential, trialTypes=1, nReps=4, seed=None
50.7134 	EXP 	New trial (rep=0, index=0): None
50.7136 	EXP 	window1: mouseVisible = False
50.7440 	EXP 	image_3: autoDraw = False
50.7440 	EXP 	text_2: autoDraw = False
50.7440 	EXP 	wth_background: autoDraw = True
50.7440 	EXP 	wth_think_instr: autoDraw = True
50.7440 	EXP 	wth_think_cross: autoDraw = True
55.7287 	EXP 	window1: mouseVisible = True
55.7750 	EXP 	wth_background: autoDraw = False
55.7750 	EXP 	wth_think_instr: autoDraw = False
55.7750 	EXP 	wth_think_cross: autoDraw = False
55.7750 	EXP 	wth_background: autoDraw = False
55.7750 	EXP 	wth_think_instr: autoDraw = False
55.7750 	EXP 	wth_think_cross: autoDraw = False
55.7750 	EXP 	wth_word_instr: font = 'Noto Sans KR'
55.7750 	EXP 	wth_background_2: autoDraw = True
55.7750 	EXP 	wth_word_instr: autoDraw = True
55.7750 	EXP 	wth_word_instr: height = 0.07
55.7750 	EXP 	wth_word_instr: height = 0.07
55.7750 	EXP 	wth_word_instr: height = 0.07
55.7750 	EXP 	wth_word_instr: text = '지금 무슨 생각을 하고 있는지\n단어나 구로 입력해주세요.'
59.6077 	EXP 	wth_background_2: autoDraw = False
59.6077 	EXP 	wth_word_instr: autoDraw = False
59.6077 	EXP 	wth_word_typed: height = 0.1
59.6077 	EXP 	wth_word_typed: height = 0.1
59.6077 	EXP 	wth_word_typed: height = 0.1
59.6077 	EXP 	wth_word_typed: text = 'lnl'
59.6077 	EXP 	wth_valence_rating: markerPos = None
59.6077 	EXP 	wth_valence_rating: markerPos = None
59.6077 	EXP 	wth_self_rating: markerPos = None
59.6077 	EXP 	wth_self_rating: markerPos = None
59.6077 	EXP 	wth_background_3: autoDraw = True
59.6077 	EXP 	wth_word_typed: autoDraw = True
59.6077 	EXP 	wth_valence_rating: autoDraw = True
59.6077 	EXP 	wth_valence_txt: autoDraw = True
59.6077 	EXP 	wth_self_txt: autoDraw = True
59.6077 	EXP 	wth_self_rating: autoDraw = True
60.5950 	DATA 	Mouse: Left button down, pos=(572,436)
60.6093 	EXP 	wth_valence_rating: markerPos = 0.6255144032921811
60.6409 	EXP 	wth_valence_rating: markerPos = 0.6255144032921811
60.6590 	EXP 	wth_valence_rating: markerPos = 0.6255144032921811
60.6914 	EXP 	wth_valence_rating: markerPos = 0.6255144032921811
60.7243 	EXP 	wth_valence_rating: markerPos = 0.6255144032921811
60.7255 	DATA 	Mouse:  Left button up, pos=(572,436)
60.7420 	EXP 	wth_valence_rating: markerPos = 0.6255144032921811
61.5103 	DATA 	Mouse: Left button down, pos=(1617,460)
61.5254 	EXP 	wth_self_rating: markerPos = 0.7407407407407407
61.5421 	EXP 	wth_self_rating: markerPos = 0.7407407407407407
61.5739 	EXP 	wth_self_rating: markerPos = 0.7407407407407407
61.6076 	EXP 	wth_self_rating: markerPos = 0.7407407407407407
61.6258 	EXP 	wth_self_rating: markerPos = 0.7407407407407407
61.6422 	EXP 	wth_self_rating: markerPos = 0.7407407407407407
61.6483 	DATA 	Mouse:  Left button up, pos=(1617,460)
61.6587 	EXP 	wth_self_rating: markerPos = 0.7407407407407407
62.6947 	DATA 	Mouse: Left button down, pos=(927,67)
62.7111 	EXP 	New trial (rep=1, index=0): None
62.7113 	EXP 	window1: mouseVisible = False
62.7276 	EXP 	wth_background_3: autoDraw = False
62.7276 	EXP 	wth_word_typed: autoDraw = False
62.7276 	EXP 	wth_valence_rating: autoDraw = False
62.7276 	EXP 	wth_valence_txt: autoDraw = False
62.7276 	EXP 	wth_self_txt: autoDraw = False
62.7276 	EXP 	wth_self_rating: autoDraw = False
62.7276 	EXP 	wth_background: autoDraw = True
62.7276 	EXP 	wth_think_instr: autoDraw = True
62.7276 	EXP 	wth_think_cross: autoDraw = True
62.8798 	DATA 	Mouse:  Left button up, pos=(927,67)
67.7111 	EXP 	window1: mouseVisible = True
67.7271 	EXP 	wth_background: autoDraw = False
67.7271 	EXP 	wth_think_instr: autoDraw = False
67.7271 	EXP 	wth_think_cross: autoDraw = False
67.7271 	EXP 	wth_background: autoDraw = False
67.7271 	EXP 	wth_think_instr: autoDraw = False
67.7271 	EXP 	wth_think_cross: autoDraw = False
67.7271 	EXP 	wth_word_instr: font = 'Noto Sans KR'
67.7271 	EXP 	wth_background_2: autoDraw = True
67.7271 	EXP 	wth_word_instr: autoDraw = True
67.7271 	EXP 	wth_word_instr: height = 0.07
67.7271 	EXP 	wth_word_instr: height = 0.07
67.7271 	EXP 	wth_word_instr: height = 0.07
67.7271 	EXP 	wth_word_instr: text = '지금 무슨 생각을 하고 있는지\n단어나 구로 입력해주세요.'
72.1898 	EXP 	wth_background_2: autoDraw = False
72.1898 	EXP 	wth_word_instr: autoDraw = False
72.1898 	EXP 	wth_word_typed: height = 0.1
72.1898 	EXP 	wth_word_typed: height = 0.1
72.1898 	EXP 	wth_word_typed: height = 0.1
72.1898 	EXP 	wth_word_typed: text = ';;'
72.1898 	EXP 	wth_valence_rating: markerPos = None
72.1898 	EXP 	wth_valence_rating: markerPos = None
72.1898 	EXP 	wth_self_rating: markerPos = None
72.1898 	EXP 	wth_self_rating: markerPos = None
72.1898 	EXP 	wth_background_3: autoDraw = True
72.1898 	EXP 	wth_word_typed: autoDraw = True
72.1898 	EXP 	wth_valence_rating: autoDraw = True
72.1898 	EXP 	wth_valence_txt: autoDraw = True
72.1898 	EXP 	wth_self_txt: autoDraw = True
72.1898 	EXP 	wth_self_rating: autoDraw = True
73.1093 	DATA 	Mouse: Left button down, pos=(555,433)
73.1245 	EXP 	wth_valence_rating: markerPos = 0.5555555555555556
73.1404 	EXP 	wth_valence_rating: markerPos = 0.5555555555555556
73.1571 	EXP 	wth_valence_rating: markerPos = 0.5555555555555556
73.1739 	EXP 	wth_valence_rating: markerPos = 0.5555555555555556
73.1909 	EXP 	wth_valence_rating: markerPos = 0.5555555555555556
73.2070 	EXP 	wth_valence_rating: markerPos = 0.5555555555555556
73.2240 	EXP 	wth_valence_rating: markerPos = 0.5555555555555556
73.2405 	EXP 	wth_valence_rating: markerPos = 0.5555555555555556
73.2423 	DATA 	Mouse:  Left button up, pos=(555,433)
73.2570 	EXP 	wth_valence_rating: markerPos = 0.5555555555555556
74.2264 	DATA 	Mouse: Left button down, pos=(1618,448)
74.2409 	EXP 	wth_self_rating: markerPos = 0.742798353909465
74.2575 	EXP 	wth_self_rating: markerPos = 0.742798353909465
74.2735 	EXP 	wth_self_rating: markerPos = 0.742798353909465
74.2909 	EXP 	wth_self_rating: markerPos = 0.742798353909465
74.3079 	EXP 	wth_self_rating: markerPos = 0.742798353909465
74.3241 	EXP 	wth_self_rating: markerPos = 0.742798353909465
74.3408 	EXP 	wth_self_rating: markerPos = 0.742798353909465
74.3570 	EXP 	wth_self_rating: markerPos = 0.742798353909465
74.3739 	EXP 	wth_self_rating: markerPos = 0.742798353909465
74.3805 	DATA 	Mouse:  Left button up, pos=(1618,448)
74.3910 	EXP 	wth_self_rating: markerPos = 0.742798353909465
75.2898 	DATA 	Mouse: Left button down, pos=(913,109)
75.2927 	EXP 	New trial (rep=2, index=0): None
75.2930 	EXP 	window1: mouseVisible = False
75.3090 	EXP 	wth_background_3: autoDraw = False
75.3090 	EXP 	wth_word_typed: autoDraw = False
75.3090 	EXP 	wth_valence_rating: autoDraw = False
75.3090 	EXP 	wth_valence_txt: autoDraw = False
75.3090 	EXP 	wth_self_txt: autoDraw = False
75.3090 	EXP 	wth_self_rating: autoDraw = False
75.3090 	EXP 	wth_background: autoDraw = True
75.3090 	EXP 	wth_think_instr: autoDraw = True
75.3090 	EXP 	wth_think_cross: autoDraw = True
75.4608 	DATA 	Mouse:  Left button up, pos=(913,109)
80.2929 	EXP 	window1: mouseVisible = True
80.3085 	EXP 	wth_background: autoDraw = False
80.3085 	EXP 	wth_think_instr: autoDraw = False
80.3085 	EXP 	wth_think_cross: autoDraw = False
80.3085 	EXP 	wth_background: autoDraw = False
80.3085 	EXP 	wth_think_instr: autoDraw = False
80.3085 	EXP 	wth_think_cross: autoDraw = False
80.3085 	EXP 	wth_word_instr: font = 'Noto Sans KR'
80.3085 	EXP 	wth_background_2: autoDraw = True
80.3085 	EXP 	wth_word_instr: autoDraw = True
80.3085 	EXP 	wth_word_instr: height = 0.07
80.3085 	EXP 	wth_word_instr: height = 0.07
80.3085 	EXP 	wth_word_instr: height = 0.07
80.3085 	EXP 	wth_word_instr: text = '지금 무슨 생각을 하고 있는지\n단어나 구로 입력해주세요.'
87.1713 	EXP 	wth_background_2: autoDraw = False
87.1713 	EXP 	wth_word_instr: autoDraw = False
87.1713 	EXP 	wth_word_typed: height = 0.1
87.1713 	EXP 	wth_word_typed: height = 0.1
87.1713 	EXP 	wth_word_typed: height = 0.1
87.1713 	EXP 	wth_word_typed: text = 'llnnln'
87.1713 	EXP 	wth_valence_rating: markerPos = None
87.1713 	EXP 	wth_valence_rating: markerPos = None
87.1713 	EXP 	wth_self_rating: markerPos = None
87.1713 	EXP 	wth_self_rating: markerPos = None
87.1713 	EXP 	wth_background_3: autoDraw = True
87.1713 	EXP 	wth_word_typed: autoDraw = True
87.1713 	EXP 	wth_valence_rating: autoDraw = True
87.1713 	EXP 	wth_valence_txt: autoDraw = True
87.1713 	EXP 	wth_self_txt: autoDraw = True
87.1713 	EXP 	wth_self_rating: autoDraw = True
87.9240 	DATA 	Mouse: Left button down, pos=(588,450)
87.9381 	EXP 	wth_valence_rating: markerPos = 0.691358024691358
87.9552 	EXP 	wth_valence_rating: markerPos = 0.691358024691358
87.9717 	EXP 	wth_valence_rating: markerPos = 0.691358024691358
87.9888 	EXP 	wth_valence_rating: markerPos = 0.691358024691358
88.0051 	EXP 	wth_valence_rating: markerPos = 0.691358024691358
88.0152 	DATA 	Mouse:  Left button up, pos=(588,450)
88.0219 	EXP 	wth_valence_rating: markerPos = 0.691358024691358
88.0392 	EXP 	wth_valence_rating: markerPos = 0.691358024691358
88.5742 	DATA 	Mouse: Left button down, pos=(1402,433)
88.5885 	EXP 	wth_self_rating: markerPos = 0.2983539094650206
88.6055 	EXP 	wth_self_rating: markerPos = 0.2983539094650206
88.6224 	EXP 	wth_self_rating: markerPos = 0.2983539094650206
88.6383 	EXP 	wth_self_rating: markerPos = 0.2983539094650206
88.6553 	EXP 	wth_self_rating: markerPos = 0.2983539094650206
88.6722 	EXP 	wth_self_rating: markerPos = 0.2983539094650206
88.6884 	EXP 	wth_self_rating: markerPos = 0.2983539094650206
88.6902 	DATA 	Mouse:  Left button up, pos=(1402,433)
88.7055 	EXP 	wth_self_rating: markerPos = 0.2983539094650206
89.6242 	DATA 	Mouse: Left button down, pos=(946,113)
89.6259 	EXP 	New trial (rep=3, index=0): None
89.6260 	EXP 	window1: mouseVisible = False
89.6410 	EXP 	wth_background_3: autoDraw = False
89.6410 	EXP 	wth_word_typed: autoDraw = False
89.6410 	EXP 	wth_valence_rating: autoDraw = False
89.6410 	EXP 	wth_valence_txt: autoDraw = False
89.6410 	EXP 	wth_self_txt: autoDraw = False
89.6410 	EXP 	wth_self_rating: autoDraw = False
89.6410 	EXP 	wth_background: autoDraw = True
89.6410 	EXP 	wth_think_instr: autoDraw = True
89.6410 	EXP 	wth_think_cross: autoDraw = True
89.7594 	DATA 	Mouse:  Left button up, pos=(946,113)
94.2759 	DATA 	Mouse: Left button down, pos=(986,105)
94.4251 	DATA 	Mouse:  Left button up, pos=(986,105)
94.6404 	EXP 	window1: mouseVisible = True
94.6569 	EXP 	wth_background: autoDraw = False
94.6569 	EXP 	wth_think_instr: autoDraw = False
94.6569 	EXP 	wth_think_cross: autoDraw = False
94.6569 	EXP 	wth_background: autoDraw = False
94.6569 	EXP 	wth_think_instr: autoDraw = False
94.6569 	EXP 	wth_think_cross: autoDraw = False
94.6569 	EXP 	wth_word_instr: font = 'Noto Sans KR'
94.6569 	EXP 	wth_background_2: autoDraw = True
94.6569 	EXP 	wth_word_instr: autoDraw = True
94.6569 	EXP 	wth_word_instr: height = 0.07
94.6569 	EXP 	wth_word_instr: height = 0.07
94.6569 	EXP 	wth_word_instr: height = 0.07
94.6569 	EXP 	wth_word_instr: text = '지금 무슨 생각을 하고 있는지\n단어나 구로 입력해주세요.'
94.7250 	DATA 	Keypress: space
100.8530 	EXP 	wth_background_2: autoDraw = False
100.8530 	EXP 	wth_word_instr: autoDraw = False
100.8530 	EXP 	wth_word_typed: height = 0.1
100.8530 	EXP 	wth_word_typed: height = 0.1
100.8530 	EXP 	wth_word_typed: height = 0.1
100.8530 	EXP 	wth_word_typed: text = 'klkjlklkl'
100.8530 	EXP 	wth_valence_rating: markerPos = None
100.8530 	EXP 	wth_valence_rating: markerPos = None
100.8530 	EXP 	wth_self_rating: markerPos = None
100.8530 	EXP 	wth_self_rating: markerPos = None
100.8530 	EXP 	wth_background_3: autoDraw = True
100.8530 	EXP 	wth_word_typed: autoDraw = True
100.8530 	EXP 	wth_valence_rating: autoDraw = True
100.8530 	EXP 	wth_valence_txt: autoDraw = True
100.8530 	EXP 	wth_self_txt: autoDraw = True
100.8530 	EXP 	wth_self_rating: autoDraw = True
101.6730 	DATA 	Mouse: Left button down, pos=(548,425)
101.6867 	EXP 	wth_valence_rating: markerPos = 0.5267489711934157
101.7042 	EXP 	wth_valence_rating: markerPos = 0.5267489711934157
101.7200 	EXP 	wth_valence_rating: markerPos = 0.5267489711934157
101.7372 	EXP 	wth_valence_rating: markerPos = 0.5267489711934157
101.7535 	EXP 	wth_valence_rating: markerPos = 0.5267489711934157
101.7856 	EXP 	wth_valence_rating: markerPos = 0.5267489711934157
101.8035 	EXP 	wth_valence_rating: markerPos = 0.5267489711934157
101.8208 	EXP 	wth_valence_rating: markerPos = 0.5267489711934157
101.8270 	DATA 	Mouse:  Left button up, pos=(548,425)
101.8367 	EXP 	wth_valence_rating: markerPos = 0.5267489711934157
101.8538 	EXP 	wth_valence_rating: markerPos = 0.5267489711934157
102.3716 	DATA 	Mouse: Left button down, pos=(1634,445)
102.3868 	EXP 	wth_self_rating: markerPos = 0.7757201646090535
102.4036 	EXP 	wth_self_rating: markerPos = 0.7757201646090535
102.4204 	EXP 	wth_self_rating: markerPos = 0.7757201646090535
102.4521 	EXP 	wth_self_rating: markerPos = 0.7757201646090535
102.4699 	EXP 	wth_self_rating: markerPos = 0.7757201646090535
102.4869 	EXP 	wth_self_rating: markerPos = 0.7757201646090535
102.5038 	EXP 	wth_self_rating: markerPos = 0.7757201646090535
102.5200 	EXP 	wth_self_rating: markerPos = 0.7757201646090535
102.5370 	EXP 	wth_self_rating: markerPos = 0.7757201646090535
102.5384 	DATA 	Mouse:  Left button up, pos=(1634,445)
102.5537 	EXP 	wth_self_rating: markerPos = 0.7757201646090535
103.2803 	DATA 	Mouse: Left button down, pos=(863,83)
103.3034 	EXP 	wth_background_3: autoDraw = False
103.3034 	EXP 	wth_word_typed: autoDraw = False
103.3034 	EXP 	wth_valence_rating: autoDraw = False
103.3034 	EXP 	wth_valence_txt: autoDraw = False
103.3034 	EXP 	wth_self_txt: autoDraw = False
103.3034 	EXP 	wth_self_rating: autoDraw = False
103.3034 	EXP 	exp_end_text: autoDraw = True
103.4380 	DATA 	Mouse:  Left button up, pos=(863,83)
105.6046 	DATA 	Keypress: space
105.6198 	EXP 	exp_end_text: autoDraw = False
105.6778 	EXP 	window1: mouseVisible = True
