2.3082 	WARNING 	We strongly recommend you activate the PTB sound engine in PsychoPy prefs as the preferred audio engine. Its timing is vastly superior. Your prefs are currently set to use ['sounddevice', 'PTB', 'pyo', 'pygame'] (in that order).
10.1976 	EXP 	Created window1 = Window(allowGUI=True, allowStencil=False, autoLog=True, backendConf=UNKNOWN, bitsMode=UNKNOWN, blendMode='avg', bpc=(8, 8, 8), color=array([0.0039, 0.0039, 0.0039]), colorSpace='rgb', depthBits=8, fullscr=<method-wrapper '__getattribute__' of attributeSetter object at 0x000001650B534D90>, gamma=None, gammaErrorPolicy='raise', lms=UNKNOWN, monitor=<psychopy.monitors.calibTools.Monitor object at 0x000001650C905280>, multiSample=False, name='window1', numSamples=2, pos=(0, 0), screen=0, size=array([1920, 1080]), stencilBits=0, stereo=False, units='height', useFBO=True, useRetina=False, viewOri=0.0, viewPos=None, viewScale=None, waitBlanking=True, winType='pyglet')
10.1977 	EXP 	window1: mouseVisible = True
10.1977 	EXP 	window1: mouseVisible = True
10.1978 	EXP 	window1: Attempting to measure frame rate of screen (0) ...
10.1978 	EXP 	window1: recordFrameIntervals = False
10.3627 	EXP 	window1: recordFrameIntervals = True
10.5462 	EXP 	Screen (0) actual frame rate measured at 60.41Hz
10.5463 	EXP 	window1: recordFrameIntervals = False
10.5804 	WARNING 	launchHubServer: If using the iohub mouse or eyetracker devices, fullScr should be True.
12.1614 	EXP 	window1: mouseVisible = False
12.2336 	EXP 	Created wth_inst_image = ImageStim(__class__=<class 'psychopy.visual.image.ImageStim'>, anchor=('center', 'center'), autoLog=True, color=array([1, 1, 1]), colorSpace='rgb', contrast=1.0, depth=0.0, flipHoriz=False, flipVert=False, image='fis_artwork/general_instruction.png', interpolate=True, mask=None, maskParams=None, name='wth_inst_image', opacity=1.0, ori=0.0, pos=array([0., 0.]), size=array([1920., 1080.]), texRes=128.0, units='pix', win=Window(...))
12.3699 	EXP 	Created wth_movie = MovieStim3(__class__=<class 'psychopy.visual.movie3.MovieStim3'>, anchor=('center', 'center'), autoLog=True, color=UNKNOWN, colorSpace=UNKNOWN, depth=0.0, filename='ins/weather_intro.mp4', flipHoriz=False, flipVert=False, fps=UNKNOWN, interpolate=True, loop=False, name='wth_movie', noAudio=False, opacity=1, ori=method-wrapper(...), pos=array([0., 0.]), size=None, units='pix', vframe_callback=UNKNOWN, volume=UNKNOWN, win=Window(...))
14.5538 	WARNING 	2.183829000001424: Video catchup needed, advancing self._nextFrameT from 0.0 to 0.041666666666666664
14.5538 	WARNING 	2.1838698999999906: Video catchup needed, advancing self._nextFrameT from 0.041666666666666664 to 0.08333333333333333
14.5538 	WARNING 	2.183892500001093: Video catchup needed, advancing self._nextFrameT from 0.08333333333333333 to 0.125
14.5538 	WARNING 	2.1839128999999957: Video catchup needed, advancing self._nextFrameT from 0.125 to 0.16666666666666666
14.5539 	WARNING 	2.1839351000016904: Video catchup needed, advancing self._nextFrameT from 0.16666666666666666 to 0.20833333333333331
14.5539 	WARNING 	2.1839547000017774: Video catchup needed, advancing self._nextFrameT from 0.20833333333333331 to 0.24999999999999997
14.5539 	WARNING 	2.1839743000018643: Video catchup needed, advancing self._nextFrameT from 0.24999999999999997 to 0.29166666666666663
14.5539 	WARNING 	2.1839938999983133: Video catchup needed, advancing self._nextFrameT from 0.29166666666666663 to 0.3333333333333333
14.5539 	WARNING 	2.1840134000012768: Video catchup needed, advancing self._nextFrameT from 0.3333333333333333 to 0.375
14.5540 	WARNING 	2.184032599998318: Video catchup needed, advancing self._nextFrameT from 0.375 to 0.4166666666666667
14.5540 	WARNING 	Max reportNDroppedFrames reached, will not log any more dropped frames
14.7841 	EXP 	Created text = TextStim(__class__=<class 'psychopy.visual.text.TextStim'>, alignHoriz=method-wrapper(...), alignText='center', alignVert=method-wrapper(...), anchorHoriz='center', anchorVert='center', antialias=True, autoDraw=False, autoLog=True, bold=False, color=array([-1, -1, -1]), colorSpace='rgb', contrast=1.0, depth=-1.0, flipHoriz=False, flipVert=False, font='Noto Sans KR', fontFiles=[], height=0.05, italic=False, languageStyle='LTR', name='text', opacity=1.0, ori=0.0, pos=array([ 0. , -0.4]), rgb=UNKNOWN, text='스페이스로 넘어가세요', units='height', win=Window(...), wrapWidth=1)
15.3541 	EXP 	Created wth_background_inst = ImageStim(__class__=<class 'psychopy.visual.image.ImageStim'>, anchor=('center', 'center'), autoLog=True, color=array([1, 1, 1]), colorSpace='rgb', contrast=1.0, depth=0.0, flipHoriz=False, flipVert=False, image=str(...), interpolate=True, mask=None, maskParams=None, name='wth_background_inst', opacity=1.0, ori=0.0, pos=array([0., 0.]), size=array([1920., 1080.]), texRes=128.0, units='pix', win=Window(...))
15.3737 	EXP 	Created wth_text = TextStim(__class__=<class 'psychopy.visual.text.TextStim'>, alignHoriz=method-wrapper(...), alignText='center', alignVert=method-wrapper(...), anchorHoriz='center', anchorVert='center', antialias=True, autoDraw=False, autoLog=True, bold=False, color=array([-1, -1, -1]), colorSpace='rgb', contrast=1.0, depth=-1.0, flipHoriz=False, flipVert=False, font='Noto Sans KR', fontFiles=[], height=0.07, italic=False, languageStyle='LTR', name='wth_text', opacity=1.0, ori=0.0, pos=array([0., 0.]), rgb=UNKNOWN, text='단어연상 연습이 시작됩니다.', units='height', win=Window(...), wrapWidth=1)
15.9842 	EXP 	Created wth_background_6 = ImageStim(__class__=<class 'psychopy.visual.image.ImageStim'>, anchor=('center', 'center'), autoLog=True, color=array([1, 1, 1]), colorSpace='rgb', contrast=1.0, depth=0.0, flipHoriz=False, flipVert=False, image=str(...), interpolate=True, mask=None, maskParams=None, name='wth_background_6', opacity=1.0, ori=0.0, pos=array([0., 0.]), size=array([1920., 1080.]), texRes=128.0, units='pix', win=Window(...))
15.9950 	EXP 	Created wth_think_instr_2 = TextStim(__class__=<class 'psychopy.visual.text.TextStim'>, alignHoriz=method-wrapper(...), alignText='center', alignVert=method-wrapper(...), anchorHoriz='center', anchorVert='center', antialias=True, autoDraw=False, autoLog=True, bold=False, color=array([-1, -1, -1]), colorSpace='rgb', contrast=1.0, depth=-2.0, flipHoriz=False, flipVert=False, font='Noto Sans KR', fontFiles=[], height=0.07, italic=False, languageStyle='LTR', name='wth_think_instr_2', opacity=1.0, ori=0.0, pos=array([0. , 0.2]), rgb=UNKNOWN, text='자유롭게 생각하세요.', units='height', win=Window(...), wrapWidth=1)
16.0014 	EXP 	Created wth_think_cross_2 = ShapeStim(__class__=<class 'psychopy.visual.shape.ShapeStim'>, anchor=('center', 'center'), autoDraw=False, autoLog=True, closeShape=True, color=method-wrapper(...), colorSpace='rgb', contrast=None, depth=-3.0, fillColor=array([-1, -1, -1]), fillColorSpace='rgb', fillRGB=array([-1, -1, -1]), interpolate=True, lineColor=array([-1, -1, -1]), lineColorSpace='rgb', lineRGB=array([-1, -1, -1]), lineWidth=0.1, name='wth_think_cross_2', opacity=1.0, ori=0.0, pos=array([0., 0.]), size=array([0.07, 0.07]), units='height', vertices=ndarray(...), win=Window(...), windingRule=None)
16.6056 	EXP 	Created image_2 = ImageStim(__class__=<class 'psychopy.visual.image.ImageStim'>, anchor=('center', 'center'), autoLog=True, color=array([1, 1, 1]), colorSpace='rgb', contrast=1.0, depth=0.0, flipHoriz=False, flipVert=False, image=str(...), interpolate=True, mask=None, maskParams=None, name='image_2', opacity=1.0, ori=0.0, pos=array([0., 0.]), size=array([1920., 1080.]), texRes=128.0, units='pix', win=Window(...))
16.6289 	EXP 	Created wth_word_instr_4 = TextStim(__class__=<class 'psychopy.visual.text.TextStim'>, alignHoriz=method-wrapper(...), alignText='center', alignVert=method-wrapper(...), anchorHoriz='center', anchorVert='center', antialias=True, autoDraw=False, autoLog=True, bold=False, color=array([-1, -1, -1]), colorSpace='rgb', contrast=1.0, depth=-1.0, flipHoriz=False, flipVert=False, font='Noto Sans KR', fontFiles=[], height=0.07, italic=False, languageStyle='LTR', name='wth_word_instr_4', opacity=1.0, ori=0.0, pos=array([0.  , 0.25]), rgb=UNKNOWN, text='지금 무슨 생각을 하고 있는지\n단어나 구로 입력해주세요.', units='height', win=Window(...), wrapWidth=1)
17.2111 	EXP 	Created wth_background_7 = ImageStim(__class__=<class 'psychopy.visual.image.ImageStim'>, anchor=('center', 'center'), autoLog=True, color=array([1, 1, 1]), colorSpace='rgb', contrast=1.0, depth=0.0, flipHoriz=False, flipVert=False, image=str(...), interpolate=True, mask=None, maskParams=None, name='wth_background_7', opacity=1.0, ori=0.0, pos=array([0., 0.]), size=array([1920., 1080.]), texRes=128.0, units='pix', win=Window(...))
17.2119 	EXP 	Created wth_word_typed_2 = TextStim(__class__=<class 'psychopy.visual.text.TextStim'>, alignHoriz=method-wrapper(...), alignText='center', alignVert=method-wrapper(...), anchorHoriz='center', anchorVert='center', antialias=True, autoDraw=False, autoLog=True, bold=False, color=array([-1, -1, -1]), colorSpace='rgb', contrast=1.0, depth=-1.0, flipHoriz=False, flipVert=False, font='Noto Sans KR', fontFiles=[], height=0.07, italic=False, languageStyle='LTR', name='wth_word_typed_2', opacity=1.0, ori=0.0, pos=array([0. , 0.2]), rgb=UNKNOWN, text='', units='height', win=Window(...), wrapWidth=1)
17.2161 	EXP 	window1: mouseVisible = True
17.2717 	EXP 	Created wth_valence_rating_2 = Slider(__class__=<class 'psychopy.visual.slider.Slider'>, autoDraw=False, autoLog=True, borderColor=None, color=None, colorSpace='rgb', depth=-2, fillColor=None, flip=False, font='Noto Sans KR', granularity=0.0, labelColor=None, labelHeight=0.03, labelWrapWidth=None, labels=('부정', '중립', '긍정'), lineColor=None, markerColor=None, name='wth_valence_rating_2', opacity=None, ori=0.0, pos=array([-0.5, -0.1]), readOnly=False, self=UNKNOWN, size=array([0.45, 0.05]), startValue=None, style='rating', styleTweaks=[], ticks=array([-1,  0,  1]), units='height', win=Window(...))
17.2846 	EXP 	Created wth_valence_txt_2 = TextStim(__class__=<class 'psychopy.visual.text.TextStim'>, alignHoriz=method-wrapper(...), alignText='center', alignVert=method-wrapper(...), anchorHoriz='center', anchorVert='center', antialias=True, autoDraw=False, autoLog=True, bold=False, color=array([-1, -1, -1]), colorSpace='rgb', contrast=1.0, depth=-3.0, flipHoriz=False, flipVert=False, font='Noto Sans KR', fontFiles=[], height=0.04, italic=False, languageStyle='LTR', name='wth_valence_txt_2', opacity=1.0, ori=0.0, pos=array([-0.5 , -0.02]), rgb=UNKNOWN, text='단어에서 느껴지는 감정', units='height', win=Window(...), wrapWidth=1)
17.2943 	EXP 	Created wth_self_txt_2 = TextStim(__class__=<class 'psychopy.visual.text.TextStim'>, alignHoriz=method-wrapper(...), alignText='center', alignVert=method-wrapper(...), anchorHoriz='center', anchorVert='center', antialias=True, autoDraw=False, autoLog=True, bold=False, color=array([-1, -1, -1]), colorSpace='rgb', contrast=1.0, depth=-4.0, flipHoriz=False, flipVert=False, font='Noto Sans KR', fontFiles=[], height=0.04, italic=False, languageStyle='LTR', name='wth_self_txt_2', opacity=1.0, ori=0.0, pos=array([ 0.5 , -0.02]), rgb=UNKNOWN, text='단어가 자신과 관련이 있는 정도', units='height', win=Window(...), wrapWidth=1)
17.2958 	EXP 	window1: mouseVisible = True
17.3823 	EXP 	Created wth_self_rating_2 = Slider(__class__=<class 'psychopy.visual.slider.Slider'>, autoDraw=False, autoLog=True, borderColor=None, color=None, colorSpace='rgb', depth=-5, fillColor=None, flip=False, font='Noto Sans KR', granularity=0.0, labelColor=None, labelHeight=0.03, labelWrapWidth=None, labels=('전혀 나와 관련 없음', '나와 관련 매우 많음'), lineColor=None, markerColor=None, name='wth_self_rating_2', opacity=None, ori=0.0, pos=array([ 0.5, -0.1]), readOnly=False, self=UNKNOWN, size=array([0.45, 0.05]), startValue=None, style='rating', styleTweaks=[], ticks=array([0, 1]), units='height', win=Window(...))
17.4194 	EXP 	window1: mouseVisible = True
17.9921 	EXP 	Created wth_image_2 = ImageStim(__class__=<class 'psychopy.visual.image.ImageStim'>, anchor=('center', 'center'), autoLog=True, color=array([1, 1, 1]), colorSpace='rgb', contrast=1.0, depth=0.0, flipHoriz=False, flipVert=False, image=str(...), interpolate=True, mask=None, maskParams=None, name='wth_image_2', opacity=1.0, ori=0.0, pos=array([0., 0.]), size=array([1920., 1080.]), texRes=128.0, units='pix', win=Window(...))
18.0106 	EXP 	Created wth_text_4 = TextStim(__class__=<class 'psychopy.visual.text.TextStim'>, alignHoriz=method-wrapper(...), alignText='center', alignVert=method-wrapper(...), anchorHoriz='center', anchorVert='center', antialias=True, autoDraw=False, autoLog=True, bold=False, color=array([-1, -1, -1]), colorSpace='rgb', contrast=1.0, depth=-1.0, flipHoriz=False, flipVert=False, font='Noto Sans KR', fontFiles=[], height=0.07, italic=False, languageStyle='LTR', name='wth_text_4', opacity=1.0, ori=0.0, pos=array([0., 0.]), rgb=UNKNOWN, text='넘어가시겠습니까?\n\n넘어가기 : Y\n다시연습 : N\n', units='height', win=Window(...), wrapWidth=1)
18.5943 	EXP 	Created wth_background_inst_2 = ImageStim(__class__=<class 'psychopy.visual.image.ImageStim'>, anchor=('center', 'center'), autoLog=True, color=array([1, 1, 1]), colorSpace='rgb', contrast=1.0, depth=0.0, flipHoriz=False, flipVert=False, image=str(...), interpolate=True, mask=None, maskParams=None, name='wth_background_inst_2', opacity=1.0, ori=0.0, pos=array([0., 0.]), size=array([1920., 1080.]), texRes=128.0, units='pix', win=Window(...))
18.6230 	EXP 	Created wth_text_2 = TextStim(__class__=<class 'psychopy.visual.text.TextStim'>, alignHoriz=method-wrapper(...), alignText='center', alignVert=method-wrapper(...), anchorHoriz='center', anchorVert='center', antialias=True, autoDraw=False, autoLog=True, bold=False, color=array([-1, -1, -1]), colorSpace='rgb', contrast=1.0, depth=-1.0, flipHoriz=False, flipVert=False, font='Noto Sans KR', fontFiles=[], height=0.07, italic=False, languageStyle='LTR', name='wth_text_2', opacity=1.0, ori=0.0, pos=array([0., 0.]), rgb=UNKNOWN, text=str(...), units='height', win=Window(...), wrapWidth=1)
19.2106 	EXP 	Created image_3 = ImageStim(__class__=<class 'psychopy.visual.image.ImageStim'>, anchor=('center', 'center'), autoLog=True, color=array([1, 1, 1]), colorSpace='rgb', contrast=1.0, depth=0.0, flipHoriz=False, flipVert=False, image=str(...), interpolate=True, mask=None, maskParams=None, name='image_3', opacity=1.0, ori=0.0, pos=array([0., 0.]), size=array([1920., 1080.]), texRes=128.0, units='pix', win=Window(...))
19.2123 	EXP 	Created text_2 = TextStim(__class__=<class 'psychopy.visual.text.TextStim'>, alignHoriz=method-wrapper(...), alignText='center', alignVert=method-wrapper(...), anchorHoriz='center', anchorVert='center', antialias=True, autoDraw=False, autoLog=True, bold=False, color=array([-1, -1, -1]), colorSpace='rgb', contrast=1.0, depth=-1.0, flipHoriz=False, flipVert=False, font='Noto Sans KR', fontFiles=[], height=0.07, italic=False, languageStyle='LTR', name='text_2', opacity=1.0, ori=0.0, pos=array([0., 0.]), rgb=UNKNOWN, text='시작', units='height', win=Window(...), wrapWidth=1)
19.8256 	EXP 	Created wth_background = ImageStim(__class__=<class 'psychopy.visual.image.ImageStim'>, anchor=('center', 'center'), autoLog=True, color=array([1, 1, 1]), colorSpace='rgb', contrast=1.0, depth=0.0, flipHoriz=False, flipVert=False, image=str(...), interpolate=True, mask=None, maskParams=None, name='wth_background', opacity=1.0, ori=0.0, pos=array([0., 0.]), size=array([1920., 1080.]), texRes=128.0, units='pix', win=Window(...))
19.8479 	EXP 	Created wth_think_instr = TextStim(__class__=<class 'psychopy.visual.text.TextStim'>, alignHoriz=method-wrapper(...), alignText='center', alignVert=method-wrapper(...), anchorHoriz='center', anchorVert='center', antialias=True, autoDraw=False, autoLog=True, bold=False, color=array([-1, -1, -1]), colorSpace='rgb', contrast=1.0, depth=-2.0, flipHoriz=False, flipVert=False, font='Noto Sans KR', fontFiles=[], height=0.07, italic=False, languageStyle='LTR', name='wth_think_instr', opacity=1.0, ori=0.0, pos=array([0. , 0.2]), rgb=UNKNOWN, text='자유롭게 생각하세요.', units='height', win=Window(...), wrapWidth=1)
19.8491 	EXP 	Created wth_think_cross = ShapeStim(__class__=<class 'psychopy.visual.shape.ShapeStim'>, anchor=('center', 'center'), autoDraw=False, autoLog=True, closeShape=True, color=method-wrapper(...), colorSpace='rgb', contrast=None, depth=-3.0, fillColor=array([-1, -1, -1]), fillColorSpace='rgb', fillRGB=array([-1, -1, -1]), interpolate=True, lineColor=array([-1, -1, -1]), lineColorSpace='rgb', lineRGB=array([-1, -1, -1]), lineWidth=0.1, name='wth_think_cross', opacity=1.0, ori=0.0, pos=array([0., 0.]), size=array([0.07, 0.07]), units='height', vertices=ndarray(...), win=Window(...), windingRule=None)
20.4264 	EXP 	Created wth_background_2 = ImageStim(__class__=<class 'psychopy.visual.image.ImageStim'>, anchor=('center', 'center'), autoLog=True, color=array([1, 1, 1]), colorSpace='rgb', contrast=1.0, depth=0.0, flipHoriz=False, flipVert=False, image=str(...), interpolate=True, mask=None, maskParams=None, name='wth_background_2', opacity=1.0, ori=0.0, pos=array([0., 0.]), size=array([1920., 1080.]), texRes=128.0, units='pix', win=Window(...))
20.4448 	EXP 	Created wth_word_instr = TextStim(__class__=<class 'psychopy.visual.text.TextStim'>, alignHoriz=method-wrapper(...), alignText='center', alignVert=method-wrapper(...), anchorHoriz='center', anchorVert='center', antialias=True, autoDraw=False, autoLog=True, bold=False, color=array([-1, -1, -1]), colorSpace='rgb', contrast=1.0, depth=-1.0, flipHoriz=False, flipVert=False, font='Arial', fontFiles=[], height=0.07, italic=False, languageStyle='LTR', name='wth_word_instr', opacity=1.0, ori=0.0, pos=array([0.  , 0.25]), rgb=UNKNOWN, text='지금 무슨 생각을 하고 있는지\n단어나 구로 입력해주세요.', units='height', win=Window(...), wrapWidth=1)
21.0947 	EXP 	Created wth_background_3 = ImageStim(__class__=<class 'psychopy.visual.image.ImageStim'>, anchor=('center', 'center'), autoLog=True, color=array([1, 1, 1]), colorSpace='rgb', contrast=1.0, depth=0.0, flipHoriz=False, flipVert=False, image=str(...), interpolate=True, mask=None, maskParams=None, name='wth_background_3', opacity=1.0, ori=0.0, pos=array([0., 0.]), size=array([1920., 1080.]), texRes=128.0, units='pix', win=Window(...))
21.0960 	EXP 	Created wth_word_typed = TextStim(__class__=<class 'psychopy.visual.text.TextStim'>, alignHoriz=method-wrapper(...), alignText='center', alignVert=method-wrapper(...), anchorHoriz='center', anchorVert='center', antialias=True, autoDraw=False, autoLog=True, bold=False, color=array([-1, -1, -1]), colorSpace='rgb', contrast=1.0, depth=-1.0, flipHoriz=False, flipVert=False, font='Noto Sans KR', fontFiles=[], height=0.1, italic=False, languageStyle='LTR', name='wth_word_typed', opacity=1.0, ori=0.0, pos=array([0. , 0.2]), rgb=UNKNOWN, text='', units='height', win=Window(...), wrapWidth=1)
21.0975 	EXP 	window1: mouseVisible = True
21.1427 	EXP 	Created wth_valence_rating = Slider(__class__=<class 'psychopy.visual.slider.Slider'>, autoDraw=False, autoLog=True, borderColor=None, color=None, colorSpace='rgb', depth=-2, fillColor=None, flip=False, font='Noto Sans KR', granularity=0.0, labelColor=None, labelHeight=0.03, labelWrapWidth=None, labels=('부정', '중립', '긍정'), lineColor=None, markerColor=None, name='wth_valence_rating', opacity=None, ori=0.0, pos=array([-0.5, -0.1]), readOnly=False, self=UNKNOWN, size=array([0.45, 0.05]), startValue=None, style='rating', styleTweaks=[], ticks=array([-1,  0,  1]), units='height', win=Window(...))
21.1507 	EXP 	Created wth_valence_txt = TextStim(__class__=<class 'psychopy.visual.text.TextStim'>, alignHoriz=method-wrapper(...), alignText='center', alignVert=method-wrapper(...), anchorHoriz='center', anchorVert='center', antialias=True, autoDraw=False, autoLog=True, bold=False, color=array([-1, -1, -1]), colorSpace='rgb', contrast=1.0, depth=-3.0, flipHoriz=False, flipVert=False, font='Noto Sans KR', fontFiles=[], height=0.04, italic=False, languageStyle='LTR', name='wth_valence_txt', opacity=1.0, ori=0.0, pos=array([-0.5 , -0.02]), rgb=UNKNOWN, text='단어에서 느껴지는 감정', units='height', win=Window(...), wrapWidth=1)
21.1573 	EXP 	Created wth_self_txt = TextStim(__class__=<class 'psychopy.visual.text.TextStim'>, alignHoriz=method-wrapper(...), alignText='center', alignVert=method-wrapper(...), anchorHoriz='center', anchorVert='center', antialias=True, autoDraw=False, autoLog=True, bold=False, color=array([-1, -1, -1]), colorSpace='rgb', contrast=1.0, depth=-4.0, flipHoriz=False, flipVert=False, font='Noto Sans KR', fontFiles=[], height=0.04, italic=False, languageStyle='LTR', name='wth_self_txt', opacity=1.0, ori=0.0, pos=array([ 0.5 , -0.02]), rgb=UNKNOWN, text='단어가 자신과 관련이 있는 정도', units='height', win=Window(...), wrapWidth=1)
21.1587 	EXP 	window1: mouseVisible = True
21.1794 	EXP 	Created wth_self_rating = Slider(__class__=<class 'psychopy.visual.slider.Slider'>, autoDraw=False, autoLog=True, borderColor=None, color=None, colorSpace='rgb', depth=-5, fillColor=None, flip=False, font='Noto Sans KR', granularity=0.0, labelColor=None, labelHeight=0.03, labelWrapWidth=None, labels=('전혀 나와 관련 없음', '나와 관련 매우 많음'), lineColor=None, markerColor=None, name='wth_self_rating', opacity=None, ori=0.0, pos=array([ 0.5, -0.1]), readOnly=False, self=UNKNOWN, size=array([0.45, 0.05]), startValue=None, style='rating', styleTweaks=[], ticks=array([0, 1]), units='height', win=Window(...))
21.1835 	EXP 	window1: mouseVisible = True
21.2157 	EXP 	Created exp_end_text = TextStim(__class__=<class 'psychopy.visual.text.TextStim'>, alignHoriz=method-wrapper(...), alignText='center', alignVert=method-wrapper(...), anchorHoriz='center', anchorVert='center', antialias=True, autoDraw=False, autoLog=True, bold=False, color=array([-1, -1, -1]), colorSpace='rgb', contrast=1.0, depth=0.0, flipHoriz=False, flipVert=False, font='Noto Sans KR', fontFiles=[], height=0.07, italic=False, languageStyle='LTR', name='exp_end_text', opacity=1.0, ori=0.0, pos=array([0., 0.]), rgb=UNKNOWN, text=str(...), units='height', win=Window(...), wrapWidth=1)
21.2444 	EXP 	wth_movie: autoLog = True
21.2444 	EXP 	wth_movie: movie = 'ins/weather_intro.mp4'
21.2444 	EXP 	wth_movie: ori = 0.0
21.2444 	EXP 	wth_valence_rating_2: autoLog = True
21.2444 	EXP 	wth_valence_rating_2: markerPos = None
21.2444 	EXP 	wth_valence_rating_2: styleTweaks = []
21.2444 	EXP 	wth_valence_rating_2: styleTweaks = []
21.2444 	EXP 	wth_valence_rating_2: styleTweaks = []
21.2444 	EXP 	wth_valence_rating_2: styleTweaks = []
21.2444 	EXP 	wth_valence_rating_2: contrast = 1.0
21.2444 	EXP 	wth_valence_rating_2: autoLog = True
21.2444 	EXP 	wth_self_rating_2: autoLog = True
21.2444 	EXP 	wth_self_rating_2: markerPos = None
21.2444 	EXP 	wth_self_rating_2: styleTweaks = []
21.2444 	EXP 	wth_self_rating_2: styleTweaks = []
21.2444 	EXP 	wth_self_rating_2: styleTweaks = []
21.2444 	EXP 	wth_self_rating_2: styleTweaks = []
21.2444 	EXP 	wth_self_rating_2: contrast = 1.0
21.2444 	EXP 	wth_self_rating_2: autoLog = True
21.2444 	EXP 	wth_valence_rating: autoLog = True
21.2444 	EXP 	wth_valence_rating: markerPos = None
21.2444 	EXP 	wth_valence_rating: styleTweaks = []
21.2444 	EXP 	wth_valence_rating: styleTweaks = []
21.2444 	EXP 	wth_valence_rating: styleTweaks = []
21.2444 	EXP 	wth_valence_rating: styleTweaks = []
21.2444 	EXP 	wth_valence_rating: contrast = 1.0
21.2444 	EXP 	wth_valence_rating: autoLog = True
21.2444 	EXP 	wth_self_rating: autoLog = True
21.2444 	EXP 	wth_self_rating: markerPos = None
21.2444 	EXP 	wth_self_rating: styleTweaks = []
21.2444 	EXP 	wth_self_rating: styleTweaks = []
21.2444 	EXP 	wth_self_rating: styleTweaks = []
21.2444 	EXP 	wth_self_rating: styleTweaks = []
21.2444 	EXP 	wth_self_rating: contrast = 1.0
21.2444 	EXP 	wth_self_rating: autoLog = True
21.2444 	EXP 	wth_inst_image: autoDraw = True
24.6289 	EXP 	Created sequence: random, trialTypes=1, nReps=1, seed=None
24.6291 	EXP 	New trial (rep=0, index=0): None
24.6301 	DATA 	Keypress: space
24.6432 	EXP 	wth_inst_image: autoDraw = False
26.6442 	EXP 	wth_movie: autoDraw = True
26.6442 	EXP 	text: autoDraw = True
28.4959 	EXP 	Created sequence: sequential, trialTypes=1, nReps=99, seed=None
28.4963 	EXP 	New trial (rep=0, index=0): None
28.5554 	DATA 	Keypress: space
28.5768 	EXP 	wth_movie: autoDraw = False
28.5768 	EXP 	text: autoDraw = False
28.5768 	EXP 	wth_background_inst: autoDraw = True
29.4943 	EXP 	wth_text: autoDraw = True
31.4945 	EXP 	wth_text: autoDraw = False
33.6093 	EXP 	wth_background_inst: autoDraw = False
33.6093 	EXP 	wth_background_inst: autoDraw = False
33.6093 	EXP 	wth_text: autoDraw = False
33.6093 	EXP 	wth_background_6: autoDraw = True
33.6093 	EXP 	wth_think_instr_2: autoDraw = True
33.6093 	EXP 	wth_think_cross_2: autoDraw = True
38.5943 	EXP 	window1: mouseVisible = True
38.6418 	EXP 	wth_background_6: autoDraw = False
38.6418 	EXP 	wth_think_instr_2: autoDraw = False
38.6418 	EXP 	wth_think_cross_2: autoDraw = False
38.6418 	EXP 	wth_background_6: autoDraw = False
38.6418 	EXP 	wth_think_instr_2: autoDraw = False
38.6418 	EXP 	wth_think_cross_2: autoDraw = False
38.6418 	EXP 	image_2: autoDraw = True
38.6418 	EXP 	wth_word_instr_4: autoDraw = True
48.1056 	EXP 	image_2: autoDraw = False
48.1056 	EXP 	wth_word_instr_4: autoDraw = False
48.1056 	EXP 	wth_word_typed_2: height = 0.07
48.1056 	EXP 	wth_word_typed_2: height = 0.07
48.1056 	EXP 	wth_word_typed_2: height = 0.07
48.1056 	EXP 	wth_word_typed_2: text = 'ljk;lkdf'
48.1056 	EXP 	wth_valence_rating_2: markerPos = None
48.1056 	EXP 	wth_valence_rating_2: markerPos = None
48.1056 	EXP 	wth_self_rating_2: markerPos = None
48.1056 	EXP 	wth_self_rating_2: markerPos = None
48.1056 	EXP 	wth_background_7: autoDraw = True
48.1056 	EXP 	wth_word_typed_2: autoDraw = True
48.1056 	EXP 	wth_valence_rating_2: autoDraw = True
48.1056 	EXP 	wth_valence_txt_2: autoDraw = True
48.1056 	EXP 	wth_self_txt_2: autoDraw = True
48.1056 	EXP 	wth_self_rating_2: autoDraw = True
49.4135 	DATA 	Mouse: Left button down, pos=(557,459)
49.4403 	EXP 	wth_valence_rating_2: markerPos = 0.5637860082304527
49.4569 	EXP 	wth_valence_rating_2: markerPos = 0.5637860082304527
49.4736 	EXP 	wth_valence_rating_2: markerPos = 0.5637860082304527
49.4905 	EXP 	wth_valence_rating_2: markerPos = 0.5637860082304527
49.5068 	EXP 	wth_valence_rating_2: markerPos = 0.5637860082304527
49.5156 	DATA 	Mouse:  Left button up, pos=(557,459)
49.5235 	EXP 	wth_valence_rating_2: markerPos = 0.5637860082304527
49.5399 	EXP 	wth_valence_rating_2: markerPos = 0.5637860082304527
50.0759 	DATA 	Mouse: Left button down, pos=(557,459)
50.0896 	EXP 	wth_valence_rating_2: markerPos = 0.5432098765432098
50.1064 	EXP 	wth_valence_rating_2: markerPos = 0.5637860082304527
50.1230 	EXP 	wth_valence_rating_2: markerPos = 0.5637860082304527
50.1399 	EXP 	wth_valence_rating_2: markerPos = 0.5637860082304527
50.1569 	EXP 	wth_valence_rating_2: markerPos = 0.5637860082304527
50.1731 	EXP 	wth_valence_rating_2: markerPos = 0.5637860082304527
50.1900 	EXP 	wth_valence_rating_2: markerPos = 0.5637860082304527
50.2061 	EXP 	wth_valence_rating_2: markerPos = 0.5637860082304527
50.2078 	DATA 	Mouse:  Left button up, pos=(557,459)
50.2239 	EXP 	wth_valence_rating_2: markerPos = 0.5637860082304527
51.1582 	DATA 	Mouse: Left button down, pos=(1393,451)
51.1888 	EXP 	wth_self_rating_2: markerPos = 0.27983539094650206
51.2061 	EXP 	wth_self_rating_2: markerPos = 0.27983539094650206
51.2231 	EXP 	wth_self_rating_2: markerPos = 0.27983539094650206
51.2399 	EXP 	wth_self_rating_2: markerPos = 0.27983539094650206
51.2563 	EXP 	wth_self_rating_2: markerPos = 0.27983539094650206
51.2730 	EXP 	wth_self_rating_2: markerPos = 0.27983539094650206
51.2822 	DATA 	Mouse:  Left button up, pos=(1393,451)
51.2898 	EXP 	wth_self_rating_2: markerPos = 0.27983539094650206
51.3061 	EXP 	wth_self_rating_2: markerPos = 0.27983539094650206
52.1492 	DATA 	Mouse: Left button down, pos=(918,85)
52.1592 	EXP 	window1: mouseVisible = False
52.2068 	EXP 	wth_background_7: autoDraw = False
52.2068 	EXP 	wth_word_typed_2: autoDraw = False
52.2068 	EXP 	wth_valence_rating_2: autoDraw = False
52.2068 	EXP 	wth_valence_txt_2: autoDraw = False
52.2068 	EXP 	wth_self_txt_2: autoDraw = False
52.2068 	EXP 	wth_self_rating_2: autoDraw = False
52.2068 	EXP 	wth_image_2: autoDraw = True
52.2068 	EXP 	wth_text_4: autoDraw = True
52.2772 	DATA 	Mouse:  Left button up, pos=(918,85)
53.8711 	DATA 	Keypress: y
53.8909 	EXP 	wth_image_2: autoDraw = False
53.8909 	EXP 	wth_text_4: autoDraw = False
53.8909 	EXP 	wth_background_inst_2: autoDraw = True
53.8909 	EXP 	wth_text_2: autoDraw = True
65.9831 	DATA 	Keypress: space
66.0058 	EXP 	wth_background_inst_2: autoDraw = False
66.0058 	EXP 	wth_text_2: autoDraw = False
66.0058 	EXP 	image_3: autoDraw = True
66.9733 	EXP 	text_2: autoDraw = True
68.9727 	EXP 	text_2: autoDraw = False
69.9734 	EXP 	Created sequence: sequential, trialTypes=1, nReps=4, seed=None
69.9736 	EXP 	New trial (rep=0, index=0): None
70.0223 	EXP 	image_3: autoDraw = False
70.0223 	EXP 	text_2: autoDraw = False
70.0223 	EXP 	wth_background: autoDraw = True
72.9722 	EXP 	wth_think_instr: autoDraw = True
72.9722 	EXP 	wth_think_cross: autoDraw = True
77.9721 	EXP 	wth_think_instr: autoDraw = False
77.9721 	EXP 	wth_think_cross: autoDraw = False
78.0065 	EXP 	window1: mouseVisible = True
78.0693 	EXP 	wth_background: autoDraw = False
78.0693 	EXP 	wth_background: autoDraw = False
78.0693 	EXP 	wth_think_instr: autoDraw = False
78.0693 	EXP 	wth_think_cross: autoDraw = False
78.0693 	EXP 	wth_word_instr: font = 'Noto Sans KR'
78.0693 	EXP 	wth_background_2: autoDraw = True
78.0693 	EXP 	wth_word_instr: autoDraw = True
78.0693 	EXP 	wth_word_instr: height = 0.07
78.0693 	EXP 	wth_word_instr: height = 0.07
78.0693 	EXP 	wth_word_instr: height = 0.07
78.0693 	EXP 	wth_word_instr: text = '지금 무슨 생각을 하고 있는지\n단어나 구로 입력해주세요.'
84.5347 	EXP 	wth_background_2: autoDraw = False
84.5347 	EXP 	wth_word_instr: autoDraw = False
84.5347 	EXP 	wth_word_typed: height = 0.1
84.5347 	EXP 	wth_word_typed: height = 0.1
84.5347 	EXP 	wth_word_typed: height = 0.1
84.5347 	EXP 	wth_word_typed: text = ',mm'
84.5347 	EXP 	wth_valence_rating: markerPos = None
84.5347 	EXP 	wth_valence_rating: markerPos = None
84.5347 	EXP 	wth_self_rating: markerPos = None
84.5347 	EXP 	wth_self_rating: markerPos = None
84.5347 	EXP 	wth_background_3: autoDraw = True
84.5347 	EXP 	wth_word_typed: autoDraw = True
84.5347 	EXP 	wth_valence_rating: autoDraw = True
84.5347 	EXP 	wth_valence_txt: autoDraw = True
84.5347 	EXP 	wth_self_txt: autoDraw = True
84.5347 	EXP 	wth_self_rating: autoDraw = True
85.5474 	DATA 	Mouse: Left button down, pos=(533,420)
85.5856 	EXP 	wth_valence_rating: markerPos = 0.46502057613168724
85.6017 	EXP 	wth_valence_rating: markerPos = 0.46502057613168724
85.6191 	EXP 	wth_valence_rating: markerPos = 0.46502057613168724
85.6349 	EXP 	wth_valence_rating: markerPos = 0.46502057613168724
85.6519 	EXP 	wth_valence_rating: markerPos = 0.46502057613168724
85.6681 	EXP 	wth_valence_rating: markerPos = 0.46502057613168724
85.6851 	EXP 	wth_valence_rating: markerPos = 0.46502057613168724
85.7018 	EXP 	wth_valence_rating: markerPos = 0.46502057613168724
85.7036 	DATA 	Mouse:  Left button up, pos=(533,420)
85.7108 	DATA 	Mouse: Left button down, pos=(533,420)
85.7192 	EXP 	wth_valence_rating: markerPos = 0.46502057613168724
85.7506 	EXP 	wth_valence_rating: markerPos = 0.46502057613168724
85.7688 	EXP 	wth_valence_rating: markerPos = 0.46502057613168724
85.7851 	EXP 	wth_valence_rating: markerPos = 0.46502057613168724
85.8021 	EXP 	wth_valence_rating: markerPos = 0.5267489711934157
85.8183 	EXP 	wth_valence_rating: markerPos = 0.6213991769547325
85.8205 	DATA 	Mouse:  Left button up, pos=(595,421)
85.8351 	EXP 	wth_valence_rating: markerPos = 0.6213991769547325
86.6917 	DATA 	Mouse: Left button down, pos=(1293,430)
86.7020 	EXP 	wth_self_rating: markerPos = 0.07407407407407407
86.7183 	EXP 	wth_self_rating: markerPos = 0.07407407407407407
86.7353 	EXP 	wth_self_rating: markerPos = 0.07407407407407407
86.7518 	EXP 	wth_self_rating: markerPos = 0.07407407407407407
86.7689 	EXP 	wth_self_rating: markerPos = 0.07407407407407407
86.7861 	EXP 	wth_self_rating: markerPos = 0.07407407407407407
86.8017 	EXP 	wth_self_rating: markerPos = 0.07407407407407407
86.8185 	EXP 	wth_self_rating: markerPos = 0.07407407407407407
86.8246 	DATA 	Mouse:  Left button up, pos=(1293,430)
86.8353 	EXP 	wth_self_rating: markerPos = 0.07407407407407407
87.5536 	DATA 	Mouse: Left button down, pos=(959,79)
87.5554 	EXP 	window1: mouseVisible = False
87.5555 	EXP 	New trial (rep=1, index=0): None
87.5707 	EXP 	wth_background_3: autoDraw = False
87.5707 	EXP 	wth_word_typed: autoDraw = False
87.5707 	EXP 	wth_valence_rating: autoDraw = False
87.5707 	EXP 	wth_valence_txt: autoDraw = False
87.5707 	EXP 	wth_self_txt: autoDraw = False
87.5707 	EXP 	wth_self_rating: autoDraw = False
87.5707 	EXP 	wth_background: autoDraw = True
87.6549 	DATA 	Mouse:  Left button up, pos=(959,79)
90.5706 	EXP 	wth_think_instr: autoDraw = True
90.5706 	EXP 	wth_think_cross: autoDraw = True
95.5711 	EXP 	window1: mouseVisible = True
95.5861 	EXP 	wth_background: autoDraw = False
95.5861 	EXP 	wth_think_instr: autoDraw = False
95.5861 	EXP 	wth_think_cross: autoDraw = False
95.5861 	EXP 	wth_background: autoDraw = False
95.5861 	EXP 	wth_think_instr: autoDraw = False
95.5861 	EXP 	wth_think_cross: autoDraw = False
95.5861 	EXP 	wth_word_instr: font = 'Noto Sans KR'
95.5861 	EXP 	wth_background_2: autoDraw = True
95.5861 	EXP 	wth_word_instr: autoDraw = True
95.5861 	EXP 	wth_word_instr: height = 0.07
95.5861 	EXP 	wth_word_instr: height = 0.07
95.5861 	EXP 	wth_word_instr: height = 0.07
95.5861 	EXP 	wth_word_instr: text = '지금 무슨 생각을 하고 있는지\n단어나 구로 입력해주세요.'
99.1663 	EXP 	wth_background_2: autoDraw = False
99.1663 	EXP 	wth_word_instr: autoDraw = False
99.1663 	EXP 	wth_word_typed: height = 0.1
99.1663 	EXP 	wth_word_typed: height = 0.1
99.1663 	EXP 	wth_word_typed: height = 0.1
99.1663 	EXP 	wth_word_typed: text = 'ddfasdf'
99.1663 	EXP 	wth_valence_rating: markerPos = None
99.1663 	EXP 	wth_valence_rating: markerPos = None
99.1663 	EXP 	wth_self_rating: markerPos = None
99.1663 	EXP 	wth_self_rating: markerPos = None
99.1663 	EXP 	wth_background_3: autoDraw = True
99.1663 	EXP 	wth_word_typed: autoDraw = True
99.1663 	EXP 	wth_valence_rating: autoDraw = True
99.1663 	EXP 	wth_valence_txt: autoDraw = True
99.1663 	EXP 	wth_self_txt: autoDraw = True
99.1663 	EXP 	wth_self_rating: autoDraw = True
99.8855 	DATA 	Mouse: Left button down, pos=(527,463)
99.9850 	DATA 	Mouse:  Left button up, pos=(527,463)
100.3066 	DATA 	Mouse: Left button down, pos=(607,432)
100.3331 	EXP 	wth_valence_rating: markerPos = 0.7695473251028808
100.3496 	EXP 	wth_valence_rating: markerPos = 0.7695473251028808
100.3666 	EXP 	wth_valence_rating: markerPos = 0.7695473251028808
100.3833 	EXP 	wth_valence_rating: markerPos = 0.7695473251028808
100.3999 	EXP 	wth_valence_rating: markerPos = 0.7695473251028808
100.4170 	EXP 	wth_valence_rating: markerPos = 0.7695473251028808
100.4331 	EXP 	wth_valence_rating: markerPos = 0.7695473251028808
100.4502 	EXP 	wth_valence_rating: markerPos = 0.7695473251028808
100.4665 	EXP 	wth_valence_rating: markerPos = 0.7695473251028808
100.4832 	EXP 	wth_valence_rating: markerPos = 0.7695473251028808
100.4851 	DATA 	Mouse:  Left button up, pos=(607,432)
100.5157 	EXP 	wth_valence_rating: markerPos = 0.7695473251028808
101.1342 	DATA 	Mouse: Left button down, pos=(1490,425)
101.1501 	EXP 	wth_self_rating: markerPos = 0.4794238683127572
101.1664 	EXP 	wth_self_rating: markerPos = 0.4794238683127572
101.1829 	EXP 	wth_self_rating: markerPos = 0.4794238683127572
101.1997 	EXP 	wth_self_rating: markerPos = 0.4794238683127572
101.2164 	EXP 	wth_self_rating: markerPos = 0.4794238683127572
101.2329 	EXP 	wth_self_rating: markerPos = 0.4794238683127572
101.2505 	EXP 	wth_self_rating: markerPos = 0.4794238683127572
101.2820 	EXP 	wth_self_rating: markerPos = 0.4794238683127572
101.3152 	EXP 	wth_self_rating: markerPos = 0.4794238683127572
101.3169 	DATA 	Mouse:  Left button up, pos=(1490,425)
101.3340 	EXP 	wth_self_rating: markerPos = 0.4794238683127572
102.5742 	DATA 	Mouse: Left button down, pos=(885,103)
102.5855 	EXP 	window1: mouseVisible = False
102.5856 	EXP 	New trial (rep=2, index=0): None
102.6016 	EXP 	wth_background_3: autoDraw = False
102.6016 	EXP 	wth_word_typed: autoDraw = False
102.6016 	EXP 	wth_valence_rating: autoDraw = False
102.6016 	EXP 	wth_valence_txt: autoDraw = False
102.6016 	EXP 	wth_self_txt: autoDraw = False
102.6016 	EXP 	wth_self_rating: autoDraw = False
102.6016 	EXP 	wth_background: autoDraw = True
102.6690 	DATA 	Mouse:  Left button up, pos=(885,103)
105.6013 	EXP 	wth_think_instr: autoDraw = True
105.6013 	EXP 	wth_think_cross: autoDraw = True
110.5852 	EXP 	window1: mouseVisible = True
110.6008 	EXP 	wth_background: autoDraw = False
110.6008 	EXP 	wth_think_instr: autoDraw = False
110.6008 	EXP 	wth_think_cross: autoDraw = False
110.6008 	EXP 	wth_background: autoDraw = False
110.6008 	EXP 	wth_think_instr: autoDraw = False
110.6008 	EXP 	wth_think_cross: autoDraw = False
110.6008 	EXP 	wth_word_instr: font = 'Noto Sans KR'
110.6008 	EXP 	wth_background_2: autoDraw = True
110.6008 	EXP 	wth_word_instr: autoDraw = True
110.6008 	EXP 	wth_word_instr: height = 0.07
110.6008 	EXP 	wth_word_instr: height = 0.07
110.6008 	EXP 	wth_word_instr: height = 0.07
110.6008 	EXP 	wth_word_instr: text = '지금 무슨 생각을 하고 있는지\n단어나 구로 입력해주세요.'
114.3639 	EXP 	wth_background_2: autoDraw = False
114.3639 	EXP 	wth_word_instr: autoDraw = False
114.3639 	EXP 	wth_word_typed: height = 0.1
114.3639 	EXP 	wth_word_typed: height = 0.1
114.3639 	EXP 	wth_word_typed: height = 0.1
114.3639 	EXP 	wth_word_typed: text = 'fqwer'
114.3639 	EXP 	wth_valence_rating: markerPos = None
114.3639 	EXP 	wth_valence_rating: markerPos = None
114.3639 	EXP 	wth_self_rating: markerPos = None
114.3639 	EXP 	wth_self_rating: markerPos = None
114.3639 	EXP 	wth_background_3: autoDraw = True
114.3639 	EXP 	wth_word_typed: autoDraw = True
114.3639 	EXP 	wth_valence_rating: autoDraw = True
114.3639 	EXP 	wth_valence_txt: autoDraw = True
114.3639 	EXP 	wth_self_txt: autoDraw = True
114.3639 	EXP 	wth_self_rating: autoDraw = True
115.2234 	DATA 	Mouse: Left button down, pos=(586,433)
115.2483 	EXP 	wth_valence_rating: markerPos = 0.6831275720164611
115.2652 	EXP 	wth_valence_rating: markerPos = 0.6831275720164611
115.2815 	EXP 	wth_valence_rating: markerPos = 0.6831275720164611
115.2984 	EXP 	wth_valence_rating: markerPos = 0.6831275720164611
115.3156 	EXP 	wth_valence_rating: markerPos = 0.6831275720164611
115.3310 	EXP 	wth_valence_rating: markerPos = 0.6831275720164611
115.3479 	EXP 	wth_valence_rating: markerPos = 0.6831275720164611
115.3543 	DATA 	Mouse:  Left button up, pos=(586,433)
115.3648 	EXP 	wth_valence_rating: markerPos = 0.6831275720164611
115.3818 	EXP 	wth_valence_rating: markerPos = 0.6831275720164611
116.0834 	DATA 	Mouse: Left button down, pos=(1469,445)
116.0981 	EXP 	wth_self_rating: markerPos = 0.4362139917695472
116.1154 	EXP 	wth_self_rating: markerPos = 0.4362139917695472
116.1467 	EXP 	wth_self_rating: markerPos = 0.4362139917695472
116.1644 	EXP 	wth_self_rating: markerPos = 0.4362139917695472
116.1814 	EXP 	wth_self_rating: markerPos = 0.4362139917695472
116.1975 	EXP 	wth_self_rating: markerPos = 0.4362139917695472
116.1993 	DATA 	Mouse:  Left button up, pos=(1469,445)
116.2144 	EXP 	wth_self_rating: markerPos = 0.4362139917695472
116.9154 	DATA 	Mouse: Left button down, pos=(972,103)
116.9172 	EXP 	window1: mouseVisible = False
116.9173 	EXP 	New trial (rep=3, index=0): None
116.9328 	EXP 	wth_background_3: autoDraw = False
116.9328 	EXP 	wth_word_typed: autoDraw = False
116.9328 	EXP 	wth_valence_rating: autoDraw = False
116.9328 	EXP 	wth_valence_txt: autoDraw = False
116.9328 	EXP 	wth_self_txt: autoDraw = False
116.9328 	EXP 	wth_self_rating: autoDraw = False
116.9328 	EXP 	wth_background: autoDraw = True
117.0173 	DATA 	Mouse:  Left button up, pos=(972,103)
119.9330 	EXP 	wth_think_instr: autoDraw = True
119.9330 	EXP 	wth_think_cross: autoDraw = True
124.9298 	EXP 	wth_background: autoDraw = False
124.9312 	EXP 	window1: mouseVisible = True
124.9487 	EXP 	wth_think_instr: autoDraw = False
124.9487 	EXP 	wth_think_cross: autoDraw = False
124.9487 	EXP 	wth_background: autoDraw = False
124.9487 	EXP 	wth_think_instr: autoDraw = False
124.9487 	EXP 	wth_think_cross: autoDraw = False
124.9487 	EXP 	wth_word_instr: font = 'Noto Sans KR'
124.9487 	EXP 	wth_background_2: autoDraw = True
124.9487 	EXP 	wth_word_instr: autoDraw = True
124.9487 	EXP 	wth_word_instr: height = 0.07
124.9487 	EXP 	wth_word_instr: height = 0.07
124.9487 	EXP 	wth_word_instr: height = 0.07
124.9487 	EXP 	wth_word_instr: text = '지금 무슨 생각을 하고 있는지\n단어나 구로 입력해주세요.'
3671.2833 	EXP 	wth_background_2: autoDraw = False
3671.2833 	EXP 	wth_word_instr: autoDraw = False
3671.2833 	EXP 	wth_word_typed: height = 0.1
3671.2833 	EXP 	wth_word_typed: height = 0.1
3671.2833 	EXP 	wth_word_typed: height = 0.1
3671.2833 	EXP 	wth_word_typed: text = 'v '
3671.2833 	EXP 	wth_valence_rating: markerPos = None
3671.2833 	EXP 	wth_valence_rating: markerPos = None
3671.2833 	EXP 	wth_self_rating: markerPos = None
3671.2833 	EXP 	wth_self_rating: markerPos = None
3671.2833 	EXP 	wth_background_3: autoDraw = True
3671.2833 	EXP 	wth_word_typed: autoDraw = True
3671.2833 	EXP 	wth_valence_rating: autoDraw = True
3671.2833 	EXP 	wth_valence_txt: autoDraw = True
3671.2833 	EXP 	wth_self_txt: autoDraw = True
3671.2833 	EXP 	wth_self_rating: autoDraw = True
4142.6095 	DATA 	Keypress: tab
4144.1710 	DATA 	Keypress: escape
4144.7161 	EXP 	window1: mouseVisible = True
