2.2873 	WARNING 	We strongly recommend you activate the PTB sound engine in PsychoPy prefs as the preferred audio engine. Its timing is vastly superior. Your prefs are currently set to use ['sounddevice', 'PTB', 'pyo', 'pygame'] (in that order).
8.0089 	EXP 	Created window1 = Window(allowGUI=True, allowStencil=False, autoLog=True, backendConf=UNKNOWN, bitsMode=UNKNOWN, blendMode='avg', bpc=(8, 8, 8), color=array([0.0039, 0.0039, 0.0039]), colorSpace='rgb', depthBits=8, fullscr=<method-wrapper '__getattribute__' of attributeSetter object at 0x0000025F5B953E50>, gamma=None, gammaErrorPolicy='raise', lms=UNKNOWN, monitor=<psychopy.monitors.calibTools.Monitor object at 0x0000025F5CC63430>, multiSample=False, name='window1', numSamples=2, pos=(0, 0), screen=0, size=array([1920, 1080]), stencilBits=0, stereo=False, units='height', useFBO=True, useRetina=False, viewOri=0.0, viewPos=None, viewScale=None, waitBlanking=True, winType='pyglet')
8.0090 	EXP 	window1: mouseVisible = True
8.0090 	EXP 	window1: mouseVisible = True
8.0090 	EXP 	window1: Attempting to measure frame rate of screen (0) ...
8.0090 	EXP 	window1: recordFrameIntervals = False
8.1747 	EXP 	window1: recordFrameIntervals = True
8.3590 	EXP 	Screen (0) actual frame rate measured at 59.78Hz
8.3591 	EXP 	window1: recordFrameIntervals = False
8.3865 	WARNING 	launchHubServer: If using the iohub mouse or eyetracker devices, fullScr should be True.
9.9594 	EXP 	window1: mouseVisible = False
10.0308 	EXP 	Created wth_inst_image = ImageStim(__class__=<class 'psychopy.visual.image.ImageStim'>, anchor=('center', 'center'), autoLog=True, color=array([1, 1, 1]), colorSpace='rgb', contrast=1.0, depth=0.0, flipHoriz=False, flipVert=False, image='fis_artwork/general_instruction.png', interpolate=True, mask=None, maskParams=None, name='wth_inst_image', opacity=1.0, ori=0.0, pos=array([0., 0.]), size=array([1920., 1080.]), texRes=128.0, units='pix', win=Window(...))
10.1619 	EXP 	Created wth_movie = MovieStim3(__class__=<class 'psychopy.visual.movie3.MovieStim3'>, anchor=('center', 'center'), autoLog=True, color=UNKNOWN, colorSpace=UNKNOWN, depth=0.0, filename='ins/weather_intro.mp4', flipHoriz=False, flipVert=False, fps=UNKNOWN, interpolate=True, loop=False, name='wth_movie', noAudio=False, opacity=1, ori=method-wrapper(...), pos=array([0., 0.]), size=None, units='pix', vframe_callback=UNKNOWN, volume=UNKNOWN, win=Window(...))
12.3330 	WARNING 	2.1710783999988053: Video catchup needed, advancing self._nextFrameT from 0.0 to 0.041666666666666664
12.3331 	WARNING 	2.171102799999062: Video catchup needed, advancing self._nextFrameT from 0.041666666666666664 to 0.08333333333333333
12.3331 	WARNING 	2.171112899999571: Video catchup needed, advancing self._nextFrameT from 0.08333333333333333 to 0.125
12.3331 	WARNING 	2.171121999999741: Video catchup needed, advancing self._nextFrameT from 0.125 to 0.16666666666666666
12.3331 	WARNING 	2.171131199997035: Video catchup needed, advancing self._nextFrameT from 0.16666666666666666 to 0.20833333333333331
12.3331 	WARNING 	2.1711403999979666: Video catchup needed, advancing self._nextFrameT from 0.20833333333333331 to 0.24999999999999997
12.3331 	WARNING 	2.171149300000252: Video catchup needed, advancing self._nextFrameT from 0.24999999999999997 to 0.29166666666666663
12.3331 	WARNING 	2.171158299999661: Video catchup needed, advancing self._nextFrameT from 0.29166666666666663 to 0.3333333333333333
12.3331 	WARNING 	2.171170699999493: Video catchup needed, advancing self._nextFrameT from 0.3333333333333333 to 0.375
12.3331 	WARNING 	2.171179499997379: Video catchup needed, advancing self._nextFrameT from 0.375 to 0.4166666666666667
12.3331 	WARNING 	Max reportNDroppedFrames reached, will not log any more dropped frames
12.5629 	EXP 	Created text = TextStim(__class__=<class 'psychopy.visual.text.TextStim'>, alignHoriz=method-wrapper(...), alignText='center', alignVert=method-wrapper(...), anchorHoriz='center', anchorVert='center', antialias=True, autoDraw=False, autoLog=True, bold=False, color=array([-1, -1, -1]), colorSpace='rgb', contrast=1.0, depth=-1.0, flipHoriz=False, flipVert=False, font='Noto Sans KR', fontFiles=[], height=0.05, italic=False, languageStyle='LTR', name='text', opacity=1.0, ori=0.0, pos=array([ 0. , -0.4]), rgb=UNKNOWN, text='스페이스로 넘어가세요', units='height', win=Window(...), wrapWidth=1)
13.1256 	EXP 	Created wth_background_inst = ImageStim(__class__=<class 'psychopy.visual.image.ImageStim'>, anchor=('center', 'center'), autoLog=True, color=array([1, 1, 1]), colorSpace='rgb', contrast=1.0, depth=0.0, flipHoriz=False, flipVert=False, image=str(...), interpolate=True, mask=None, maskParams=None, name='wth_background_inst', opacity=1.0, ori=0.0, pos=array([0., 0.]), size=array([1920., 1080.]), texRes=128.0, units='pix', win=Window(...))
13.1454 	EXP 	Created wth_text = TextStim(__class__=<class 'psychopy.visual.text.TextStim'>, alignHoriz=method-wrapper(...), alignText='center', alignVert=method-wrapper(...), anchorHoriz='center', anchorVert='center', antialias=True, autoDraw=False, autoLog=True, bold=False, color=array([-1, -1, -1]), colorSpace='rgb', contrast=1.0, depth=-1.0, flipHoriz=False, flipVert=False, font='Noto Sans KR', fontFiles=[], height=0.07, italic=False, languageStyle='LTR', name='wth_text', opacity=1.0, ori=0.0, pos=array([0., 0.]), rgb=UNKNOWN, text='단어연상 연습이 시작됩니다.', units='height', win=Window(...), wrapWidth=1)
13.7553 	EXP 	Created wth_background_6 = ImageStim(__class__=<class 'psychopy.visual.image.ImageStim'>, anchor=('center', 'center'), autoLog=True, color=array([1, 1, 1]), colorSpace='rgb', contrast=1.0, depth=0.0, flipHoriz=False, flipVert=False, image=str(...), interpolate=True, mask=None, maskParams=None, name='wth_background_6', opacity=1.0, ori=0.0, pos=array([0., 0.]), size=array([1920., 1080.]), texRes=128.0, units='pix', win=Window(...))
13.7656 	EXP 	Created wth_think_instr_2 = TextStim(__class__=<class 'psychopy.visual.text.TextStim'>, alignHoriz=method-wrapper(...), alignText='center', alignVert=method-wrapper(...), anchorHoriz='center', anchorVert='center', antialias=True, autoDraw=False, autoLog=True, bold=False, color=array([-1, -1, -1]), colorSpace='rgb', contrast=1.0, depth=-2.0, flipHoriz=False, flipVert=False, font='Noto Sans KR', fontFiles=[], height=0.07, italic=False, languageStyle='LTR', name='wth_think_instr_2', opacity=1.0, ori=0.0, pos=array([0. , 0.3]), rgb=UNKNOWN, text='자유롭게 생각하세요.', units='height', win=Window(...), wrapWidth=1)
13.7730 	EXP 	Created wth_think_cross_2 = ShapeStim(__class__=<class 'psychopy.visual.shape.ShapeStim'>, anchor=('center', 'center'), autoDraw=False, autoLog=True, closeShape=True, color=method-wrapper(...), colorSpace='rgb', contrast=None, depth=-3.0, fillColor=array([-1, -1, -1]), fillColorSpace='rgb', fillRGB=array([-1, -1, -1]), interpolate=True, lineColor=array([-1, -1, -1]), lineColorSpace='rgb', lineRGB=array([-1, -1, -1]), lineWidth=0.1, name='wth_think_cross_2', opacity=1.0, ori=0.0, pos=array([0., 0.]), size=array([0.07, 0.07]), units='height', vertices=ndarray(...), win=Window(...), windingRule=None)
14.3836 	EXP 	Created image_2 = ImageStim(__class__=<class 'psychopy.visual.image.ImageStim'>, anchor=('center', 'center'), autoLog=True, color=array([1, 1, 1]), colorSpace='rgb', contrast=1.0, depth=0.0, flipHoriz=False, flipVert=False, image=str(...), interpolate=True, mask=None, maskParams=None, name='image_2', opacity=1.0, ori=0.0, pos=array([0., 0.]), size=array([1920., 1080.]), texRes=128.0, units='pix', win=Window(...))
14.4053 	EXP 	Created wth_word_instr_4 = TextStim(__class__=<class 'psychopy.visual.text.TextStim'>, alignHoriz=method-wrapper(...), alignText='center', alignVert=method-wrapper(...), anchorHoriz='center', anchorVert='center', antialias=True, autoDraw=False, autoLog=True, bold=False, color=array([-1, -1, -1]), colorSpace='rgb', contrast=1.0, depth=-1.0, flipHoriz=False, flipVert=False, font='Noto Sans KR', fontFiles=[], height=0.07, italic=False, languageStyle='LTR', name='wth_word_instr_4', opacity=1.0, ori=0.0, pos=array([0.  , 0.25]), rgb=UNKNOWN, text='지금 무슨 생각을 하고 있는지\n단어나 구로 입력해주세요.', units='height', win=Window(...), wrapWidth=1)
14.9824 	EXP 	Created wth_background_7 = ImageStim(__class__=<class 'psychopy.visual.image.ImageStim'>, anchor=('center', 'center'), autoLog=True, color=array([1, 1, 1]), colorSpace='rgb', contrast=1.0, depth=0.0, flipHoriz=False, flipVert=False, image=str(...), interpolate=True, mask=None, maskParams=None, name='wth_background_7', opacity=1.0, ori=0.0, pos=array([0., 0.]), size=array([1920., 1080.]), texRes=128.0, units='pix', win=Window(...))
14.9832 	EXP 	Created wth_word_typed_2 = TextStim(__class__=<class 'psychopy.visual.text.TextStim'>, alignHoriz=method-wrapper(...), alignText='center', alignVert=method-wrapper(...), anchorHoriz='center', anchorVert='center', antialias=True, autoDraw=False, autoLog=True, bold=False, color=array([-1, -1, -1]), colorSpace='rgb', contrast=1.0, depth=-1.0, flipHoriz=False, flipVert=False, font='Noto Sans KR', fontFiles=[], height=0.07, italic=False, languageStyle='LTR', name='wth_word_typed_2', opacity=1.0, ori=0.0, pos=array([0. , 0.2]), rgb=UNKNOWN, text='', units='height', win=Window(...), wrapWidth=1)
14.9873 	EXP 	window1: mouseVisible = True
15.0424 	EXP 	Created wth_valence_rating_2 = Slider(__class__=<class 'psychopy.visual.slider.Slider'>, autoDraw=False, autoLog=True, borderColor=None, color=None, colorSpace='rgb', depth=-2, fillColor=None, flip=False, font='Noto Sans KR', granularity=0.0, labelColor=None, labelHeight=0.03, labelWrapWidth=None, labels=('부정', '중립', '긍정'), lineColor=None, markerColor=None, name='wth_valence_rating_2', opacity=None, ori=0.0, pos=array([-0.5, -0.1]), readOnly=False, self=UNKNOWN, size=array([0.45, 0.05]), startValue=None, style='rating', styleTweaks=[], ticks=array([-1,  0,  1]), units='height', win=Window(...))
15.0550 	EXP 	Created wth_valence_txt_2 = TextStim(__class__=<class 'psychopy.visual.text.TextStim'>, alignHoriz=method-wrapper(...), alignText='center', alignVert=method-wrapper(...), anchorHoriz='center', anchorVert='center', antialias=True, autoDraw=False, autoLog=True, bold=False, color=array([-1, -1, -1]), colorSpace='rgb', contrast=1.0, depth=-3.0, flipHoriz=False, flipVert=False, font='Noto Sans KR', fontFiles=[], height=0.04, italic=False, languageStyle='LTR', name='wth_valence_txt_2', opacity=1.0, ori=0.0, pos=array([-0.5 , -0.02]), rgb=UNKNOWN, text='단어에서 느껴지는 감정', units='height', win=Window(...), wrapWidth=1)
15.0645 	EXP 	Created wth_self_txt_2 = TextStim(__class__=<class 'psychopy.visual.text.TextStim'>, alignHoriz=method-wrapper(...), alignText='center', alignVert=method-wrapper(...), anchorHoriz='center', anchorVert='center', antialias=True, autoDraw=False, autoLog=True, bold=False, color=array([-1, -1, -1]), colorSpace='rgb', contrast=1.0, depth=-4.0, flipHoriz=False, flipVert=False, font='Noto Sans KR', fontFiles=[], height=0.04, italic=False, languageStyle='LTR', name='wth_self_txt_2', opacity=1.0, ori=0.0, pos=array([ 0.5 , -0.02]), rgb=UNKNOWN, text='단어가 자신과 관련이 있는 정도', units='height', win=Window(...), wrapWidth=1)
15.0659 	EXP 	window1: mouseVisible = True
15.1499 	EXP 	Created wth_self_rating_2 = Slider(__class__=<class 'psychopy.visual.slider.Slider'>, autoDraw=False, autoLog=True, borderColor=None, color=None, colorSpace='rgb', depth=-5, fillColor=None, flip=False, font='Noto Sans KR', granularity=0.0, labelColor=None, labelHeight=0.03, labelWrapWidth=None, labels=('전혀 나와 관련 없음', '나와 관련 매우 많음'), lineColor=None, markerColor=None, name='wth_self_rating_2', opacity=None, ori=0.0, pos=array([ 0.5, -0.1]), readOnly=False, self=UNKNOWN, size=array([0.45, 0.05]), startValue=None, style='rating', styleTweaks=[], ticks=array([0, 1]), units='height', win=Window(...))
15.1886 	EXP 	window1: mouseVisible = True
15.7461 	EXP 	Created wth_image_2 = ImageStim(__class__=<class 'psychopy.visual.image.ImageStim'>, anchor=('center', 'center'), autoLog=True, color=array([1, 1, 1]), colorSpace='rgb', contrast=1.0, depth=0.0, flipHoriz=False, flipVert=False, image=str(...), interpolate=True, mask=None, maskParams=None, name='wth_image_2', opacity=1.0, ori=0.0, pos=array([0., 0.]), size=array([1920., 1080.]), texRes=128.0, units='pix', win=Window(...))
15.7676 	EXP 	Created wth_text_4 = TextStim(__class__=<class 'psychopy.visual.text.TextStim'>, alignHoriz=method-wrapper(...), alignText='center', alignVert=method-wrapper(...), anchorHoriz='center', anchorVert='center', antialias=True, autoDraw=False, autoLog=True, bold=False, color=array([-1, -1, -1]), colorSpace='rgb', contrast=1.0, depth=-1.0, flipHoriz=False, flipVert=False, font='Noto Sans KR', fontFiles=[], height=0.07, italic=False, languageStyle='LTR', name='wth_text_4', opacity=1.0, ori=0.0, pos=array([0., 0.]), rgb=UNKNOWN, text='넘어가시겠습니까?\n\n넘어가기 : Y\n다시연습 : N\n', units='height', win=Window(...), wrapWidth=1)
16.3234 	EXP 	Created wth_background_inst_2 = ImageStim(__class__=<class 'psychopy.visual.image.ImageStim'>, anchor=('center', 'center'), autoLog=True, color=array([1, 1, 1]), colorSpace='rgb', contrast=1.0, depth=0.0, flipHoriz=False, flipVert=False, image=str(...), interpolate=True, mask=None, maskParams=None, name='wth_background_inst_2', opacity=1.0, ori=0.0, pos=array([0., 0.]), size=array([1920., 1080.]), texRes=128.0, units='pix', win=Window(...))
16.3474 	EXP 	Created wth_text_2 = TextStim(__class__=<class 'psychopy.visual.text.TextStim'>, alignHoriz=method-wrapper(...), alignText='center', alignVert=method-wrapper(...), anchorHoriz='center', anchorVert='center', antialias=True, autoDraw=False, autoLog=True, bold=False, color=array([-1, -1, -1]), colorSpace='rgb', contrast=1.0, depth=-1.0, flipHoriz=False, flipVert=False, font='Noto Sans KR', fontFiles=[], height=0.07, italic=False, languageStyle='LTR', name='wth_text_2', opacity=1.0, ori=0.0, pos=array([0., 0.]), rgb=UNKNOWN, text=str(...), units='height', win=Window(...), wrapWidth=1)
16.9112 	EXP 	Created image_3 = ImageStim(__class__=<class 'psychopy.visual.image.ImageStim'>, anchor=('center', 'center'), autoLog=True, color=array([1, 1, 1]), colorSpace='rgb', contrast=1.0, depth=0.0, flipHoriz=False, flipVert=False, image=str(...), interpolate=True, mask=None, maskParams=None, name='image_3', opacity=1.0, ori=0.0, pos=array([0., 0.]), size=array([1920., 1080.]), texRes=128.0, units='pix', win=Window(...))
16.9128 	EXP 	Created text_2 = TextStim(__class__=<class 'psychopy.visual.text.TextStim'>, alignHoriz=method-wrapper(...), alignText='center', alignVert=method-wrapper(...), anchorHoriz='center', anchorVert='center', antialias=True, autoDraw=False, autoLog=True, bold=False, color=array([-1, -1, -1]), colorSpace='rgb', contrast=1.0, depth=-1.0, flipHoriz=False, flipVert=False, font='Noto Sans KR', fontFiles=[], height=0.07, italic=False, languageStyle='LTR', name='text_2', opacity=1.0, ori=0.0, pos=array([0., 0.]), rgb=UNKNOWN, text='시작', units='height', win=Window(...), wrapWidth=1)
17.4730 	EXP 	Created wth_background = ImageStim(__class__=<class 'psychopy.visual.image.ImageStim'>, anchor=('center', 'center'), autoLog=True, color=array([1, 1, 1]), colorSpace='rgb', contrast=1.0, depth=0.0, flipHoriz=False, flipVert=False, image=str(...), interpolate=True, mask=None, maskParams=None, name='wth_background', opacity=1.0, ori=0.0, pos=array([0., 0.]), size=array([1920., 1080.]), texRes=128.0, units='pix', win=Window(...))
17.4865 	EXP 	Created wth_think_instr = TextStim(__class__=<class 'psychopy.visual.text.TextStim'>, alignHoriz=method-wrapper(...), alignText='center', alignVert=method-wrapper(...), anchorHoriz='center', anchorVert='center', antialias=True, autoDraw=False, autoLog=True, bold=False, color=array([-1, -1, -1]), colorSpace='rgb', contrast=1.0, depth=-2.0, flipHoriz=False, flipVert=False, font='Noto Sans KR', fontFiles=[], height=0.07, italic=False, languageStyle='LTR', name='wth_think_instr', opacity=1.0, ori=0.0, pos=array([0. , 0.2]), rgb=UNKNOWN, text='자유롭게 생각하세요.', units='height', win=Window(...), wrapWidth=1)
17.4878 	EXP 	Created wth_think_cross = ShapeStim(__class__=<class 'psychopy.visual.shape.ShapeStim'>, anchor=('center', 'center'), autoDraw=False, autoLog=True, closeShape=True, color=method-wrapper(...), colorSpace='rgb', contrast=None, depth=-3.0, fillColor=array([-1, -1, -1]), fillColorSpace='rgb', fillRGB=array([-1, -1, -1]), interpolate=True, lineColor=array([-1, -1, -1]), lineColorSpace='rgb', lineRGB=array([-1, -1, -1]), lineWidth=0.1, name='wth_think_cross', opacity=1.0, ori=0.0, pos=array([0., 0.]), size=array([0.07, 0.07]), units='height', vertices=ndarray(...), win=Window(...), windingRule=None)
18.0500 	EXP 	Created wth_background_2 = ImageStim(__class__=<class 'psychopy.visual.image.ImageStim'>, anchor=('center', 'center'), autoLog=True, color=array([1, 1, 1]), colorSpace='rgb', contrast=1.0, depth=0.0, flipHoriz=False, flipVert=False, image=str(...), interpolate=True, mask=None, maskParams=None, name='wth_background_2', opacity=1.0, ori=0.0, pos=array([0., 0.]), size=array([1920., 1080.]), texRes=128.0, units='pix', win=Window(...))
18.0672 	EXP 	Created wth_word_instr = TextStim(__class__=<class 'psychopy.visual.text.TextStim'>, alignHoriz=method-wrapper(...), alignText='center', alignVert=method-wrapper(...), anchorHoriz='center', anchorVert='center', antialias=True, autoDraw=False, autoLog=True, bold=False, color=array([-1, -1, -1]), colorSpace='rgb', contrast=1.0, depth=-1.0, flipHoriz=False, flipVert=False, font='Arial', fontFiles=[], height=0.07, italic=False, languageStyle='LTR', name='wth_word_instr', opacity=1.0, ori=0.0, pos=array([0.  , 0.25]), rgb=UNKNOWN, text='지금 무슨 생각을 하고 있는지\n단어나 구로 입력해주세요.', units='height', win=Window(...), wrapWidth=1)
18.6824 	EXP 	Created wth_background_3 = ImageStim(__class__=<class 'psychopy.visual.image.ImageStim'>, anchor=('center', 'center'), autoLog=True, color=array([1, 1, 1]), colorSpace='rgb', contrast=1.0, depth=0.0, flipHoriz=False, flipVert=False, image=str(...), interpolate=True, mask=None, maskParams=None, name='wth_background_3', opacity=1.0, ori=0.0, pos=array([0., 0.]), size=array([1920., 1080.]), texRes=128.0, units='pix', win=Window(...))
18.6839 	EXP 	Created wth_word_typed = TextStim(__class__=<class 'psychopy.visual.text.TextStim'>, alignHoriz=method-wrapper(...), alignText='center', alignVert=method-wrapper(...), anchorHoriz='center', anchorVert='center', antialias=True, autoDraw=False, autoLog=True, bold=False, color=array([-1, -1, -1]), colorSpace='rgb', contrast=1.0, depth=-1.0, flipHoriz=False, flipVert=False, font='Noto Sans KR', fontFiles=[], height=0.1, italic=False, languageStyle='LTR', name='wth_word_typed', opacity=1.0, ori=0.0, pos=array([0. , 0.2]), rgb=UNKNOWN, text='', units='height', win=Window(...), wrapWidth=1)
18.6854 	EXP 	window1: mouseVisible = True
18.7183 	EXP 	Created wth_valence_rating = Slider(__class__=<class 'psychopy.visual.slider.Slider'>, autoDraw=False, autoLog=True, borderColor=None, color=None, colorSpace='rgb', depth=-2, fillColor=None, flip=False, font='Noto Sans KR', granularity=0.0, labelColor=None, labelHeight=0.03, labelWrapWidth=None, labels=('부정', '중립', '긍정'), lineColor=None, markerColor=None, name='wth_valence_rating', opacity=None, ori=0.0, pos=array([-0.5, -0.1]), readOnly=False, self=UNKNOWN, size=array([0.45, 0.05]), startValue=None, style='rating', styleTweaks=[], ticks=array([-1,  0,  1]), units='height', win=Window(...))
18.7263 	EXP 	Created wth_valence_txt = TextStim(__class__=<class 'psychopy.visual.text.TextStim'>, alignHoriz=method-wrapper(...), alignText='center', alignVert=method-wrapper(...), anchorHoriz='center', anchorVert='center', antialias=True, autoDraw=False, autoLog=True, bold=False, color=array([-1, -1, -1]), colorSpace='rgb', contrast=1.0, depth=-3.0, flipHoriz=False, flipVert=False, font='Noto Sans KR', fontFiles=[], height=0.04, italic=False, languageStyle='LTR', name='wth_valence_txt', opacity=1.0, ori=0.0, pos=array([-0.5 , -0.02]), rgb=UNKNOWN, text='단어에서 느껴지는 감정', units='height', win=Window(...), wrapWidth=1)
18.7329 	EXP 	Created wth_self_txt = TextStim(__class__=<class 'psychopy.visual.text.TextStim'>, alignHoriz=method-wrapper(...), alignText='center', alignVert=method-wrapper(...), anchorHoriz='center', anchorVert='center', antialias=True, autoDraw=False, autoLog=True, bold=False, color=array([-1, -1, -1]), colorSpace='rgb', contrast=1.0, depth=-4.0, flipHoriz=False, flipVert=False, font='Noto Sans KR', fontFiles=[], height=0.04, italic=False, languageStyle='LTR', name='wth_self_txt', opacity=1.0, ori=0.0, pos=array([ 0.5 , -0.02]), rgb=UNKNOWN, text='단어가 자신과 관련이 있는 정도', units='height', win=Window(...), wrapWidth=1)
18.7343 	EXP 	window1: mouseVisible = True
18.7537 	EXP 	Created wth_self_rating = Slider(__class__=<class 'psychopy.visual.slider.Slider'>, autoDraw=False, autoLog=True, borderColor=None, color=None, colorSpace='rgb', depth=-5, fillColor=None, flip=False, font='Noto Sans KR', granularity=0.0, labelColor=None, labelHeight=0.03, labelWrapWidth=None, labels=('전혀 나와 관련 없음', '나와 관련 매우 많음'), lineColor=None, markerColor=None, name='wth_self_rating', opacity=None, ori=0.0, pos=array([ 0.5, -0.1]), readOnly=False, self=UNKNOWN, size=array([0.45, 0.05]), startValue=None, style='rating', styleTweaks=[], ticks=array([0, 1]), units='height', win=Window(...))
18.7575 	EXP 	window1: mouseVisible = True
18.7947 	EXP 	Created exp_end_text = TextStim(__class__=<class 'psychopy.visual.text.TextStim'>, alignHoriz=method-wrapper(...), alignText='center', alignVert=method-wrapper(...), anchorHoriz='center', anchorVert='center', antialias=True, autoDraw=False, autoLog=True, bold=False, color=array([-1, -1, -1]), colorSpace='rgb', contrast=1.0, depth=0.0, flipHoriz=False, flipVert=False, font='Noto Sans KR', fontFiles=[], height=0.07, italic=False, languageStyle='LTR', name='exp_end_text', opacity=1.0, ori=0.0, pos=array([0., 0.]), rgb=UNKNOWN, text=str(...), units='height', win=Window(...), wrapWidth=1)
18.8237 	EXP 	wth_movie: autoLog = True
18.8237 	EXP 	wth_movie: movie = 'ins/weather_intro.mp4'
18.8237 	EXP 	wth_movie: ori = 0.0
18.8237 	EXP 	wth_valence_rating_2: autoLog = True
18.8237 	EXP 	wth_valence_rating_2: markerPos = None
18.8237 	EXP 	wth_valence_rating_2: styleTweaks = []
18.8237 	EXP 	wth_valence_rating_2: styleTweaks = []
18.8237 	EXP 	wth_valence_rating_2: styleTweaks = []
18.8237 	EXP 	wth_valence_rating_2: styleTweaks = []
18.8237 	EXP 	wth_valence_rating_2: contrast = 1.0
18.8237 	EXP 	wth_valence_rating_2: autoLog = True
18.8237 	EXP 	wth_self_rating_2: autoLog = True
18.8237 	EXP 	wth_self_rating_2: markerPos = None
18.8237 	EXP 	wth_self_rating_2: styleTweaks = []
18.8237 	EXP 	wth_self_rating_2: styleTweaks = []
18.8237 	EXP 	wth_self_rating_2: styleTweaks = []
18.8237 	EXP 	wth_self_rating_2: styleTweaks = []
18.8237 	EXP 	wth_self_rating_2: contrast = 1.0
18.8237 	EXP 	wth_self_rating_2: autoLog = True
18.8237 	EXP 	wth_valence_rating: autoLog = True
18.8237 	EXP 	wth_valence_rating: markerPos = None
18.8237 	EXP 	wth_valence_rating: styleTweaks = []
18.8237 	EXP 	wth_valence_rating: styleTweaks = []
18.8237 	EXP 	wth_valence_rating: styleTweaks = []
18.8237 	EXP 	wth_valence_rating: styleTweaks = []
18.8237 	EXP 	wth_valence_rating: contrast = 1.0
18.8237 	EXP 	wth_valence_rating: autoLog = True
18.8237 	EXP 	wth_self_rating: autoLog = True
18.8237 	EXP 	wth_self_rating: markerPos = None
18.8237 	EXP 	wth_self_rating: styleTweaks = []
18.8237 	EXP 	wth_self_rating: styleTweaks = []
18.8237 	EXP 	wth_self_rating: styleTweaks = []
18.8237 	EXP 	wth_self_rating: styleTweaks = []
18.8237 	EXP 	wth_self_rating: contrast = 1.0
18.8237 	EXP 	wth_self_rating: autoLog = True
18.8237 	EXP 	wth_inst_image: autoDraw = True
19.9578 	EXP 	Created sequence: random, trialTypes=1, nReps=1, seed=None
19.9579 	EXP 	New trial (rep=0, index=0): None
19.9589 	DATA 	Keypress: space
19.9716 	EXP 	wth_inst_image: autoDraw = False
21.9729 	EXP 	wth_movie: autoDraw = True
21.9729 	EXP 	text: autoDraw = True
25.1070 	EXP 	Created sequence: sequential, trialTypes=1, nReps=99, seed=None
25.1074 	EXP 	New trial (rep=0, index=0): None
25.1567 	DATA 	Keypress: space
25.1724 	EXP 	wth_movie: autoDraw = False
25.1724 	EXP 	text: autoDraw = False
25.1724 	EXP 	wth_background_inst: autoDraw = True
26.1062 	EXP 	wth_text: autoDraw = True
28.1061 	EXP 	wth_text: autoDraw = False
30.1884 	EXP 	wth_background_inst: autoDraw = False
30.1884 	EXP 	wth_background_inst: autoDraw = False
30.1884 	EXP 	wth_text: autoDraw = False
30.1884 	EXP 	wth_background_6: autoDraw = True
30.1884 	EXP 	wth_think_instr_2: autoDraw = True
30.1884 	EXP 	wth_think_cross_2: autoDraw = True
35.1726 	EXP 	window1: mouseVisible = True
35.2046 	EXP 	wth_background_6: autoDraw = False
35.2046 	EXP 	wth_think_instr_2: autoDraw = False
35.2046 	EXP 	wth_think_cross_2: autoDraw = False
35.2046 	EXP 	wth_background_6: autoDraw = False
35.2046 	EXP 	wth_think_instr_2: autoDraw = False
35.2046 	EXP 	wth_think_cross_2: autoDraw = False
35.2046 	EXP 	image_2: autoDraw = True
35.2046 	EXP 	wth_word_instr_4: autoDraw = True
39.9013 	EXP 	image_2: autoDraw = False
39.9013 	EXP 	wth_word_instr_4: autoDraw = False
39.9013 	EXP 	wth_word_typed_2: height = 0.07
39.9013 	EXP 	wth_word_typed_2: height = 0.07
39.9013 	EXP 	wth_word_typed_2: height = 0.07
39.9013 	EXP 	wth_word_typed_2: text = 'jkjkj'
39.9013 	EXP 	wth_valence_rating_2: markerPos = None
39.9013 	EXP 	wth_valence_rating_2: markerPos = None
39.9013 	EXP 	wth_self_rating_2: markerPos = None
39.9013 	EXP 	wth_self_rating_2: markerPos = None
39.9013 	EXP 	wth_background_7: autoDraw = True
39.9013 	EXP 	wth_word_typed_2: autoDraw = True
39.9013 	EXP 	wth_valence_rating_2: autoDraw = True
39.9013 	EXP 	wth_valence_txt_2: autoDraw = True
39.9013 	EXP 	wth_self_txt_2: autoDraw = True
39.9013 	EXP 	wth_self_rating_2: autoDraw = True
40.8881 	DATA 	Mouse: Left button down, pos=(531,428)
40.9024 	EXP 	wth_valence_rating_2: markerPos = 0.45679012345679015
40.9192 	EXP 	wth_valence_rating_2: markerPos = 0.45679012345679015
40.9356 	EXP 	wth_valence_rating_2: markerPos = 0.45679012345679015
40.9526 	EXP 	wth_valence_rating_2: markerPos = 0.45679012345679015
40.9688 	EXP 	wth_valence_rating_2: markerPos = 0.45679012345679015
40.9704 	DATA 	Mouse:  Left button up, pos=(531,428)
40.9855 	EXP 	wth_valence_rating_2: markerPos = 0.45679012345679015
41.8204 	DATA 	Mouse: Left button down, pos=(1452,438)
41.8356 	EXP 	wth_self_rating_2: markerPos = 0.4012345679012346
41.8524 	EXP 	wth_self_rating_2: markerPos = 0.4012345679012346
41.8688 	EXP 	wth_self_rating_2: markerPos = 0.4012345679012346
41.8858 	EXP 	wth_self_rating_2: markerPos = 0.4012345679012346
41.9018 	EXP 	wth_self_rating_2: markerPos = 0.4012345679012346
41.9186 	EXP 	wth_self_rating_2: markerPos = 0.4012345679012346
41.9354 	EXP 	wth_self_rating_2: markerPos = 0.4012345679012346
41.9524 	EXP 	wth_self_rating_2: markerPos = 0.4012345679012346
41.9687 	EXP 	wth_self_rating_2: markerPos = 0.4012345679012346
41.9858 	EXP 	wth_self_rating_2: markerPos = 0.4012345679012346
41.9875 	DATA 	Mouse:  Left button up, pos=(1452,438)
42.0022 	EXP 	wth_self_rating_2: markerPos = 0.4012345679012346
43.7932 	DATA 	Mouse: Left button down, pos=(905,80)
43.8042 	EXP 	window1: mouseVisible = False
43.8366 	EXP 	wth_background_7: autoDraw = False
43.8366 	EXP 	wth_word_typed_2: autoDraw = False
43.8366 	EXP 	wth_valence_rating_2: autoDraw = False
43.8366 	EXP 	wth_valence_txt_2: autoDraw = False
43.8366 	EXP 	wth_self_txt_2: autoDraw = False
43.8366 	EXP 	wth_self_rating_2: autoDraw = False
43.8366 	EXP 	wth_image_2: autoDraw = True
43.8366 	EXP 	wth_text_4: autoDraw = True
43.9393 	DATA 	Mouse:  Left button up, pos=(905,80)
48.0597 	DATA 	Keypress: n
48.0697 	EXP 	wth_image_2: autoDraw = False
48.0697 	EXP 	wth_text_4: autoDraw = False
48.0697 	EXP 	wth_background_inst_2: autoDraw = True
48.0697 	EXP 	wth_text_2: autoDraw = True
48.8753 	DATA 	Keypress: space
48.8861 	EXP 	wth_background_inst_2: autoDraw = False
48.8861 	EXP 	wth_text_2: autoDraw = False
48.8861 	EXP 	image_3: autoDraw = True
49.8699 	EXP 	text_2: autoDraw = True
51.8696 	EXP 	text_2: autoDraw = False
52.8703 	EXP 	Created sequence: sequential, trialTypes=1, nReps=4, seed=None
52.8706 	EXP 	New trial (rep=0, index=0): None
52.9019 	EXP 	image_3: autoDraw = False
52.9019 	EXP 	text_2: autoDraw = False
52.9019 	EXP 	wth_background: autoDraw = True
52.9019 	EXP 	wth_think_instr: autoDraw = True
52.9019 	EXP 	wth_think_cross: autoDraw = True
57.8864 	EXP 	window1: mouseVisible = True
57.9497 	EXP 	wth_background: autoDraw = False
57.9497 	EXP 	wth_think_instr: autoDraw = False
57.9497 	EXP 	wth_think_cross: autoDraw = False
57.9497 	EXP 	wth_background: autoDraw = False
57.9497 	EXP 	wth_think_instr: autoDraw = False
57.9497 	EXP 	wth_think_cross: autoDraw = False
57.9497 	EXP 	wth_word_instr: font = 'Noto Sans KR'
57.9497 	EXP 	wth_background_2: autoDraw = True
57.9497 	EXP 	wth_word_instr: autoDraw = True
57.9497 	EXP 	wth_word_instr: height = 0.07
57.9497 	EXP 	wth_word_instr: height = 0.07
57.9497 	EXP 	wth_word_instr: height = 0.07
57.9497 	EXP 	wth_word_instr: text = '지금 무슨 생각을 하고 있는지\n단어나 구로 입력해주세요.'
62.7151 	EXP 	wth_background_2: autoDraw = False
62.7151 	EXP 	wth_word_instr: autoDraw = False
62.7151 	EXP 	wth_word_typed: height = 0.1
62.7151 	EXP 	wth_word_typed: height = 0.1
62.7151 	EXP 	wth_word_typed: height = 0.1
62.7151 	EXP 	wth_word_typed: text = 'dsafadsf'
62.7151 	EXP 	wth_valence_rating: markerPos = None
62.7151 	EXP 	wth_valence_rating: markerPos = None
62.7151 	EXP 	wth_self_rating: markerPos = None
62.7151 	EXP 	wth_self_rating: markerPos = None
62.7151 	EXP 	wth_background_3: autoDraw = True
62.7151 	EXP 	wth_word_typed: autoDraw = True
62.7151 	EXP 	wth_valence_rating: autoDraw = True
62.7151 	EXP 	wth_valence_txt: autoDraw = True
62.7151 	EXP 	wth_self_txt: autoDraw = True
62.7151 	EXP 	wth_self_rating: autoDraw = True
63.6575 	DATA 	Mouse: Left button down, pos=(496,429)
63.6830 	EXP 	wth_valence_rating: markerPos = 0.31275720164609044
63.6994 	EXP 	wth_valence_rating: markerPos = 0.31275720164609044
63.7161 	EXP 	wth_valence_rating: markerPos = 0.31275720164609044
63.7328 	EXP 	wth_valence_rating: markerPos = 0.31275720164609044
63.7494 	EXP 	wth_valence_rating: markerPos = 0.31275720164609044
63.7664 	EXP 	wth_valence_rating: markerPos = 0.31275720164609044
63.7680 	DATA 	Mouse:  Left button up, pos=(496,429)
63.7825 	EXP 	wth_valence_rating: markerPos = 0.31275720164609044
65.1191 	DATA 	Mouse: Left button down, pos=(1487,421)
65.1323 	EXP 	wth_self_rating: markerPos = 0.4732510288065844
65.1490 	EXP 	wth_self_rating: markerPos = 0.4732510288065844
65.1660 	EXP 	wth_self_rating: markerPos = 0.4732510288065844
65.1824 	EXP 	wth_self_rating: markerPos = 0.4732510288065844
65.1991 	EXP 	wth_self_rating: markerPos = 0.4732510288065844
65.2163 	EXP 	wth_self_rating: markerPos = 0.4732510288065844
65.2327 	EXP 	wth_self_rating: markerPos = 0.4732510288065844
65.2496 	EXP 	wth_self_rating: markerPos = 0.4732510288065844
65.2657 	EXP 	wth_self_rating: markerPos = 0.4732510288065844
65.2827 	EXP 	wth_self_rating: markerPos = 0.4732510288065844
65.2993 	EXP 	wth_self_rating: markerPos = 0.4732510288065844
65.3067 	DATA 	Mouse:  Left button up, pos=(1487,421)
65.3162 	EXP 	wth_self_rating: markerPos = 0.4732510288065844
66.0019 	DATA 	Mouse: Left button down, pos=(870,64)
66.0186 	EXP 	window1: mouseVisible = False
66.0188 	EXP 	New trial (rep=1, index=0): None
66.0345 	EXP 	wth_background_3: autoDraw = False
66.0345 	EXP 	wth_word_typed: autoDraw = False
66.0345 	EXP 	wth_valence_rating: autoDraw = False
66.0345 	EXP 	wth_valence_txt: autoDraw = False
66.0345 	EXP 	wth_self_txt: autoDraw = False
66.0345 	EXP 	wth_self_rating: autoDraw = False
66.0345 	EXP 	wth_background: autoDraw = True
66.0345 	EXP 	wth_think_instr: autoDraw = True
66.0345 	EXP 	wth_think_cross: autoDraw = True
66.1704 	DATA 	Mouse:  Left button up, pos=(870,64)
71.0181 	EXP 	window1: mouseVisible = True
71.0340 	EXP 	wth_background: autoDraw = False
71.0340 	EXP 	wth_think_instr: autoDraw = False
71.0340 	EXP 	wth_think_cross: autoDraw = False
71.0340 	EXP 	wth_background: autoDraw = False
71.0340 	EXP 	wth_think_instr: autoDraw = False
71.0340 	EXP 	wth_think_cross: autoDraw = False
71.0340 	EXP 	wth_word_instr: font = 'Noto Sans KR'
71.0340 	EXP 	wth_background_2: autoDraw = True
71.0340 	EXP 	wth_word_instr: autoDraw = True
71.0340 	EXP 	wth_word_instr: height = 0.07
71.0340 	EXP 	wth_word_instr: height = 0.07
71.0340 	EXP 	wth_word_instr: height = 0.07
71.0340 	EXP 	wth_word_instr: text = '지금 무슨 생각을 하고 있는지\n단어나 구로 입력해주세요.'
74.8477 	EXP 	wth_background_2: autoDraw = False
74.8477 	EXP 	wth_word_instr: autoDraw = False
74.8477 	EXP 	wth_word_typed: height = 0.1
74.8477 	EXP 	wth_word_typed: height = 0.1
74.8477 	EXP 	wth_word_typed: height = 0.1
74.8477 	EXP 	wth_word_typed: text = 'dfasdf'
74.8477 	EXP 	wth_valence_rating: markerPos = None
74.8477 	EXP 	wth_valence_rating: markerPos = None
74.8477 	EXP 	wth_self_rating: markerPos = None
74.8477 	EXP 	wth_self_rating: markerPos = None
74.8477 	EXP 	wth_background_3: autoDraw = True
74.8477 	EXP 	wth_word_typed: autoDraw = True
74.8477 	EXP 	wth_valence_rating: autoDraw = True
74.8477 	EXP 	wth_valence_txt: autoDraw = True
74.8477 	EXP 	wth_self_txt: autoDraw = True
74.8477 	EXP 	wth_self_rating: autoDraw = True
75.7172 	DATA 	Mouse: Left button down, pos=(548,447)
75.7311 	EXP 	wth_valence_rating: markerPos = 0.5267489711934157
75.7476 	EXP 	wth_valence_rating: markerPos = 0.5267489711934157
75.7643 	EXP 	wth_valence_rating: markerPos = 0.5267489711934157
75.7813 	EXP 	wth_valence_rating: markerPos = 0.5267489711934157
75.7978 	EXP 	wth_valence_rating: markerPos = 0.5267489711934157
75.8144 	EXP 	wth_valence_rating: markerPos = 0.5267489711934157
75.8316 	EXP 	wth_valence_rating: markerPos = 0.5267489711934157
75.8330 	DATA 	Mouse:  Left button up, pos=(548,447)
75.8478 	EXP 	wth_valence_rating: markerPos = 0.5267489711934157
76.0496 	DATA 	Keypress: a
76.0544 	DATA 	Keypress: s
76.0997 	DATA 	Keypress: d
76.2330 	DATA 	Keypress: f
77.1732 	DATA 	Mouse: Left button down, pos=(1419,429)
77.1973 	EXP 	wth_self_rating: markerPos = 0.33333333333333337
77.2142 	EXP 	wth_self_rating: markerPos = 0.33333333333333337
77.2310 	EXP 	wth_self_rating: markerPos = 0.33333333333333337
77.2477 	EXP 	wth_self_rating: markerPos = 0.33333333333333337
77.2643 	EXP 	wth_self_rating: markerPos = 0.33333333333333337
77.2813 	EXP 	wth_self_rating: markerPos = 0.33333333333333337
77.2976 	EXP 	wth_self_rating: markerPos = 0.33333333333333337
77.3143 	EXP 	wth_self_rating: markerPos = 0.33333333333333337
77.3311 	EXP 	wth_self_rating: markerPos = 0.33333333333333337
77.3475 	EXP 	wth_self_rating: markerPos = 0.33333333333333337
77.3642 	EXP 	wth_self_rating: markerPos = 0.33333333333333337
77.3660 	DATA 	Mouse:  Left button up, pos=(1419,429)
77.3807 	EXP 	wth_self_rating: markerPos = 0.33333333333333337
78.2985 	DATA 	Mouse: Left button down, pos=(887,102)
78.3002 	EXP 	window1: mouseVisible = False
78.3003 	EXP 	New trial (rep=2, index=0): None
78.3160 	EXP 	wth_background_3: autoDraw = False
78.3160 	EXP 	wth_word_typed: autoDraw = False
78.3160 	EXP 	wth_valence_rating: autoDraw = False
78.3160 	EXP 	wth_valence_txt: autoDraw = False
78.3160 	EXP 	wth_self_txt: autoDraw = False
78.3160 	EXP 	wth_self_rating: autoDraw = False
78.3160 	EXP 	wth_background: autoDraw = True
78.3160 	EXP 	wth_think_instr: autoDraw = True
78.3160 	EXP 	wth_think_cross: autoDraw = True
78.3847 	DATA 	Mouse:  Left button up, pos=(887,102)
83.2999 	EXP 	window1: mouseVisible = True
83.3157 	EXP 	wth_background: autoDraw = False
83.3157 	EXP 	wth_think_instr: autoDraw = False
83.3157 	EXP 	wth_think_cross: autoDraw = False
83.3157 	EXP 	wth_background: autoDraw = False
83.3157 	EXP 	wth_think_instr: autoDraw = False
83.3157 	EXP 	wth_think_cross: autoDraw = False
83.3157 	EXP 	wth_word_instr: font = 'Noto Sans KR'
83.3157 	EXP 	wth_background_2: autoDraw = True
83.3157 	EXP 	wth_word_instr: autoDraw = True
83.3157 	EXP 	wth_word_instr: height = 0.07
83.3157 	EXP 	wth_word_instr: height = 0.07
83.3157 	EXP 	wth_word_instr: height = 0.07
83.3157 	EXP 	wth_word_instr: text = '지금 무슨 생각을 하고 있는지\n단어나 구로 입력해주세요.'
87.9293 	EXP 	wth_background_2: autoDraw = False
87.9293 	EXP 	wth_word_instr: autoDraw = False
87.9293 	EXP 	wth_word_typed: height = 0.1
87.9293 	EXP 	wth_word_typed: height = 0.1
87.9293 	EXP 	wth_word_typed: height = 0.1
87.9293 	EXP 	wth_word_typed: text = 'dfasdg'
87.9293 	EXP 	wth_valence_rating: markerPos = None
87.9293 	EXP 	wth_valence_rating: markerPos = None
87.9293 	EXP 	wth_self_rating: markerPos = None
87.9293 	EXP 	wth_self_rating: markerPos = None
87.9293 	EXP 	wth_background_3: autoDraw = True
87.9293 	EXP 	wth_word_typed: autoDraw = True
87.9293 	EXP 	wth_valence_rating: autoDraw = True
87.9293 	EXP 	wth_valence_txt: autoDraw = True
87.9293 	EXP 	wth_self_txt: autoDraw = True
87.9293 	EXP 	wth_self_rating: autoDraw = True
89.4378 	DATA 	Mouse: Left button down, pos=(489,416)
89.4627 	EXP 	wth_valence_rating: markerPos = 0.28395061728395055
89.4793 	EXP 	wth_valence_rating: markerPos = 0.28395061728395055
89.4960 	EXP 	wth_valence_rating: markerPos = 0.28395061728395055
89.5127 	EXP 	wth_valence_rating: markerPos = 0.28395061728395055
89.5288 	EXP 	wth_valence_rating: markerPos = 0.28395061728395055
89.5462 	EXP 	wth_valence_rating: markerPos = 0.28395061728395055
89.5625 	EXP 	wth_valence_rating: markerPos = 0.28395061728395055
89.5697 	DATA 	Mouse:  Left button up, pos=(489,416)
89.5798 	EXP 	wth_valence_rating: markerPos = 0.28395061728395055
89.5959 	EXP 	wth_valence_rating: markerPos = 0.28395061728395055
90.7683 	DATA 	Mouse: Left button down, pos=(1453,442)
90.7792 	EXP 	wth_self_rating: markerPos = 0.40329218106995884
90.7959 	EXP 	wth_self_rating: markerPos = 0.40329218106995884
90.8123 	EXP 	wth_self_rating: markerPos = 0.40329218106995884
90.8292 	EXP 	wth_self_rating: markerPos = 0.40329218106995884
90.8457 	EXP 	wth_self_rating: markerPos = 0.40329218106995884
90.8626 	EXP 	wth_self_rating: markerPos = 0.40329218106995884
90.8786 	EXP 	wth_self_rating: markerPos = 0.40329218106995884
90.8955 	EXP 	wth_self_rating: markerPos = 0.40329218106995884
90.8971 	DATA 	Mouse:  Left button up, pos=(1453,442)
90.9126 	EXP 	wth_self_rating: markerPos = 0.40329218106995884
92.4633 	DATA 	Mouse: Left button down, pos=(968,94)
92.4650 	EXP 	window1: mouseVisible = False
92.4651 	EXP 	New trial (rep=3, index=0): None
92.4812 	EXP 	wth_background_3: autoDraw = False
92.4812 	EXP 	wth_word_typed: autoDraw = False
92.4812 	EXP 	wth_valence_rating: autoDraw = False
92.4812 	EXP 	wth_valence_txt: autoDraw = False
92.4812 	EXP 	wth_self_txt: autoDraw = False
92.4812 	EXP 	wth_self_rating: autoDraw = False
92.4812 	EXP 	wth_background: autoDraw = True
92.4812 	EXP 	wth_think_instr: autoDraw = True
92.4812 	EXP 	wth_think_cross: autoDraw = True
92.5659 	DATA 	Mouse:  Left button up, pos=(968,94)
97.4649 	EXP 	window1: mouseVisible = True
97.4801 	EXP 	wth_background: autoDraw = False
97.4801 	EXP 	wth_think_instr: autoDraw = False
97.4801 	EXP 	wth_think_cross: autoDraw = False
97.4801 	EXP 	wth_background: autoDraw = False
97.4801 	EXP 	wth_think_instr: autoDraw = False
97.4801 	EXP 	wth_think_cross: autoDraw = False
97.4801 	EXP 	wth_word_instr: font = 'Noto Sans KR'
97.4801 	EXP 	wth_background_2: autoDraw = True
97.4801 	EXP 	wth_word_instr: autoDraw = True
97.4801 	EXP 	wth_word_instr: height = 0.07
97.4801 	EXP 	wth_word_instr: height = 0.07
97.4801 	EXP 	wth_word_instr: height = 0.07
97.4801 	EXP 	wth_word_instr: text = '지금 무슨 생각을 하고 있는지\n단어나 구로 입력해주세요.'
102.4611 	EXP 	wth_background_2: autoDraw = False
102.4611 	EXP 	wth_word_instr: autoDraw = False
102.4611 	EXP 	wth_word_typed: height = 0.1
102.4611 	EXP 	wth_word_typed: height = 0.1
102.4611 	EXP 	wth_word_typed: height = 0.1
102.4611 	EXP 	wth_word_typed: text = 'gqwwwerqew'
102.4611 	EXP 	wth_valence_rating: markerPos = None
102.4611 	EXP 	wth_valence_rating: markerPos = None
102.4611 	EXP 	wth_self_rating: markerPos = None
102.4611 	EXP 	wth_self_rating: markerPos = None
102.4611 	EXP 	wth_background_3: autoDraw = True
102.4611 	EXP 	wth_word_typed: autoDraw = True
102.4611 	EXP 	wth_valence_rating: autoDraw = True
102.4611 	EXP 	wth_valence_txt: autoDraw = True
102.4611 	EXP 	wth_self_txt: autoDraw = True
102.4611 	EXP 	wth_self_rating: autoDraw = True
103.2966 	DATA 	Mouse: Left button down, pos=(570,433)
103.3108 	EXP 	wth_valence_rating: markerPos = 0.617283950617284
103.3273 	EXP 	wth_valence_rating: markerPos = 0.617283950617284
103.3442 	EXP 	wth_valence_rating: markerPos = 0.617283950617284
103.3604 	EXP 	wth_valence_rating: markerPos = 0.617283950617284
103.3777 	EXP 	wth_valence_rating: markerPos = 0.617283950617284
103.3942 	EXP 	wth_valence_rating: markerPos = 0.617283950617284
103.4016 	DATA 	Mouse:  Left button up, pos=(570,433)
103.4109 	EXP 	wth_valence_rating: markerPos = 0.617283950617284
103.4279 	EXP 	wth_valence_rating: markerPos = 0.617283950617284
104.2465 	DATA 	Mouse: Left button down, pos=(1687,444)
104.2608 	EXP 	wth_self_rating: markerPos = 0.8847736625514404
104.2774 	EXP 	wth_self_rating: markerPos = 0.8847736625514404
104.2940 	EXP 	wth_self_rating: markerPos = 0.8847736625514404
104.3107 	EXP 	wth_self_rating: markerPos = 0.8847736625514404
104.3275 	EXP 	wth_self_rating: markerPos = 0.8847736625514404
104.3440 	EXP 	wth_self_rating: markerPos = 0.8847736625514404
104.3609 	EXP 	wth_self_rating: markerPos = 0.8847736625514404
104.3774 	EXP 	wth_self_rating: markerPos = 0.8847736625514404
104.3939 	EXP 	wth_self_rating: markerPos = 0.8847736625514404
104.3958 	DATA 	Mouse:  Left button up, pos=(1687,444)
104.4105 	EXP 	wth_self_rating: markerPos = 0.8847736625514404
105.4384 	DATA 	Mouse: Left button down, pos=(998,90)
105.4465 	EXP 	window1: mouseVisible = False
105.4604 	EXP 	wth_background_3: autoDraw = False
105.4604 	EXP 	wth_word_typed: autoDraw = False
105.4604 	EXP 	wth_valence_rating: autoDraw = False
105.4604 	EXP 	wth_valence_txt: autoDraw = False
105.4604 	EXP 	wth_self_txt: autoDraw = False
105.4604 	EXP 	wth_self_rating: autoDraw = False
105.4604 	EXP 	exp_end_text: autoDraw = True
105.5455 	DATA 	Mouse:  Left button up, pos=(998,90)
118.2102 	DATA 	Keypress: space
118.2253 	EXP 	exp_end_text: autoDraw = False
118.2860 	EXP 	window1: mouseVisible = True
