2.5083 	WARNING 	We strongly recommend you activate the PTB sound engine in PsychoPy prefs as the preferred audio engine. Its timing is vastly superior. Your prefs are currently set to use ['sounddevice', 'PTB', 'pyo', 'pygame'] (in that order).
8.1336 	DATA 	Keypress: return
8.4868 	EXP 	Created window1 = Window(allowGUI=True, allowStencil=False, autoLog=True, backendConf=UNKNOWN, bitsMode=UNKNOWN, blendMode='avg', bpc=(8, 8, 8), color=array([0., 0., 0.]), colorSpace='hsv', depthBits=8, fullscr=<method-wrapper '__getattribute__' of attributeSetter object at 0x000001EC4BCD5E50>, gamma=None, gammaErrorPolicy='raise', lms=UNKNOWN, monitor=<psychopy.monitors.calibTools.Monitor object at 0x000001EC4CD622B0>, multiSample=False, name='window1', numSamples=2, pos=(0, 0), screen=0, size=array([1920, 1080]), stencilBits=0, stereo=False, units='height', useFBO=True, useRetina=False, viewOri=0.0, viewPos=None, viewScale=None, waitBlanking=True, winType='pyglet')
8.4869 	EXP 	window1: mouseVisible = True
8.4870 	EXP 	window1: mouseVisible = True
8.4870 	EXP 	window1: Attempting to measure frame rate of screen (0) ...
8.4870 	EXP 	window1: recordFrameIntervals = False
8.6534 	EXP 	window1: recordFrameIntervals = True
8.8351 	EXP 	Screen (0) actual frame rate measured at 60.45Hz
8.8351 	EXP 	window1: recordFrameIntervals = False
8.8624 	WARNING 	launchHubServer: If using the iohub mouse or eyetracker devices, fullScr should be True.
10.6091 	EXP 	Created image = ImageStim(__class__=<class 'psychopy.visual.image.ImageStim'>, anchor=('center', 'center'), autoLog=True, color=array([1, 1, 1]), colorSpace='rgb', contrast=1.0, depth=0.0, flipHoriz=False, flipVert=False, image='fis_artwork/general_instruction.png', interpolate=True, mask=None, maskParams=None, name='image', opacity=1.0, ori=0.0, pos=array([0., 0.]), size=array([1920., 1080.]), texRes=128.0, units='pix', win=Window(...))
10.7380 	EXP 	Created wth_movie = MovieStim3(__class__=<class 'psychopy.visual.movie3.MovieStim3'>, anchor=('center', 'center'), autoLog=True, color=UNKNOWN, colorSpace=UNKNOWN, depth=0.0, filename='ins/weather_intro.mp4', flipHoriz=False, flipVert=False, fps=UNKNOWN, interpolate=True, loop=False, name='wth_movie', noAudio=False, opacity=1, ori=method-wrapper(...), pos=array([0., 0.]), size=None, units='pix', vframe_callback=UNKNOWN, volume=UNKNOWN, win=Window(...))
12.9279 	WARNING 	2.189951800000017: Video catchup needed, advancing self._nextFrameT from 0.0 to 0.041666666666666664
12.9280 	WARNING 	2.1899813999998514: Video catchup needed, advancing self._nextFrameT from 0.041666666666666664 to 0.08333333333333333
12.9280 	WARNING 	2.1899914000000535: Video catchup needed, advancing self._nextFrameT from 0.08333333333333333 to 0.125
12.9280 	WARNING 	2.1900006999999277: Video catchup needed, advancing self._nextFrameT from 0.125 to 0.16666666666666666
12.9280 	WARNING 	2.190009800000098: Video catchup needed, advancing self._nextFrameT from 0.16666666666666666 to 0.20833333333333331
12.9280 	WARNING 	2.1900187999999616: Video catchup needed, advancing self._nextFrameT from 0.20833333333333331 to 0.24999999999999997
12.9280 	WARNING 	2.1900276999999733: Video catchup needed, advancing self._nextFrameT from 0.24999999999999997 to 0.29166666666666663
12.9280 	WARNING 	2.1900363999998262: Video catchup needed, advancing self._nextFrameT from 0.29166666666666663 to 0.3333333333333333
12.9280 	WARNING 	2.190045199999986: Video catchup needed, advancing self._nextFrameT from 0.3333333333333333 to 0.375
12.9280 	WARNING 	2.1900541999998495: Video catchup needed, advancing self._nextFrameT from 0.375 to 0.4166666666666667
12.9280 	WARNING 	Max reportNDroppedFrames reached, will not log any more dropped frames
13.1900 	EXP 	Created text = TextStim(__class__=<class 'psychopy.visual.text.TextStim'>, alignHoriz=method-wrapper(...), alignText='center', alignVert=method-wrapper(...), anchorHoriz='center', anchorVert='center', antialias=True, autoDraw=False, autoLog=True, bold=False, color=array([-1, -1, -1]), colorSpace='rgb', contrast=1.0, depth=-1.0, flipHoriz=False, flipVert=False, font='Noto Sans KR', fontFiles=[], height=0.05, italic=False, languageStyle='LTR', name='text', opacity=1.0, ori=0.0, pos=array([ 0. , -0.4]), rgb=UNKNOWN, text='스페이스로 넘어가세요', units='height', win=Window(...), wrapWidth=1)
13.7500 	EXP 	Created wth_background_inst = ImageStim(__class__=<class 'psychopy.visual.image.ImageStim'>, anchor=('center', 'center'), autoLog=True, color=array([1, 1, 1]), colorSpace='rgb', contrast=1.0, depth=0.0, flipHoriz=False, flipVert=False, image=str(...), interpolate=True, mask=None, maskParams=None, name='wth_background_inst', opacity=1.0, ori=0.0, pos=array([0., 0.]), size=array([1920., 1080.]), texRes=128.0, units='pix', win=Window(...))
13.7691 	EXP 	Created wth_text = TextStim(__class__=<class 'psychopy.visual.text.TextStim'>, alignHoriz=method-wrapper(...), alignText='center', alignVert=method-wrapper(...), anchorHoriz='center', anchorVert='center', antialias=True, autoDraw=False, autoLog=True, bold=False, color=array([-1, -1, -1]), colorSpace='rgb', contrast=1.0, depth=-1.0, flipHoriz=False, flipVert=False, font='Noto Sans KR', fontFiles=[], height=0.07, italic=False, languageStyle='LTR', name='wth_text', opacity=1.0, ori=0.0, pos=array([0., 0.]), rgb=UNKNOWN, text='단어연상 연습이 시작됩니다.', units='height', win=Window(...), wrapWidth=1)
14.4071 	EXP 	Created wth_background_6 = ImageStim(__class__=<class 'psychopy.visual.image.ImageStim'>, anchor=('center', 'center'), autoLog=True, color=array([1, 1, 1]), colorSpace='rgb', contrast=1.0, depth=0.0, flipHoriz=False, flipVert=False, image=str(...), interpolate=True, mask=None, maskParams=None, name='wth_background_6', opacity=1.0, ori=0.0, pos=array([0., 0.]), size=array([1920., 1080.]), texRes=128.0, units='pix', win=Window(...))
14.4175 	EXP 	Created wth_think_instr_2 = TextStim(__class__=<class 'psychopy.visual.text.TextStim'>, alignHoriz=method-wrapper(...), alignText='center', alignVert=method-wrapper(...), anchorHoriz='center', anchorVert='center', antialias=True, autoDraw=False, autoLog=True, bold=False, color=array([-1, -1, -1]), colorSpace='rgb', contrast=1.0, depth=-2.0, flipHoriz=False, flipVert=False, font='Noto Sans KR', fontFiles=[], height=0.07, italic=False, languageStyle='LTR', name='wth_think_instr_2', opacity=1.0, ori=0.0, pos=array([0. , 0.3]), rgb=UNKNOWN, text='자유롭게 생각하세요.', units='height', win=Window(...), wrapWidth=1)
14.4234 	EXP 	Created wth_think_cross_2 = ShapeStim(__class__=<class 'psychopy.visual.shape.ShapeStim'>, anchor=('center', 'center'), autoDraw=False, autoLog=True, closeShape=True, color=method-wrapper(...), colorSpace='rgb', contrast=None, depth=-3.0, fillColor=array([-1, -1, -1]), fillColorSpace='rgb', fillRGB=array([-1, -1, -1]), interpolate=True, lineColor=array([-1, -1, -1]), lineColorSpace='rgb', lineRGB=array([-1, -1, -1]), lineWidth=0.1, name='wth_think_cross_2', opacity=1.0, ori=0.0, pos=array([0., 0.]), size=array([0.07, 0.07]), units='height', vertices=ndarray(...), win=Window(...), windingRule=None)
15.0543 	EXP 	Created image_2 = ImageStim(__class__=<class 'psychopy.visual.image.ImageStim'>, anchor=('center', 'center'), autoLog=True, color=array([1, 1, 1]), colorSpace='rgb', contrast=1.0, depth=0.0, flipHoriz=False, flipVert=False, image=str(...), interpolate=True, mask=None, maskParams=None, name='image_2', opacity=1.0, ori=0.0, pos=array([0., 0.]), size=array([1920., 1080.]), texRes=128.0, units='pix', win=Window(...))
15.0752 	EXP 	Created wth_word_instr_4 = TextStim(__class__=<class 'psychopy.visual.text.TextStim'>, alignHoriz=method-wrapper(...), alignText='center', alignVert=method-wrapper(...), anchorHoriz='center', anchorVert='center', antialias=True, autoDraw=False, autoLog=True, bold=False, color=array([-1, -1, -1]), colorSpace='rgb', contrast=1.0, depth=-1.0, flipHoriz=False, flipVert=False, font='Noto Sans KR', fontFiles=[], height=0.07, italic=False, languageStyle='LTR', name='wth_word_instr_4', opacity=1.0, ori=0.0, pos=array([0.  , 0.25]), rgb=UNKNOWN, text='지금 무슨 생각을 하고 있는지\n단어나 구로 입력해주세요.', units='height', win=Window(...), wrapWidth=1)
15.6672 	EXP 	Created wth_background_7 = ImageStim(__class__=<class 'psychopy.visual.image.ImageStim'>, anchor=('center', 'center'), autoLog=True, color=array([1, 1, 1]), colorSpace='rgb', contrast=1.0, depth=0.0, flipHoriz=False, flipVert=False, image=str(...), interpolate=True, mask=None, maskParams=None, name='wth_background_7', opacity=1.0, ori=0.0, pos=array([0., 0.]), size=array([1920., 1080.]), texRes=128.0, units='pix', win=Window(...))
15.6678 	EXP 	Created wth_word_typed_2 = TextStim(__class__=<class 'psychopy.visual.text.TextStim'>, alignHoriz=method-wrapper(...), alignText='center', alignVert=method-wrapper(...), anchorHoriz='center', anchorVert='center', antialias=True, autoDraw=False, autoLog=True, bold=False, color=array([-1, -1, -1]), colorSpace='rgb', contrast=1.0, depth=-1.0, flipHoriz=False, flipVert=False, font='Noto Sans KR', fontFiles=[], height=0.07, italic=False, languageStyle='LTR', name='wth_word_typed_2', opacity=1.0, ori=0.0, pos=array([0. , 0.2]), rgb=UNKNOWN, text='', units='height', win=Window(...), wrapWidth=1)
15.6713 	EXP 	window1: mouseVisible = True
15.7303 	EXP 	Created wth_valence_rating_2 = Slider(__class__=<class 'psychopy.visual.slider.Slider'>, autoDraw=False, autoLog=True, borderColor=None, color=None, colorSpace='rgb', depth=-2, fillColor=None, flip=False, font='Noto Sans KR', granularity=0.0, labelColor=None, labelHeight=0.03, labelWrapWidth=None, labels=('부정', '중립', '긍정'), lineColor=None, markerColor=None, name='wth_valence_rating_2', opacity=None, ori=0.0, pos=array([-0.5, -0.1]), readOnly=False, self=UNKNOWN, size=array([0.45, 0.05]), startValue=None, style='rating', styleTweaks=[], ticks=array([-1,  0,  1]), units='height', win=Window(...))
15.7427 	EXP 	Created wth_valence_txt_2 = TextStim(__class__=<class 'psychopy.visual.text.TextStim'>, alignHoriz=method-wrapper(...), alignText='center', alignVert=method-wrapper(...), anchorHoriz='center', anchorVert='center', antialias=True, autoDraw=False, autoLog=True, bold=False, color=array([-1, -1, -1]), colorSpace='rgb', contrast=1.0, depth=-3.0, flipHoriz=False, flipVert=False, font='Noto Sans KR', fontFiles=[], height=0.04, italic=False, languageStyle='LTR', name='wth_valence_txt_2', opacity=1.0, ori=0.0, pos=array([-0.5 , -0.02]), rgb=UNKNOWN, text='단어에서 느껴지는 감정', units='height', win=Window(...), wrapWidth=1)
15.7532 	EXP 	Created wth_self_txt_2 = TextStim(__class__=<class 'psychopy.visual.text.TextStim'>, alignHoriz=method-wrapper(...), alignText='center', alignVert=method-wrapper(...), anchorHoriz='center', anchorVert='center', antialias=True, autoDraw=False, autoLog=True, bold=False, color=array([-1, -1, -1]), colorSpace='rgb', contrast=1.0, depth=-4.0, flipHoriz=False, flipVert=False, font='Noto Sans KR', fontFiles=[], height=0.04, italic=False, languageStyle='LTR', name='wth_self_txt_2', opacity=1.0, ori=0.0, pos=array([ 0.5 , -0.02]), rgb=UNKNOWN, text='단어가 자신과 관련이 있는 정도', units='height', win=Window(...), wrapWidth=1)
15.7547 	EXP 	window1: mouseVisible = True
15.8389 	EXP 	Created wth_self_rating_2 = Slider(__class__=<class 'psychopy.visual.slider.Slider'>, autoDraw=False, autoLog=True, borderColor=None, color=None, colorSpace='rgb', depth=-5, fillColor=None, flip=False, font='Noto Sans KR', granularity=0.0, labelColor=None, labelHeight=0.03, labelWrapWidth=None, labels=('전혀 나와 관련 없음', '나와 관련 매우 많음'), lineColor=None, markerColor=None, name='wth_self_rating_2', opacity=None, ori=0.0, pos=array([ 0.5, -0.1]), readOnly=False, self=UNKNOWN, size=array([0.45, 0.05]), startValue=None, style='rating', styleTweaks=[], ticks=array([0, 1]), units='height', win=Window(...))
15.8777 	EXP 	window1: mouseVisible = True
16.4604 	EXP 	Created wth_image_2 = ImageStim(__class__=<class 'psychopy.visual.image.ImageStim'>, anchor=('center', 'center'), autoLog=True, color=array([1, 1, 1]), colorSpace='rgb', contrast=1.0, depth=0.0, flipHoriz=False, flipVert=False, image=str(...), interpolate=True, mask=None, maskParams=None, name='wth_image_2', opacity=1.0, ori=0.0, pos=array([0., 0.]), size=array([1920., 1080.]), texRes=128.0, units='pix', win=Window(...))
16.4766 	EXP 	Created wth_text_4 = TextStim(__class__=<class 'psychopy.visual.text.TextStim'>, alignHoriz=method-wrapper(...), alignText='center', alignVert=method-wrapper(...), anchorHoriz='center', anchorVert='center', antialias=True, autoDraw=False, autoLog=True, bold=False, color=array([-1, -1, -1]), colorSpace='rgb', contrast=1.0, depth=-1.0, flipHoriz=False, flipVert=False, font='Noto Sans KR', fontFiles=[], height=0.07, italic=False, languageStyle='LTR', name='wth_text_4', opacity=1.0, ori=0.0, pos=array([0., 0.]), rgb=UNKNOWN, text='연습을 다시 하시겠습니까?\n\n다시연습 : y\n\n넘어가기 : n', units='height', win=Window(...), wrapWidth=1)
17.0521 	EXP 	Created wth_background_inst_2 = ImageStim(__class__=<class 'psychopy.visual.image.ImageStim'>, anchor=('center', 'center'), autoLog=True, color=array([1, 1, 1]), colorSpace='rgb', contrast=1.0, depth=0.0, flipHoriz=False, flipVert=False, image=str(...), interpolate=True, mask=None, maskParams=None, name='wth_background_inst_2', opacity=1.0, ori=0.0, pos=array([0., 0.]), size=array([1920., 1080.]), texRes=128.0, units='pix', win=Window(...))
17.0766 	EXP 	Created wth_text_2 = TextStim(__class__=<class 'psychopy.visual.text.TextStim'>, alignHoriz=method-wrapper(...), alignText='center', alignVert=method-wrapper(...), anchorHoriz='center', anchorVert='center', antialias=True, autoDraw=False, autoLog=True, bold=False, color=array([-1, -1, -1]), colorSpace='rgb', contrast=1.0, depth=-1.0, flipHoriz=False, flipVert=False, font='Noto Sans KR', fontFiles=[], height=0.07, italic=False, languageStyle='LTR', name='wth_text_2', opacity=1.0, ori=0.0, pos=array([0., 0.]), rgb=UNKNOWN, text=str(...), units='height', win=Window(...), wrapWidth=1)
17.6547 	EXP 	Created image_3 = ImageStim(__class__=<class 'psychopy.visual.image.ImageStim'>, anchor=('center', 'center'), autoLog=True, color=array([1, 1, 1]), colorSpace='rgb', contrast=1.0, depth=0.0, flipHoriz=False, flipVert=False, image=str(...), interpolate=True, mask=None, maskParams=None, name='image_3', opacity=1.0, ori=0.0, pos=array([0., 0.]), size=array([1920., 1080.]), texRes=128.0, units='pix', win=Window(...))
17.6563 	EXP 	Created text_2 = TextStim(__class__=<class 'psychopy.visual.text.TextStim'>, alignHoriz=method-wrapper(...), alignText='center', alignVert=method-wrapper(...), anchorHoriz='center', anchorVert='center', antialias=True, autoDraw=False, autoLog=True, bold=False, color=array([1, 1, 1]), colorSpace='rgb', contrast=1.0, depth=-1.0, flipHoriz=False, flipVert=False, font='Noto Sans KR', fontFiles=[], height=0.07, italic=False, languageStyle='LTR', name='text_2', opacity=1.0, ori=0.0, pos=array([0., 0.]), rgb=UNKNOWN, text='시작', units='height', win=Window(...), wrapWidth=1)
18.2259 	EXP 	Created wth_background = ImageStim(__class__=<class 'psychopy.visual.image.ImageStim'>, anchor=('center', 'center'), autoLog=True, color=array([1, 1, 1]), colorSpace='rgb', contrast=1.0, depth=0.0, flipHoriz=False, flipVert=False, image=str(...), interpolate=True, mask=None, maskParams=None, name='wth_background', opacity=1.0, ori=0.0, pos=array([0., 0.]), size=array([2., 1.]), texRes=128.0, units='height', win=Window(...))
18.2441 	EXP 	Created wth_think_instr = TextStim(__class__=<class 'psychopy.visual.text.TextStim'>, alignHoriz=method-wrapper(...), alignText='center', alignVert=method-wrapper(...), anchorHoriz='center', anchorVert='center', antialias=True, autoDraw=False, autoLog=True, bold=False, color=array([-1, -1, -1]), colorSpace='rgb', contrast=1.0, depth=-2.0, flipHoriz=False, flipVert=False, font='Arial', fontFiles=[], height=0.07, italic=False, languageStyle='LTR', name='wth_think_instr', opacity=1.0, ori=0.0, pos=array([0. , 0.3]), rgb=UNKNOWN, text='자유롭게 생각하세요.', units='height', win=Window(...), wrapWidth=1)
18.2452 	EXP 	Created wth_think_cross = ShapeStim(__class__=<class 'psychopy.visual.shape.ShapeStim'>, anchor=('center', 'center'), autoDraw=False, autoLog=True, closeShape=True, color=method-wrapper(...), colorSpace='rgb', contrast=None, depth=-3.0, fillColor=array([-1, -1, -1]), fillColorSpace='rgb', fillRGB=array([-1, -1, -1]), interpolate=True, lineColor=array([-1, -1, -1]), lineColorSpace='rgb', lineRGB=array([-1, -1, -1]), lineWidth=0.1, name='wth_think_cross', opacity=1.0, ori=0.0, pos=array([0., 0.]), size=array([0.07, 0.07]), units='height', vertices=ndarray(...), win=Window(...), windingRule=None)
18.8196 	EXP 	Created wth_background_2 = ImageStim(__class__=<class 'psychopy.visual.image.ImageStim'>, anchor=('center', 'center'), autoLog=True, color=array([1, 1, 1]), colorSpace='rgb', contrast=1.0, depth=0.0, flipHoriz=False, flipVert=False, image=str(...), interpolate=True, mask=None, maskParams=None, name='wth_background_2', opacity=1.0, ori=0.0, pos=array([0., 0.]), size=array([1920., 1080.]), texRes=128.0, units='pix', win=Window(...))
18.8483 	EXP 	Created wth_word_instr = TextStim(__class__=<class 'psychopy.visual.text.TextStim'>, alignHoriz=method-wrapper(...), alignText='center', alignVert=method-wrapper(...), anchorHoriz='center', anchorVert='center', antialias=True, autoDraw=False, autoLog=True, bold=False, color=array([-1, -1, -1]), colorSpace='rgb', contrast=1.0, depth=-1.0, flipHoriz=False, flipVert=False, font='Arial', fontFiles=[], height=0.05, italic=False, languageStyle='LTR', name='wth_word_instr', opacity=1.0, ori=0.0, pos=array([0.  , 0.25]), rgb=UNKNOWN, text=str(...), units='height', win=Window(...), wrapWidth=1)
18.8570 	EXP 	window1: mouseVisible = True
19.4816 	EXP 	Created wth_background_3 = ImageStim(__class__=<class 'psychopy.visual.image.ImageStim'>, anchor=('center', 'center'), autoLog=True, color=array([1, 1, 1]), colorSpace='rgb', contrast=1.0, depth=0.0, flipHoriz=False, flipVert=False, image=str(...), interpolate=True, mask=None, maskParams=None, name='wth_background_3', opacity=1.0, ori=0.0, pos=array([0., 0.]), size=array([1920., 1080.]), texRes=128.0, units='pix', win=Window(...))
19.4830 	EXP 	Created wth_word_typed = TextStim(__class__=<class 'psychopy.visual.text.TextStim'>, alignHoriz=method-wrapper(...), alignText='center', alignVert=method-wrapper(...), anchorHoriz='center', anchorVert='center', antialias=True, autoDraw=False, autoLog=True, bold=False, color=array([-1, -1, -1]), colorSpace='rgb', contrast=1.0, depth=-1.0, flipHoriz=False, flipVert=False, font='Arial', fontFiles=[], height=0.1, italic=False, languageStyle='LTR', name='wth_word_typed', opacity=1.0, ori=0.0, pos=array([0. , 0.2]), rgb=UNKNOWN, text='', units='height', win=Window(...), wrapWidth=1)
19.4845 	EXP 	window1: mouseVisible = True
19.5185 	EXP 	Created wth_valence_rating = Slider(__class__=<class 'psychopy.visual.slider.Slider'>, autoDraw=False, autoLog=True, borderColor=None, color=None, colorSpace='rgb', depth=-2, fillColor=None, flip=False, font='Noto Sans KR', granularity=0.0, labelColor=None, labelHeight=0.03, labelWrapWidth=None, labels=('부정', '중립', '긍정'), lineColor=None, markerColor=None, name='wth_valence_rating', opacity=None, ori=0.0, pos=array([-0.5, -0.1]), readOnly=False, self=UNKNOWN, size=array([0.45, 0.05]), startValue=None, style='rating', styleTweaks=[], ticks=array([-1,  0,  1]), units='height', win=Window(...))
19.5279 	EXP 	Created wth_valence_txt = TextStim(__class__=<class 'psychopy.visual.text.TextStim'>, alignHoriz=method-wrapper(...), alignText='center', alignVert=method-wrapper(...), anchorHoriz='center', anchorVert='center', antialias=True, autoDraw=False, autoLog=True, bold=False, color=array([-1, -1, -1]), colorSpace='rgb', contrast=1.0, depth=-3.0, flipHoriz=False, flipVert=False, font='Arial', fontFiles=[], height=0.04, italic=False, languageStyle='LTR', name='wth_valence_txt', opacity=1.0, ori=0.0, pos=array([-0.5 , -0.02]), rgb=UNKNOWN, text='단어에서 느껴지는 감정', units='height', win=Window(...), wrapWidth=1)
19.5379 	EXP 	Created wth_self_txt = TextStim(__class__=<class 'psychopy.visual.text.TextStim'>, alignHoriz=method-wrapper(...), alignText='center', alignVert=method-wrapper(...), anchorHoriz='center', anchorVert='center', antialias=True, autoDraw=False, autoLog=True, bold=False, color=array([-1, -1, -1]), colorSpace='rgb', contrast=1.0, depth=-4.0, flipHoriz=False, flipVert=False, font='Arial', fontFiles=[], height=0.04, italic=False, languageStyle='LTR', name='wth_self_txt', opacity=1.0, ori=0.0, pos=array([ 0.4 , -0.02]), rgb=UNKNOWN, text='단어가 자신과 관련이 있는 정도', units='height', win=Window(...), wrapWidth=1)
19.5394 	EXP 	window1: mouseVisible = True
19.5659 	EXP 	Created wth_self_rating = Slider(__class__=<class 'psychopy.visual.slider.Slider'>, autoDraw=False, autoLog=True, borderColor=None, color=None, colorSpace='rgb', depth=-5, fillColor=None, flip=False, font='Noto Sans KR', granularity=0.0, labelColor=None, labelHeight=0.03, labelWrapWidth=None, labels=('전혀 나와 관련이 없음', '나와 관련이 매우 많음'), lineColor=None, markerColor=None, name='wth_self_rating', opacity=None, ori=0.0, pos=array([ 0.4, -0.1]), readOnly=False, self=UNKNOWN, size=array([0.45, 0.05]), startValue=None, style='rating', styleTweaks=[], ticks=array([0, 1]), units='height', win=Window(...))
19.5704 	EXP 	window1: mouseVisible = True
19.5795 	EXP 	Created exp_end_back = ImageStim(__class__=<class 'psychopy.visual.image.ImageStim'>, anchor=('center', 'center'), autoLog=True, color=array([1, 1, 1]), colorSpace='rgb', contrast=1.0, depth=-1.0, flipHoriz=False, flipVert=False, image='pics/blank.png', interpolate=True, mask=None, maskParams=None, name='exp_end_back', opacity=1.0, ori=0.0, pos=array([0., 0.]), size=array([3., 1.]), texRes=128.0, units='height', win=Window(...))
19.6075 	EXP 	Created exp_end_text = TextStim(__class__=<class 'psychopy.visual.text.TextStim'>, alignHoriz=method-wrapper(...), alignText='center', alignVert=method-wrapper(...), anchorHoriz='center', anchorVert='center', antialias=True, autoDraw=False, autoLog=True, bold=False, color=array([-1, -1, -1]), colorSpace='rgb', contrast=1.0, depth=-2.0, flipHoriz=False, flipVert=False, font='Noto Sans KR', fontFiles=[], height=0.04, italic=False, languageStyle='LTR', name='exp_end_text', opacity=1.0, ori=0.0, pos=array([0., 0.]), rgb=UNKNOWN, text=str(...), units='height', win=Window(...), wrapWidth=1)
19.6193 	EXP 	Created total_end_text = TextStim(__class__=<class 'psychopy.visual.text.TextStim'>, alignHoriz=method-wrapper(...), alignText='center', alignVert=method-wrapper(...), anchorHoriz='center', anchorVert='center', antialias=True, autoDraw=False, autoLog=True, bold=False, color=array([1, 1, 1]), colorSpace='rgb', contrast=1.0, depth=0.0, flipHoriz=False, flipVert=False, font='Arial', fontFiles=[], height=0.04, italic=False, languageStyle='LTR', name='total_end_text', opacity=1.0, ori=0.0, pos=array([0., 0.]), rgb=UNKNOWN, text='참여해주셔서 감사합니다.\n자동으로 종료됩니다.', units='height', win=Window(...), wrapWidth=1)
19.6356 	EXP 	wth_movie: autoLog = True
19.6356 	EXP 	wth_movie: movie = 'ins/weather_intro.mp4'
19.6356 	EXP 	wth_movie: ori = 0.0
19.6356 	EXP 	wth_valence_rating_2: autoLog = True
19.6356 	EXP 	wth_valence_rating_2: markerPos = None
19.6356 	EXP 	wth_valence_rating_2: styleTweaks = []
19.6356 	EXP 	wth_valence_rating_2: styleTweaks = []
19.6356 	EXP 	wth_valence_rating_2: styleTweaks = []
19.6356 	EXP 	wth_valence_rating_2: styleTweaks = []
19.6356 	EXP 	wth_valence_rating_2: contrast = 1.0
19.6356 	EXP 	wth_valence_rating_2: autoLog = True
19.6356 	EXP 	wth_self_rating_2: autoLog = True
19.6356 	EXP 	wth_self_rating_2: markerPos = None
19.6356 	EXP 	wth_self_rating_2: styleTweaks = []
19.6356 	EXP 	wth_self_rating_2: styleTweaks = []
19.6356 	EXP 	wth_self_rating_2: styleTweaks = []
19.6356 	EXP 	wth_self_rating_2: styleTweaks = []
19.6356 	EXP 	wth_self_rating_2: contrast = 1.0
19.6356 	EXP 	wth_self_rating_2: autoLog = True
19.6356 	EXP 	wth_valence_rating: autoLog = True
19.6356 	EXP 	wth_valence_rating: markerPos = None
19.6356 	EXP 	wth_valence_rating: styleTweaks = []
19.6356 	EXP 	wth_valence_rating: styleTweaks = []
19.6356 	EXP 	wth_valence_rating: styleTweaks = []
19.6356 	EXP 	wth_valence_rating: styleTweaks = []
19.6356 	EXP 	wth_valence_rating: contrast = 1.0
19.6356 	EXP 	wth_valence_rating: autoLog = True
19.6356 	EXP 	wth_self_rating: autoLog = True
19.6356 	EXP 	wth_self_rating: markerPos = None
19.6356 	EXP 	wth_self_rating: styleTweaks = []
19.6356 	EXP 	wth_self_rating: styleTweaks = []
19.6356 	EXP 	wth_self_rating: styleTweaks = []
19.6356 	EXP 	wth_self_rating: styleTweaks = []
19.6356 	EXP 	wth_self_rating: contrast = 1.0
19.6356 	EXP 	wth_self_rating: autoLog = True
19.6356 	EXP 	image: autoDraw = True
20.3195 	EXP 	Created sequence: random, trialTypes=1, nReps=1, seed=None
20.3196 	EXP 	New trial (rep=0, index=0): None
20.3202 	DATA 	Keypress: space
20.3333 	EXP 	image: autoDraw = False
22.3350 	EXP 	wth_movie: autoDraw = True
22.3350 	EXP 	text: autoDraw = True
22.8863 	DATA 	Keypress: space
22.9030 	EXP 	Created sequence: sequential, trialTypes=1, nReps=99, seed=None
22.9033 	EXP 	New trial (rep=0, index=0): None
22.9849 	EXP 	wth_movie: autoDraw = False
22.9849 	EXP 	text: autoDraw = False
22.9849 	EXP 	wth_background_inst: autoDraw = True
23.9021 	EXP 	wth_text: autoDraw = True
25.9017 	EXP 	wth_text: autoDraw = False
27.9690 	EXP 	window1: mouseVisible = False
28.0005 	EXP 	wth_background_inst: autoDraw = False
28.0005 	EXP 	wth_background_inst: autoDraw = False
28.0005 	EXP 	wth_text: autoDraw = False
28.0005 	EXP 	wth_background_6: autoDraw = True
28.0005 	EXP 	wth_think_instr_2: autoDraw = True
28.0005 	EXP 	wth_think_cross_2: autoDraw = True
32.9854 	EXP 	window1: mouseVisible = True
32.9855 	EXP 	window1: mouseVisible = True
33.0167 	EXP 	wth_background_6: autoDraw = False
33.0167 	EXP 	wth_think_instr_2: autoDraw = False
33.0167 	EXP 	wth_think_cross_2: autoDraw = False
33.0167 	EXP 	wth_background_6: autoDraw = False
33.0167 	EXP 	wth_think_instr_2: autoDraw = False
33.0167 	EXP 	wth_think_cross_2: autoDraw = False
33.0167 	EXP 	image_2: autoDraw = True
33.0167 	EXP 	wth_word_instr_4: autoDraw = True
37.5639 	EXP 	image_2: autoDraw = False
37.5639 	EXP 	wth_word_instr_4: autoDraw = False
37.5639 	EXP 	wth_word_typed_2: height = 0.07
37.5639 	EXP 	wth_word_typed_2: height = 0.07
37.5639 	EXP 	wth_word_typed_2: height = 0.07
37.5639 	EXP 	wth_word_typed_2: text = '999'
37.5639 	EXP 	wth_valence_rating_2: markerPos = None
37.5639 	EXP 	wth_valence_rating_2: markerPos = None
37.5639 	EXP 	wth_self_rating_2: markerPos = None
37.5639 	EXP 	wth_self_rating_2: markerPos = None
37.5639 	EXP 	wth_background_7: autoDraw = True
37.5639 	EXP 	wth_word_typed_2: autoDraw = True
37.5639 	EXP 	wth_valence_rating_2: autoDraw = True
37.5639 	EXP 	wth_valence_txt_2: autoDraw = True
37.5639 	EXP 	wth_self_txt_2: autoDraw = True
37.5639 	EXP 	wth_self_rating_2: autoDraw = True
39.4382 	DATA 	Mouse: Left button down, pos=(348,415)
39.4648 	EXP 	wth_valence_rating_2: markerPos = -0.2962962962962963
39.4811 	EXP 	wth_valence_rating_2: markerPos = -0.2962962962962963
39.4980 	EXP 	wth_valence_rating_2: markerPos = -0.2962962962962963
39.5147 	EXP 	wth_valence_rating_2: markerPos = -0.2962962962962963
39.5311 	EXP 	wth_valence_rating_2: markerPos = -0.2962962962962963
39.5480 	EXP 	wth_valence_rating_2: markerPos = -0.2962962962962963
39.5647 	EXP 	wth_valence_rating_2: markerPos = -0.2962962962962963
39.5752 	DATA 	Mouse:  Left button up, pos=(348,415)
39.5816 	EXP 	wth_valence_rating_2: markerPos = -0.2962962962962963
39.5979 	EXP 	wth_valence_rating_2: markerPos = -0.2962962962962963
40.6661 	DATA 	Mouse: Left button down, pos=(1545,436)
40.6811 	EXP 	wth_self_rating_2: markerPos = 0.5925925925925926
40.6979 	EXP 	wth_self_rating_2: markerPos = 0.5925925925925926
40.7147 	EXP 	wth_self_rating_2: markerPos = 0.5925925925925926
40.7312 	EXP 	wth_self_rating_2: markerPos = 0.5925925925925926
40.7475 	EXP 	wth_self_rating_2: markerPos = 0.5925925925925926
40.7644 	EXP 	wth_self_rating_2: markerPos = 0.5925925925925926
40.7810 	EXP 	wth_self_rating_2: markerPos = 0.5925925925925926
40.7975 	EXP 	wth_self_rating_2: markerPos = 0.5925925925925926
40.8144 	EXP 	wth_self_rating_2: markerPos = 0.5925925925925926
40.8311 	EXP 	wth_self_rating_2: markerPos = 0.5925925925925926
40.8479 	EXP 	wth_self_rating_2: markerPos = 0.5925925925925926
40.8644 	EXP 	wth_self_rating_2: markerPos = 0.5925925925925926
40.8811 	EXP 	wth_self_rating_2: markerPos = 0.5925925925925926
40.8976 	EXP 	wth_self_rating_2: markerPos = 0.5925925925925926
40.9146 	EXP 	wth_self_rating_2: markerPos = 0.5925925925925926
40.9313 	EXP 	wth_self_rating_2: markerPos = 0.5925925925925926
40.9477 	EXP 	wth_self_rating_2: markerPos = 0.5925925925925926
40.9644 	EXP 	wth_self_rating_2: markerPos = 0.5925925925925926
40.9807 	EXP 	wth_self_rating_2: markerPos = 0.5925925925925926
40.9977 	EXP 	wth_self_rating_2: markerPos = 0.5925925925925926
41.0145 	EXP 	wth_self_rating_2: markerPos = 0.5925925925925926
41.0313 	EXP 	wth_self_rating_2: markerPos = 0.5925925925925926
41.0636 	EXP 	wth_self_rating_2: markerPos = 0.5925925925925926
41.0814 	EXP 	wth_self_rating_2: markerPos = 0.5946502057613169
41.1137 	EXP 	wth_self_rating_2: markerPos = 0.6111111111111112
41.1312 	EXP 	wth_self_rating_2: markerPos = 0.6563786008230452
41.1474 	EXP 	wth_self_rating_2: markerPos = 0.7016460905349794
41.1802 	EXP 	wth_self_rating_2: markerPos = 0.7386831275720165
41.1977 	EXP 	wth_self_rating_2: markerPos = 0.7674897119341564
41.2144 	EXP 	wth_self_rating_2: markerPos = 0.7716049382716049
41.2311 	EXP 	wth_self_rating_2: markerPos = 0.7757201646090535
41.2477 	EXP 	wth_self_rating_2: markerPos = 0.7757201646090535
41.2642 	EXP 	wth_self_rating_2: markerPos = 0.7757201646090535
41.2811 	EXP 	wth_self_rating_2: markerPos = 0.7757201646090535
41.3136 	EXP 	wth_self_rating_2: markerPos = 0.7757201646090535
41.3312 	EXP 	wth_self_rating_2: markerPos = 0.7736625514403292
41.3477 	EXP 	wth_self_rating_2: markerPos = 0.7736625514403292
41.3644 	EXP 	wth_self_rating_2: markerPos = 0.7736625514403292
41.3812 	EXP 	wth_self_rating_2: markerPos = 0.7736625514403292
41.3977 	EXP 	wth_self_rating_2: markerPos = 0.7736625514403292
41.4144 	EXP 	wth_self_rating_2: markerPos = 0.7736625514403292
41.4308 	EXP 	wth_self_rating_2: markerPos = 0.7736625514403292
41.4477 	EXP 	wth_self_rating_2: markerPos = 0.7736625514403292
41.4806 	EXP 	wth_self_rating_2: markerPos = 0.7736625514403292
41.4977 	EXP 	wth_self_rating_2: markerPos = 0.7736625514403292
41.5148 	EXP 	wth_self_rating_2: markerPos = 0.7736625514403292
41.5309 	EXP 	wth_self_rating_2: markerPos = 0.7736625514403292
41.5477 	EXP 	wth_self_rating_2: markerPos = 0.7736625514403292
41.5642 	EXP 	wth_self_rating_2: markerPos = 0.7736625514403292
41.5808 	EXP 	wth_self_rating_2: markerPos = 0.7736625514403292
41.5826 	DATA 	Mouse:  Left button up, pos=(1633,434)
41.5977 	EXP 	wth_self_rating_2: markerPos = 0.7736625514403292
42.5051 	DATA 	Mouse: Left button down, pos=(979,93)
42.5365 	EXP 	window1: fullscr = True
42.6114 	EXP 	wth_background_7: autoDraw = False
42.6114 	EXP 	wth_word_typed_2: autoDraw = False
42.6114 	EXP 	wth_valence_rating_2: autoDraw = False
42.6114 	EXP 	wth_valence_txt_2: autoDraw = False
42.6114 	EXP 	wth_self_txt_2: autoDraw = False
42.6114 	EXP 	wth_self_rating_2: autoDraw = False
42.6114 	EXP 	wth_image_2: autoDraw = True
42.6114 	EXP 	wth_text_4: autoDraw = True
42.6136 	DATA 	Mouse:  Left button up, pos=(979,93)
47.2575 	DATA 	Keypress: n
47.2782 	EXP 	wth_image_2: autoDraw = False
47.2782 	EXP 	wth_text_4: autoDraw = False
47.2782 	EXP 	wth_background_inst_2: autoDraw = True
47.2782 	EXP 	wth_text_2: autoDraw = True
48.5298 	DATA 	Mouse: Left button down, pos=(937,171)
48.6797 	DATA 	Mouse:  Left button up, pos=(937,171)
55.3704 	DATA 	Keypress: space
55.3760 	EXP 	wth_background_inst_2: autoDraw = False
55.3760 	EXP 	wth_text_2: autoDraw = False
55.3760 	EXP 	image_3: autoDraw = True
56.3436 	EXP 	text_2: autoDraw = True
58.3431 	EXP 	text_2: autoDraw = False
59.3600 	EXP 	Created sequence: sequential, trialTypes=1, nReps=4, seed=None
59.3603 	EXP 	New trial (rep=0, index=0): None
59.3604 	EXP 	window1: mouseVisible = False
59.4098 	EXP 	image_3: autoDraw = False
59.4098 	EXP 	text_2: autoDraw = False
59.4098 	EXP 	wth_think_instr: font = 'exp_font'
59.4098 	EXP 	wth_background: autoDraw = True
59.4098 	EXP 	wth_think_instr: autoDraw = True
59.4098 	EXP 	wth_think_cross: autoDraw = True
59.4098 	EXP 	wth_think_instr: height = 0.07
59.4098 	EXP 	wth_think_instr: height = 0.07
59.4098 	EXP 	wth_think_instr: height = 0.07
59.4098 	EXP 	wth_think_instr: text = '자유롭게 생각하세요.'
66.1517 	EXP 	window1: mouseVisible = True
