2.2811 	WARNING 	We strongly recommend you activate the PTB sound engine in PsychoPy prefs as the preferred audio engine. Its timing is vastly superior. Your prefs are currently set to use ['sounddevice', 'PTB', 'pyo', 'pygame'] (in that order).
7.1858 	EXP 	Created window1 = Window(allowGUI=True, allowStencil=False, autoLog=True, backendConf=UNKNOWN, bitsMode=UNKNOWN, blendMode='avg', bpc=(8, 8, 8), color=array([0., 0., 0.]), colorSpace='hsv', depthBits=8, fullscr=<method-wrapper '__getattribute__' of attributeSetter object at 0x000002285E442D90>, gamma=None, gammaErrorPolicy='raise', lms=UNKNOWN, monitor=<psychopy.monitors.calibTools.Monitor object at 0x000002285F41B310>, multiSample=False, name='window1', numSamples=2, pos=(0, 0), screen=0, size=array([1920, 1080]), stencilBits=0, stereo=False, units='height', useFBO=True, useRetina=False, viewOri=0.0, viewPos=None, viewScale=None, waitBlanking=True, winType='pyglet')
7.1859 	EXP 	window1: mouseVisible = True
7.1860 	EXP 	window1: mouseVisible = True
7.1860 	EXP 	window1: Attempting to measure frame rate of screen (0) ...
7.1860 	EXP 	window1: recordFrameIntervals = False
7.3528 	EXP 	window1: recordFrameIntervals = True
7.5357 	EXP 	Screen (0) actual frame rate measured at 60.26Hz
7.5358 	EXP 	window1: recordFrameIntervals = False
7.5642 	WARNING 	launchHubServer: If using the iohub mouse or eyetracker devices, fullScr should be True.
9.2167 	EXP 	Created image = ImageStim(__class__=<class 'psychopy.visual.image.ImageStim'>, anchor=('center', 'center'), autoLog=True, color=array([1, 1, 1]), colorSpace='rgb', contrast=1.0, depth=0.0, flipHoriz=False, flipVert=False, image='fis_artwork/general_instruction.png', interpolate=True, mask=None, maskParams=None, name='image', opacity=1.0, ori=0.0, pos=array([0., 0.]), size=array([1920., 1080.]), texRes=128.0, units='pix', win=Window(...))
9.3527 	EXP 	Created wth_movie = MovieStim3(__class__=<class 'psychopy.visual.movie3.MovieStim3'>, anchor=('center', 'center'), autoLog=True, color=UNKNOWN, colorSpace=UNKNOWN, depth=0.0, filename='ins/weather_intro.mp4', flipHoriz=False, flipVert=False, fps=UNKNOWN, interpolate=True, loop=False, name='wth_movie', noAudio=False, opacity=1, ori=method-wrapper(...), pos=array([0., 0.]), size=None, units='pix', vframe_callback=UNKNOWN, volume=UNKNOWN, win=Window(...))
10.8791 	WARNING 	1.5264345000000503: Video catchup needed, advancing self._nextFrameT from 0.0 to 0.041666666666666664
10.8792 	WARNING 	1.5264643000000433: Video catchup needed, advancing self._nextFrameT from 0.041666666666666664 to 0.08333333333333333
10.8792 	WARNING 	1.5264749000002666: Video catchup needed, advancing self._nextFrameT from 0.08333333333333333 to 0.125
10.8792 	WARNING 	1.5264838000002783: Video catchup needed, advancing self._nextFrameT from 0.125 to 0.16666666666666666
10.8792 	WARNING 	1.5264924000002793: Video catchup needed, advancing self._nextFrameT from 0.16666666666666666 to 0.20833333333333331
10.8792 	WARNING 	1.5265012999998362: Video catchup needed, advancing self._nextFrameT from 0.20833333333333331 to 0.24999999999999997
10.8792 	WARNING 	1.5265103000001545: Video catchup needed, advancing self._nextFrameT from 0.24999999999999997 to 0.29166666666666663
10.8792 	WARNING 	1.5265190000000075: Video catchup needed, advancing self._nextFrameT from 0.29166666666666663 to 0.3333333333333333
10.8792 	WARNING 	1.5265276000000085: Video catchup needed, advancing self._nextFrameT from 0.3333333333333333 to 0.375
10.8792 	WARNING 	1.5265362000000096: Video catchup needed, advancing self._nextFrameT from 0.375 to 0.4166666666666667
10.8792 	WARNING 	Max reportNDroppedFrames reached, will not log any more dropped frames
11.0840 	EXP 	Created text = TextStim(__class__=<class 'psychopy.visual.text.TextStim'>, alignHoriz=method-wrapper(...), alignText='center', alignVert=method-wrapper(...), anchorHoriz='center', anchorVert='center', antialias=True, autoDraw=False, autoLog=True, bold=False, color=array([-1, -1, -1]), colorSpace='rgb', contrast=1.0, depth=-1.0, flipHoriz=False, flipVert=False, font='Noto Sans KR', fontFiles=[], height=0.05, italic=False, languageStyle='LTR', name='text', opacity=1.0, ori=0.0, pos=array([ 0. , -0.4]), rgb=UNKNOWN, text='스페이스로 넘어가세요', units='height', win=Window(...), wrapWidth=1)
11.6820 	EXP 	Created wth_background_inst = ImageStim(__class__=<class 'psychopy.visual.image.ImageStim'>, anchor=('center', 'center'), autoLog=True, color=array([1, 1, 1]), colorSpace='rgb', contrast=1.0, depth=0.0, flipHoriz=False, flipVert=False, image=str(...), interpolate=True, mask=None, maskParams=None, name='wth_background_inst', opacity=1.0, ori=0.0, pos=array([0., 0.]), size=array([1920., 1080.]), texRes=128.0, units='pix', win=Window(...))
11.7056 	EXP 	Created wth_text = TextStim(__class__=<class 'psychopy.visual.text.TextStim'>, alignHoriz=method-wrapper(...), alignText='center', alignVert=method-wrapper(...), anchorHoriz='center', anchorVert='center', antialias=True, autoDraw=False, autoLog=True, bold=False, color=array([-1, -1, -1]), colorSpace='rgb', contrast=1.0, depth=-1.0, flipHoriz=False, flipVert=False, font='Noto Sans KR', fontFiles=[], height=0.07, italic=False, languageStyle='LTR', name='wth_text', opacity=1.0, ori=0.0, pos=array([0., 0.]), rgb=UNKNOWN, text='단어연상 연습이 시작됩니다.', units='height', win=Window(...), wrapWidth=1)
12.3429 	EXP 	Created wth_background_6 = ImageStim(__class__=<class 'psychopy.visual.image.ImageStim'>, anchor=('center', 'center'), autoLog=True, color=array([1, 1, 1]), colorSpace='rgb', contrast=1.0, depth=0.0, flipHoriz=False, flipVert=False, image=str(...), interpolate=True, mask=None, maskParams=None, name='wth_background_6', opacity=1.0, ori=0.0, pos=array([0., 0.]), size=array([1920., 1080.]), texRes=128.0, units='pix', win=Window(...))
12.3545 	EXP 	Created wth_think_instr_2 = TextStim(__class__=<class 'psychopy.visual.text.TextStim'>, alignHoriz=method-wrapper(...), alignText='center', alignVert=method-wrapper(...), anchorHoriz='center', anchorVert='center', antialias=True, autoDraw=False, autoLog=True, bold=False, color=array([-1, -1, -1]), colorSpace='rgb', contrast=1.0, depth=-2.0, flipHoriz=False, flipVert=False, font='Noto Sans KR', fontFiles=[], height=0.07, italic=False, languageStyle='LTR', name='wth_think_instr_2', opacity=1.0, ori=0.0, pos=array([0. , 0.3]), rgb=UNKNOWN, text='자유롭게 생각하세요.', units='height', win=Window(...), wrapWidth=1)
12.3674 	EXP 	Created wth_think_cross_2 = ShapeStim(__class__=<class 'psychopy.visual.shape.ShapeStim'>, anchor=('center', 'center'), autoDraw=False, autoLog=True, closeShape=True, color=method-wrapper(...), colorSpace='rgb', contrast=None, depth=-3.0, fillColor=array([-1, -1, -1]), fillColorSpace='rgb', fillRGB=array([-1, -1, -1]), interpolate=True, lineColor=array([-1, -1, -1]), lineColorSpace='rgb', lineRGB=array([-1, -1, -1]), lineWidth=0.1, name='wth_think_cross_2', opacity=1.0, ori=0.0, pos=array([0., 0.]), size=array([0.07, 0.07]), units='height', vertices=ndarray(...), win=Window(...), windingRule=None)
13.0065 	EXP 	Created image_2 = ImageStim(__class__=<class 'psychopy.visual.image.ImageStim'>, anchor=('center', 'center'), autoLog=True, color=array([1, 1, 1]), colorSpace='rgb', contrast=1.0, depth=0.0, flipHoriz=False, flipVert=False, image=str(...), interpolate=True, mask=None, maskParams=None, name='image_2', opacity=1.0, ori=0.0, pos=array([0., 0.]), size=array([1920., 1080.]), texRes=128.0, units='pix', win=Window(...))
13.0070 	EXP 	Created wth_word_instr_4 = TextStim(__class__=<class 'psychopy.visual.text.TextStim'>, alignHoriz=method-wrapper(...), alignText='center', alignVert=method-wrapper(...), anchorHoriz='center', anchorVert='center', antialias=True, autoDraw=False, autoLog=True, bold=False, color=array([-1, -1, -1]), colorSpace='rgb', contrast=1.0, depth=-1.0, flipHoriz=False, flipVert=False, font='Noto Sans KR', fontFiles=[], height=0.05, italic=False, languageStyle='LTR', name='wth_word_instr_4', opacity=1.0, ori=0.0, pos=array([0.  , 0.25]), rgb=UNKNOWN, text='', units='height', win=Window(...), wrapWidth=1)
13.6970 	EXP 	Created wth_background_7 = ImageStim(__class__=<class 'psychopy.visual.image.ImageStim'>, anchor=('center', 'center'), autoLog=True, color=array([1, 1, 1]), colorSpace='rgb', contrast=1.0, depth=0.0, flipHoriz=False, flipVert=False, image=str(...), interpolate=True, mask=None, maskParams=None, name='wth_background_7', opacity=1.0, ori=0.0, pos=array([0., 0.]), size=array([1920., 1080.]), texRes=128.0, units='pix', win=Window(...))
13.6989 	EXP 	Created wth_word_typed_2 = TextStim(__class__=<class 'psychopy.visual.text.TextStim'>, alignHoriz=method-wrapper(...), alignText='center', alignVert=method-wrapper(...), anchorHoriz='center', anchorVert='center', antialias=True, autoDraw=False, autoLog=True, bold=False, color=array([-1, -1, -1]), colorSpace='rgb', contrast=1.0, depth=-1.0, flipHoriz=False, flipVert=False, font='Noto Sans KR', fontFiles=[], height=0.1, italic=False, languageStyle='LTR', name='wth_word_typed_2', opacity=1.0, ori=0.0, pos=array([0. , 0.2]), rgb=UNKNOWN, text='', units='height', win=Window(...), wrapWidth=1)
13.7023 	EXP 	window1: mouseVisible = True
13.7699 	EXP 	Created wth_valence_rating_2 = Slider(__class__=<class 'psychopy.visual.slider.Slider'>, autoDraw=False, autoLog=True, borderColor=None, color=None, colorSpace='rgb', depth=-2, fillColor=None, flip=False, font='Noto Sans KR', granularity=0.0, labelColor=None, labelHeight=0.03, labelWrapWidth=None, labels=('부정', '중립', '긍정'), lineColor=None, markerColor=None, name='wth_valence_rating_2', opacity=None, ori=0.0, pos=array([-0.5, -0.1]), readOnly=False, self=UNKNOWN, size=array([0.45, 0.05]), startValue=None, style='rating', styleTweaks=[], ticks=array([-1,  0,  1]), units='height', win=Window(...))
13.7822 	EXP 	Created wth_valence_txt_2 = TextStim(__class__=<class 'psychopy.visual.text.TextStim'>, alignHoriz=method-wrapper(...), alignText='center', alignVert=method-wrapper(...), anchorHoriz='center', anchorVert='center', antialias=True, autoDraw=False, autoLog=True, bold=False, color=array([-1, -1, -1]), colorSpace='rgb', contrast=1.0, depth=-3.0, flipHoriz=False, flipVert=False, font='Noto Sans KR', fontFiles=[], height=0.04, italic=False, languageStyle='LTR', name='wth_valence_txt_2', opacity=1.0, ori=0.0, pos=array([-0.5 , -0.02]), rgb=UNKNOWN, text='단어에서 느껴지는 감정', units='height', win=Window(...), wrapWidth=1)
13.7915 	EXP 	Created wth_self_txt_2 = TextStim(__class__=<class 'psychopy.visual.text.TextStim'>, alignHoriz=method-wrapper(...), alignText='center', alignVert=method-wrapper(...), anchorHoriz='center', anchorVert='center', antialias=True, autoDraw=False, autoLog=True, bold=False, color=array([-1, -1, -1]), colorSpace='rgb', contrast=1.0, depth=-4.0, flipHoriz=False, flipVert=False, font='Noto Sans KR', fontFiles=[], height=0.04, italic=False, languageStyle='LTR', name='wth_self_txt_2', opacity=1.0, ori=0.0, pos=array([ 0.4 , -0.02]), rgb=UNKNOWN, text='단어가 자신과 관련이 있는 정도', units='height', win=Window(...), wrapWidth=1)
13.7930 	EXP 	window1: mouseVisible = True
13.8838 	EXP 	Created wth_self_rating_2 = Slider(__class__=<class 'psychopy.visual.slider.Slider'>, autoDraw=False, autoLog=True, borderColor=None, color=None, colorSpace='rgb', depth=-5, fillColor=None, flip=False, font='Noto Sans KR', granularity=0.0, labelColor=None, labelHeight=0.03, labelWrapWidth=None, labels=('전혀 나와 관련이 없음', '나와 관련이 매우 많음'), lineColor=None, markerColor=None, name='wth_self_rating_2', opacity=None, ori=0.0, pos=array([ 0.4, -0.1]), readOnly=False, self=UNKNOWN, size=array([0.45, 0.05]), startValue=None, style='rating', styleTweaks=[], ticks=array([0, 1]), units='height', win=Window(...))
13.9231 	EXP 	window1: mouseVisible = True
14.5175 	EXP 	Created wth_image_2 = ImageStim(__class__=<class 'psychopy.visual.image.ImageStim'>, anchor=('center', 'center'), autoLog=True, color=array([1, 1, 1]), colorSpace='rgb', contrast=1.0, depth=0.0, flipHoriz=False, flipVert=False, image=str(...), interpolate=True, mask=None, maskParams=None, name='wth_image_2', opacity=1.0, ori=0.0, pos=array([0., 0.]), size=array([1920., 1080.]), texRes=128.0, units='pix', win=Window(...))
14.5445 	EXP 	Created wth_text_4 = TextStim(__class__=<class 'psychopy.visual.text.TextStim'>, alignHoriz=method-wrapper(...), alignText='center', alignVert=method-wrapper(...), anchorHoriz='center', anchorVert='center', antialias=True, autoDraw=False, autoLog=True, bold=False, color=array([-1, -1, -1]), colorSpace='rgb', contrast=1.0, depth=-1.0, flipHoriz=False, flipVert=False, font='Noto Sans KR', fontFiles=[], height=0.05, italic=False, languageStyle='LTR', name='wth_text_4', opacity=1.0, ori=0.0, pos=array([0., 0.]), rgb=UNKNOWN, text='연습을 다시 하시겠습니까?\n\ny 혹은 n을 누르세요.', units='height', win=Window(...), wrapWidth=1)
15.1883 	EXP 	Created wth_background_inst_2 = ImageStim(__class__=<class 'psychopy.visual.image.ImageStim'>, anchor=('center', 'center'), autoLog=True, color=array([1, 1, 1]), colorSpace='rgb', contrast=1.0, depth=0.0, flipHoriz=False, flipVert=False, image=str(...), interpolate=True, mask=None, maskParams=None, name='wth_background_inst_2', opacity=1.0, ori=0.0, pos=array([0., 0.]), size=array([2., 1.]), texRes=128.0, units='height', win=Window(...))
15.2126 	EXP 	Created wth_text_2 = TextStim(__class__=<class 'psychopy.visual.text.TextStim'>, alignHoriz=method-wrapper(...), alignText='center', alignVert=method-wrapper(...), anchorHoriz='center', anchorVert='center', antialias=True, autoDraw=False, autoLog=True, bold=False, color=array([-1, -1, -1]), colorSpace='rgb', contrast=1.0, depth=-1.0, flipHoriz=False, flipVert=False, font='Arial', fontFiles=[], height=0.07, italic=False, languageStyle='LTR', name='wth_text_2', opacity=1.0, ori=0.0, pos=array([0., 0.]), rgb=UNKNOWN, text='실험을 시작합니다.\n\n스페이스로 넘어가세요.', units='height', win=Window(...), wrapWidth=1)
15.8112 	EXP 	Created wth_background = ImageStim(__class__=<class 'psychopy.visual.image.ImageStim'>, anchor=('center', 'center'), autoLog=True, color=array([1, 1, 1]), colorSpace='rgb', contrast=1.0, depth=0.0, flipHoriz=False, flipVert=False, image=str(...), interpolate=True, mask=None, maskParams=None, name='wth_background', opacity=1.0, ori=0.0, pos=array([0., 0.]), size=array([2., 1.]), texRes=128.0, units='height', win=Window(...))
15.8200 	EXP 	Created wth_think_instr = TextStim(__class__=<class 'psychopy.visual.text.TextStim'>, alignHoriz=method-wrapper(...), alignText='center', alignVert=method-wrapper(...), anchorHoriz='center', anchorVert='center', antialias=True, autoDraw=False, autoLog=True, bold=False, color=array([-1, -1, -1]), colorSpace='rgb', contrast=1.0, depth=-2.0, flipHoriz=False, flipVert=False, font='Arial', fontFiles=[], height=0.07, italic=False, languageStyle='LTR', name='wth_think_instr', opacity=1.0, ori=0.0, pos=array([0. , 0.3]), rgb=UNKNOWN, text='자유롭게 생각하세요.', units='height', win=Window(...), wrapWidth=1)
15.8212 	EXP 	Created wth_think_cross = ShapeStim(__class__=<class 'psychopy.visual.shape.ShapeStim'>, anchor=('center', 'center'), autoDraw=False, autoLog=True, closeShape=True, color=method-wrapper(...), colorSpace='rgb', contrast=None, depth=-3.0, fillColor=array([-1, -1, -1]), fillColorSpace='rgb', fillRGB=array([-1, -1, -1]), interpolate=True, lineColor=array([-1, -1, -1]), lineColorSpace='rgb', lineRGB=array([-1, -1, -1]), lineWidth=0.1, name='wth_think_cross', opacity=1.0, ori=0.0, pos=array([0., 0.]), size=array([0.07, 0.07]), units='height', vertices=ndarray(...), win=Window(...), windingRule=None)
16.4320 	EXP 	Created wth_background_2 = ImageStim(__class__=<class 'psychopy.visual.image.ImageStim'>, anchor=('center', 'center'), autoLog=True, color=array([1, 1, 1]), colorSpace='rgb', contrast=1.0, depth=0.0, flipHoriz=False, flipVert=False, image=str(...), interpolate=True, mask=None, maskParams=None, name='wth_background_2', opacity=1.0, ori=0.0, pos=array([0., 0.]), size=array([2., 1.]), texRes=128.0, units='height', win=Window(...))
16.4791 	EXP 	Created wth_word_instr = TextStim(__class__=<class 'psychopy.visual.text.TextStim'>, alignHoriz=method-wrapper(...), alignText='center', alignVert=method-wrapper(...), anchorHoriz='center', anchorVert='center', antialias=True, autoDraw=False, autoLog=True, bold=False, color=array([-1, -1, -1]), colorSpace='rgb', contrast=1.0, depth=-1.0, flipHoriz=False, flipVert=False, font='Arial', fontFiles=[], height=0.05, italic=False, languageStyle='LTR', name='wth_word_instr', opacity=1.0, ori=0.0, pos=array([0.  , 0.25]), rgb=UNKNOWN, text=str(...), units='height', win=Window(...), wrapWidth=1)
16.4876 	EXP 	window1: mouseVisible = True
17.0843 	EXP 	Created wth_background_3 = ImageStim(__class__=<class 'psychopy.visual.image.ImageStim'>, anchor=('center', 'center'), autoLog=True, color=array([1, 1, 1]), colorSpace='rgb', contrast=1.0, depth=0.0, flipHoriz=False, flipVert=False, image=str(...), interpolate=True, mask=None, maskParams=None, name='wth_background_3', opacity=1.0, ori=0.0, pos=array([0., 0.]), size=array([2., 1.]), texRes=128.0, units='height', win=Window(...))
17.0864 	EXP 	Created wth_word_typed = TextStim(__class__=<class 'psychopy.visual.text.TextStim'>, alignHoriz=method-wrapper(...), alignText='center', alignVert=method-wrapper(...), anchorHoriz='center', anchorVert='center', antialias=True, autoDraw=False, autoLog=True, bold=False, color=array([-1, -1, -1]), colorSpace='rgb', contrast=1.0, depth=-1.0, flipHoriz=False, flipVert=False, font='Arial', fontFiles=[], height=0.1, italic=False, languageStyle='LTR', name='wth_word_typed', opacity=1.0, ori=0.0, pos=array([0. , 0.2]), rgb=UNKNOWN, text='', units='height', win=Window(...), wrapWidth=1)
17.0880 	EXP 	window1: mouseVisible = True
17.1132 	EXP 	Created wth_valence_rating = Slider(__class__=<class 'psychopy.visual.slider.Slider'>, autoDraw=False, autoLog=True, borderColor=None, color=None, colorSpace='rgb', depth=-2, fillColor=None, flip=False, font='Noto Sans KR', granularity=0.0, labelColor=None, labelHeight=0.03, labelWrapWidth=None, labels=('부정', '중립', '긍정'), lineColor=None, markerColor=None, name='wth_valence_rating', opacity=None, ori=0.0, pos=array([-0.5, -0.1]), readOnly=False, self=UNKNOWN, size=array([0.45, 0.05]), startValue=None, style='rating', styleTweaks=[], ticks=array([-1,  0,  1]), units='height', win=Window(...))
17.1237 	EXP 	Created wth_valence_txt = TextStim(__class__=<class 'psychopy.visual.text.TextStim'>, alignHoriz=method-wrapper(...), alignText='center', alignVert=method-wrapper(...), anchorHoriz='center', anchorVert='center', antialias=True, autoDraw=False, autoLog=True, bold=False, color=array([-1, -1, -1]), colorSpace='rgb', contrast=1.0, depth=-3.0, flipHoriz=False, flipVert=False, font='Arial', fontFiles=[], height=0.04, italic=False, languageStyle='LTR', name='wth_valence_txt', opacity=1.0, ori=0.0, pos=array([-0.5 , -0.02]), rgb=UNKNOWN, text='단어에서 느껴지는 감정', units='height', win=Window(...), wrapWidth=1)
17.1325 	EXP 	Created wth_self_txt = TextStim(__class__=<class 'psychopy.visual.text.TextStim'>, alignHoriz=method-wrapper(...), alignText='center', alignVert=method-wrapper(...), anchorHoriz='center', anchorVert='center', antialias=True, autoDraw=False, autoLog=True, bold=False, color=array([-1, -1, -1]), colorSpace='rgb', contrast=1.0, depth=-4.0, flipHoriz=False, flipVert=False, font='Arial', fontFiles=[], height=0.04, italic=False, languageStyle='LTR', name='wth_self_txt', opacity=1.0, ori=0.0, pos=array([ 0.4 , -0.02]), rgb=UNKNOWN, text='단어가 자신과 관련이 있는 정도', units='height', win=Window(...), wrapWidth=1)
17.1340 	EXP 	window1: mouseVisible = True
17.1551 	EXP 	Created wth_self_rating = Slider(__class__=<class 'psychopy.visual.slider.Slider'>, autoDraw=False, autoLog=True, borderColor=None, color=None, colorSpace='rgb', depth=-5, fillColor=None, flip=False, font='Noto Sans KR', granularity=0.0, labelColor=None, labelHeight=0.03, labelWrapWidth=None, labels=('전혀 나와 관련이 없음', '나와 관련이 매우 많음'), lineColor=None, markerColor=None, name='wth_self_rating', opacity=None, ori=0.0, pos=array([ 0.4, -0.1]), readOnly=False, self=UNKNOWN, size=array([0.45, 0.05]), startValue=None, style='rating', styleTweaks=[], ticks=array([0, 1]), units='height', win=Window(...))
17.1595 	EXP 	window1: mouseVisible = True
17.1687 	EXP 	Created exp_end_back = ImageStim(__class__=<class 'psychopy.visual.image.ImageStim'>, anchor=('center', 'center'), autoLog=True, color=array([1, 1, 1]), colorSpace='rgb', contrast=1.0, depth=-1.0, flipHoriz=False, flipVert=False, image='pics/blank.png', interpolate=True, mask=None, maskParams=None, name='exp_end_back', opacity=1.0, ori=0.0, pos=array([0., 0.]), size=array([3., 1.]), texRes=128.0, units='height', win=Window(...))
17.1965 	EXP 	Created exp_end_text = TextStim(__class__=<class 'psychopy.visual.text.TextStim'>, alignHoriz=method-wrapper(...), alignText='center', alignVert=method-wrapper(...), anchorHoriz='center', anchorVert='center', antialias=True, autoDraw=False, autoLog=True, bold=False, color=array([-1, -1, -1]), colorSpace='rgb', contrast=1.0, depth=-2.0, flipHoriz=False, flipVert=False, font='Noto Sans KR', fontFiles=[], height=0.04, italic=False, languageStyle='LTR', name='exp_end_text', opacity=1.0, ori=0.0, pos=array([0., 0.]), rgb=UNKNOWN, text=str(...), units='height', win=Window(...), wrapWidth=1)
17.2073 	EXP 	Created total_end_text = TextStim(__class__=<class 'psychopy.visual.text.TextStim'>, alignHoriz=method-wrapper(...), alignText='center', alignVert=method-wrapper(...), anchorHoriz='center', anchorVert='center', antialias=True, autoDraw=False, autoLog=True, bold=False, color=array([1, 1, 1]), colorSpace='rgb', contrast=1.0, depth=0.0, flipHoriz=False, flipVert=False, font='Arial', fontFiles=[], height=0.04, italic=False, languageStyle='LTR', name='total_end_text', opacity=1.0, ori=0.0, pos=array([0., 0.]), rgb=UNKNOWN, text='참여해주셔서 감사합니다.\n자동으로 종료됩니다.', units='height', win=Window(...), wrapWidth=1)
17.2357 	EXP 	wth_movie: autoLog = True
17.2357 	EXP 	wth_movie: movie = 'ins/weather_intro.mp4'
17.2357 	EXP 	wth_movie: ori = 0.0
17.2357 	EXP 	wth_valence_rating_2: autoLog = True
17.2357 	EXP 	wth_valence_rating_2: markerPos = None
17.2357 	EXP 	wth_valence_rating_2: styleTweaks = []
17.2357 	EXP 	wth_valence_rating_2: styleTweaks = []
17.2357 	EXP 	wth_valence_rating_2: styleTweaks = []
17.2357 	EXP 	wth_valence_rating_2: styleTweaks = []
17.2357 	EXP 	wth_valence_rating_2: contrast = 1.0
17.2357 	EXP 	wth_valence_rating_2: autoLog = True
17.2357 	EXP 	wth_self_rating_2: autoLog = True
17.2357 	EXP 	wth_self_rating_2: markerPos = None
17.2357 	EXP 	wth_self_rating_2: styleTweaks = []
17.2357 	EXP 	wth_self_rating_2: styleTweaks = []
17.2357 	EXP 	wth_self_rating_2: styleTweaks = []
17.2357 	EXP 	wth_self_rating_2: styleTweaks = []
17.2357 	EXP 	wth_self_rating_2: contrast = 1.0
17.2357 	EXP 	wth_self_rating_2: autoLog = True
17.2357 	EXP 	wth_valence_rating: autoLog = True
17.2357 	EXP 	wth_valence_rating: markerPos = None
17.2357 	EXP 	wth_valence_rating: styleTweaks = []
17.2357 	EXP 	wth_valence_rating: styleTweaks = []
17.2357 	EXP 	wth_valence_rating: styleTweaks = []
17.2357 	EXP 	wth_valence_rating: styleTweaks = []
17.2357 	EXP 	wth_valence_rating: contrast = 1.0
17.2357 	EXP 	wth_valence_rating: autoLog = True
17.2357 	EXP 	wth_self_rating: autoLog = True
17.2357 	EXP 	wth_self_rating: markerPos = None
17.2357 	EXP 	wth_self_rating: styleTweaks = []
17.2357 	EXP 	wth_self_rating: styleTweaks = []
17.2357 	EXP 	wth_self_rating: styleTweaks = []
17.2357 	EXP 	wth_self_rating: styleTweaks = []
17.2357 	EXP 	wth_self_rating: contrast = 1.0
17.2357 	EXP 	wth_self_rating: autoLog = True
17.2357 	EXP 	image: autoDraw = True
17.8539 	EXP 	Created sequence: random, trialTypes=1, nReps=1, seed=None
17.8541 	EXP 	New trial (rep=0, index=0): None
17.8550 	DATA 	Keypress: space
17.8672 	EXP 	image: autoDraw = False
19.8690 	EXP 	wth_movie: autoDraw = True
19.8690 	EXP 	text: autoDraw = True
20.1529 	EXP 	Created sequence: sequential, trialTypes=1, nReps=10, seed=None
20.1530 	EXP 	New trial (rep=0, index=0): None
20.2285 	DATA 	Keypress: space
20.2349 	EXP 	wth_movie: autoDraw = False
20.2349 	EXP 	text: autoDraw = False
20.2349 	EXP 	wth_background_inst: autoDraw = True
21.1526 	EXP 	wth_text: autoDraw = True
23.1523 	EXP 	wth_text: autoDraw = False
25.2191 	EXP 	window1: mouseVisible = False
25.2510 	EXP 	wth_background_inst: autoDraw = False
25.2510 	EXP 	wth_background_inst: autoDraw = False
25.2510 	EXP 	wth_text: autoDraw = False
25.2510 	EXP 	wth_background_6: autoDraw = True
25.2510 	EXP 	wth_think_instr_2: autoDraw = True
25.2510 	EXP 	wth_think_cross_2: autoDraw = True
30.2363 	EXP 	window1: mouseVisible = True
30.2363 	EXP 	window1: mouseVisible = True
30.3006 	EXP 	wth_background_6: autoDraw = False
30.3006 	EXP 	wth_think_instr_2: autoDraw = False
30.3006 	EXP 	wth_think_cross_2: autoDraw = False
30.3006 	EXP 	wth_background_6: autoDraw = False
30.3006 	EXP 	wth_think_instr_2: autoDraw = False
30.3006 	EXP 	wth_think_cross_2: autoDraw = False
30.3006 	EXP 	image_2: autoDraw = True
30.3006 	EXP 	wth_word_instr_4: autoDraw = True
37.0146 	EXP 	image_2: autoDraw = False
37.0146 	EXP 	wth_word_instr_4: autoDraw = False
37.0146 	EXP 	wth_valence_rating_2: markerPos = None
37.0146 	EXP 	wth_valence_rating_2: markerPos = None
37.0146 	EXP 	wth_self_rating_2: markerPos = None
37.0146 	EXP 	wth_self_rating_2: markerPos = None
37.0146 	EXP 	wth_word_typed_2: height = 0.1
37.0146 	EXP 	wth_word_typed_2: height = 0.1
37.0146 	EXP 	wth_word_typed_2: height = 0.1
37.0146 	EXP 	wth_word_typed_2: text = 'dasdf'
37.0146 	EXP 	wth_background_7: autoDraw = True
37.0146 	EXP 	wth_word_typed_2: autoDraw = True
37.0146 	EXP 	wth_valence_rating_2: autoDraw = True
37.0146 	EXP 	wth_valence_txt_2: autoDraw = True
37.0146 	EXP 	wth_self_txt_2: autoDraw = True
37.0146 	EXP 	wth_self_rating_2: autoDraw = True
38.3493 	DATA 	Mouse: Left button down, pos=(568,432)
38.3648 	EXP 	wth_valence_rating_2: markerPos = 0.6090534979423867
38.3812 	EXP 	wth_valence_rating_2: markerPos = 0.6090534979423867
38.3980 	EXP 	wth_valence_rating_2: markerPos = 0.6090534979423867
38.4149 	EXP 	wth_valence_rating_2: markerPos = 0.6090534979423867
38.4312 	EXP 	wth_valence_rating_2: markerPos = 0.6090534979423867
38.4648 	EXP 	wth_valence_rating_2: markerPos = 0.6090534979423867
38.4666 	DATA 	Mouse:  Left button up, pos=(568,432)
38.4820 	EXP 	wth_valence_rating_2: markerPos = 0.6090534979423867
39.4378 	DATA 	Mouse: Left button down, pos=(1376,437)
39.4480 	EXP 	wth_self_rating_2: markerPos = 0.4670781893004115
39.4806 	EXP 	wth_self_rating_2: markerPos = 0.4670781893004115
39.5140 	EXP 	wth_self_rating_2: markerPos = 0.4670781893004115
39.5313 	EXP 	wth_self_rating_2: markerPos = 0.4670781893004115
39.5481 	EXP 	wth_self_rating_2: markerPos = 0.4670781893004115
39.5541 	DATA 	Mouse:  Left button up, pos=(1376,437)
39.5644 	EXP 	wth_self_rating_2: markerPos = 0.4670781893004115
40.6485 	DATA 	Mouse: Left button down, pos=(923,84)
40.6710 	EXP 	window1: fullscr = True
40.7290 	EXP 	wth_background_7: autoDraw = False
40.7290 	EXP 	wth_word_typed_2: autoDraw = False
40.7290 	EXP 	wth_valence_rating_2: autoDraw = False
40.7290 	EXP 	wth_valence_txt_2: autoDraw = False
40.7290 	EXP 	wth_self_txt_2: autoDraw = False
40.7290 	EXP 	wth_self_rating_2: autoDraw = False
40.7290 	EXP 	wth_image_2: autoDraw = True
40.7290 	EXP 	wth_text_4: autoDraw = True
40.8133 	DATA 	Mouse:  Left button up, pos=(923,84)
42.1971 	EXP 	New trial (rep=1, index=0): None
42.1982 	DATA 	Keypress: y
42.2114 	EXP 	wth_image_2: autoDraw = False
42.2114 	EXP 	wth_text_4: autoDraw = False
42.2114 	EXP 	wth_background_inst: autoDraw = True
43.1957 	EXP 	wth_text: autoDraw = True
45.1954 	EXP 	wth_text: autoDraw = False
47.1961 	EXP 	window1: mouseVisible = False
47.2121 	EXP 	wth_background_inst: autoDraw = False
47.2121 	EXP 	wth_background_inst: autoDraw = False
47.2121 	EXP 	wth_text: autoDraw = False
47.2121 	EXP 	wth_background_6: autoDraw = True
47.2121 	EXP 	wth_think_instr_2: autoDraw = True
47.2121 	EXP 	wth_think_cross_2: autoDraw = True
52.1957 	EXP 	window1: mouseVisible = True
52.1958 	EXP 	window1: mouseVisible = True
52.2114 	EXP 	wth_background_6: autoDraw = False
52.2114 	EXP 	wth_think_instr_2: autoDraw = False
52.2114 	EXP 	wth_think_cross_2: autoDraw = False
52.2114 	EXP 	wth_background_6: autoDraw = False
52.2114 	EXP 	wth_think_instr_2: autoDraw = False
52.2114 	EXP 	wth_think_cross_2: autoDraw = False
52.2114 	EXP 	image_2: autoDraw = True
52.2114 	EXP 	wth_word_instr_4: autoDraw = True
60.4469 	DATA 	Mouse: Left button down, pos=(1006,731)
60.6137 	DATA 	Mouse:  Left button up, pos=(1006,731)
62.8378 	EXP 	window1: mouseVisible = True
