2.2883 	WARNING 	We strongly recommend you activate the PTB sound engine in PsychoPy prefs as the preferred audio engine. Its timing is vastly superior. Your prefs are currently set to use ['sounddevice', 'PTB', 'pyo', 'pygame'] (in that order).
6.9234 	EXP 	Created window1 = Window(allowGUI=True, allowStencil=False, autoLog=True, backendConf=UNKNOWN, bitsMode=UNKNOWN, blendMode='avg', bpc=(8, 8, 8), color=array([0., 0., 0.]), colorSpace='hsv', depthBits=8, fullscr=<method-wrapper '__getattribute__' of attributeSetter object at 0x00000152E4485D30>, gamma=None, gammaErrorPolicy='raise', lms=UNKNOWN, monitor=<psychopy.monitors.calibTools.Monitor object at 0x00000152E4C032B0>, multiSample=False, name='window1', numSamples=2, pos=(0, 0), screen=0, size=array([1920, 1080]), stencilBits=0, stereo=False, units='height', useFBO=True, useRetina=False, viewOri=0.0, viewPos=None, viewScale=None, waitBlanking=True, winType='pyglet')
6.9235 	EXP 	window1: mouseVisible = True
6.9235 	EXP 	window1: mouseVisible = True
6.9235 	EXP 	window1: Attempting to measure frame rate of screen (0) ...
6.9235 	EXP 	window1: recordFrameIntervals = False
7.0878 	EXP 	window1: recordFrameIntervals = True
7.2718 	EXP 	Screen (0) actual frame rate measured at 59.94Hz
7.2718 	EXP 	window1: recordFrameIntervals = False
7.3039 	WARNING 	launchHubServer: If using the iohub mouse or eyetracker devices, fullScr should be True.
8.9474 	EXP 	Created image = ImageStim(__class__=<class 'psychopy.visual.image.ImageStim'>, anchor=('center', 'center'), autoLog=True, color=array([1, 1, 1]), colorSpace='rgb', contrast=1.0, depth=0.0, flipHoriz=False, flipVert=False, image='fis_artwork/general_instruction.png', interpolate=True, mask=None, maskParams=None, name='image', opacity=1.0, ori=0.0, pos=array([0., 0.]), size=array([1920., 1080.]), texRes=128.0, units='pix', win=Window(...))
9.0861 	EXP 	Created wth_movie = MovieStim3(__class__=<class 'psychopy.visual.movie3.MovieStim3'>, anchor=('center', 'center'), autoLog=True, color=UNKNOWN, colorSpace=UNKNOWN, depth=0.0, filename='ins/weather_intro.mp4', flipHoriz=False, flipVert=False, fps=UNKNOWN, interpolate=True, loop=False, name='wth_movie', noAudio=False, opacity=1, ori=method-wrapper(...), pos=array([0., 0.]), size=None, units='pix', vframe_callback=UNKNOWN, volume=UNKNOWN, win=Window(...))
11.3284 	WARNING 	2.2423376000001554: Video catchup needed, advancing self._nextFrameT from 0.0 to 0.041666666666666664
11.3285 	WARNING 	2.242383000000018: Video catchup needed, advancing self._nextFrameT from 0.041666666666666664 to 0.08333333333333333
11.3285 	WARNING 	2.242405700000063: Video catchup needed, advancing self._nextFrameT from 0.08333333333333333 to 0.125
11.3285 	WARNING 	2.242426200000182: Video catchup needed, advancing self._nextFrameT from 0.125 to 0.16666666666666666
11.3285 	WARNING 	2.2424459000001207: Video catchup needed, advancing self._nextFrameT from 0.16666666666666666 to 0.20833333333333331
11.3285 	WARNING 	2.242466200000081: Video catchup needed, advancing self._nextFrameT from 0.20833333333333331 to 0.24999999999999997
11.3286 	WARNING 	2.242486000000099: Video catchup needed, advancing self._nextFrameT from 0.24999999999999997 to 0.29166666666666663
11.3286 	WARNING 	2.2425058000001172: Video catchup needed, advancing self._nextFrameT from 0.29166666666666663 to 0.3333333333333333
11.3286 	WARNING 	2.242525500000056: Video catchup needed, advancing self._nextFrameT from 0.3333333333333333 to 0.375
11.3286 	WARNING 	2.242545100000143: Video catchup needed, advancing self._nextFrameT from 0.375 to 0.4166666666666667
11.3286 	WARNING 	Max reportNDroppedFrames reached, will not log any more dropped frames
11.5811 	EXP 	Created text = TextStim(__class__=<class 'psychopy.visual.text.TextStim'>, alignHoriz=method-wrapper(...), alignText='center', alignVert=method-wrapper(...), anchorHoriz='center', anchorVert='center', antialias=True, autoDraw=False, autoLog=True, bold=False, color=array([-1, -1, -1]), colorSpace='rgb', contrast=1.0, depth=-1.0, flipHoriz=False, flipVert=False, font='Noto Sans KR', fontFiles=[], height=0.05, italic=False, languageStyle='LTR', name='text', opacity=1.0, ori=0.0, pos=array([ 0. , -0.4]), rgb=UNKNOWN, text='스페이스로 넘어가세요', units='height', win=Window(...), wrapWidth=1)
12.1626 	EXP 	Created wth_background_inst = ImageStim(__class__=<class 'psychopy.visual.image.ImageStim'>, anchor=('center', 'center'), autoLog=True, color=array([1, 1, 1]), colorSpace='rgb', contrast=1.0, depth=0.0, flipHoriz=False, flipVert=False, image=str(...), interpolate=True, mask=None, maskParams=None, name='wth_background_inst', opacity=1.0, ori=0.0, pos=array([0., 0.]), size=array([1920., 1080.]), texRes=128.0, units='pix', win=Window(...))
12.1817 	EXP 	Created wth_text = TextStim(__class__=<class 'psychopy.visual.text.TextStim'>, alignHoriz=method-wrapper(...), alignText='center', alignVert=method-wrapper(...), anchorHoriz='center', anchorVert='center', antialias=True, autoDraw=False, autoLog=True, bold=False, color=array([-1, -1, -1]), colorSpace='rgb', contrast=1.0, depth=-1.0, flipHoriz=False, flipVert=False, font='Noto Sans KR', fontFiles=[], height=0.07, italic=False, languageStyle='LTR', name='wth_text', opacity=1.0, ori=0.0, pos=array([0., 0.]), rgb=UNKNOWN, text='단어연상 연습이 시작됩니다.', units='height', win=Window(...), wrapWidth=1)
12.8220 	EXP 	Created wth_background_6 = ImageStim(__class__=<class 'psychopy.visual.image.ImageStim'>, anchor=('center', 'center'), autoLog=True, color=array([1, 1, 1]), colorSpace='rgb', contrast=1.0, depth=0.0, flipHoriz=False, flipVert=False, image=str(...), interpolate=True, mask=None, maskParams=None, name='wth_background_6', opacity=1.0, ori=0.0, pos=array([0., 0.]), size=array([1920., 1080.]), texRes=128.0, units='pix', win=Window(...))
12.8325 	EXP 	Created wth_think_instr_2 = TextStim(__class__=<class 'psychopy.visual.text.TextStim'>, alignHoriz=method-wrapper(...), alignText='center', alignVert=method-wrapper(...), anchorHoriz='center', anchorVert='center', antialias=True, autoDraw=False, autoLog=True, bold=False, color=array([-1, -1, -1]), colorSpace='rgb', contrast=1.0, depth=-2.0, flipHoriz=False, flipVert=False, font='Noto Sans KR', fontFiles=[], height=0.07, italic=False, languageStyle='LTR', name='wth_think_instr_2', opacity=1.0, ori=0.0, pos=array([0. , 0.3]), rgb=UNKNOWN, text='자유롭게 생각하세요.', units='height', win=Window(...), wrapWidth=1)
12.8384 	EXP 	Created wth_think_cross_2 = ShapeStim(__class__=<class 'psychopy.visual.shape.ShapeStim'>, anchor=('center', 'center'), autoDraw=False, autoLog=True, closeShape=True, color=method-wrapper(...), colorSpace='rgb', contrast=None, depth=-3.0, fillColor=array([-1, -1, -1]), fillColorSpace='rgb', fillRGB=array([-1, -1, -1]), interpolate=True, lineColor=array([-1, -1, -1]), lineColorSpace='rgb', lineRGB=array([-1, -1, -1]), lineWidth=0.1, name='wth_think_cross_2', opacity=1.0, ori=0.0, pos=array([0., 0.]), size=array([0.07, 0.07]), units='height', vertices=ndarray(...), win=Window(...), windingRule=None)
13.4851 	EXP 	Created image_2 = ImageStim(__class__=<class 'psychopy.visual.image.ImageStim'>, anchor=('center', 'center'), autoLog=True, color=array([1, 1, 1]), colorSpace='rgb', contrast=1.0, depth=0.0, flipHoriz=False, flipVert=False, image=str(...), interpolate=True, mask=None, maskParams=None, name='image_2', opacity=1.0, ori=0.0, pos=array([0., 0.]), size=array([1920., 1080.]), texRes=128.0, units='pix', win=Window(...))
13.5063 	EXP 	Created wth_word_instr_4 = TextStim(__class__=<class 'psychopy.visual.text.TextStim'>, alignHoriz=method-wrapper(...), alignText='center', alignVert=method-wrapper(...), anchorHoriz='center', anchorVert='center', antialias=True, autoDraw=False, autoLog=True, bold=False, color=array([-1, -1, -1]), colorSpace='rgb', contrast=1.0, depth=-1.0, flipHoriz=False, flipVert=False, font='Noto Sans KR', fontFiles=[], height=0.07, italic=False, languageStyle='LTR', name='wth_word_instr_4', opacity=1.0, ori=0.0, pos=array([0.  , 0.25]), rgb=UNKNOWN, text='지금 무슨 생각을 하고 있는지\n단어나 구로 입력해주세요.', units='height', win=Window(...), wrapWidth=1)
14.0981 	EXP 	Created wth_background_7 = ImageStim(__class__=<class 'psychopy.visual.image.ImageStim'>, anchor=('center', 'center'), autoLog=True, color=array([1, 1, 1]), colorSpace='rgb', contrast=1.0, depth=0.0, flipHoriz=False, flipVert=False, image=str(...), interpolate=True, mask=None, maskParams=None, name='wth_background_7', opacity=1.0, ori=0.0, pos=array([0., 0.]), size=array([1920., 1080.]), texRes=128.0, units='pix', win=Window(...))
14.0987 	EXP 	Created wth_word_typed_2 = TextStim(__class__=<class 'psychopy.visual.text.TextStim'>, alignHoriz=method-wrapper(...), alignText='center', alignVert=method-wrapper(...), anchorHoriz='center', anchorVert='center', antialias=True, autoDraw=False, autoLog=True, bold=False, color=array([-1, -1, -1]), colorSpace='rgb', contrast=1.0, depth=-1.0, flipHoriz=False, flipVert=False, font='Noto Sans KR', fontFiles=[], height=0.07, italic=False, languageStyle='LTR', name='wth_word_typed_2', opacity=1.0, ori=0.0, pos=array([0. , 0.2]), rgb=UNKNOWN, text='', units='height', win=Window(...), wrapWidth=1)
14.1022 	EXP 	window1: mouseVisible = True
14.1584 	EXP 	Created wth_valence_rating_2 = Slider(__class__=<class 'psychopy.visual.slider.Slider'>, autoDraw=False, autoLog=True, borderColor=None, color=None, colorSpace='rgb', depth=-2, fillColor=None, flip=False, font='Noto Sans KR', granularity=0.0, labelColor=None, labelHeight=0.03, labelWrapWidth=None, labels=('부정', '중립', '긍정'), lineColor=None, markerColor=None, name='wth_valence_rating_2', opacity=None, ori=0.0, pos=array([-0.5, -0.1]), readOnly=False, self=UNKNOWN, size=array([0.45, 0.05]), startValue=None, style='rating', styleTweaks=[], ticks=array([-1,  0,  1]), units='height', win=Window(...))
14.1710 	EXP 	Created wth_valence_txt_2 = TextStim(__class__=<class 'psychopy.visual.text.TextStim'>, alignHoriz=method-wrapper(...), alignText='center', alignVert=method-wrapper(...), anchorHoriz='center', anchorVert='center', antialias=True, autoDraw=False, autoLog=True, bold=False, color=array([-1, -1, -1]), colorSpace='rgb', contrast=1.0, depth=-3.0, flipHoriz=False, flipVert=False, font='Noto Sans KR', fontFiles=[], height=0.04, italic=False, languageStyle='LTR', name='wth_valence_txt_2', opacity=1.0, ori=0.0, pos=array([-0.5 , -0.02]), rgb=UNKNOWN, text='단어에서 느껴지는 감정', units='height', win=Window(...), wrapWidth=1)
14.1811 	EXP 	Created wth_self_txt_2 = TextStim(__class__=<class 'psychopy.visual.text.TextStim'>, alignHoriz=method-wrapper(...), alignText='center', alignVert=method-wrapper(...), anchorHoriz='center', anchorVert='center', antialias=True, autoDraw=False, autoLog=True, bold=False, color=array([-1, -1, -1]), colorSpace='rgb', contrast=1.0, depth=-4.0, flipHoriz=False, flipVert=False, font='Noto Sans KR', fontFiles=[], height=0.04, italic=False, languageStyle='LTR', name='wth_self_txt_2', opacity=1.0, ori=0.0, pos=array([ 0.5 , -0.02]), rgb=UNKNOWN, text='단어가 자신과 관련이 있는 정도', units='height', win=Window(...), wrapWidth=1)
14.1826 	EXP 	window1: mouseVisible = True
14.2762 	EXP 	Created wth_self_rating_2 = Slider(__class__=<class 'psychopy.visual.slider.Slider'>, autoDraw=False, autoLog=True, borderColor=None, color=None, colorSpace='rgb', depth=-5, fillColor=None, flip=False, font='Noto Sans KR', granularity=0.0, labelColor=None, labelHeight=0.03, labelWrapWidth=None, labels=('전혀 나와 관련 없음', '나와 관련 매우 많음'), lineColor=None, markerColor=None, name='wth_self_rating_2', opacity=None, ori=0.0, pos=array([ 0.5, -0.1]), readOnly=False, self=UNKNOWN, size=array([0.45, 0.05]), startValue=None, style='rating', styleTweaks=[], ticks=array([0, 1]), units='height', win=Window(...))
14.3151 	EXP 	window1: mouseVisible = True
14.8999 	EXP 	Created wth_image_2 = ImageStim(__class__=<class 'psychopy.visual.image.ImageStim'>, anchor=('center', 'center'), autoLog=True, color=array([1, 1, 1]), colorSpace='rgb', contrast=1.0, depth=0.0, flipHoriz=False, flipVert=False, image=str(...), interpolate=True, mask=None, maskParams=None, name='wth_image_2', opacity=1.0, ori=0.0, pos=array([0., 0.]), size=array([1920., 1080.]), texRes=128.0, units='pix', win=Window(...))
14.9168 	EXP 	Created wth_text_4 = TextStim(__class__=<class 'psychopy.visual.text.TextStim'>, alignHoriz=method-wrapper(...), alignText='center', alignVert=method-wrapper(...), anchorHoriz='center', anchorVert='center', antialias=True, autoDraw=False, autoLog=True, bold=False, color=array([-1, -1, -1]), colorSpace='rgb', contrast=1.0, depth=-1.0, flipHoriz=False, flipVert=False, font='Noto Sans KR', fontFiles=[], height=0.07, italic=False, languageStyle='LTR', name='wth_text_4', opacity=1.0, ori=0.0, pos=array([0., 0.]), rgb=UNKNOWN, text='연습을 다시 하시겠습니까?\n\n다시연습 : y\n\n넘어가기 : n', units='height', win=Window(...), wrapWidth=1)
15.5020 	EXP 	Created wth_background_inst_2 = ImageStim(__class__=<class 'psychopy.visual.image.ImageStim'>, anchor=('center', 'center'), autoLog=True, color=array([1, 1, 1]), colorSpace='rgb', contrast=1.0, depth=0.0, flipHoriz=False, flipVert=False, image=str(...), interpolate=True, mask=None, maskParams=None, name='wth_background_inst_2', opacity=1.0, ori=0.0, pos=array([0., 0.]), size=array([2., 1.]), texRes=128.0, units='height', win=Window(...))
15.5184 	EXP 	Created wth_text_2 = TextStim(__class__=<class 'psychopy.visual.text.TextStim'>, alignHoriz=method-wrapper(...), alignText='center', alignVert=method-wrapper(...), anchorHoriz='center', anchorVert='center', antialias=True, autoDraw=False, autoLog=True, bold=False, color=array([-1, -1, -1]), colorSpace='rgb', contrast=1.0, depth=-1.0, flipHoriz=False, flipVert=False, font='Arial', fontFiles=[], height=0.07, italic=False, languageStyle='LTR', name='wth_text_2', opacity=1.0, ori=0.0, pos=array([0., 0.]), rgb=UNKNOWN, text='실험을 시작합니다.\n\n스페이스로 넘어가세요.', units='height', win=Window(...), wrapWidth=1)
16.0906 	EXP 	Created wth_background = ImageStim(__class__=<class 'psychopy.visual.image.ImageStim'>, anchor=('center', 'center'), autoLog=True, color=array([1, 1, 1]), colorSpace='rgb', contrast=1.0, depth=0.0, flipHoriz=False, flipVert=False, image=str(...), interpolate=True, mask=None, maskParams=None, name='wth_background', opacity=1.0, ori=0.0, pos=array([0., 0.]), size=array([2., 1.]), texRes=128.0, units='height', win=Window(...))
16.1048 	EXP 	Created wth_think_instr = TextStim(__class__=<class 'psychopy.visual.text.TextStim'>, alignHoriz=method-wrapper(...), alignText='center', alignVert=method-wrapper(...), anchorHoriz='center', anchorVert='center', antialias=True, autoDraw=False, autoLog=True, bold=False, color=array([-1, -1, -1]), colorSpace='rgb', contrast=1.0, depth=-2.0, flipHoriz=False, flipVert=False, font='Arial', fontFiles=[], height=0.07, italic=False, languageStyle='LTR', name='wth_think_instr', opacity=1.0, ori=0.0, pos=array([0. , 0.3]), rgb=UNKNOWN, text='자유롭게 생각하세요.', units='height', win=Window(...), wrapWidth=1)
16.1062 	EXP 	Created wth_think_cross = ShapeStim(__class__=<class 'psychopy.visual.shape.ShapeStim'>, anchor=('center', 'center'), autoDraw=False, autoLog=True, closeShape=True, color=method-wrapper(...), colorSpace='rgb', contrast=None, depth=-3.0, fillColor=array([-1, -1, -1]), fillColorSpace='rgb', fillRGB=array([-1, -1, -1]), interpolate=True, lineColor=array([-1, -1, -1]), lineColorSpace='rgb', lineRGB=array([-1, -1, -1]), lineWidth=0.1, name='wth_think_cross', opacity=1.0, ori=0.0, pos=array([0., 0.]), size=array([0.07, 0.07]), units='height', vertices=ndarray(...), win=Window(...), windingRule=None)
16.6892 	EXP 	Created wth_background_2 = ImageStim(__class__=<class 'psychopy.visual.image.ImageStim'>, anchor=('center', 'center'), autoLog=True, color=array([1, 1, 1]), colorSpace='rgb', contrast=1.0, depth=0.0, flipHoriz=False, flipVert=False, image=str(...), interpolate=True, mask=None, maskParams=None, name='wth_background_2', opacity=1.0, ori=0.0, pos=array([0., 0.]), size=array([2., 1.]), texRes=128.0, units='height', win=Window(...))
16.7183 	EXP 	Created wth_word_instr = TextStim(__class__=<class 'psychopy.visual.text.TextStim'>, alignHoriz=method-wrapper(...), alignText='center', alignVert=method-wrapper(...), anchorHoriz='center', anchorVert='center', antialias=True, autoDraw=False, autoLog=True, bold=False, color=array([-1, -1, -1]), colorSpace='rgb', contrast=1.0, depth=-1.0, flipHoriz=False, flipVert=False, font='Arial', fontFiles=[], height=0.05, italic=False, languageStyle='LTR', name='wth_word_instr', opacity=1.0, ori=0.0, pos=array([0.  , 0.25]), rgb=UNKNOWN, text=str(...), units='height', win=Window(...), wrapWidth=1)
16.7273 	EXP 	window1: mouseVisible = True
17.3065 	EXP 	Created wth_background_3 = ImageStim(__class__=<class 'psychopy.visual.image.ImageStim'>, anchor=('center', 'center'), autoLog=True, color=array([1, 1, 1]), colorSpace='rgb', contrast=1.0, depth=0.0, flipHoriz=False, flipVert=False, image=str(...), interpolate=True, mask=None, maskParams=None, name='wth_background_3', opacity=1.0, ori=0.0, pos=array([0., 0.]), size=array([2., 1.]), texRes=128.0, units='height', win=Window(...))
17.3080 	EXP 	Created wth_word_typed = TextStim(__class__=<class 'psychopy.visual.text.TextStim'>, alignHoriz=method-wrapper(...), alignText='center', alignVert=method-wrapper(...), anchorHoriz='center', anchorVert='center', antialias=True, autoDraw=False, autoLog=True, bold=False, color=array([-1, -1, -1]), colorSpace='rgb', contrast=1.0, depth=-1.0, flipHoriz=False, flipVert=False, font='Arial', fontFiles=[], height=0.1, italic=False, languageStyle='LTR', name='wth_word_typed', opacity=1.0, ori=0.0, pos=array([0. , 0.2]), rgb=UNKNOWN, text='', units='height', win=Window(...), wrapWidth=1)
17.3094 	EXP 	window1: mouseVisible = True
17.3387 	EXP 	Created wth_valence_rating = Slider(__class__=<class 'psychopy.visual.slider.Slider'>, autoDraw=False, autoLog=True, borderColor=None, color=None, colorSpace='rgb', depth=-2, fillColor=None, flip=False, font='Noto Sans KR', granularity=0.0, labelColor=None, labelHeight=0.03, labelWrapWidth=None, labels=('부정', '중립', '긍정'), lineColor=None, markerColor=None, name='wth_valence_rating', opacity=None, ori=0.0, pos=array([-0.5, -0.1]), readOnly=False, self=UNKNOWN, size=array([0.45, 0.05]), startValue=None, style='rating', styleTweaks=[], ticks=array([-1,  0,  1]), units='height', win=Window(...))
17.3474 	EXP 	Created wth_valence_txt = TextStim(__class__=<class 'psychopy.visual.text.TextStim'>, alignHoriz=method-wrapper(...), alignText='center', alignVert=method-wrapper(...), anchorHoriz='center', anchorVert='center', antialias=True, autoDraw=False, autoLog=True, bold=False, color=array([-1, -1, -1]), colorSpace='rgb', contrast=1.0, depth=-3.0, flipHoriz=False, flipVert=False, font='Arial', fontFiles=[], height=0.04, italic=False, languageStyle='LTR', name='wth_valence_txt', opacity=1.0, ori=0.0, pos=array([-0.5 , -0.02]), rgb=UNKNOWN, text='단어에서 느껴지는 감정', units='height', win=Window(...), wrapWidth=1)
17.3556 	EXP 	Created wth_self_txt = TextStim(__class__=<class 'psychopy.visual.text.TextStim'>, alignHoriz=method-wrapper(...), alignText='center', alignVert=method-wrapper(...), anchorHoriz='center', anchorVert='center', antialias=True, autoDraw=False, autoLog=True, bold=False, color=array([-1, -1, -1]), colorSpace='rgb', contrast=1.0, depth=-4.0, flipHoriz=False, flipVert=False, font='Arial', fontFiles=[], height=0.04, italic=False, languageStyle='LTR', name='wth_self_txt', opacity=1.0, ori=0.0, pos=array([ 0.4 , -0.02]), rgb=UNKNOWN, text='단어가 자신과 관련이 있는 정도', units='height', win=Window(...), wrapWidth=1)
17.3570 	EXP 	window1: mouseVisible = True
17.3839 	EXP 	Created wth_self_rating = Slider(__class__=<class 'psychopy.visual.slider.Slider'>, autoDraw=False, autoLog=True, borderColor=None, color=None, colorSpace='rgb', depth=-5, fillColor=None, flip=False, font='Noto Sans KR', granularity=0.0, labelColor=None, labelHeight=0.03, labelWrapWidth=None, labels=('전혀 나와 관련이 없음', '나와 관련이 매우 많음'), lineColor=None, markerColor=None, name='wth_self_rating', opacity=None, ori=0.0, pos=array([ 0.4, -0.1]), readOnly=False, self=UNKNOWN, size=array([0.45, 0.05]), startValue=None, style='rating', styleTweaks=[], ticks=array([0, 1]), units='height', win=Window(...))
17.3880 	EXP 	window1: mouseVisible = True
17.3971 	EXP 	Created exp_end_back = ImageStim(__class__=<class 'psychopy.visual.image.ImageStim'>, anchor=('center', 'center'), autoLog=True, color=array([1, 1, 1]), colorSpace='rgb', contrast=1.0, depth=-1.0, flipHoriz=False, flipVert=False, image='pics/blank.png', interpolate=True, mask=None, maskParams=None, name='exp_end_back', opacity=1.0, ori=0.0, pos=array([0., 0.]), size=array([3., 1.]), texRes=128.0, units='height', win=Window(...))
17.4244 	EXP 	Created exp_end_text = TextStim(__class__=<class 'psychopy.visual.text.TextStim'>, alignHoriz=method-wrapper(...), alignText='center', alignVert=method-wrapper(...), anchorHoriz='center', anchorVert='center', antialias=True, autoDraw=False, autoLog=True, bold=False, color=array([-1, -1, -1]), colorSpace='rgb', contrast=1.0, depth=-2.0, flipHoriz=False, flipVert=False, font='Noto Sans KR', fontFiles=[], height=0.04, italic=False, languageStyle='LTR', name='exp_end_text', opacity=1.0, ori=0.0, pos=array([0., 0.]), rgb=UNKNOWN, text=str(...), units='height', win=Window(...), wrapWidth=1)
17.4363 	EXP 	Created total_end_text = TextStim(__class__=<class 'psychopy.visual.text.TextStim'>, alignHoriz=method-wrapper(...), alignText='center', alignVert=method-wrapper(...), anchorHoriz='center', anchorVert='center', antialias=True, autoDraw=False, autoLog=True, bold=False, color=array([1, 1, 1]), colorSpace='rgb', contrast=1.0, depth=0.0, flipHoriz=False, flipVert=False, font='Arial', fontFiles=[], height=0.04, italic=False, languageStyle='LTR', name='total_end_text', opacity=1.0, ori=0.0, pos=array([0., 0.]), rgb=UNKNOWN, text='참여해주셔서 감사합니다.\n자동으로 종료됩니다.', units='height', win=Window(...), wrapWidth=1)
17.4542 	EXP 	wth_movie: autoLog = True
17.4542 	EXP 	wth_movie: movie = 'ins/weather_intro.mp4'
17.4542 	EXP 	wth_movie: ori = 0.0
17.4542 	EXP 	wth_valence_rating_2: autoLog = True
17.4542 	EXP 	wth_valence_rating_2: markerPos = None
17.4542 	EXP 	wth_valence_rating_2: styleTweaks = []
17.4542 	EXP 	wth_valence_rating_2: styleTweaks = []
17.4542 	EXP 	wth_valence_rating_2: styleTweaks = []
17.4542 	EXP 	wth_valence_rating_2: styleTweaks = []
17.4542 	EXP 	wth_valence_rating_2: contrast = 1.0
17.4542 	EXP 	wth_valence_rating_2: autoLog = True
17.4542 	EXP 	wth_self_rating_2: autoLog = True
17.4542 	EXP 	wth_self_rating_2: markerPos = None
17.4542 	EXP 	wth_self_rating_2: styleTweaks = []
17.4542 	EXP 	wth_self_rating_2: styleTweaks = []
17.4542 	EXP 	wth_self_rating_2: styleTweaks = []
17.4542 	EXP 	wth_self_rating_2: styleTweaks = []
17.4542 	EXP 	wth_self_rating_2: contrast = 1.0
17.4542 	EXP 	wth_self_rating_2: autoLog = True
17.4542 	EXP 	wth_valence_rating: autoLog = True
17.4542 	EXP 	wth_valence_rating: markerPos = None
17.4542 	EXP 	wth_valence_rating: styleTweaks = []
17.4542 	EXP 	wth_valence_rating: styleTweaks = []
17.4542 	EXP 	wth_valence_rating: styleTweaks = []
17.4542 	EXP 	wth_valence_rating: styleTweaks = []
17.4542 	EXP 	wth_valence_rating: contrast = 1.0
17.4542 	EXP 	wth_valence_rating: autoLog = True
17.4542 	EXP 	wth_self_rating: autoLog = True
17.4542 	EXP 	wth_self_rating: markerPos = None
17.4542 	EXP 	wth_self_rating: styleTweaks = []
17.4542 	EXP 	wth_self_rating: styleTweaks = []
17.4542 	EXP 	wth_self_rating: styleTweaks = []
17.4542 	EXP 	wth_self_rating: styleTweaks = []
17.4542 	EXP 	wth_self_rating: contrast = 1.0
17.4542 	EXP 	wth_self_rating: autoLog = True
17.4542 	EXP 	image: autoDraw = True
21.0722 	EXP 	Created sequence: random, trialTypes=1, nReps=1, seed=None
21.0723 	EXP 	New trial (rep=0, index=0): None
21.0729 	DATA 	Keypress: space
21.0858 	EXP 	image: autoDraw = False
23.0871 	EXP 	wth_movie: autoDraw = True
23.0871 	EXP 	text: autoDraw = True
24.5715 	EXP 	Created sequence: sequential, trialTypes=1, nReps=10, seed=None
24.5717 	EXP 	New trial (rep=0, index=0): None
24.6075 	DATA 	Keypress: space
24.6206 	EXP 	wth_movie: autoDraw = False
24.6206 	EXP 	text: autoDraw = False
24.6206 	EXP 	wth_background_inst: autoDraw = True
25.5709 	EXP 	wth_text: autoDraw = True
27.5705 	EXP 	wth_text: autoDraw = False
29.6049 	EXP 	window1: mouseVisible = False
29.6361 	EXP 	wth_background_inst: autoDraw = False
29.6361 	EXP 	wth_background_inst: autoDraw = False
29.6361 	EXP 	wth_text: autoDraw = False
29.6361 	EXP 	wth_background_6: autoDraw = True
29.6361 	EXP 	wth_think_instr_2: autoDraw = True
29.6361 	EXP 	wth_think_cross_2: autoDraw = True
34.6207 	EXP 	window1: mouseVisible = True
34.6207 	EXP 	window1: mouseVisible = True
34.6528 	EXP 	wth_background_6: autoDraw = False
34.6528 	EXP 	wth_think_instr_2: autoDraw = False
34.6528 	EXP 	wth_think_cross_2: autoDraw = False
34.6528 	EXP 	wth_background_6: autoDraw = False
34.6528 	EXP 	wth_think_instr_2: autoDraw = False
34.6528 	EXP 	wth_think_cross_2: autoDraw = False
34.6528 	EXP 	image_2: autoDraw = True
34.6528 	EXP 	wth_word_instr_4: autoDraw = True
40.7496 	EXP 	image_2: autoDraw = False
40.7496 	EXP 	wth_word_instr_4: autoDraw = False
40.7496 	EXP 	wth_word_typed_2: height = 0.07
40.7496 	EXP 	wth_word_typed_2: height = 0.07
40.7496 	EXP 	wth_word_typed_2: height = 0.07
40.7496 	EXP 	wth_word_typed_2: text = ' \nbjgjh\n'
40.7496 	EXP 	wth_valence_rating_2: markerPos = None
40.7496 	EXP 	wth_valence_rating_2: markerPos = None
40.7496 	EXP 	wth_self_rating_2: markerPos = None
40.7496 	EXP 	wth_self_rating_2: markerPos = None
40.7496 	EXP 	wth_background_7: autoDraw = True
40.7496 	EXP 	wth_word_typed_2: autoDraw = True
40.7496 	EXP 	wth_valence_rating_2: autoDraw = True
40.7496 	EXP 	wth_valence_txt_2: autoDraw = True
40.7496 	EXP 	wth_self_txt_2: autoDraw = True
40.7496 	EXP 	wth_self_rating_2: autoDraw = True
43.7522 	DATA 	Mouse: Left button down, pos=(602,433)
43.7668 	EXP 	wth_valence_rating_2: markerPos = 0.7489711934156378
43.7832 	EXP 	wth_valence_rating_2: markerPos = 0.7489711934156378
43.8001 	EXP 	wth_valence_rating_2: markerPos = 0.7489711934156378
43.8165 	EXP 	wth_valence_rating_2: markerPos = 0.7489711934156378
43.8334 	EXP 	wth_valence_rating_2: markerPos = 0.7489711934156378
43.8502 	EXP 	wth_valence_rating_2: markerPos = 0.7489711934156378
43.8669 	EXP 	wth_valence_rating_2: markerPos = 0.7489711934156378
43.8834 	EXP 	wth_valence_rating_2: markerPos = 0.7489711934156378
43.8998 	EXP 	wth_valence_rating_2: markerPos = 0.7489711934156378
43.9167 	EXP 	wth_valence_rating_2: markerPos = 0.7489711934156378
43.9182 	DATA 	Mouse:  Left button up, pos=(602,433)
43.9334 	EXP 	wth_valence_rating_2: markerPos = 0.7489711934156378
45.6012 	DATA 	Mouse: Left button down, pos=(1678,432)
45.6165 	EXP 	wth_self_rating_2: markerPos = 0.8662551440329218
45.6329 	EXP 	wth_self_rating_2: markerPos = 0.8662551440329218
45.6498 	EXP 	wth_self_rating_2: markerPos = 0.8662551440329218
45.6662 	EXP 	wth_self_rating_2: markerPos = 0.8662551440329218
45.6829 	EXP 	wth_self_rating_2: markerPos = 0.8662551440329218
45.6992 	EXP 	wth_self_rating_2: markerPos = 0.8662551440329218
45.7162 	EXP 	wth_self_rating_2: markerPos = 0.8662551440329218
45.7331 	EXP 	wth_self_rating_2: markerPos = 0.8662551440329218
45.7657 	EXP 	wth_self_rating_2: markerPos = 0.8662551440329218
45.7675 	DATA 	Mouse:  Left button up, pos=(1678,432)
45.7991 	EXP 	wth_self_rating_2: markerPos = 0.8662551440329218
70.3804 	DATA 	Mouse: Left button down, pos=(971,75)
70.4049 	EXP 	window1: fullscr = True
70.4605 	EXP 	wth_background_7: autoDraw = False
70.4605 	EXP 	wth_word_typed_2: autoDraw = False
70.4605 	EXP 	wth_valence_rating_2: autoDraw = False
70.4605 	EXP 	wth_valence_txt_2: autoDraw = False
70.4605 	EXP 	wth_self_txt_2: autoDraw = False
70.4605 	EXP 	wth_self_rating_2: autoDraw = False
70.4605 	EXP 	wth_image_2: autoDraw = True
70.4605 	EXP 	wth_text_4: autoDraw = True
70.5623 	DATA 	Mouse:  Left button up, pos=(971,75)
75.8564 	DATA 	Keypress: n
75.8770 	EXP 	wth_image_2: autoDraw = False
75.8770 	EXP 	wth_text_4: autoDraw = False
75.8770 	EXP 	wth_text_2: font = 'exp_font'
75.8770 	EXP 	wth_background_inst_2: autoDraw = True
75.8770 	EXP 	wth_text_2: autoDraw = True
75.8770 	EXP 	wth_text_2: height = 0.07
75.8770 	EXP 	wth_text_2: height = 0.07
75.8770 	EXP 	wth_text_2: height = 0.07
75.8770 	EXP 	wth_text_2: text = '실험을 시작합니다.\n\n스페이스로 넘어가세요.'
78.8111 	EXP 	Created sequence: sequential, trialTypes=1, nReps=4, seed=None
78.8113 	EXP 	New trial (rep=0, index=0): None
78.8114 	EXP 	window1: mouseVisible = False
78.8449 	DATA 	Keypress: space
78.8600 	EXP 	wth_background_inst_2: autoDraw = False
78.8600 	EXP 	wth_text_2: autoDraw = False
78.8600 	EXP 	wth_think_instr: font = 'exp_font'
78.8600 	EXP 	wth_background: autoDraw = True
78.8600 	EXP 	wth_think_instr: autoDraw = True
78.8600 	EXP 	wth_think_cross: autoDraw = True
78.8600 	EXP 	wth_think_instr: height = 0.07
78.8600 	EXP 	wth_think_instr: height = 0.07
78.8600 	EXP 	wth_think_instr: height = 0.07
78.8600 	EXP 	wth_think_instr: text = '자유롭게 생각하세요.'
79.5616 	DATA 	Keypress: escape
80.0754 	EXP 	window1: mouseVisible = True
