2.2678 	WARNING 	We strongly recommend you activate the PTB sound engine in PsychoPy prefs as the preferred audio engine. Its timing is vastly superior. Your prefs are currently set to use ['sounddevice', 'PTB', 'pyo', 'pygame'] (in that order).
6.6431 	EXP 	Created window1 = Window(allowGUI=True, allowStencil=False, autoLog=True, backendConf=UNKNOWN, bitsMode=UNKNOWN, blendMode='avg', bpc=(8, 8, 8), color=array([0., 0., 0.]), colorSpace='hsv', depthBits=8, fullscr=<method-wrapper '__getattribute__' of attributeSetter object at 0x000001BC56585DC0>, gamma=None, gammaErrorPolicy='raise', lms=UNKNOWN, monitor=<psychopy.monitors.calibTools.Monitor object at 0x000001BC5752C370>, multiSample=False, name='window1', numSamples=2, pos=(0, 0), screen=0, size=array([1920, 1080]), stencilBits=0, stereo=False, units='height', useFBO=True, useRetina=False, viewOri=0.0, viewPos=None, viewScale=None, waitBlanking=True, winType='pyglet')
6.6432 	EXP 	window1: mouseVisible = True
6.6432 	EXP 	window1: mouseVisible = True
6.6432 	EXP 	window1: Attempting to measure frame rate of screen (0) ...
6.6432 	EXP 	window1: recordFrameIntervals = False
6.8089 	EXP 	window1: recordFrameIntervals = True
6.9922 	EXP 	Screen (0) actual frame rate measured at 59.88Hz
6.9922 	EXP 	window1: recordFrameIntervals = False
7.0227 	WARNING 	launchHubServer: If using the iohub mouse or eyetracker devices, fullScr should be True.
8.6560 	EXP 	Created image = ImageStim(__class__=<class 'psychopy.visual.image.ImageStim'>, anchor=('center', 'center'), autoLog=True, color=array([1, 1, 1]), colorSpace='rgb', contrast=1.0, depth=0.0, flipHoriz=False, flipVert=False, image='fis_artwork/general_instruction.png', interpolate=True, mask=None, maskParams=None, name='image', opacity=1.0, ori=0.0, pos=array([0., 0.]), size=array([1920., 1080.]), texRes=128.0, units='pix', win=Window(...))
8.7887 	EXP 	Created wth_movie = MovieStim3(__class__=<class 'psychopy.visual.movie3.MovieStim3'>, anchor=('center', 'center'), autoLog=True, color=UNKNOWN, colorSpace=UNKNOWN, depth=0.0, filename='ins/weather_intro.mp4', flipHoriz=False, flipVert=False, fps=UNKNOWN, interpolate=True, loop=False, name='wth_movie', noAudio=False, opacity=1, ori=method-wrapper(...), pos=array([0., 0.]), size=None, units='pix', vframe_callback=UNKNOWN, volume=UNKNOWN, win=Window(...))
10.9723 	WARNING 	2.1836131999998543: Video catchup needed, advancing self._nextFrameT from 0.0 to 0.041666666666666664
10.9723 	WARNING 	2.183640600000217: Video catchup needed, advancing self._nextFrameT from 0.041666666666666664 to 0.08333333333333333
10.9723 	WARNING 	2.183650700000726: Video catchup needed, advancing self._nextFrameT from 0.08333333333333333 to 0.125
10.9724 	WARNING 	2.1836597000001348: Video catchup needed, advancing self._nextFrameT from 0.125 to 0.16666666666666666
10.9724 	WARNING 	2.1836684999998397: Video catchup needed, advancing self._nextFrameT from 0.16666666666666666 to 0.20833333333333331
10.9724 	WARNING 	2.183677400000306: Video catchup needed, advancing self._nextFrameT from 0.20833333333333331 to 0.24999999999999997
10.9724 	WARNING 	2.183686299999863: Video catchup needed, advancing self._nextFrameT from 0.24999999999999997 to 0.29166666666666663
10.9724 	WARNING 	2.1836950000006254: Video catchup needed, advancing self._nextFrameT from 0.29166666666666663 to 0.3333333333333333
10.9724 	WARNING 	2.1837037000004784: Video catchup needed, advancing self._nextFrameT from 0.3333333333333333 to 0.375
10.9724 	WARNING 	2.1837123000004794: Video catchup needed, advancing self._nextFrameT from 0.375 to 0.4166666666666667
10.9724 	WARNING 	Max reportNDroppedFrames reached, will not log any more dropped frames
11.2136 	EXP 	Created text = TextStim(__class__=<class 'psychopy.visual.text.TextStim'>, alignHoriz=method-wrapper(...), alignText='center', alignVert=method-wrapper(...), anchorHoriz='center', anchorVert='center', antialias=True, autoDraw=False, autoLog=True, bold=False, color=array([-1, -1, -1]), colorSpace='rgb', contrast=1.0, depth=-1.0, flipHoriz=False, flipVert=False, font='Noto Sans KR', fontFiles=[], height=0.05, italic=False, languageStyle='LTR', name='text', opacity=1.0, ori=0.0, pos=array([ 0. , -0.4]), rgb=UNKNOWN, text='스페이스로 넘어가세요', units='height', win=Window(...), wrapWidth=1)
11.7961 	EXP 	Created wth_background_inst = ImageStim(__class__=<class 'psychopy.visual.image.ImageStim'>, anchor=('center', 'center'), autoLog=True, color=array([1, 1, 1]), colorSpace='rgb', contrast=1.0, depth=0.0, flipHoriz=False, flipVert=False, image=str(...), interpolate=True, mask=None, maskParams=None, name='wth_background_inst', opacity=1.0, ori=0.0, pos=array([0., 0.]), size=array([1920., 1080.]), texRes=128.0, units='pix', win=Window(...))
11.8156 	EXP 	Created wth_text = TextStim(__class__=<class 'psychopy.visual.text.TextStim'>, alignHoriz=method-wrapper(...), alignText='center', alignVert=method-wrapper(...), anchorHoriz='center', anchorVert='center', antialias=True, autoDraw=False, autoLog=True, bold=False, color=array([-1, -1, -1]), colorSpace='rgb', contrast=1.0, depth=-1.0, flipHoriz=False, flipVert=False, font='Noto Sans KR', fontFiles=[], height=0.07, italic=False, languageStyle='LTR', name='wth_text', opacity=1.0, ori=0.0, pos=array([0., 0.]), rgb=UNKNOWN, text='단어연상 연습이 시작됩니다.', units='height', win=Window(...), wrapWidth=1)
12.4381 	EXP 	Created wth_background_6 = ImageStim(__class__=<class 'psychopy.visual.image.ImageStim'>, anchor=('center', 'center'), autoLog=True, color=array([1, 1, 1]), colorSpace='rgb', contrast=1.0, depth=0.0, flipHoriz=False, flipVert=False, image=str(...), interpolate=True, mask=None, maskParams=None, name='wth_background_6', opacity=1.0, ori=0.0, pos=array([0., 0.]), size=array([1920., 1080.]), texRes=128.0, units='pix', win=Window(...))
12.4482 	EXP 	Created wth_think_instr_2 = TextStim(__class__=<class 'psychopy.visual.text.TextStim'>, alignHoriz=method-wrapper(...), alignText='center', alignVert=method-wrapper(...), anchorHoriz='center', anchorVert='center', antialias=True, autoDraw=False, autoLog=True, bold=False, color=array([-1, -1, -1]), colorSpace='rgb', contrast=1.0, depth=-2.0, flipHoriz=False, flipVert=False, font='Noto Sans KR', fontFiles=[], height=0.07, italic=False, languageStyle='LTR', name='wth_think_instr_2', opacity=1.0, ori=0.0, pos=array([0. , 0.3]), rgb=UNKNOWN, text='자유롭게 생각하세요.', units='height', win=Window(...), wrapWidth=1)
12.4543 	EXP 	Created wth_think_cross_2 = ShapeStim(__class__=<class 'psychopy.visual.shape.ShapeStim'>, anchor=('center', 'center'), autoDraw=False, autoLog=True, closeShape=True, color=method-wrapper(...), colorSpace='rgb', contrast=None, depth=-3.0, fillColor=array([-1, -1, -1]), fillColorSpace='rgb', fillRGB=array([-1, -1, -1]), interpolate=True, lineColor=array([-1, -1, -1]), lineColorSpace='rgb', lineRGB=array([-1, -1, -1]), lineWidth=0.1, name='wth_think_cross_2', opacity=1.0, ori=0.0, pos=array([0., 0.]), size=array([0.07, 0.07]), units='height', vertices=ndarray(...), win=Window(...), windingRule=None)
13.0925 	EXP 	Created image_2 = ImageStim(__class__=<class 'psychopy.visual.image.ImageStim'>, anchor=('center', 'center'), autoLog=True, color=array([1, 1, 1]), colorSpace='rgb', contrast=1.0, depth=0.0, flipHoriz=False, flipVert=False, image=str(...), interpolate=True, mask=None, maskParams=None, name='image_2', opacity=1.0, ori=0.0, pos=array([0., 0.]), size=array([1920., 1080.]), texRes=128.0, units='pix', win=Window(...))
13.1136 	EXP 	Created wth_word_instr_4 = TextStim(__class__=<class 'psychopy.visual.text.TextStim'>, alignHoriz=method-wrapper(...), alignText='center', alignVert=method-wrapper(...), anchorHoriz='center', anchorVert='center', antialias=True, autoDraw=False, autoLog=True, bold=False, color=array([-1, -1, -1]), colorSpace='rgb', contrast=1.0, depth=-1.0, flipHoriz=False, flipVert=False, font='Noto Sans KR', fontFiles=[], height=0.07, italic=False, languageStyle='LTR', name='wth_word_instr_4', opacity=1.0, ori=0.0, pos=array([0.  , 0.25]), rgb=UNKNOWN, text='지금 무슨 생각을 하고 있는지\n단어나 구로 입력해주세요.', units='height', win=Window(...), wrapWidth=1)
13.7190 	EXP 	Created wth_background_7 = ImageStim(__class__=<class 'psychopy.visual.image.ImageStim'>, anchor=('center', 'center'), autoLog=True, color=array([1, 1, 1]), colorSpace='rgb', contrast=1.0, depth=0.0, flipHoriz=False, flipVert=False, image=str(...), interpolate=True, mask=None, maskParams=None, name='wth_background_7', opacity=1.0, ori=0.0, pos=array([0., 0.]), size=array([1920., 1080.]), texRes=128.0, units='pix', win=Window(...))
13.7195 	EXP 	Created wth_word_typed_2 = TextStim(__class__=<class 'psychopy.visual.text.TextStim'>, alignHoriz=method-wrapper(...), alignText='center', alignVert=method-wrapper(...), anchorHoriz='center', anchorVert='center', antialias=True, autoDraw=False, autoLog=True, bold=False, color=array([-1, -1, -1]), colorSpace='rgb', contrast=1.0, depth=-1.0, flipHoriz=False, flipVert=False, font='Noto Sans KR', fontFiles=[], height=0.07, italic=False, languageStyle='LTR', name='wth_word_typed_2', opacity=1.0, ori=0.0, pos=array([0. , 0.2]), rgb=UNKNOWN, text='', units='height', win=Window(...), wrapWidth=1)
13.7231 	EXP 	window1: mouseVisible = True
13.7814 	EXP 	Created wth_valence_rating_2 = Slider(__class__=<class 'psychopy.visual.slider.Slider'>, autoDraw=False, autoLog=True, borderColor=None, color=None, colorSpace='rgb', depth=-2, fillColor=None, flip=False, font='Noto Sans KR', granularity=0.0, labelColor=None, labelHeight=0.03, labelWrapWidth=None, labels=('부정', '중립', '긍정'), lineColor=None, markerColor=None, name='wth_valence_rating_2', opacity=None, ori=0.0, pos=array([-0.5, -0.1]), readOnly=False, self=UNKNOWN, size=array([0.45, 0.05]), startValue=None, style='rating', styleTweaks=[], ticks=array([-1,  0,  1]), units='height', win=Window(...))
13.7946 	EXP 	Created wth_valence_txt_2 = TextStim(__class__=<class 'psychopy.visual.text.TextStim'>, alignHoriz=method-wrapper(...), alignText='center', alignVert=method-wrapper(...), anchorHoriz='center', anchorVert='center', antialias=True, autoDraw=False, autoLog=True, bold=False, color=array([-1, -1, -1]), colorSpace='rgb', contrast=1.0, depth=-3.0, flipHoriz=False, flipVert=False, font='Noto Sans KR', fontFiles=[], height=0.04, italic=False, languageStyle='LTR', name='wth_valence_txt_2', opacity=1.0, ori=0.0, pos=array([-0.5 , -0.02]), rgb=UNKNOWN, text='단어에서 느껴지는 감정', units='height', win=Window(...), wrapWidth=1)
13.8044 	EXP 	Created wth_self_txt_2 = TextStim(__class__=<class 'psychopy.visual.text.TextStim'>, alignHoriz=method-wrapper(...), alignText='center', alignVert=method-wrapper(...), anchorHoriz='center', anchorVert='center', antialias=True, autoDraw=False, autoLog=True, bold=False, color=array([-1, -1, -1]), colorSpace='rgb', contrast=1.0, depth=-4.0, flipHoriz=False, flipVert=False, font='Noto Sans KR', fontFiles=[], height=0.04, italic=False, languageStyle='LTR', name='wth_self_txt_2', opacity=1.0, ori=0.0, pos=array([ 0.5 , -0.02]), rgb=UNKNOWN, text='단어가 자신과 관련이 있는 정도', units='height', win=Window(...), wrapWidth=1)
13.8058 	EXP 	window1: mouseVisible = True
13.8916 	EXP 	Created wth_self_rating_2 = Slider(__class__=<class 'psychopy.visual.slider.Slider'>, autoDraw=False, autoLog=True, borderColor=None, color=None, colorSpace='rgb', depth=-5, fillColor=None, flip=False, font='Noto Sans KR', granularity=0.0, labelColor=None, labelHeight=0.03, labelWrapWidth=None, labels=('전혀 나와 관련 없음', '나와 관련 매우 많음'), lineColor=None, markerColor=None, name='wth_self_rating_2', opacity=None, ori=0.0, pos=array([ 0.5, -0.1]), readOnly=False, self=UNKNOWN, size=array([0.45, 0.05]), startValue=None, style='rating', styleTweaks=[], ticks=array([0, 1]), units='height', win=Window(...))
13.9304 	EXP 	window1: mouseVisible = True
14.5036 	EXP 	Created wth_image_2 = ImageStim(__class__=<class 'psychopy.visual.image.ImageStim'>, anchor=('center', 'center'), autoLog=True, color=array([1, 1, 1]), colorSpace='rgb', contrast=1.0, depth=0.0, flipHoriz=False, flipVert=False, image=str(...), interpolate=True, mask=None, maskParams=None, name='wth_image_2', opacity=1.0, ori=0.0, pos=array([0., 0.]), size=array([1920., 1080.]), texRes=128.0, units='pix', win=Window(...))
14.5207 	EXP 	Created wth_text_4 = TextStim(__class__=<class 'psychopy.visual.text.TextStim'>, alignHoriz=method-wrapper(...), alignText='center', alignVert=method-wrapper(...), anchorHoriz='center', anchorVert='center', antialias=True, autoDraw=False, autoLog=True, bold=False, color=array([-1, -1, -1]), colorSpace='rgb', contrast=1.0, depth=-1.0, flipHoriz=False, flipVert=False, font='Noto Sans KR', fontFiles=[], height=0.07, italic=False, languageStyle='LTR', name='wth_text_4', opacity=1.0, ori=0.0, pos=array([0., 0.]), rgb=UNKNOWN, text='연습을 다시 하시겠습니까?\n\n다시연습 : y\n\n넘어가기 : n', units='height', win=Window(...), wrapWidth=1)
15.1112 	EXP 	Created wth_background_inst_2 = ImageStim(__class__=<class 'psychopy.visual.image.ImageStim'>, anchor=('center', 'center'), autoLog=True, color=array([1, 1, 1]), colorSpace='rgb', contrast=1.0, depth=0.0, flipHoriz=False, flipVert=False, image=str(...), interpolate=True, mask=None, maskParams=None, name='wth_background_inst_2', opacity=1.0, ori=0.0, pos=array([0., 0.]), size=array([1920., 1080.]), texRes=128.0, units='pix', win=Window(...))
15.1339 	EXP 	Created wth_text_2 = TextStim(__class__=<class 'psychopy.visual.text.TextStim'>, alignHoriz=method-wrapper(...), alignText='center', alignVert=method-wrapper(...), anchorHoriz='center', anchorVert='center', antialias=True, autoDraw=False, autoLog=True, bold=False, color=array([-1, -1, -1]), colorSpace='rgb', contrast=1.0, depth=-1.0, flipHoriz=False, flipVert=False, font='Noto Sans KR', fontFiles=[], height=0.07, italic=False, languageStyle='LTR', name='wth_text_2', opacity=1.0, ori=0.0, pos=array([0., 0.]), rgb=UNKNOWN, text=str(...), units='height', win=Window(...), wrapWidth=1)
15.7255 	EXP 	Created image_3 = ImageStim(__class__=<class 'psychopy.visual.image.ImageStim'>, anchor=('center', 'center'), autoLog=True, color=array([1, 1, 1]), colorSpace='rgb', contrast=1.0, depth=0.0, flipHoriz=False, flipVert=False, image=str(...), interpolate=True, mask=None, maskParams=None, name='image_3', opacity=1.0, ori=0.0, pos=array([0., 0.]), size=array([1920., 1080.]), texRes=128.0, units='pix', win=Window(...))
15.7270 	EXP 	Created text_2 = TextStim(__class__=<class 'psychopy.visual.text.TextStim'>, alignHoriz=method-wrapper(...), alignText='center', alignVert=method-wrapper(...), anchorHoriz='center', anchorVert='center', antialias=True, autoDraw=False, autoLog=True, bold=False, color=array([-1, -1, -1]), colorSpace='rgb', contrast=1.0, depth=-1.0, flipHoriz=False, flipVert=False, font='Noto Sans KR', fontFiles=[], height=0.07, italic=False, languageStyle='LTR', name='text_2', opacity=1.0, ori=0.0, pos=array([0., 0.]), rgb=UNKNOWN, text='시작', units='height', win=Window(...), wrapWidth=1)
16.2896 	EXP 	Created wth_background = ImageStim(__class__=<class 'psychopy.visual.image.ImageStim'>, anchor=('center', 'center'), autoLog=True, color=array([1, 1, 1]), colorSpace='rgb', contrast=1.0, depth=0.0, flipHoriz=False, flipVert=False, image=str(...), interpolate=True, mask=None, maskParams=None, name='wth_background', opacity=1.0, ori=0.0, pos=array([0., 0.]), size=array([1920., 1080.]), texRes=128.0, units='pix', win=Window(...))
16.3121 	EXP 	Created wth_think_instr = TextStim(__class__=<class 'psychopy.visual.text.TextStim'>, alignHoriz=method-wrapper(...), alignText='center', alignVert=method-wrapper(...), anchorHoriz='center', anchorVert='center', antialias=True, autoDraw=False, autoLog=True, bold=False, color=array([-1, -1, -1]), colorSpace='rgb', contrast=1.0, depth=-2.0, flipHoriz=False, flipVert=False, font='Arial', fontFiles=[], height=0.07, italic=False, languageStyle='LTR', name='wth_think_instr', opacity=1.0, ori=0.0, pos=array([0.  , 0.25]), rgb=UNKNOWN, text='자유롭게 생각하세요.', units='height', win=Window(...), wrapWidth=1)
16.3132 	EXP 	Created wth_think_cross = ShapeStim(__class__=<class 'psychopy.visual.shape.ShapeStim'>, anchor=('center', 'center'), autoDraw=False, autoLog=True, closeShape=True, color=method-wrapper(...), colorSpace='rgb', contrast=None, depth=-3.0, fillColor=array([-1, -1, -1]), fillColorSpace='rgb', fillRGB=array([-1, -1, -1]), interpolate=True, lineColor=array([-1, -1, -1]), lineColorSpace='rgb', lineRGB=array([-1, -1, -1]), lineWidth=0.1, name='wth_think_cross', opacity=1.0, ori=0.0, pos=array([0., 0.]), size=array([0.07, 0.07]), units='height', vertices=ndarray(...), win=Window(...), windingRule=None)
16.8806 	EXP 	Created wth_background_2 = ImageStim(__class__=<class 'psychopy.visual.image.ImageStim'>, anchor=('center', 'center'), autoLog=True, color=array([1, 1, 1]), colorSpace='rgb', contrast=1.0, depth=0.0, flipHoriz=False, flipVert=False, image=str(...), interpolate=True, mask=None, maskParams=None, name='wth_background_2', opacity=1.0, ori=0.0, pos=array([0., 0.]), size=array([1920., 1080.]), texRes=128.0, units='pix', win=Window(...))
16.8997 	EXP 	Created wth_word_instr = TextStim(__class__=<class 'psychopy.visual.text.TextStim'>, alignHoriz=method-wrapper(...), alignText='center', alignVert=method-wrapper(...), anchorHoriz='center', anchorVert='center', antialias=True, autoDraw=False, autoLog=True, bold=False, color=array([-1, -1, -1]), colorSpace='rgb', contrast=1.0, depth=-1.0, flipHoriz=False, flipVert=False, font='Arial', fontFiles=[], height=0.07, italic=False, languageStyle='LTR', name='wth_word_instr', opacity=1.0, ori=0.0, pos=array([0.  , 0.25]), rgb=UNKNOWN, text='지금 무슨 생각을 하고 있는지\n단어나 구로 입력해주세요.', units='height', win=Window(...), wrapWidth=1)
17.5166 	EXP 	Created wth_background_3 = ImageStim(__class__=<class 'psychopy.visual.image.ImageStim'>, anchor=('center', 'center'), autoLog=True, color=array([1, 1, 1]), colorSpace='rgb', contrast=1.0, depth=0.0, flipHoriz=False, flipVert=False, image=str(...), interpolate=True, mask=None, maskParams=None, name='wth_background_3', opacity=1.0, ori=0.0, pos=array([0., 0.]), size=array([1920., 1080.]), texRes=128.0, units='pix', win=Window(...))
17.5182 	EXP 	Created wth_word_typed = TextStim(__class__=<class 'psychopy.visual.text.TextStim'>, alignHoriz=method-wrapper(...), alignText='center', alignVert=method-wrapper(...), anchorHoriz='center', anchorVert='center', antialias=True, autoDraw=False, autoLog=True, bold=False, color=array([-1, -1, -1]), colorSpace='rgb', contrast=1.0, depth=-1.0, flipHoriz=False, flipVert=False, font='Noto Sans KR', fontFiles=[], height=0.1, italic=False, languageStyle='LTR', name='wth_word_typed', opacity=1.0, ori=0.0, pos=array([0. , 0.2]), rgb=UNKNOWN, text='', units='height', win=Window(...), wrapWidth=1)
17.5198 	EXP 	window1: mouseVisible = True
17.5473 	EXP 	Created wth_valence_rating = Slider(__class__=<class 'psychopy.visual.slider.Slider'>, autoDraw=False, autoLog=True, borderColor=None, color=None, colorSpace='rgb', depth=-2, fillColor=None, flip=False, font='Noto Sans KR', granularity=0.0, labelColor=None, labelHeight=0.03, labelWrapWidth=None, labels=('부정', '중립', '긍정'), lineColor=None, markerColor=None, name='wth_valence_rating', opacity=None, ori=0.0, pos=array([-0.5, -0.1]), readOnly=False, self=UNKNOWN, size=array([0.45, 0.05]), startValue=None, style='rating', styleTweaks=[], ticks=array([-1,  0,  1]), units='height', win=Window(...))
17.5554 	EXP 	Created wth_valence_txt = TextStim(__class__=<class 'psychopy.visual.text.TextStim'>, alignHoriz=method-wrapper(...), alignText='center', alignVert=method-wrapper(...), anchorHoriz='center', anchorVert='center', antialias=True, autoDraw=False, autoLog=True, bold=False, color=array([-1, -1, -1]), colorSpace='rgb', contrast=1.0, depth=-3.0, flipHoriz=False, flipVert=False, font='Noto Sans KR', fontFiles=[], height=0.04, italic=False, languageStyle='LTR', name='wth_valence_txt', opacity=1.0, ori=0.0, pos=array([-0.5 , -0.02]), rgb=UNKNOWN, text='단어에서 느껴지는 감정', units='height', win=Window(...), wrapWidth=1)
17.5614 	EXP 	Created wth_self_txt = TextStim(__class__=<class 'psychopy.visual.text.TextStim'>, alignHoriz=method-wrapper(...), alignText='center', alignVert=method-wrapper(...), anchorHoriz='center', anchorVert='center', antialias=True, autoDraw=False, autoLog=True, bold=False, color=array([-1, -1, -1]), colorSpace='rgb', contrast=1.0, depth=-4.0, flipHoriz=False, flipVert=False, font='Noto Sans KR', fontFiles=[], height=0.04, italic=False, languageStyle='LTR', name='wth_self_txt', opacity=1.0, ori=0.0, pos=array([ 0.5 , -0.02]), rgb=UNKNOWN, text='단어가 자신과 관련이 있는 정도', units='height', win=Window(...), wrapWidth=1)
17.5630 	EXP 	window1: mouseVisible = True
17.5893 	EXP 	Created wth_self_rating = Slider(__class__=<class 'psychopy.visual.slider.Slider'>, autoDraw=False, autoLog=True, borderColor=None, color=None, colorSpace='rgb', depth=-5, fillColor=None, flip=False, font='Noto Sans KR', granularity=0.0, labelColor=None, labelHeight=0.03, labelWrapWidth=None, labels=('전혀 나와 관련이 없음', '나와 관련이 매우 많음'), lineColor=None, markerColor=None, name='wth_self_rating', opacity=None, ori=0.0, pos=array([ 0.4, -0.1]), readOnly=False, self=UNKNOWN, size=array([0.45, 0.05]), startValue=None, style='rating', styleTweaks=[], ticks=array([0, 1]), units='height', win=Window(...))
17.5932 	EXP 	window1: mouseVisible = True
17.6033 	EXP 	Created exp_end_back = ImageStim(__class__=<class 'psychopy.visual.image.ImageStim'>, anchor=('center', 'center'), autoLog=True, color=array([1, 1, 1]), colorSpace='rgb', contrast=1.0, depth=-1.0, flipHoriz=False, flipVert=False, image='pics/blank.png', interpolate=True, mask=None, maskParams=None, name='exp_end_back', opacity=1.0, ori=0.0, pos=array([0., 0.]), size=array([3., 1.]), texRes=128.0, units='height', win=Window(...))
17.6281 	EXP 	Created exp_end_text = TextStim(__class__=<class 'psychopy.visual.text.TextStim'>, alignHoriz=method-wrapper(...), alignText='center', alignVert=method-wrapper(...), anchorHoriz='center', anchorVert='center', antialias=True, autoDraw=False, autoLog=True, bold=False, color=array([-1, -1, -1]), colorSpace='rgb', contrast=1.0, depth=-2.0, flipHoriz=False, flipVert=False, font='Noto Sans KR', fontFiles=[], height=0.04, italic=False, languageStyle='LTR', name='exp_end_text', opacity=1.0, ori=0.0, pos=array([0., 0.]), rgb=UNKNOWN, text=str(...), units='height', win=Window(...), wrapWidth=1)
17.6404 	EXP 	Created total_end_text = TextStim(__class__=<class 'psychopy.visual.text.TextStim'>, alignHoriz=method-wrapper(...), alignText='center', alignVert=method-wrapper(...), anchorHoriz='center', anchorVert='center', antialias=True, autoDraw=False, autoLog=True, bold=False, color=array([1, 1, 1]), colorSpace='rgb', contrast=1.0, depth=0.0, flipHoriz=False, flipVert=False, font='Arial', fontFiles=[], height=0.04, italic=False, languageStyle='LTR', name='total_end_text', opacity=1.0, ori=0.0, pos=array([0., 0.]), rgb=UNKNOWN, text='참여해주셔서 감사합니다.\n자동으로 종료됩니다.', units='height', win=Window(...), wrapWidth=1)
17.6583 	EXP 	wth_movie: autoLog = True
17.6583 	EXP 	wth_movie: movie = 'ins/weather_intro.mp4'
17.6583 	EXP 	wth_movie: ori = 0.0
17.6583 	EXP 	wth_valence_rating_2: autoLog = True
17.6583 	EXP 	wth_valence_rating_2: markerPos = None
17.6583 	EXP 	wth_valence_rating_2: styleTweaks = []
17.6583 	EXP 	wth_valence_rating_2: styleTweaks = []
17.6583 	EXP 	wth_valence_rating_2: styleTweaks = []
17.6583 	EXP 	wth_valence_rating_2: styleTweaks = []
17.6583 	EXP 	wth_valence_rating_2: contrast = 1.0
17.6583 	EXP 	wth_valence_rating_2: autoLog = True
17.6583 	EXP 	wth_self_rating_2: autoLog = True
17.6583 	EXP 	wth_self_rating_2: markerPos = None
17.6583 	EXP 	wth_self_rating_2: styleTweaks = []
17.6583 	EXP 	wth_self_rating_2: styleTweaks = []
17.6583 	EXP 	wth_self_rating_2: styleTweaks = []
17.6583 	EXP 	wth_self_rating_2: styleTweaks = []
17.6583 	EXP 	wth_self_rating_2: contrast = 1.0
17.6583 	EXP 	wth_self_rating_2: autoLog = True
17.6583 	EXP 	wth_valence_rating: autoLog = True
17.6583 	EXP 	wth_valence_rating: markerPos = None
17.6583 	EXP 	wth_valence_rating: styleTweaks = []
17.6583 	EXP 	wth_valence_rating: styleTweaks = []
17.6583 	EXP 	wth_valence_rating: styleTweaks = []
17.6583 	EXP 	wth_valence_rating: styleTweaks = []
17.6583 	EXP 	wth_valence_rating: contrast = 1.0
17.6583 	EXP 	wth_valence_rating: autoLog = True
17.6583 	EXP 	wth_self_rating: autoLog = True
17.6583 	EXP 	wth_self_rating: markerPos = None
17.6583 	EXP 	wth_self_rating: styleTweaks = []
17.6583 	EXP 	wth_self_rating: styleTweaks = []
17.6583 	EXP 	wth_self_rating: styleTweaks = []
17.6583 	EXP 	wth_self_rating: styleTweaks = []
17.6583 	EXP 	wth_self_rating: contrast = 1.0
17.6583 	EXP 	wth_self_rating: autoLog = True
17.6583 	EXP 	image: autoDraw = True
18.7932 	EXP 	Created sequence: random, trialTypes=1, nReps=1, seed=None
18.7933 	EXP 	New trial (rep=0, index=0): None
18.7944 	DATA 	Keypress: space
18.8070 	EXP 	image: autoDraw = False
20.8087 	EXP 	wth_movie: autoDraw = True
20.8087 	EXP 	text: autoDraw = True
21.8929 	EXP 	Created sequence: sequential, trialTypes=1, nReps=99, seed=None
21.8933 	EXP 	New trial (rep=0, index=0): None
21.9479 	DATA 	Keypress: space
21.9584 	EXP 	wth_movie: autoDraw = False
21.9584 	EXP 	text: autoDraw = False
21.9584 	EXP 	wth_background_inst: autoDraw = True
22.8920 	EXP 	wth_text: autoDraw = True
24.8919 	EXP 	wth_text: autoDraw = False
26.9423 	EXP 	window1: mouseVisible = False
26.9740 	EXP 	wth_background_inst: autoDraw = False
26.9740 	EXP 	wth_background_inst: autoDraw = False
26.9740 	EXP 	wth_text: autoDraw = False
26.9740 	EXP 	wth_background_6: autoDraw = True
26.9740 	EXP 	wth_think_instr_2: autoDraw = True
26.9740 	EXP 	wth_think_cross_2: autoDraw = True
31.9582 	EXP 	window1: mouseVisible = True
31.9583 	EXP 	window1: mouseVisible = True
32.0070 	EXP 	wth_background_6: autoDraw = False
32.0070 	EXP 	wth_think_instr_2: autoDraw = False
32.0070 	EXP 	wth_think_cross_2: autoDraw = False
32.0070 	EXP 	wth_background_6: autoDraw = False
32.0070 	EXP 	wth_think_instr_2: autoDraw = False
32.0070 	EXP 	wth_think_cross_2: autoDraw = False
32.0070 	EXP 	image_2: autoDraw = True
32.0070 	EXP 	wth_word_instr_4: autoDraw = True
37.7374 	EXP 	image_2: autoDraw = False
37.7374 	EXP 	wth_word_instr_4: autoDraw = False
37.7374 	EXP 	wth_word_typed_2: height = 0.07
37.7374 	EXP 	wth_word_typed_2: height = 0.07
37.7374 	EXP 	wth_word_typed_2: height = 0.07
37.7374 	EXP 	wth_word_typed_2: text = 'kjkllj'
37.7374 	EXP 	wth_valence_rating_2: markerPos = None
37.7374 	EXP 	wth_valence_rating_2: markerPos = None
37.7374 	EXP 	wth_self_rating_2: markerPos = None
37.7374 	EXP 	wth_self_rating_2: markerPos = None
37.7374 	EXP 	wth_background_7: autoDraw = True
37.7374 	EXP 	wth_word_typed_2: autoDraw = True
37.7374 	EXP 	wth_valence_rating_2: autoDraw = True
37.7374 	EXP 	wth_valence_txt_2: autoDraw = True
37.7374 	EXP 	wth_self_txt_2: autoDraw = True
37.7374 	EXP 	wth_self_rating_2: autoDraw = True
39.3565 	DATA 	Mouse: Left button down, pos=(569,404)
39.3714 	EXP 	wth_valence_rating_2: markerPos = 0.6131687242798354
39.3881 	EXP 	wth_valence_rating_2: markerPos = 0.6131687242798354
39.4045 	EXP 	wth_valence_rating_2: markerPos = 0.6131687242798354
39.4214 	EXP 	wth_valence_rating_2: markerPos = 0.6131687242798354
39.4382 	EXP 	wth_valence_rating_2: markerPos = 0.6131687242798354
39.4547 	EXP 	wth_valence_rating_2: markerPos = 0.6131687242798354
39.4720 	EXP 	wth_valence_rating_2: markerPos = 0.6131687242798354
39.4784 	DATA 	Mouse:  Left button up, pos=(569,404)
39.4877 	EXP 	wth_valence_rating_2: markerPos = 0.6131687242798354
39.5047 	EXP 	wth_valence_rating_2: markerPos = 0.6131687242798354
40.3231 	DATA 	Mouse: Left button down, pos=(1370,433)
40.3380 	EXP 	wth_self_rating_2: markerPos = 0.23251028806584362
40.3544 	EXP 	wth_self_rating_2: markerPos = 0.23251028806584362
40.3713 	EXP 	wth_self_rating_2: markerPos = 0.23251028806584362
40.3883 	EXP 	wth_self_rating_2: markerPos = 0.23251028806584362
40.4045 	EXP 	wth_self_rating_2: markerPos = 0.23251028806584362
40.4213 	EXP 	wth_self_rating_2: markerPos = 0.23251028806584362
40.4376 	EXP 	wth_self_rating_2: markerPos = 0.23251028806584362
40.4472 	DATA 	Mouse:  Left button up, pos=(1370,433)
40.4545 	EXP 	wth_self_rating_2: markerPos = 0.23251028806584362
40.4712 	EXP 	wth_self_rating_2: markerPos = 0.23251028806584362
41.2718 	DATA 	Mouse: Left button down, pos=(979,83)
41.3057 	EXP 	wth_background_7: autoDraw = False
41.3057 	EXP 	wth_word_typed_2: autoDraw = False
41.3057 	EXP 	wth_valence_rating_2: autoDraw = False
41.3057 	EXP 	wth_valence_txt_2: autoDraw = False
41.3057 	EXP 	wth_self_txt_2: autoDraw = False
41.3057 	EXP 	wth_self_rating_2: autoDraw = False
41.3057 	EXP 	wth_image_2: autoDraw = True
41.3057 	EXP 	wth_text_4: autoDraw = True
41.3919 	DATA 	Mouse:  Left button up, pos=(979,83)
43.2948 	DATA 	Keypress: n
43.3057 	EXP 	wth_image_2: autoDraw = False
43.3057 	EXP 	wth_text_4: autoDraw = False
43.3057 	EXP 	wth_background_inst_2: autoDraw = True
43.3057 	EXP 	wth_text_2: autoDraw = True
44.0281 	DATA 	Keypress: space
44.0387 	EXP 	wth_background_inst_2: autoDraw = False
44.0387 	EXP 	wth_text_2: autoDraw = False
44.0387 	EXP 	image_3: autoDraw = True
45.0059 	EXP 	text_2: autoDraw = True
47.0055 	EXP 	text_2: autoDraw = False
48.0227 	EXP 	Created sequence: sequential, trialTypes=1, nReps=4, seed=None
48.0228 	EXP 	New trial (rep=0, index=0): None
48.0230 	EXP 	window1: mouseVisible = False
48.0695 	EXP 	image_3: autoDraw = False
48.0695 	EXP 	text_2: autoDraw = False
48.0695 	EXP 	wth_think_instr: font = 'exp_font'
48.0695 	EXP 	wth_background: autoDraw = True
48.0695 	EXP 	wth_think_instr: autoDraw = True
48.0695 	EXP 	wth_think_cross: autoDraw = True
48.0695 	EXP 	wth_think_instr: height = 0.07
48.0695 	EXP 	wth_think_instr: height = 0.07
48.0695 	EXP 	wth_think_instr: height = 0.07
48.0695 	EXP 	wth_think_instr: text = '자유롭게 생각하세요.'
49.0239 	DATA 	Keypress: v
53.0555 	EXP 	window1: mouseVisible = True
53.2087 	EXP 	window1: mouseVisible = True
