2.3194 	WARNING 	We strongly recommend you activate the PTB sound engine in PsychoPy prefs as the preferred audio engine. Its timing is vastly superior. Your prefs are currently set to use ['sounddevice', 'PTB', 'pyo', 'pygame'] (in that order).
11.8704 	EXP 	Created window1 = Window(allowGUI=True, allowStencil=False, autoLog=True, backendConf=UNKNOWN, bitsMode=UNKNOWN, blendMode='avg', bpc=(8, 8, 8), color=array([0.0039, 0.0039, 0.0039]), colorSpace='rgb', depthBits=8, fullscr=<method-wrapper '__getattribute__' of attributeSetter object at 0x0000020C58A73E80>, gamma=None, gammaErrorPolicy='raise', lms=UNKNOWN, monitor=<psychopy.monitors.calibTools.Monitor object at 0x0000020C59DD4370>, multiSample=False, name='window1', numSamples=2, pos=(0, 0), screen=0, size=array([1920, 1080]), stencilBits=0, stereo=False, units='height', useFBO=True, useRetina=False, viewOri=0.0, viewPos=None, viewScale=None, waitBlanking=True, winType='pyglet')
11.8705 	EXP 	window1: mouseVisible = True
11.8705 	EXP 	window1: mouseVisible = True
11.8705 	EXP 	window1: Attempting to measure frame rate of screen (0) ...
11.8706 	EXP 	window1: recordFrameIntervals = False
12.0369 	EXP 	window1: recordFrameIntervals = True
12.2196 	EXP 	Screen (0) actual frame rate measured at 60.30Hz
12.2196 	EXP 	window1: recordFrameIntervals = False
12.2473 	WARNING 	launchHubServer: If using the iohub mouse or eyetracker devices, fullScr should be True.
13.8296 	EXP 	window1: mouseVisible = False
13.9014 	EXP 	Created wth_inst_image = ImageStim(__class__=<class 'psychopy.visual.image.ImageStim'>, anchor=('center', 'center'), autoLog=True, color=array([1, 1, 1]), colorSpace='rgb', contrast=1.0, depth=0.0, flipHoriz=False, flipVert=False, image='fis_artwork/general_instruction.png', interpolate=True, mask=None, maskParams=None, name='wth_inst_image', opacity=1.0, ori=0.0, pos=array([0., 0.]), size=array([1920., 1080.]), texRes=128.0, units='pix', win=Window(...))
14.0292 	EXP 	Created wth_movie = MovieStim3(__class__=<class 'psychopy.visual.movie3.MovieStim3'>, anchor=('center', 'center'), autoLog=True, color=UNKNOWN, colorSpace=UNKNOWN, depth=0.0, filename='ins/weather_intro.mp4', flipHoriz=False, flipVert=False, fps=UNKNOWN, interpolate=True, loop=False, name='wth_movie', noAudio=False, opacity=1, ori=method-wrapper(...), pos=array([0., 0.]), size=None, units='pix', vframe_callback=UNKNOWN, volume=UNKNOWN, win=Window(...))
16.2056 	WARNING 	2.176348599998164: Video catchup needed, advancing self._nextFrameT from 0.0 to 0.041666666666666664
16.2056 	WARNING 	2.176375300001382: Video catchup needed, advancing self._nextFrameT from 0.041666666666666664 to 0.08333333333333333
16.2056 	WARNING 	2.176385399998253: Video catchup needed, advancing self._nextFrameT from 0.08333333333333333 to 0.125
16.2056 	WARNING 	2.1763944999984233: Video catchup needed, advancing self._nextFrameT from 0.125 to 0.16666666666666666
16.2056 	WARNING 	2.1764035999985936: Video catchup needed, advancing self._nextFrameT from 0.16666666666666666 to 0.20833333333333331
16.2056 	WARNING 	2.1764135000012175: Video catchup needed, advancing self._nextFrameT from 0.20833333333333331 to 0.24999999999999997
16.2056 	WARNING 	2.1764234000002034: Video catchup needed, advancing self._nextFrameT from 0.24999999999999997 to 0.29166666666666663
16.2057 	WARNING 	2.176433699998597: Video catchup needed, advancing self._nextFrameT from 0.29166666666666663 to 0.3333333333333333
16.2057 	WARNING 	2.176445799999783: Video catchup needed, advancing self._nextFrameT from 0.3333333333333333 to 0.375
16.2057 	WARNING 	2.176454399999784: Video catchup needed, advancing self._nextFrameT from 0.375 to 0.4166666666666667
16.2057 	WARNING 	Max reportNDroppedFrames reached, will not log any more dropped frames
16.4376 	EXP 	Created text = TextStim(__class__=<class 'psychopy.visual.text.TextStim'>, alignHoriz=method-wrapper(...), alignText='center', alignVert=method-wrapper(...), anchorHoriz='center', anchorVert='center', antialias=True, autoDraw=False, autoLog=True, bold=False, color=array([-1, -1, -1]), colorSpace='rgb', contrast=1.0, depth=-1.0, flipHoriz=False, flipVert=False, font='Noto Sans KR', fontFiles=[], height=0.05, italic=False, languageStyle='LTR', name='text', opacity=1.0, ori=0.0, pos=array([ 0. , -0.4]), rgb=UNKNOWN, text='스페이스로 넘어가세요', units='height', win=Window(...), wrapWidth=1)
16.9996 	EXP 	Created wth_background_inst = ImageStim(__class__=<class 'psychopy.visual.image.ImageStim'>, anchor=('center', 'center'), autoLog=True, color=array([1, 1, 1]), colorSpace='rgb', contrast=1.0, depth=0.0, flipHoriz=False, flipVert=False, image=str(...), interpolate=True, mask=None, maskParams=None, name='wth_background_inst', opacity=1.0, ori=0.0, pos=array([0., 0.]), size=array([1920., 1080.]), texRes=128.0, units='pix', win=Window(...))
17.0200 	EXP 	Created wth_text = TextStim(__class__=<class 'psychopy.visual.text.TextStim'>, alignHoriz=method-wrapper(...), alignText='center', alignVert=method-wrapper(...), anchorHoriz='center', anchorVert='center', antialias=True, autoDraw=False, autoLog=True, bold=False, color=array([-1, -1, -1]), colorSpace='rgb', contrast=1.0, depth=-1.0, flipHoriz=False, flipVert=False, font='Noto Sans KR', fontFiles=[], height=0.07, italic=False, languageStyle='LTR', name='wth_text', opacity=1.0, ori=0.0, pos=array([0., 0.]), rgb=UNKNOWN, text='단어연상 연습이 시작됩니다.', units='height', win=Window(...), wrapWidth=1)
17.6359 	EXP 	Created wth_background_6 = ImageStim(__class__=<class 'psychopy.visual.image.ImageStim'>, anchor=('center', 'center'), autoLog=True, color=array([1, 1, 1]), colorSpace='rgb', contrast=1.0, depth=0.0, flipHoriz=False, flipVert=False, image=str(...), interpolate=True, mask=None, maskParams=None, name='wth_background_6', opacity=1.0, ori=0.0, pos=array([0., 0.]), size=array([1920., 1080.]), texRes=128.0, units='pix', win=Window(...))
17.6468 	EXP 	Created wth_think_instr_2 = TextStim(__class__=<class 'psychopy.visual.text.TextStim'>, alignHoriz=method-wrapper(...), alignText='center', alignVert=method-wrapper(...), anchorHoriz='center', anchorVert='center', antialias=True, autoDraw=False, autoLog=True, bold=False, color=array([-1, -1, -1]), colorSpace='rgb', contrast=1.0, depth=-2.0, flipHoriz=False, flipVert=False, font='Noto Sans KR', fontFiles=[], height=0.07, italic=False, languageStyle='LTR', name='wth_think_instr_2', opacity=1.0, ori=0.0, pos=array([0. , 0.2]), rgb=UNKNOWN, text='자유롭게 생각하세요.', units='height', win=Window(...), wrapWidth=1)
17.6535 	EXP 	Created wth_think_cross_2 = ShapeStim(__class__=<class 'psychopy.visual.shape.ShapeStim'>, anchor=('center', 'center'), autoDraw=False, autoLog=True, closeShape=True, color=method-wrapper(...), colorSpace='rgb', contrast=None, depth=-3.0, fillColor=array([-1, -1, -1]), fillColorSpace='rgb', fillRGB=array([-1, -1, -1]), interpolate=True, lineColor=array([-1, -1, -1]), lineColorSpace='rgb', lineRGB=array([-1, -1, -1]), lineWidth=0.1, name='wth_think_cross_2', opacity=1.0, ori=0.0, pos=array([0., 0.]), size=array([0.07, 0.07]), units='height', vertices=ndarray(...), win=Window(...), windingRule=None)
18.2651 	EXP 	Created image_2 = ImageStim(__class__=<class 'psychopy.visual.image.ImageStim'>, anchor=('center', 'center'), autoLog=True, color=array([1, 1, 1]), colorSpace='rgb', contrast=1.0, depth=0.0, flipHoriz=False, flipVert=False, image=str(...), interpolate=True, mask=None, maskParams=None, name='image_2', opacity=1.0, ori=0.0, pos=array([0., 0.]), size=array([1920., 1080.]), texRes=128.0, units='pix', win=Window(...))
18.2863 	EXP 	Created wth_word_instr_4 = TextStim(__class__=<class 'psychopy.visual.text.TextStim'>, alignHoriz=method-wrapper(...), alignText='center', alignVert=method-wrapper(...), anchorHoriz='center', anchorVert='center', antialias=True, autoDraw=False, autoLog=True, bold=False, color=array([-1, -1, -1]), colorSpace='rgb', contrast=1.0, depth=-1.0, flipHoriz=False, flipVert=False, font='Noto Sans KR', fontFiles=[], height=0.07, italic=False, languageStyle='LTR', name='wth_word_instr_4', opacity=1.0, ori=0.0, pos=array([0.  , 0.25]), rgb=UNKNOWN, text='지금 무슨 생각을 하고 있는지\n단어나 구로 입력해주세요.', units='height', win=Window(...), wrapWidth=1)
18.8639 	EXP 	Created wth_background_7 = ImageStim(__class__=<class 'psychopy.visual.image.ImageStim'>, anchor=('center', 'center'), autoLog=True, color=array([1, 1, 1]), colorSpace='rgb', contrast=1.0, depth=0.0, flipHoriz=False, flipVert=False, image=str(...), interpolate=True, mask=None, maskParams=None, name='wth_background_7', opacity=1.0, ori=0.0, pos=array([0., 0.]), size=array([1920., 1080.]), texRes=128.0, units='pix', win=Window(...))
18.8646 	EXP 	Created wth_word_typed_2 = TextStim(__class__=<class 'psychopy.visual.text.TextStim'>, alignHoriz=method-wrapper(...), alignText='center', alignVert=method-wrapper(...), anchorHoriz='center', anchorVert='center', antialias=True, autoDraw=False, autoLog=True, bold=False, color=array([-1, -1, -1]), colorSpace='rgb', contrast=1.0, depth=-1.0, flipHoriz=False, flipVert=False, font='Noto Sans KR', fontFiles=[], height=0.07, italic=False, languageStyle='LTR', name='wth_word_typed_2', opacity=1.0, ori=0.0, pos=array([0. , 0.2]), rgb=UNKNOWN, text='', units='height', win=Window(...), wrapWidth=1)
18.8695 	EXP 	window1: mouseVisible = True
18.9263 	EXP 	Created wth_valence_rating_2 = Slider(__class__=<class 'psychopy.visual.slider.Slider'>, autoDraw=False, autoLog=True, borderColor=None, color=None, colorSpace='rgb', depth=-2, fillColor=None, flip=False, font='Noto Sans KR', granularity=0.0, labelColor=None, labelHeight=0.03, labelWrapWidth=None, labels=('부정', '중립', '긍정'), lineColor=None, markerColor=None, name='wth_valence_rating_2', opacity=None, ori=0.0, pos=array([-0.5, -0.1]), readOnly=False, self=UNKNOWN, size=array([0.45, 0.05]), startValue=None, style='rating', styleTweaks=[], ticks=array([-1,  0,  1]), units='height', win=Window(...))
18.9380 	EXP 	Created wth_valence_txt_2 = TextStim(__class__=<class 'psychopy.visual.text.TextStim'>, alignHoriz=method-wrapper(...), alignText='center', alignVert=method-wrapper(...), anchorHoriz='center', anchorVert='center', antialias=True, autoDraw=False, autoLog=True, bold=False, color=array([-1, -1, -1]), colorSpace='rgb', contrast=1.0, depth=-3.0, flipHoriz=False, flipVert=False, font='Noto Sans KR', fontFiles=[], height=0.04, italic=False, languageStyle='LTR', name='wth_valence_txt_2', opacity=1.0, ori=0.0, pos=array([-0.5 , -0.02]), rgb=UNKNOWN, text='단어에서 느껴지는 감정', units='height', win=Window(...), wrapWidth=1)
18.9482 	EXP 	Created wth_self_txt_2 = TextStim(__class__=<class 'psychopy.visual.text.TextStim'>, alignHoriz=method-wrapper(...), alignText='center', alignVert=method-wrapper(...), anchorHoriz='center', anchorVert='center', antialias=True, autoDraw=False, autoLog=True, bold=False, color=array([-1, -1, -1]), colorSpace='rgb', contrast=1.0, depth=-4.0, flipHoriz=False, flipVert=False, font='Noto Sans KR', fontFiles=[], height=0.04, italic=False, languageStyle='LTR', name='wth_self_txt_2', opacity=1.0, ori=0.0, pos=array([ 0.5 , -0.02]), rgb=UNKNOWN, text='단어가 자신과 관련이 있는 정도', units='height', win=Window(...), wrapWidth=1)
18.9497 	EXP 	window1: mouseVisible = True
19.0332 	EXP 	Created wth_self_rating_2 = Slider(__class__=<class 'psychopy.visual.slider.Slider'>, autoDraw=False, autoLog=True, borderColor=None, color=None, colorSpace='rgb', depth=-5, fillColor=None, flip=False, font='Noto Sans KR', granularity=0.0, labelColor=None, labelHeight=0.03, labelWrapWidth=None, labels=('전혀 나와 관련 없음', '나와 관련 매우 많음'), lineColor=None, markerColor=None, name='wth_self_rating_2', opacity=None, ori=0.0, pos=array([ 0.5, -0.1]), readOnly=False, self=UNKNOWN, size=array([0.45, 0.05]), startValue=None, style='rating', styleTweaks=[], ticks=array([0, 1]), units='height', win=Window(...))
19.0691 	EXP 	window1: mouseVisible = True
19.6262 	EXP 	Created wth_image_2 = ImageStim(__class__=<class 'psychopy.visual.image.ImageStim'>, anchor=('center', 'center'), autoLog=True, color=array([1, 1, 1]), colorSpace='rgb', contrast=1.0, depth=0.0, flipHoriz=False, flipVert=False, image=str(...), interpolate=True, mask=None, maskParams=None, name='wth_image_2', opacity=1.0, ori=0.0, pos=array([0., 0.]), size=array([1920., 1080.]), texRes=128.0, units='pix', win=Window(...))
19.6441 	EXP 	Created wth_text_4 = TextStim(__class__=<class 'psychopy.visual.text.TextStim'>, alignHoriz=method-wrapper(...), alignText='center', alignVert=method-wrapper(...), anchorHoriz='center', anchorVert='center', antialias=True, autoDraw=False, autoLog=True, bold=False, color=array([-1, -1, -1]), colorSpace='rgb', contrast=1.0, depth=-1.0, flipHoriz=False, flipVert=False, font='Noto Sans KR', fontFiles=[], height=0.07, italic=False, languageStyle='LTR', name='wth_text_4', opacity=1.0, ori=0.0, pos=array([0., 0.]), rgb=UNKNOWN, text='넘어가시겠습니까?\n\n넘어가기 : Y\n다시연습 : N\n', units='height', win=Window(...), wrapWidth=1)
20.2042 	EXP 	Created wth_background_inst_2 = ImageStim(__class__=<class 'psychopy.visual.image.ImageStim'>, anchor=('center', 'center'), autoLog=True, color=array([1, 1, 1]), colorSpace='rgb', contrast=1.0, depth=0.0, flipHoriz=False, flipVert=False, image=str(...), interpolate=True, mask=None, maskParams=None, name='wth_background_inst_2', opacity=1.0, ori=0.0, pos=array([0., 0.]), size=array([1920., 1080.]), texRes=128.0, units='pix', win=Window(...))
20.2282 	EXP 	Created wth_text_2 = TextStim(__class__=<class 'psychopy.visual.text.TextStim'>, alignHoriz=method-wrapper(...), alignText='center', alignVert=method-wrapper(...), anchorHoriz='center', anchorVert='center', antialias=True, autoDraw=False, autoLog=True, bold=False, color=array([-1, -1, -1]), colorSpace='rgb', contrast=1.0, depth=-1.0, flipHoriz=False, flipVert=False, font='Noto Sans KR', fontFiles=[], height=0.07, italic=False, languageStyle='LTR', name='wth_text_2', opacity=1.0, ori=0.0, pos=array([0., 0.]), rgb=UNKNOWN, text=str(...), units='height', win=Window(...), wrapWidth=1)
20.7883 	EXP 	Created image_3 = ImageStim(__class__=<class 'psychopy.visual.image.ImageStim'>, anchor=('center', 'center'), autoLog=True, color=array([1, 1, 1]), colorSpace='rgb', contrast=1.0, depth=0.0, flipHoriz=False, flipVert=False, image=str(...), interpolate=True, mask=None, maskParams=None, name='image_3', opacity=1.0, ori=0.0, pos=array([0., 0.]), size=array([1920., 1080.]), texRes=128.0, units='pix', win=Window(...))
20.7899 	EXP 	Created text_2 = TextStim(__class__=<class 'psychopy.visual.text.TextStim'>, alignHoriz=method-wrapper(...), alignText='center', alignVert=method-wrapper(...), anchorHoriz='center', anchorVert='center', antialias=True, autoDraw=False, autoLog=True, bold=False, color=array([-1, -1, -1]), colorSpace='rgb', contrast=1.0, depth=-1.0, flipHoriz=False, flipVert=False, font='Noto Sans KR', fontFiles=[], height=0.07, italic=False, languageStyle='LTR', name='text_2', opacity=1.0, ori=0.0, pos=array([0., 0.]), rgb=UNKNOWN, text='시작', units='height', win=Window(...), wrapWidth=1)
21.3546 	EXP 	Created wth_background = ImageStim(__class__=<class 'psychopy.visual.image.ImageStim'>, anchor=('center', 'center'), autoLog=True, color=array([1, 1, 1]), colorSpace='rgb', contrast=1.0, depth=0.0, flipHoriz=False, flipVert=False, image=str(...), interpolate=True, mask=None, maskParams=None, name='wth_background', opacity=1.0, ori=0.0, pos=array([0., 0.]), size=array([1920., 1080.]), texRes=128.0, units='pix', win=Window(...))
21.3691 	EXP 	Created wth_think_instr = TextStim(__class__=<class 'psychopy.visual.text.TextStim'>, alignHoriz=method-wrapper(...), alignText='center', alignVert=method-wrapper(...), anchorHoriz='center', anchorVert='center', antialias=True, autoDraw=False, autoLog=True, bold=False, color=array([-1, -1, -1]), colorSpace='rgb', contrast=1.0, depth=-2.0, flipHoriz=False, flipVert=False, font='Noto Sans KR', fontFiles=[], height=0.07, italic=False, languageStyle='LTR', name='wth_think_instr', opacity=1.0, ori=0.0, pos=array([0. , 0.2]), rgb=UNKNOWN, text='자유롭게 생각하세요.', units='height', win=Window(...), wrapWidth=1)
21.3705 	EXP 	Created wth_think_cross = ShapeStim(__class__=<class 'psychopy.visual.shape.ShapeStim'>, anchor=('center', 'center'), autoDraw=False, autoLog=True, closeShape=True, color=method-wrapper(...), colorSpace='rgb', contrast=None, depth=-3.0, fillColor=array([-1, -1, -1]), fillColorSpace='rgb', fillRGB=array([-1, -1, -1]), interpolate=True, lineColor=array([-1, -1, -1]), lineColorSpace='rgb', lineRGB=array([-1, -1, -1]), lineWidth=0.1, name='wth_think_cross', opacity=1.0, ori=0.0, pos=array([0., 0.]), size=array([0.07, 0.07]), units='height', vertices=ndarray(...), win=Window(...), windingRule=None)
21.9307 	EXP 	Created wth_background_2 = ImageStim(__class__=<class 'psychopy.visual.image.ImageStim'>, anchor=('center', 'center'), autoLog=True, color=array([1, 1, 1]), colorSpace='rgb', contrast=1.0, depth=0.0, flipHoriz=False, flipVert=False, image=str(...), interpolate=True, mask=None, maskParams=None, name='wth_background_2', opacity=1.0, ori=0.0, pos=array([0., 0.]), size=array([1920., 1080.]), texRes=128.0, units='pix', win=Window(...))
21.9479 	EXP 	Created wth_word_instr = TextStim(__class__=<class 'psychopy.visual.text.TextStim'>, alignHoriz=method-wrapper(...), alignText='center', alignVert=method-wrapper(...), anchorHoriz='center', anchorVert='center', antialias=True, autoDraw=False, autoLog=True, bold=False, color=array([-1, -1, -1]), colorSpace='rgb', contrast=1.0, depth=-1.0, flipHoriz=False, flipVert=False, font='Arial', fontFiles=[], height=0.07, italic=False, languageStyle='LTR', name='wth_word_instr', opacity=1.0, ori=0.0, pos=array([0.  , 0.25]), rgb=UNKNOWN, text='지금 무슨 생각을 하고 있는지\n단어나 구로 입력해주세요.', units='height', win=Window(...), wrapWidth=1)
22.5595 	EXP 	Created wth_background_3 = ImageStim(__class__=<class 'psychopy.visual.image.ImageStim'>, anchor=('center', 'center'), autoLog=True, color=array([1, 1, 1]), colorSpace='rgb', contrast=1.0, depth=0.0, flipHoriz=False, flipVert=False, image=str(...), interpolate=True, mask=None, maskParams=None, name='wth_background_3', opacity=1.0, ori=0.0, pos=array([0., 0.]), size=array([1920., 1080.]), texRes=128.0, units='pix', win=Window(...))
22.5609 	EXP 	Created wth_word_typed = TextStim(__class__=<class 'psychopy.visual.text.TextStim'>, alignHoriz=method-wrapper(...), alignText='center', alignVert=method-wrapper(...), anchorHoriz='center', anchorVert='center', antialias=True, autoDraw=False, autoLog=True, bold=False, color=array([-1, -1, -1]), colorSpace='rgb', contrast=1.0, depth=-1.0, flipHoriz=False, flipVert=False, font='Noto Sans KR', fontFiles=[], height=0.1, italic=False, languageStyle='LTR', name='wth_word_typed', opacity=1.0, ori=0.0, pos=array([0. , 0.2]), rgb=UNKNOWN, text='', units='height', win=Window(...), wrapWidth=1)
22.5626 	EXP 	window1: mouseVisible = True
22.5946 	EXP 	Created wth_valence_rating = Slider(__class__=<class 'psychopy.visual.slider.Slider'>, autoDraw=False, autoLog=True, borderColor=None, color=None, colorSpace='rgb', depth=-2, fillColor=None, flip=False, font='Noto Sans KR', granularity=0.0, labelColor=None, labelHeight=0.03, labelWrapWidth=None, labels=('부정', '중립', '긍정'), lineColor=None, markerColor=None, name='wth_valence_rating', opacity=None, ori=0.0, pos=array([-0.5, -0.1]), readOnly=False, self=UNKNOWN, size=array([0.45, 0.05]), startValue=None, style='rating', styleTweaks=[], ticks=array([-1,  0,  1]), units='height', win=Window(...))
22.6026 	EXP 	Created wth_valence_txt = TextStim(__class__=<class 'psychopy.visual.text.TextStim'>, alignHoriz=method-wrapper(...), alignText='center', alignVert=method-wrapper(...), anchorHoriz='center', anchorVert='center', antialias=True, autoDraw=False, autoLog=True, bold=False, color=array([-1, -1, -1]), colorSpace='rgb', contrast=1.0, depth=-3.0, flipHoriz=False, flipVert=False, font='Noto Sans KR', fontFiles=[], height=0.04, italic=False, languageStyle='LTR', name='wth_valence_txt', opacity=1.0, ori=0.0, pos=array([-0.5 , -0.02]), rgb=UNKNOWN, text='단어에서 느껴지는 감정', units='height', win=Window(...), wrapWidth=1)
22.6092 	EXP 	Created wth_self_txt = TextStim(__class__=<class 'psychopy.visual.text.TextStim'>, alignHoriz=method-wrapper(...), alignText='center', alignVert=method-wrapper(...), anchorHoriz='center', anchorVert='center', antialias=True, autoDraw=False, autoLog=True, bold=False, color=array([-1, -1, -1]), colorSpace='rgb', contrast=1.0, depth=-4.0, flipHoriz=False, flipVert=False, font='Noto Sans KR', fontFiles=[], height=0.04, italic=False, languageStyle='LTR', name='wth_self_txt', opacity=1.0, ori=0.0, pos=array([ 0.5 , -0.02]), rgb=UNKNOWN, text='단어가 자신과 관련이 있는 정도', units='height', win=Window(...), wrapWidth=1)
22.6106 	EXP 	window1: mouseVisible = True
22.6310 	EXP 	Created wth_self_rating = Slider(__class__=<class 'psychopy.visual.slider.Slider'>, autoDraw=False, autoLog=True, borderColor=None, color=None, colorSpace='rgb', depth=-5, fillColor=None, flip=False, font='Noto Sans KR', granularity=0.0, labelColor=None, labelHeight=0.03, labelWrapWidth=None, labels=('전혀 나와 관련 없음', '나와 관련 매우 많음'), lineColor=None, markerColor=None, name='wth_self_rating', opacity=None, ori=0.0, pos=array([ 0.5, -0.1]), readOnly=False, self=UNKNOWN, size=array([0.45, 0.05]), startValue=None, style='rating', styleTweaks=[], ticks=array([0, 1]), units='height', win=Window(...))
22.6351 	EXP 	window1: mouseVisible = True
22.6674 	EXP 	Created exp_end_text = TextStim(__class__=<class 'psychopy.visual.text.TextStim'>, alignHoriz=method-wrapper(...), alignText='center', alignVert=method-wrapper(...), anchorHoriz='center', anchorVert='center', antialias=True, autoDraw=False, autoLog=True, bold=False, color=array([-1, -1, -1]), colorSpace='rgb', contrast=1.0, depth=0.0, flipHoriz=False, flipVert=False, font='Noto Sans KR', fontFiles=[], height=0.07, italic=False, languageStyle='LTR', name='exp_end_text', opacity=1.0, ori=0.0, pos=array([0., 0.]), rgb=UNKNOWN, text=str(...), units='height', win=Window(...), wrapWidth=1)
22.6883 	EXP 	wth_movie: autoLog = True
22.6883 	EXP 	wth_movie: movie = 'ins/weather_intro.mp4'
22.6883 	EXP 	wth_movie: ori = 0.0
22.6883 	EXP 	wth_valence_rating_2: autoLog = True
22.6883 	EXP 	wth_valence_rating_2: markerPos = None
22.6883 	EXP 	wth_valence_rating_2: styleTweaks = []
22.6883 	EXP 	wth_valence_rating_2: styleTweaks = []
22.6883 	EXP 	wth_valence_rating_2: styleTweaks = []
22.6883 	EXP 	wth_valence_rating_2: styleTweaks = []
22.6883 	EXP 	wth_valence_rating_2: contrast = 1.0
22.6883 	EXP 	wth_valence_rating_2: autoLog = True
22.6883 	EXP 	wth_self_rating_2: autoLog = True
22.6883 	EXP 	wth_self_rating_2: markerPos = None
22.6883 	EXP 	wth_self_rating_2: styleTweaks = []
22.6883 	EXP 	wth_self_rating_2: styleTweaks = []
22.6883 	EXP 	wth_self_rating_2: styleTweaks = []
22.6883 	EXP 	wth_self_rating_2: styleTweaks = []
22.6883 	EXP 	wth_self_rating_2: contrast = 1.0
22.6883 	EXP 	wth_self_rating_2: autoLog = True
22.6883 	EXP 	wth_valence_rating: autoLog = True
22.6883 	EXP 	wth_valence_rating: markerPos = None
22.6883 	EXP 	wth_valence_rating: styleTweaks = []
22.6883 	EXP 	wth_valence_rating: styleTweaks = []
22.6883 	EXP 	wth_valence_rating: styleTweaks = []
22.6883 	EXP 	wth_valence_rating: styleTweaks = []
22.6883 	EXP 	wth_valence_rating: contrast = 1.0
22.6883 	EXP 	wth_valence_rating: autoLog = True
22.6883 	EXP 	wth_self_rating: autoLog = True
22.6883 	EXP 	wth_self_rating: markerPos = None
22.6883 	EXP 	wth_self_rating: styleTweaks = []
22.6883 	EXP 	wth_self_rating: styleTweaks = []
22.6883 	EXP 	wth_self_rating: styleTweaks = []
22.6883 	EXP 	wth_self_rating: styleTweaks = []
22.6883 	EXP 	wth_self_rating: contrast = 1.0
22.6883 	EXP 	wth_self_rating: autoLog = True
22.6883 	EXP 	wth_inst_image: autoDraw = True
49.0832 	EXP 	Created sequence: random, trialTypes=1, nReps=1, seed=None
49.0833 	EXP 	New trial (rep=0, index=0): None
49.0840 	DATA 	Keypress: space
49.0969 	EXP 	wth_inst_image: autoDraw = False
51.0982 	EXP 	wth_movie: autoDraw = True
51.0982 	EXP 	text: autoDraw = True
52.4659 	EXP 	Created sequence: sequential, trialTypes=1, nReps=99, seed=None
52.4662 	EXP 	New trial (rep=0, index=0): None
52.5333 	DATA 	Keypress: space
52.5479 	EXP 	wth_movie: autoDraw = False
52.5479 	EXP 	text: autoDraw = False
52.5479 	EXP 	wth_background_inst: autoDraw = True
53.4653 	EXP 	wth_text: autoDraw = True
55.4648 	EXP 	wth_text: autoDraw = False
57.5808 	EXP 	wth_background_inst: autoDraw = False
57.5808 	EXP 	wth_background_inst: autoDraw = False
57.5808 	EXP 	wth_text: autoDraw = False
57.5808 	EXP 	wth_background_6: autoDraw = True
57.5808 	EXP 	wth_think_instr_2: autoDraw = True
57.5808 	EXP 	wth_think_cross_2: autoDraw = True
62.5646 	EXP 	window1: mouseVisible = True
62.6141 	EXP 	wth_background_6: autoDraw = False
62.6141 	EXP 	wth_think_instr_2: autoDraw = False
62.6141 	EXP 	wth_think_cross_2: autoDraw = False
62.6141 	EXP 	wth_background_6: autoDraw = False
62.6141 	EXP 	wth_think_instr_2: autoDraw = False
62.6141 	EXP 	wth_think_cross_2: autoDraw = False
62.6141 	EXP 	image_2: autoDraw = True
62.6141 	EXP 	wth_word_instr_4: autoDraw = True
69.6936 	EXP 	image_2: autoDraw = False
69.6936 	EXP 	wth_word_instr_4: autoDraw = False
69.6936 	EXP 	wth_word_typed_2: height = 0.07
69.6936 	EXP 	wth_word_typed_2: height = 0.07
69.6936 	EXP 	wth_word_typed_2: height = 0.07
69.6936 	EXP 	wth_word_typed_2: text = 'weqerfasd'
69.6936 	EXP 	wth_valence_rating_2: markerPos = None
69.6936 	EXP 	wth_valence_rating_2: markerPos = None
69.6936 	EXP 	wth_self_rating_2: markerPos = None
69.6936 	EXP 	wth_self_rating_2: markerPos = None
69.6936 	EXP 	wth_background_7: autoDraw = True
69.6936 	EXP 	wth_word_typed_2: autoDraw = True
69.6936 	EXP 	wth_valence_rating_2: autoDraw = True
69.6936 	EXP 	wth_valence_txt_2: autoDraw = True
69.6936 	EXP 	wth_self_txt_2: autoDraw = True
69.6936 	EXP 	wth_self_rating_2: autoDraw = True
70.7702 	DATA 	Mouse: Left button down, pos=(556,399)
70.9164 	DATA 	Mouse:  Left button up, pos=(556,399)
71.5127 	DATA 	Mouse: Left button down, pos=(650,439)
71.5275 	EXP 	wth_valence_rating_2: markerPos = 0.9465020576131686
71.5438 	EXP 	wth_valence_rating_2: markerPos = 0.9465020576131686
71.5608 	EXP 	wth_valence_rating_2: markerPos = 0.9465020576131686
71.5773 	EXP 	wth_valence_rating_2: markerPos = 0.9465020576131686
71.5941 	EXP 	wth_valence_rating_2: markerPos = 0.9465020576131686
71.6269 	EXP 	wth_valence_rating_2: markerPos = 0.9465020576131686
71.6438 	EXP 	wth_valence_rating_2: markerPos = 0.9465020576131686
71.6454 	DATA 	Mouse:  Left button up, pos=(650,439)
71.6609 	EXP 	wth_valence_rating_2: markerPos = 0.9465020576131686
72.7127 	DATA 	Mouse: Left button down, pos=(1343,425)
72.7276 	EXP 	wth_self_rating_2: markerPos = 0.1769547325102881
72.7439 	EXP 	wth_self_rating_2: markerPos = 0.1769547325102881
72.7606 	EXP 	wth_self_rating_2: markerPos = 0.1769547325102881
72.7774 	EXP 	wth_self_rating_2: markerPos = 0.1769547325102881
72.7938 	EXP 	wth_self_rating_2: markerPos = 0.1769547325102881
72.8101 	EXP 	wth_self_rating_2: markerPos = 0.1769547325102881
72.8270 	EXP 	wth_self_rating_2: markerPos = 0.1769547325102881
72.8442 	EXP 	wth_self_rating_2: markerPos = 0.1769547325102881
72.8608 	EXP 	wth_self_rating_2: markerPos = 0.1769547325102881
72.8774 	EXP 	wth_self_rating_2: markerPos = 0.1769547325102881
72.8938 	EXP 	wth_self_rating_2: markerPos = 0.1769547325102881
72.9104 	EXP 	wth_self_rating_2: markerPos = 0.1769547325102881
72.9165 	DATA 	Mouse:  Left button up, pos=(1343,425)
72.9273 	EXP 	wth_self_rating_2: markerPos = 0.1769547325102881
74.4300 	DATA 	Mouse: Left button down, pos=(940,93)
74.4462 	EXP 	window1: mouseVisible = False
74.4949 	EXP 	wth_background_7: autoDraw = False
74.4949 	EXP 	wth_word_typed_2: autoDraw = False
74.4949 	EXP 	wth_valence_rating_2: autoDraw = False
74.4949 	EXP 	wth_valence_txt_2: autoDraw = False
74.4949 	EXP 	wth_self_txt_2: autoDraw = False
74.4949 	EXP 	wth_self_rating_2: autoDraw = False
74.4949 	EXP 	wth_image_2: autoDraw = True
74.4949 	EXP 	wth_text_4: autoDraw = True
74.5803 	DATA 	Mouse:  Left button up, pos=(940,93)
88.0589 	DATA 	Keypress: y
88.0764 	EXP 	wth_image_2: autoDraw = False
88.0764 	EXP 	wth_text_4: autoDraw = False
88.0764 	EXP 	wth_background_inst_2: autoDraw = True
88.0764 	EXP 	wth_text_2: autoDraw = True
102.4237 	DATA 	Keypress: space
102.4413 	EXP 	wth_background_inst_2: autoDraw = False
102.4413 	EXP 	wth_text_2: autoDraw = False
102.4413 	EXP 	image_3: autoDraw = True
103.4086 	EXP 	text_2: autoDraw = True
105.4085 	EXP 	text_2: autoDraw = False
106.4085 	EXP 	Created sequence: sequential, trialTypes=1, nReps=4, seed=None
106.4086 	EXP 	New trial (rep=0, index=0): None
106.4572 	EXP 	image_3: autoDraw = False
106.4572 	EXP 	text_2: autoDraw = False
106.4572 	EXP 	wth_background: autoDraw = True
109.4078 	EXP 	wth_think_instr: autoDraw = True
109.4078 	EXP 	wth_think_cross: autoDraw = True
114.4067 	EXP 	wth_think_instr: autoDraw = False
114.4067 	EXP 	wth_think_cross: autoDraw = False
114.4413 	EXP 	window1: mouseVisible = True
114.5051 	EXP 	wth_background: autoDraw = False
114.5051 	EXP 	wth_background: autoDraw = False
114.5051 	EXP 	wth_think_instr: autoDraw = False
114.5051 	EXP 	wth_think_cross: autoDraw = False
114.5051 	EXP 	wth_word_instr: font = 'Noto Sans KR'
114.5051 	EXP 	wth_background_2: autoDraw = True
114.5051 	EXP 	wth_word_instr: autoDraw = True
114.5051 	EXP 	wth_word_instr: height = 0.07
114.5051 	EXP 	wth_word_instr: height = 0.07
114.5051 	EXP 	wth_word_instr: height = 0.07
114.5051 	EXP 	wth_word_instr: text = '지금 무슨 생각을 하고 있는지\n단어나 구로 입력해주세요.'
122.8705 	EXP 	wth_background_2: autoDraw = False
122.8705 	EXP 	wth_word_instr: autoDraw = False
122.8705 	EXP 	wth_word_typed: height = 0.1
122.8705 	EXP 	wth_word_typed: height = 0.1
122.8705 	EXP 	wth_word_typed: height = 0.1
122.8705 	EXP 	wth_word_typed: text = 'dsf감만ㅇ러'
122.8705 	EXP 	wth_valence_rating: markerPos = None
122.8705 	EXP 	wth_valence_rating: markerPos = None
122.8705 	EXP 	wth_self_rating: markerPos = None
122.8705 	EXP 	wth_self_rating: markerPos = None
122.8705 	EXP 	wth_background_3: autoDraw = True
122.8705 	EXP 	wth_word_typed: autoDraw = True
122.8705 	EXP 	wth_valence_rating: autoDraw = True
122.8705 	EXP 	wth_valence_txt: autoDraw = True
122.8705 	EXP 	wth_self_txt: autoDraw = True
122.8705 	EXP 	wth_self_rating: autoDraw = True
123.8393 	DATA 	Mouse: Left button down, pos=(587,425)
123.8538 	EXP 	wth_valence_rating: markerPos = 0.6872427983539096
123.8708 	EXP 	wth_valence_rating: markerPos = 0.6872427983539096
123.8876 	EXP 	wth_valence_rating: markerPos = 0.6872427983539096
123.9037 	EXP 	wth_valence_rating: markerPos = 0.6872427983539096
123.9205 	EXP 	wth_valence_rating: markerPos = 0.6872427983539096
123.9373 	EXP 	wth_valence_rating: markerPos = 0.6872427983539096
123.9537 	EXP 	wth_valence_rating: markerPos = 0.6872427983539096
123.9706 	EXP 	wth_valence_rating: markerPos = 0.6872427983539096
123.9873 	EXP 	wth_valence_rating: markerPos = 0.6872427983539096
123.9889 	DATA 	Mouse:  Left button up, pos=(587,425)
124.0198 	EXP 	wth_valence_rating: markerPos = 0.6872427983539096
124.7719 	DATA 	Mouse: Left button down, pos=(1369,445)
124.7867 	EXP 	wth_self_rating: markerPos = 0.23045267489711935
124.8041 	EXP 	wth_self_rating: markerPos = 0.23045267489711935
124.8205 	EXP 	wth_self_rating: markerPos = 0.23045267489711935
124.8368 	EXP 	wth_self_rating: markerPos = 0.23045267489711935
124.8536 	EXP 	wth_self_rating: markerPos = 0.23045267489711935
124.8703 	EXP 	wth_self_rating: markerPos = 0.23045267489711935
124.8798 	DATA 	Mouse:  Left button up, pos=(1369,445)
124.8873 	EXP 	wth_self_rating: markerPos = 0.23045267489711935
124.9200 	EXP 	wth_self_rating: markerPos = 0.23045267489711935
128.3043 	DATA 	Mouse: Left button down, pos=(1004,71)
128.3060 	EXP 	window1: mouseVisible = False
128.3061 	EXP 	New trial (rep=1, index=0): None
128.3224 	EXP 	wth_background_3: autoDraw = False
128.3224 	EXP 	wth_word_typed: autoDraw = False
128.3224 	EXP 	wth_valence_rating: autoDraw = False
128.3224 	EXP 	wth_valence_txt: autoDraw = False
128.3224 	EXP 	wth_self_txt: autoDraw = False
128.3224 	EXP 	wth_self_rating: autoDraw = False
128.3224 	EXP 	wth_background: autoDraw = True
128.4398 	DATA 	Mouse:  Left button up, pos=(1004,71)
131.3216 	EXP 	wth_think_instr: autoDraw = True
131.3216 	EXP 	wth_think_cross: autoDraw = True
136.3212 	EXP 	wth_think_instr: autoDraw = False
136.3212 	EXP 	wth_think_cross: autoDraw = False
136.3223 	EXP 	window1: mouseVisible = True
136.3377 	EXP 	wth_background: autoDraw = False
136.3377 	EXP 	wth_background: autoDraw = False
136.3377 	EXP 	wth_think_instr: autoDraw = False
136.3377 	EXP 	wth_think_cross: autoDraw = False
136.3377 	EXP 	wth_word_instr: font = 'Noto Sans KR'
136.3377 	EXP 	wth_background_2: autoDraw = True
136.3377 	EXP 	wth_word_instr: autoDraw = True
136.3377 	EXP 	wth_word_instr: height = 0.07
136.3377 	EXP 	wth_word_instr: height = 0.07
136.3377 	EXP 	wth_word_instr: height = 0.07
136.3377 	EXP 	wth_word_instr: text = '지금 무슨 생각을 하고 있는지\n단어나 구로 입력해주세요.'
151.7669 	EXP 	wth_background_2: autoDraw = False
151.7669 	EXP 	wth_word_instr: autoDraw = False
151.7669 	EXP 	wth_word_typed: height = 0.1
151.7669 	EXP 	wth_word_typed: height = 0.1
151.7669 	EXP 	wth_word_typed: height = 0.1
151.7669 	EXP 	wth_word_typed: text = '김민우'
151.7669 	EXP 	wth_valence_rating: markerPos = None
151.7669 	EXP 	wth_valence_rating: markerPos = None
151.7669 	EXP 	wth_self_rating: markerPos = None
151.7669 	EXP 	wth_self_rating: markerPos = None
151.7669 	EXP 	wth_background_3: autoDraw = True
151.7669 	EXP 	wth_word_typed: autoDraw = True
151.7669 	EXP 	wth_valence_rating: autoDraw = True
151.7669 	EXP 	wth_valence_txt: autoDraw = True
151.7669 	EXP 	wth_self_txt: autoDraw = True
151.7669 	EXP 	wth_self_rating: autoDraw = True
152.7397 	DATA 	Mouse: Left button down, pos=(516,438)
152.7668 	EXP 	wth_valence_rating: markerPos = 0.3950617283950617
152.7833 	EXP 	wth_valence_rating: markerPos = 0.3950617283950617
152.8001 	EXP 	wth_valence_rating: markerPos = 0.3950617283950617
152.8163 	EXP 	wth_valence_rating: markerPos = 0.3950617283950617
152.8337 	EXP 	wth_valence_rating: markerPos = 0.3950617283950617
152.8499 	EXP 	wth_valence_rating: markerPos = 0.3950617283950617
152.8670 	EXP 	wth_valence_rating: markerPos = 0.3950617283950617
152.8834 	EXP 	wth_valence_rating: markerPos = 0.3950617283950617
152.8850 	DATA 	Mouse:  Left button up, pos=(516,438)
152.9000 	EXP 	wth_valence_rating: markerPos = 0.3950617283950617
153.4852 	DATA 	Mouse: Left button down, pos=(1368,427)
153.4997 	EXP 	wth_self_rating: markerPos = 0.22839506172839508
153.5164 	EXP 	wth_self_rating: markerPos = 0.22839506172839508
153.5333 	EXP 	wth_self_rating: markerPos = 0.22839506172839508
153.5500 	EXP 	wth_self_rating: markerPos = 0.22839506172839508
153.5665 	EXP 	wth_self_rating: markerPos = 0.22839506172839508
153.5835 	EXP 	wth_self_rating: markerPos = 0.22839506172839508
153.6003 	EXP 	wth_self_rating: markerPos = 0.22839506172839508
153.6168 	EXP 	wth_self_rating: markerPos = 0.22839506172839508
153.6307 	DATA 	Mouse:  Left button up, pos=(1368,427)
153.6493 	EXP 	wth_self_rating: markerPos = 0.22839506172839508
153.6824 	EXP 	wth_self_rating: markerPos = 0.22839506172839508
155.1509 	DATA 	Mouse: Left button down, pos=(1014,95)
155.1528 	EXP 	window1: mouseVisible = False
155.1529 	EXP 	New trial (rep=2, index=0): None
155.1687 	EXP 	wth_background_3: autoDraw = False
155.1687 	EXP 	wth_word_typed: autoDraw = False
155.1687 	EXP 	wth_valence_rating: autoDraw = False
155.1687 	EXP 	wth_valence_txt: autoDraw = False
155.1687 	EXP 	wth_self_txt: autoDraw = False
155.1687 	EXP 	wth_self_rating: autoDraw = False
155.1687 	EXP 	wth_background: autoDraw = True
155.3028 	DATA 	Mouse:  Left button up, pos=(1014,95)
158.1514 	EXP 	wth_think_instr: autoDraw = True
158.1514 	EXP 	wth_think_cross: autoDraw = True
163.0190 	DATA 	Keypress: space
163.1506 	EXP 	wth_think_instr: autoDraw = False
163.1506 	EXP 	wth_think_cross: autoDraw = False
163.1683 	EXP 	window1: mouseVisible = True
163.1840 	EXP 	wth_background: autoDraw = False
163.1840 	EXP 	wth_background: autoDraw = False
163.1840 	EXP 	wth_think_instr: autoDraw = False
163.1840 	EXP 	wth_think_cross: autoDraw = False
163.1840 	EXP 	wth_word_instr: font = 'Noto Sans KR'
163.1840 	EXP 	wth_background_2: autoDraw = True
163.1840 	EXP 	wth_word_instr: autoDraw = True
163.1840 	EXP 	wth_word_instr: height = 0.07
163.1840 	EXP 	wth_word_instr: height = 0.07
163.1840 	EXP 	wth_word_instr: height = 0.07
163.1840 	EXP 	wth_word_instr: text = '지금 무슨 생각을 하고 있는지\n단어나 구로 입력해주세요.'
169.7812 	EXP 	wth_background_2: autoDraw = False
169.7812 	EXP 	wth_word_instr: autoDraw = False
169.7812 	EXP 	wth_word_typed: height = 0.1
169.7812 	EXP 	wth_word_typed: height = 0.1
169.7812 	EXP 	wth_word_typed: height = 0.1
169.7812 	EXP 	wth_word_typed: text = '김민웅ㅇㅇ'
169.7812 	EXP 	wth_valence_rating: markerPos = None
169.7812 	EXP 	wth_valence_rating: markerPos = None
169.7812 	EXP 	wth_self_rating: markerPos = None
169.7812 	EXP 	wth_self_rating: markerPos = None
169.7812 	EXP 	wth_background_3: autoDraw = True
169.7812 	EXP 	wth_word_typed: autoDraw = True
169.7812 	EXP 	wth_valence_rating: autoDraw = True
169.7812 	EXP 	wth_valence_txt: autoDraw = True
169.7812 	EXP 	wth_self_txt: autoDraw = True
169.7812 	EXP 	wth_self_rating: autoDraw = True
170.4333 	DATA 	Mouse: Left button down, pos=(578,445)
170.4478 	EXP 	wth_valence_rating: markerPos = 0.6502057613168724
170.4648 	EXP 	wth_valence_rating: markerPos = 0.6502057613168724
170.4811 	EXP 	wth_valence_rating: markerPos = 0.6502057613168724
170.5136 	EXP 	wth_valence_rating: markerPos = 0.6502057613168724
170.5311 	EXP 	wth_valence_rating: markerPos = 0.6502057613168724
170.5386 	DATA 	Mouse:  Left button up, pos=(578,445)
170.5479 	EXP 	wth_valence_rating: markerPos = 0.6502057613168724
170.5642 	EXP 	wth_valence_rating: markerPos = 0.6502057613168724
171.2329 	DATA 	Mouse: Left button down, pos=(1407,446)
171.2475 	EXP 	wth_self_rating: markerPos = 0.30864197530864185
171.2644 	EXP 	wth_self_rating: markerPos = 0.30864197530864185
171.2806 	EXP 	wth_self_rating: markerPos = 0.30864197530864185
171.2978 	EXP 	wth_self_rating: markerPos = 0.30864197530864185
171.3144 	EXP 	wth_self_rating: markerPos = 0.30864197530864185
171.3308 	EXP 	wth_self_rating: markerPos = 0.30864197530864185
171.3478 	EXP 	wth_self_rating: markerPos = 0.30864197530864185
171.3495 	DATA 	Mouse:  Left button up, pos=(1407,446)
171.3639 	EXP 	wth_self_rating: markerPos = 0.30864197530864185
172.4523 	DATA 	Mouse: Left button down, pos=(927,98)
172.4825 	EXP 	window1: mouseVisible = False
172.4826 	EXP 	New trial (rep=3, index=0): None
172.4994 	EXP 	wth_background_3: autoDraw = False
172.4994 	EXP 	wth_word_typed: autoDraw = False
172.4994 	EXP 	wth_valence_rating: autoDraw = False
172.4994 	EXP 	wth_valence_txt: autoDraw = False
172.4994 	EXP 	wth_self_txt: autoDraw = False
172.4994 	EXP 	wth_self_rating: autoDraw = False
172.4994 	EXP 	wth_background: autoDraw = True
172.5845 	DATA 	Mouse:  Left button up, pos=(927,98)
175.4825 	EXP 	wth_think_instr: autoDraw = True
175.4825 	EXP 	wth_think_cross: autoDraw = True
180.4819 	EXP 	wth_think_instr: autoDraw = False
180.4819 	EXP 	wth_think_cross: autoDraw = False
180.4832 	EXP 	window1: mouseVisible = True
180.4982 	EXP 	wth_background: autoDraw = False
180.4982 	EXP 	wth_background: autoDraw = False
180.4982 	EXP 	wth_think_instr: autoDraw = False
180.4982 	EXP 	wth_think_cross: autoDraw = False
180.4982 	EXP 	wth_word_instr: font = 'Noto Sans KR'
180.4982 	EXP 	wth_background_2: autoDraw = True
180.4982 	EXP 	wth_word_instr: autoDraw = True
180.4982 	EXP 	wth_word_instr: height = 0.07
180.4982 	EXP 	wth_word_instr: height = 0.07
180.4982 	EXP 	wth_word_instr: height = 0.07
180.4982 	EXP 	wth_word_instr: text = '지금 무슨 생각을 하고 있는지\n단어나 구로 입력해주세요.'
183.9119 	EXP 	wth_background_2: autoDraw = False
183.9119 	EXP 	wth_word_instr: autoDraw = False
183.9119 	EXP 	wth_word_typed: height = 0.1
183.9119 	EXP 	wth_word_typed: height = 0.1
183.9119 	EXP 	wth_word_typed: height = 0.1
183.9119 	EXP 	wth_word_typed: text = 'ㅓㅣㅏㅓㅣ'
183.9119 	EXP 	wth_valence_rating: markerPos = None
183.9119 	EXP 	wth_valence_rating: markerPos = None
183.9119 	EXP 	wth_self_rating: markerPos = None
183.9119 	EXP 	wth_self_rating: markerPos = None
183.9119 	EXP 	wth_background_3: autoDraw = True
183.9119 	EXP 	wth_word_typed: autoDraw = True
183.9119 	EXP 	wth_valence_rating: autoDraw = True
183.9119 	EXP 	wth_valence_txt: autoDraw = True
183.9119 	EXP 	wth_self_txt: autoDraw = True
183.9119 	EXP 	wth_self_rating: autoDraw = True
184.7143 	DATA 	Mouse: Left button down, pos=(522,426)
184.7291 	EXP 	wth_valence_rating: markerPos = 0.4197530864197532
184.7460 	EXP 	wth_valence_rating: markerPos = 0.4197530864197532
184.7625 	EXP 	wth_valence_rating: markerPos = 0.4197530864197532
184.7795 	EXP 	wth_valence_rating: markerPos = 0.4197530864197532
184.7888 	DATA 	Mouse:  Left button up, pos=(522,426)
184.7956 	EXP 	wth_valence_rating: markerPos = 0.4197530864197532
184.8126 	EXP 	wth_valence_rating: markerPos = 0.4197530864197532
185.5215 	DATA 	Mouse: Left button down, pos=(1469,423)
185.5459 	EXP 	wth_self_rating: markerPos = 0.4362139917695472
185.5621 	EXP 	wth_self_rating: markerPos = 0.4362139917695472
185.5789 	EXP 	wth_self_rating: markerPos = 0.4362139917695472
185.5957 	EXP 	wth_self_rating: markerPos = 0.4362139917695472
185.6123 	EXP 	wth_self_rating: markerPos = 0.4362139917695472
185.6290 	EXP 	wth_self_rating: markerPos = 0.4362139917695472
185.6460 	EXP 	wth_self_rating: markerPos = 0.4362139917695472
185.6627 	EXP 	wth_self_rating: markerPos = 0.4362139917695472
185.6642 	DATA 	Mouse:  Left button up, pos=(1469,423)
185.6792 	EXP 	wth_self_rating: markerPos = 0.4362139917695472
186.4800 	DATA 	Mouse: Left button down, pos=(986,78)
186.4818 	EXP 	window1: mouseVisible = False
186.4959 	EXP 	wth_background_3: autoDraw = False
186.4959 	EXP 	wth_word_typed: autoDraw = False
186.4959 	EXP 	wth_valence_rating: autoDraw = False
186.4959 	EXP 	wth_valence_txt: autoDraw = False
186.4959 	EXP 	wth_self_txt: autoDraw = False
186.4959 	EXP 	wth_self_rating: autoDraw = False
186.4959 	EXP 	exp_end_text: autoDraw = True
186.5806 	DATA 	Mouse:  Left button up, pos=(986,78)
208.2109 	DATA 	Keypress: space
208.2260 	EXP 	exp_end_text: autoDraw = False
208.2863 	EXP 	window1: mouseVisible = True
