2.3338 	WARNING 	We strongly recommend you activate the PTB sound engine in PsychoPy prefs as the preferred audio engine. Its timing is vastly superior. Your prefs are currently set to use ['sounddevice', 'PTB', 'pyo', 'pygame'] (in that order).
6.7961 	EXP 	Created window1 = Window(allowGUI=True, allowStencil=False, autoLog=True, backendConf=UNKNOWN, bitsMode=UNKNOWN, blendMode='avg', bpc=(8, 8, 8), color=array([0., 0., 0.]), colorSpace='hsv', depthBits=8, fullscr=<method-wrapper '__getattribute__' of attributeSetter object at 0x000001F05D6B3E50>, gamma=None, gammaErrorPolicy='raise', lms=UNKNOWN, monitor=<psychopy.monitors.calibTools.Monitor object at 0x000001F05DBCE2E0>, multiSample=False, name='window1', numSamples=2, pos=(0, 0), screen=0, size=array([1920, 1080]), stencilBits=0, stereo=False, units='height', useFBO=True, useRetina=False, viewOri=0.0, viewPos=None, viewScale=None, waitBlanking=True, winType='pyglet')
6.7962 	EXP 	window1: mouseVisible = True
6.7962 	EXP 	window1: mouseVisible = True
6.7962 	EXP 	window1: Attempting to measure frame rate of screen (0) ...
6.7963 	EXP 	window1: recordFrameIntervals = False
6.9624 	EXP 	window1: recordFrameIntervals = True
7.1467 	EXP 	Screen (0) actual frame rate measured at 59.49Hz
7.1467 	EXP 	window1: recordFrameIntervals = False
7.1870 	WARNING 	launchHubServer: If using the iohub mouse or eyetracker devices, fullScr should be True.
8.8306 	EXP 	Created image = ImageStim(__class__=<class 'psychopy.visual.image.ImageStim'>, anchor=('center', 'center'), autoLog=True, color=array([1, 1, 1]), colorSpace='rgb', contrast=1.0, depth=0.0, flipHoriz=False, flipVert=False, image='fis_artwork/general_instruction.png', interpolate=True, mask=None, maskParams=None, name='image', opacity=1.0, ori=0.0, pos=array([0., 0.]), size=array([1920., 1080.]), texRes=128.0, units='pix', win=Window(...))
8.9643 	EXP 	Created wth_movie = MovieStim3(__class__=<class 'psychopy.visual.movie3.MovieStim3'>, anchor=('center', 'center'), autoLog=True, color=UNKNOWN, colorSpace=UNKNOWN, depth=0.0, filename='ins/weather_intro.mp4', flipHoriz=False, flipVert=False, fps=UNKNOWN, interpolate=True, loop=False, name='wth_movie', noAudio=False, opacity=1, ori=method-wrapper(...), pos=array([0., 0.]), size=None, units='pix', vframe_callback=UNKNOWN, volume=UNKNOWN, win=Window(...))
10.5005 	WARNING 	1.536248500000056: Video catchup needed, advancing self._nextFrameT from 0.0 to 0.041666666666666664
10.5006 	WARNING 	1.5362764999999854: Video catchup needed, advancing self._nextFrameT from 0.041666666666666664 to 0.08333333333333333
10.5006 	WARNING 	1.5362866000000395: Video catchup needed, advancing self._nextFrameT from 0.08333333333333333 to 0.125
10.5006 	WARNING 	1.536295500000051: Video catchup needed, advancing self._nextFrameT from 0.125 to 0.16666666666666666
10.5006 	WARNING 	1.536306699999841: Video catchup needed, advancing self._nextFrameT from 0.16666666666666666 to 0.20833333333333331
10.5006 	WARNING 	1.5363156999997045: Video catchup needed, advancing self._nextFrameT from 0.20833333333333331 to 0.24999999999999997
10.5006 	WARNING 	1.5363244999998642: Video catchup needed, advancing self._nextFrameT from 0.24999999999999997 to 0.29166666666666663
10.5006 	WARNING 	1.5363333000000239: Video catchup needed, advancing self._nextFrameT from 0.29166666666666663 to 0.3333333333333333
10.5006 	WARNING 	1.53634349999993: Video catchup needed, advancing self._nextFrameT from 0.3333333333333333 to 0.375
10.5006 	WARNING 	1.5363526000001002: Video catchup needed, advancing self._nextFrameT from 0.375 to 0.4166666666666667
10.5006 	WARNING 	Max reportNDroppedFrames reached, will not log any more dropped frames
10.7006 	EXP 	Created text = TextStim(__class__=<class 'psychopy.visual.text.TextStim'>, alignHoriz=method-wrapper(...), alignText='center', alignVert=method-wrapper(...), anchorHoriz='center', anchorVert='center', antialias=True, autoDraw=False, autoLog=True, bold=False, color=array([-1, -1, -1]), colorSpace='rgb', contrast=1.0, depth=-1.0, flipHoriz=False, flipVert=False, font='Noto Sans KR', fontFiles=[], height=0.05, italic=False, languageStyle='LTR', name='text', opacity=1.0, ori=0.0, pos=array([ 0. , -0.4]), rgb=UNKNOWN, text='스페이스로 넘어가세요', units='height', win=Window(...), wrapWidth=1)
11.2835 	EXP 	Created wth_background_inst = ImageStim(__class__=<class 'psychopy.visual.image.ImageStim'>, anchor=('center', 'center'), autoLog=True, color=array([1, 1, 1]), colorSpace='rgb', contrast=1.0, depth=0.0, flipHoriz=False, flipVert=False, image=str(...), interpolate=True, mask=None, maskParams=None, name='wth_background_inst', opacity=1.0, ori=0.0, pos=array([0., 0.]), size=array([1920., 1080.]), texRes=128.0, units='pix', win=Window(...))
11.3026 	EXP 	Created wth_text = TextStim(__class__=<class 'psychopy.visual.text.TextStim'>, alignHoriz=method-wrapper(...), alignText='center', alignVert=method-wrapper(...), anchorHoriz='center', anchorVert='center', antialias=True, autoDraw=False, autoLog=True, bold=False, color=array([-1, -1, -1]), colorSpace='rgb', contrast=1.0, depth=-1.0, flipHoriz=False, flipVert=False, font='Noto Sans KR', fontFiles=[], height=0.07, italic=False, languageStyle='LTR', name='wth_text', opacity=1.0, ori=0.0, pos=array([0., 0.]), rgb=UNKNOWN, text='단어연상 연습이 시작됩니다.', units='height', win=Window(...), wrapWidth=1)
11.9353 	EXP 	Created wth_background_6 = ImageStim(__class__=<class 'psychopy.visual.image.ImageStim'>, anchor=('center', 'center'), autoLog=True, color=array([1, 1, 1]), colorSpace='rgb', contrast=1.0, depth=0.0, flipHoriz=False, flipVert=False, image=str(...), interpolate=True, mask=None, maskParams=None, name='wth_background_6', opacity=1.0, ori=0.0, pos=array([0., 0.]), size=array([1920., 1080.]), texRes=128.0, units='pix', win=Window(...))
11.9457 	EXP 	Created wth_think_instr_2 = TextStim(__class__=<class 'psychopy.visual.text.TextStim'>, alignHoriz=method-wrapper(...), alignText='center', alignVert=method-wrapper(...), anchorHoriz='center', anchorVert='center', antialias=True, autoDraw=False, autoLog=True, bold=False, color=array([-1, -1, -1]), colorSpace='rgb', contrast=1.0, depth=-2.0, flipHoriz=False, flipVert=False, font='Noto Sans KR', fontFiles=[], height=0.07, italic=False, languageStyle='LTR', name='wth_think_instr_2', opacity=1.0, ori=0.0, pos=array([0. , 0.3]), rgb=UNKNOWN, text='자유롭게 생각하세요.', units='height', win=Window(...), wrapWidth=1)
11.9518 	EXP 	Created wth_think_cross_2 = ShapeStim(__class__=<class 'psychopy.visual.shape.ShapeStim'>, anchor=('center', 'center'), autoDraw=False, autoLog=True, closeShape=True, color=method-wrapper(...), colorSpace='rgb', contrast=None, depth=-3.0, fillColor=array([-1, -1, -1]), fillColorSpace='rgb', fillRGB=array([-1, -1, -1]), interpolate=True, lineColor=array([-1, -1, -1]), lineColorSpace='rgb', lineRGB=array([-1, -1, -1]), lineWidth=0.1, name='wth_think_cross_2', opacity=1.0, ori=0.0, pos=array([0., 0.]), size=array([0.07, 0.07]), units='height', vertices=ndarray(...), win=Window(...), windingRule=None)
12.5740 	EXP 	Created image_2 = ImageStim(__class__=<class 'psychopy.visual.image.ImageStim'>, anchor=('center', 'center'), autoLog=True, color=array([1, 1, 1]), colorSpace='rgb', contrast=1.0, depth=0.0, flipHoriz=False, flipVert=False, image=str(...), interpolate=True, mask=None, maskParams=None, name='image_2', opacity=1.0, ori=0.0, pos=array([0., 0.]), size=array([1920., 1080.]), texRes=128.0, units='pix', win=Window(...))
12.5961 	EXP 	Created wth_word_instr_4 = TextStim(__class__=<class 'psychopy.visual.text.TextStim'>, alignHoriz=method-wrapper(...), alignText='center', alignVert=method-wrapper(...), anchorHoriz='center', anchorVert='center', antialias=True, autoDraw=False, autoLog=True, bold=False, color=array([-1, -1, -1]), colorSpace='rgb', contrast=1.0, depth=-1.0, flipHoriz=False, flipVert=False, font='Noto Sans KR', fontFiles=[], height=0.07, italic=False, languageStyle='LTR', name='wth_word_instr_4', opacity=1.0, ori=0.0, pos=array([0.  , 0.25]), rgb=UNKNOWN, text='지금 무슨 생각을 하고 있는지\n단어나 구로 입력해주세요.', units='height', win=Window(...), wrapWidth=1)
13.2028 	EXP 	Created wth_background_7 = ImageStim(__class__=<class 'psychopy.visual.image.ImageStim'>, anchor=('center', 'center'), autoLog=True, color=array([1, 1, 1]), colorSpace='rgb', contrast=1.0, depth=0.0, flipHoriz=False, flipVert=False, image=str(...), interpolate=True, mask=None, maskParams=None, name='wth_background_7', opacity=1.0, ori=0.0, pos=array([0., 0.]), size=array([1920., 1080.]), texRes=128.0, units='pix', win=Window(...))
13.2034 	EXP 	Created wth_word_typed_2 = TextStim(__class__=<class 'psychopy.visual.text.TextStim'>, alignHoriz=method-wrapper(...), alignText='center', alignVert=method-wrapper(...), anchorHoriz='center', anchorVert='center', antialias=True, autoDraw=False, autoLog=True, bold=False, color=array([-1, -1, -1]), colorSpace='rgb', contrast=1.0, depth=-1.0, flipHoriz=False, flipVert=False, font='Noto Sans KR', fontFiles=[], height=0.07, italic=False, languageStyle='LTR', name='wth_word_typed_2', opacity=1.0, ori=0.0, pos=array([0. , 0.2]), rgb=UNKNOWN, text='', units='height', win=Window(...), wrapWidth=1)
13.2069 	EXP 	window1: mouseVisible = True
13.2630 	EXP 	Created wth_valence_rating_2 = Slider(__class__=<class 'psychopy.visual.slider.Slider'>, autoDraw=False, autoLog=True, borderColor=None, color=None, colorSpace='rgb', depth=-2, fillColor=None, flip=False, font='Noto Sans KR', granularity=0.0, labelColor=None, labelHeight=0.03, labelWrapWidth=None, labels=('부정', '중립', '긍정'), lineColor=None, markerColor=None, name='wth_valence_rating_2', opacity=None, ori=0.0, pos=array([-0.5, -0.1]), readOnly=False, self=UNKNOWN, size=array([0.45, 0.05]), startValue=None, style='rating', styleTweaks=[], ticks=array([-1,  0,  1]), units='height', win=Window(...))
13.2760 	EXP 	Created wth_valence_txt_2 = TextStim(__class__=<class 'psychopy.visual.text.TextStim'>, alignHoriz=method-wrapper(...), alignText='center', alignVert=method-wrapper(...), anchorHoriz='center', anchorVert='center', antialias=True, autoDraw=False, autoLog=True, bold=False, color=array([-1, -1, -1]), colorSpace='rgb', contrast=1.0, depth=-3.0, flipHoriz=False, flipVert=False, font='Noto Sans KR', fontFiles=[], height=0.04, italic=False, languageStyle='LTR', name='wth_valence_txt_2', opacity=1.0, ori=0.0, pos=array([-0.5 , -0.02]), rgb=UNKNOWN, text='단어에서 느껴지는 감정', units='height', win=Window(...), wrapWidth=1)
13.2857 	EXP 	Created wth_self_txt_2 = TextStim(__class__=<class 'psychopy.visual.text.TextStim'>, alignHoriz=method-wrapper(...), alignText='center', alignVert=method-wrapper(...), anchorHoriz='center', anchorVert='center', antialias=True, autoDraw=False, autoLog=True, bold=False, color=array([-1, -1, -1]), colorSpace='rgb', contrast=1.0, depth=-4.0, flipHoriz=False, flipVert=False, font='Noto Sans KR', fontFiles=[], height=0.04, italic=False, languageStyle='LTR', name='wth_self_txt_2', opacity=1.0, ori=0.0, pos=array([ 0.5 , -0.02]), rgb=UNKNOWN, text='단어가 자신과 관련이 있는 정도', units='height', win=Window(...), wrapWidth=1)
13.2874 	EXP 	window1: mouseVisible = True
13.3722 	EXP 	Created wth_self_rating_2 = Slider(__class__=<class 'psychopy.visual.slider.Slider'>, autoDraw=False, autoLog=True, borderColor=None, color=None, colorSpace='rgb', depth=-5, fillColor=None, flip=False, font='Noto Sans KR', granularity=0.0, labelColor=None, labelHeight=0.03, labelWrapWidth=None, labels=('전혀 나와 관련 없음', '나와 관련 매우 많음'), lineColor=None, markerColor=None, name='wth_self_rating_2', opacity=None, ori=0.0, pos=array([ 0.5, -0.1]), readOnly=False, self=UNKNOWN, size=array([0.45, 0.05]), startValue=None, style='rating', styleTweaks=[], ticks=array([0, 1]), units='height', win=Window(...))
13.4115 	EXP 	window1: mouseVisible = True
13.9940 	EXP 	Created wth_image_2 = ImageStim(__class__=<class 'psychopy.visual.image.ImageStim'>, anchor=('center', 'center'), autoLog=True, color=array([1, 1, 1]), colorSpace='rgb', contrast=1.0, depth=0.0, flipHoriz=False, flipVert=False, image=str(...), interpolate=True, mask=None, maskParams=None, name='wth_image_2', opacity=1.0, ori=0.0, pos=array([0., 0.]), size=array([1920., 1080.]), texRes=128.0, units='pix', win=Window(...))
14.0122 	EXP 	Created wth_text_4 = TextStim(__class__=<class 'psychopy.visual.text.TextStim'>, alignHoriz=method-wrapper(...), alignText='center', alignVert=method-wrapper(...), anchorHoriz='center', anchorVert='center', antialias=True, autoDraw=False, autoLog=True, bold=False, color=array([-1, -1, -1]), colorSpace='rgb', contrast=1.0, depth=-1.0, flipHoriz=False, flipVert=False, font='Noto Sans KR', fontFiles=[], height=0.07, italic=False, languageStyle='LTR', name='wth_text_4', opacity=1.0, ori=0.0, pos=array([0., 0.]), rgb=UNKNOWN, text='연습을 다시 하시겠습니까?\n\n다시연습 : y\n\n넘어가기 : n', units='height', win=Window(...), wrapWidth=1)
14.5901 	EXP 	Created wth_background_inst_2 = ImageStim(__class__=<class 'psychopy.visual.image.ImageStim'>, anchor=('center', 'center'), autoLog=True, color=array([1, 1, 1]), colorSpace='rgb', contrast=1.0, depth=0.0, flipHoriz=False, flipVert=False, image=str(...), interpolate=True, mask=None, maskParams=None, name='wth_background_inst_2', opacity=1.0, ori=0.0, pos=array([0., 0.]), size=array([1920., 1080.]), texRes=128.0, units='pix', win=Window(...))
14.6151 	EXP 	Created wth_text_2 = TextStim(__class__=<class 'psychopy.visual.text.TextStim'>, alignHoriz=method-wrapper(...), alignText='center', alignVert=method-wrapper(...), anchorHoriz='center', anchorVert='center', antialias=True, autoDraw=False, autoLog=True, bold=False, color=array([-1, -1, -1]), colorSpace='rgb', contrast=1.0, depth=-1.0, flipHoriz=False, flipVert=False, font='Noto Sans KR', fontFiles=[], height=0.07, italic=False, languageStyle='LTR', name='wth_text_2', opacity=1.0, ori=0.0, pos=array([0., 0.]), rgb=UNKNOWN, text=str(...), units='height', win=Window(...), wrapWidth=1)
15.2054 	EXP 	Created image_3 = ImageStim(__class__=<class 'psychopy.visual.image.ImageStim'>, anchor=('center', 'center'), autoLog=True, color=array([1, 1, 1]), colorSpace='rgb', contrast=1.0, depth=0.0, flipHoriz=False, flipVert=False, image=str(...), interpolate=True, mask=None, maskParams=None, name='image_3', opacity=1.0, ori=0.0, pos=array([0., 0.]), size=array([1920., 1080.]), texRes=128.0, units='pix', win=Window(...))
15.2069 	EXP 	Created text_2 = TextStim(__class__=<class 'psychopy.visual.text.TextStim'>, alignHoriz=method-wrapper(...), alignText='center', alignVert=method-wrapper(...), anchorHoriz='center', anchorVert='center', antialias=True, autoDraw=False, autoLog=True, bold=False, color=array([-1, -1, -1]), colorSpace='rgb', contrast=1.0, depth=-1.0, flipHoriz=False, flipVert=False, font='Noto Sans KR', fontFiles=[], height=0.07, italic=False, languageStyle='LTR', name='text_2', opacity=1.0, ori=0.0, pos=array([0., 0.]), rgb=UNKNOWN, text='시작', units='height', win=Window(...), wrapWidth=1)
15.7774 	EXP 	Created wth_background = ImageStim(__class__=<class 'psychopy.visual.image.ImageStim'>, anchor=('center', 'center'), autoLog=True, color=array([1, 1, 1]), colorSpace='rgb', contrast=1.0, depth=0.0, flipHoriz=False, flipVert=False, image=str(...), interpolate=True, mask=None, maskParams=None, name='wth_background', opacity=1.0, ori=0.0, pos=array([0., 0.]), size=array([1920., 1080.]), texRes=128.0, units='pix', win=Window(...))
15.7997 	EXP 	Created wth_think_instr = TextStim(__class__=<class 'psychopy.visual.text.TextStim'>, alignHoriz=method-wrapper(...), alignText='center', alignVert=method-wrapper(...), anchorHoriz='center', anchorVert='center', antialias=True, autoDraw=False, autoLog=True, bold=False, color=array([-1, -1, -1]), colorSpace='rgb', contrast=1.0, depth=-2.0, flipHoriz=False, flipVert=False, font='Arial', fontFiles=[], height=0.07, italic=False, languageStyle='LTR', name='wth_think_instr', opacity=1.0, ori=0.0, pos=array([0.  , 0.25]), rgb=UNKNOWN, text='자유롭게 생각하세요.', units='height', win=Window(...), wrapWidth=1)
15.8011 	EXP 	Created wth_think_cross = ShapeStim(__class__=<class 'psychopy.visual.shape.ShapeStim'>, anchor=('center', 'center'), autoDraw=False, autoLog=True, closeShape=True, color=method-wrapper(...), colorSpace='rgb', contrast=None, depth=-3.0, fillColor=array([-1, -1, -1]), fillColorSpace='rgb', fillRGB=array([-1, -1, -1]), interpolate=True, lineColor=array([-1, -1, -1]), lineColorSpace='rgb', lineRGB=array([-1, -1, -1]), lineWidth=0.1, name='wth_think_cross', opacity=1.0, ori=0.0, pos=array([0., 0.]), size=array([0.07, 0.07]), units='height', vertices=ndarray(...), win=Window(...), windingRule=None)
16.3674 	EXP 	Created wth_background_2 = ImageStim(__class__=<class 'psychopy.visual.image.ImageStim'>, anchor=('center', 'center'), autoLog=True, color=array([1, 1, 1]), colorSpace='rgb', contrast=1.0, depth=0.0, flipHoriz=False, flipVert=False, image=str(...), interpolate=True, mask=None, maskParams=None, name='wth_background_2', opacity=1.0, ori=0.0, pos=array([0., 0.]), size=array([1920., 1080.]), texRes=128.0, units='pix', win=Window(...))
16.3893 	EXP 	Created wth_word_instr = TextStim(__class__=<class 'psychopy.visual.text.TextStim'>, alignHoriz=method-wrapper(...), alignText='center', alignVert=method-wrapper(...), anchorHoriz='center', anchorVert='center', antialias=True, autoDraw=False, autoLog=True, bold=False, color=array([-1, -1, -1]), colorSpace='rgb', contrast=1.0, depth=-1.0, flipHoriz=False, flipVert=False, font='Arial', fontFiles=[], height=0.07, italic=False, languageStyle='LTR', name='wth_word_instr', opacity=1.0, ori=0.0, pos=array([0.  , 0.25]), rgb=UNKNOWN, text='지금 무슨 생각을 하고 있는지\n단어나 구로 입력해주세요.', units='height', win=Window(...), wrapWidth=1)
17.0140 	EXP 	Created wth_background_3 = ImageStim(__class__=<class 'psychopy.visual.image.ImageStim'>, anchor=('center', 'center'), autoLog=True, color=array([1, 1, 1]), colorSpace='rgb', contrast=1.0, depth=0.0, flipHoriz=False, flipVert=False, image=str(...), interpolate=True, mask=None, maskParams=None, name='wth_background_3', opacity=1.0, ori=0.0, pos=array([0., 0.]), size=array([1920., 1080.]), texRes=128.0, units='pix', win=Window(...))
17.0156 	EXP 	Created wth_word_typed = TextStim(__class__=<class 'psychopy.visual.text.TextStim'>, alignHoriz=method-wrapper(...), alignText='center', alignVert=method-wrapper(...), anchorHoriz='center', anchorVert='center', antialias=True, autoDraw=False, autoLog=True, bold=False, color=array([-1, -1, -1]), colorSpace='rgb', contrast=1.0, depth=-1.0, flipHoriz=False, flipVert=False, font='Noto Sans KR', fontFiles=[], height=0.1, italic=False, languageStyle='LTR', name='wth_word_typed', opacity=1.0, ori=0.0, pos=array([0. , 0.2]), rgb=UNKNOWN, text='', units='height', win=Window(...), wrapWidth=1)
17.0173 	EXP 	window1: mouseVisible = True
17.0450 	EXP 	Created wth_valence_rating = Slider(__class__=<class 'psychopy.visual.slider.Slider'>, autoDraw=False, autoLog=True, borderColor=None, color=None, colorSpace='rgb', depth=-2, fillColor=None, flip=False, font='Noto Sans KR', granularity=0.0, labelColor=None, labelHeight=0.03, labelWrapWidth=None, labels=('부정', '중립', '긍정'), lineColor=None, markerColor=None, name='wth_valence_rating', opacity=None, ori=0.0, pos=array([-0.5, -0.1]), readOnly=False, self=UNKNOWN, size=array([0.45, 0.05]), startValue=None, style='rating', styleTweaks=[], ticks=array([-1,  0,  1]), units='height', win=Window(...))
17.0532 	EXP 	Created wth_valence_txt = TextStim(__class__=<class 'psychopy.visual.text.TextStim'>, alignHoriz=method-wrapper(...), alignText='center', alignVert=method-wrapper(...), anchorHoriz='center', anchorVert='center', antialias=True, autoDraw=False, autoLog=True, bold=False, color=array([-1, -1, -1]), colorSpace='rgb', contrast=1.0, depth=-3.0, flipHoriz=False, flipVert=False, font='Noto Sans KR', fontFiles=[], height=0.04, italic=False, languageStyle='LTR', name='wth_valence_txt', opacity=1.0, ori=0.0, pos=array([-0.5 , -0.02]), rgb=UNKNOWN, text='단어에서 느껴지는 감정', units='height', win=Window(...), wrapWidth=1)
17.0598 	EXP 	Created wth_self_txt = TextStim(__class__=<class 'psychopy.visual.text.TextStim'>, alignHoriz=method-wrapper(...), alignText='center', alignVert=method-wrapper(...), anchorHoriz='center', anchorVert='center', antialias=True, autoDraw=False, autoLog=True, bold=False, color=array([-1, -1, -1]), colorSpace='rgb', contrast=1.0, depth=-4.0, flipHoriz=False, flipVert=False, font='Noto Sans KR', fontFiles=[], height=0.04, italic=False, languageStyle='LTR', name='wth_self_txt', opacity=1.0, ori=0.0, pos=array([ 0.5 , -0.02]), rgb=UNKNOWN, text='단어가 자신과 관련이 있는 정도', units='height', win=Window(...), wrapWidth=1)
17.0613 	EXP 	window1: mouseVisible = True
17.0871 	EXP 	Created wth_self_rating = Slider(__class__=<class 'psychopy.visual.slider.Slider'>, autoDraw=False, autoLog=True, borderColor=None, color=None, colorSpace='rgb', depth=-5, fillColor=None, flip=False, font='Noto Sans KR', granularity=0.0, labelColor=None, labelHeight=0.03, labelWrapWidth=None, labels=('전혀 나와 관련이 없음', '나와 관련이 매우 많음'), lineColor=None, markerColor=None, name='wth_self_rating', opacity=None, ori=0.0, pos=array([ 0.4, -0.1]), readOnly=False, self=UNKNOWN, size=array([0.45, 0.05]), startValue=None, style='rating', styleTweaks=[], ticks=array([0, 1]), units='height', win=Window(...))
17.0910 	EXP 	window1: mouseVisible = True
17.1010 	EXP 	Created exp_end_back = ImageStim(__class__=<class 'psychopy.visual.image.ImageStim'>, anchor=('center', 'center'), autoLog=True, color=array([1, 1, 1]), colorSpace='rgb', contrast=1.0, depth=-1.0, flipHoriz=False, flipVert=False, image='pics/blank.png', interpolate=True, mask=None, maskParams=None, name='exp_end_back', opacity=1.0, ori=0.0, pos=array([0., 0.]), size=array([3., 1.]), texRes=128.0, units='height', win=Window(...))
17.1283 	EXP 	Created exp_end_text = TextStim(__class__=<class 'psychopy.visual.text.TextStim'>, alignHoriz=method-wrapper(...), alignText='center', alignVert=method-wrapper(...), anchorHoriz='center', anchorVert='center', antialias=True, autoDraw=False, autoLog=True, bold=False, color=array([-1, -1, -1]), colorSpace='rgb', contrast=1.0, depth=-2.0, flipHoriz=False, flipVert=False, font='Noto Sans KR', fontFiles=[], height=0.04, italic=False, languageStyle='LTR', name='exp_end_text', opacity=1.0, ori=0.0, pos=array([0., 0.]), rgb=UNKNOWN, text=str(...), units='height', win=Window(...), wrapWidth=1)
17.1420 	EXP 	Created total_end_text = TextStim(__class__=<class 'psychopy.visual.text.TextStim'>, alignHoriz=method-wrapper(...), alignText='center', alignVert=method-wrapper(...), anchorHoriz='center', anchorVert='center', antialias=True, autoDraw=False, autoLog=True, bold=False, color=array([1, 1, 1]), colorSpace='rgb', contrast=1.0, depth=0.0, flipHoriz=False, flipVert=False, font='Arial', fontFiles=[], height=0.04, italic=False, languageStyle='LTR', name='total_end_text', opacity=1.0, ori=0.0, pos=array([0., 0.]), rgb=UNKNOWN, text='참여해주셔서 감사합니다.\n자동으로 종료됩니다.', units='height', win=Window(...), wrapWidth=1)
17.1619 	EXP 	wth_movie: autoLog = True
17.1619 	EXP 	wth_movie: movie = 'ins/weather_intro.mp4'
17.1619 	EXP 	wth_movie: ori = 0.0
17.1619 	EXP 	wth_valence_rating_2: autoLog = True
17.1619 	EXP 	wth_valence_rating_2: markerPos = None
17.1619 	EXP 	wth_valence_rating_2: styleTweaks = []
17.1619 	EXP 	wth_valence_rating_2: styleTweaks = []
17.1619 	EXP 	wth_valence_rating_2: styleTweaks = []
17.1619 	EXP 	wth_valence_rating_2: styleTweaks = []
17.1619 	EXP 	wth_valence_rating_2: contrast = 1.0
17.1619 	EXP 	wth_valence_rating_2: autoLog = True
17.1619 	EXP 	wth_self_rating_2: autoLog = True
17.1619 	EXP 	wth_self_rating_2: markerPos = None
17.1619 	EXP 	wth_self_rating_2: styleTweaks = []
17.1619 	EXP 	wth_self_rating_2: styleTweaks = []
17.1619 	EXP 	wth_self_rating_2: styleTweaks = []
17.1619 	EXP 	wth_self_rating_2: styleTweaks = []
17.1619 	EXP 	wth_self_rating_2: contrast = 1.0
17.1619 	EXP 	wth_self_rating_2: autoLog = True
17.1619 	EXP 	wth_valence_rating: autoLog = True
17.1619 	EXP 	wth_valence_rating: markerPos = None
17.1619 	EXP 	wth_valence_rating: styleTweaks = []
17.1619 	EXP 	wth_valence_rating: styleTweaks = []
17.1619 	EXP 	wth_valence_rating: styleTweaks = []
17.1619 	EXP 	wth_valence_rating: styleTweaks = []
17.1619 	EXP 	wth_valence_rating: contrast = 1.0
17.1619 	EXP 	wth_valence_rating: autoLog = True
17.1619 	EXP 	wth_self_rating: autoLog = True
17.1619 	EXP 	wth_self_rating: markerPos = None
17.1619 	EXP 	wth_self_rating: styleTweaks = []
17.1619 	EXP 	wth_self_rating: styleTweaks = []
17.1619 	EXP 	wth_self_rating: styleTweaks = []
17.1619 	EXP 	wth_self_rating: styleTweaks = []
17.1619 	EXP 	wth_self_rating: contrast = 1.0
17.1619 	EXP 	wth_self_rating: autoLog = True
17.1619 	EXP 	image: autoDraw = True
18.3969 	EXP 	Created sequence: random, trialTypes=1, nReps=1, seed=None
18.3970 	EXP 	New trial (rep=0, index=0): None
18.3978 	DATA 	Keypress: space
18.4099 	EXP 	image: autoDraw = False
20.4116 	EXP 	wth_movie: autoDraw = True
20.4116 	EXP 	text: autoDraw = True
22.0624 	EXP 	Created sequence: sequential, trialTypes=1, nReps=99, seed=None
22.0628 	EXP 	New trial (rep=0, index=0): None
22.1214 	DATA 	Keypress: space
22.1278 	EXP 	wth_movie: autoDraw = False
22.1278 	EXP 	text: autoDraw = False
22.1278 	EXP 	wth_background_inst: autoDraw = True
23.0619 	EXP 	wth_text: autoDraw = True
25.0616 	EXP 	wth_text: autoDraw = False
27.1120 	EXP 	window1: mouseVisible = False
27.1439 	EXP 	wth_background_inst: autoDraw = False
27.1439 	EXP 	wth_background_inst: autoDraw = False
27.1439 	EXP 	wth_text: autoDraw = False
27.1439 	EXP 	wth_background_6: autoDraw = True
27.1439 	EXP 	wth_think_instr_2: autoDraw = True
27.1439 	EXP 	wth_think_cross_2: autoDraw = True
32.1281 	EXP 	window1: mouseVisible = True
32.1282 	EXP 	window1: mouseVisible = True
32.1600 	EXP 	wth_background_6: autoDraw = False
32.1600 	EXP 	wth_think_instr_2: autoDraw = False
32.1600 	EXP 	wth_think_cross_2: autoDraw = False
32.1600 	EXP 	wth_background_6: autoDraw = False
32.1600 	EXP 	wth_think_instr_2: autoDraw = False
32.1600 	EXP 	wth_think_cross_2: autoDraw = False
32.1600 	EXP 	image_2: autoDraw = True
32.1600 	EXP 	wth_word_instr_4: autoDraw = True
53.3718 	EXP 	image_2: autoDraw = False
53.3718 	EXP 	wth_word_instr_4: autoDraw = False
53.3718 	EXP 	wth_word_typed_2: height = 0.07
53.3718 	EXP 	wth_word_typed_2: height = 0.07
53.3718 	EXP 	wth_word_typed_2: height = 0.07
53.3718 	EXP 	wth_word_typed_2: text = '추궁추궁'
53.3718 	EXP 	wth_valence_rating_2: markerPos = None
53.3718 	EXP 	wth_valence_rating_2: markerPos = None
53.3718 	EXP 	wth_self_rating_2: markerPos = None
53.3718 	EXP 	wth_self_rating_2: markerPos = None
53.3718 	EXP 	wth_background_7: autoDraw = True
53.3718 	EXP 	wth_word_typed_2: autoDraw = True
53.3718 	EXP 	wth_valence_rating_2: autoDraw = True
53.3718 	EXP 	wth_valence_txt_2: autoDraw = True
53.3718 	EXP 	wth_self_txt_2: autoDraw = True
53.3718 	EXP 	wth_self_rating_2: autoDraw = True
54.4976 	DATA 	Mouse: Left button down, pos=(532,428)
54.5224 	EXP 	wth_valence_rating_2: markerPos = 0.4609053497942388
54.5393 	EXP 	wth_valence_rating_2: markerPos = 0.4609053497942388
54.5557 	EXP 	wth_valence_rating_2: markerPos = 0.4609053497942388
54.5724 	EXP 	wth_valence_rating_2: markerPos = 0.4609053497942388
54.5891 	EXP 	wth_valence_rating_2: markerPos = 0.4609053497942388
54.6060 	EXP 	wth_valence_rating_2: markerPos = 0.4609053497942388
54.6223 	EXP 	wth_valence_rating_2: markerPos = 0.4609053497942388
54.6239 	DATA 	Mouse:  Left button up, pos=(532,428)
54.6392 	EXP 	wth_valence_rating_2: markerPos = 0.4609053497942388
55.7616 	DATA 	Mouse: Left button down, pos=(1487,437)
55.7719 	EXP 	wth_self_rating_2: markerPos = 0.4732510288065844
55.7892 	EXP 	wth_self_rating_2: markerPos = 0.4732510288065844
55.8057 	EXP 	wth_self_rating_2: markerPos = 0.4732510288065844
55.8222 	EXP 	wth_self_rating_2: markerPos = 0.4732510288065844
55.8389 	EXP 	wth_self_rating_2: markerPos = 0.4732510288065844
55.8557 	EXP 	wth_self_rating_2: markerPos = 0.4732510288065844
55.8721 	EXP 	wth_self_rating_2: markerPos = 0.4732510288065844
55.8890 	EXP 	wth_self_rating_2: markerPos = 0.4732510288065844
55.8984 	DATA 	Mouse:  Left button up, pos=(1487,437)
55.9057 	EXP 	wth_self_rating_2: markerPos = 0.4732510288065844
55.9222 	EXP 	wth_self_rating_2: markerPos = 0.4732510288065844
61.0957 	DATA 	Mouse: Left button down, pos=(942,81)
61.1366 	EXP 	window1: fullscr = True
61.1853 	EXP 	wth_background_7: autoDraw = False
61.1853 	EXP 	wth_word_typed_2: autoDraw = False
61.1853 	EXP 	wth_valence_rating_2: autoDraw = False
61.1853 	EXP 	wth_valence_txt_2: autoDraw = False
61.1853 	EXP 	wth_self_txt_2: autoDraw = False
61.1853 	EXP 	wth_self_rating_2: autoDraw = False
61.1853 	EXP 	wth_image_2: autoDraw = True
61.1853 	EXP 	wth_text_4: autoDraw = True
61.2544 	DATA 	Mouse:  Left button up, pos=(942,81)
62.9381 	DATA 	Mouse: Left button down, pos=(949,196)
63.1204 	DATA 	Mouse:  Left button up, pos=(949,196)
68.0020 	EXP 	wth_image_2: autoDraw = False
68.0020 	EXP 	wth_text_4: autoDraw = False
68.0020 	EXP 	wth_background_inst_2: autoDraw = True
68.0020 	EXP 	wth_text_2: autoDraw = True
68.9300 	DATA 	KeyPress: ㅜ
68.9301 	DATA 	Keypress: space
68.9356 	EXP 	wth_background_inst_2: autoDraw = False
68.9356 	EXP 	wth_text_2: autoDraw = False
68.9356 	EXP 	image_3: autoDraw = True
69.9183 	EXP 	text_2: autoDraw = True
70.0694 	DATA 	Keypress: escape
70.4656 	EXP 	window1: mouseVisible = True
