1.9326 	WARNING 	We strongly recommend you activate the PTB sound engine in PsychoPy prefs as the preferred audio engine. Its timing is vastly superior. Your prefs are currently set to use ['sounddevice', 'PTB', 'pyo', 'pygame'] (in that order).
3.2484 	WARNING 	Font Manager failed to load file C:\Windows\Fonts\전주완판본 각B.ttf
3.2522 	WARNING 	Font Manager failed to load file C:\Windows\Fonts\경기천년제목_Medium.ttf
3.2713 	WARNING 	Font Manager failed to load file C:\Windows\Fonts\전주완판본 순R.ttf
3.2733 	WARNING 	Font Manager failed to load file C:\Windows\Fonts\전주완판본 각R.ttf
3.2870 	WARNING 	Font Manager failed to load file C:\Windows\Fonts\전주완판본 순L.ttf
3.2941 	WARNING 	Font Manager failed to load file C:\Windows\Fonts\경기천년바탕_Bold.ttf
3.3176 	WARNING 	Font Manager failed to load file C:\Windows\Fonts\경기천년제목_Light.ttf
3.3338 	WARNING 	Font Manager failed to load file C:\Windows\Fonts\전주완판본 순B.ttf
3.3376 	WARNING 	Font Manager failed to load file C:\Windows\Fonts\경기천년제목V_Bold.ttf
3.3408 	WARNING 	Font Manager failed to load file C:\Windows\Fonts\경기천년바탕_Regular.ttf
3.3736 	WARNING 	Font Manager failed to load file C:\Windows\Fonts\전주완판본 각L.ttf
3.3966 	WARNING 	Font Manager failed to load file C:\Windows\Fonts\경기천년제목_Bold.ttf
3.3981 	WARNING 	C:\Users\Minu Kim\AppData\Roaming\psychopy3\fonts\Times.truetype doesn't have valid font family name
3.4985 	WARNING 	Font Manager failed to load file C:\Windows\Fonts\전주완판본 각B.ttf
3.5021 	WARNING 	Font Manager failed to load file C:\Windows\Fonts\경기천년제목_Medium.ttf
3.5211 	WARNING 	Font Manager failed to load file C:\Windows\Fonts\전주완판본 순R.ttf
3.5230 	WARNING 	Font Manager failed to load file C:\Windows\Fonts\전주완판본 각R.ttf
3.5363 	WARNING 	Font Manager failed to load file C:\Windows\Fonts\전주완판본 순L.ttf
3.5434 	WARNING 	Font Manager failed to load file C:\Windows\Fonts\경기천년바탕_Bold.ttf
3.5661 	WARNING 	Font Manager failed to load file C:\Windows\Fonts\경기천년제목_Light.ttf
3.5817 	WARNING 	Font Manager failed to load file C:\Windows\Fonts\전주완판본 순B.ttf
3.5855 	WARNING 	Font Manager failed to load file C:\Windows\Fonts\경기천년제목V_Bold.ttf
3.5886 	WARNING 	Font Manager failed to load file C:\Windows\Fonts\경기천년바탕_Regular.ttf
3.6153 	WARNING 	Font Manager failed to load file C:\Windows\Fonts\전주완판본 각L.ttf
3.6365 	WARNING 	Font Manager failed to load file C:\Windows\Fonts\경기천년제목_Bold.ttf
3.6379 	WARNING 	C:\Users\Minu Kim\AppData\Roaming\psychopy3\fonts\Times.truetype doesn't have valid font family name
8.0640 	EXP 	Created window1 = Window(allowGUI=True, allowStencil=False, autoLog=True, backendConf=UNKNOWN, bitsMode=UNKNOWN, blendMode='avg', bpc=(8, 8, 8), color=array([0., 0., 0.]), colorSpace='hsv', depthBits=8, fullscr=<method-wrapper '__getattribute__' of attributeSetter object at 0x0000023CBE062FA0>, gamma=None, gammaErrorPolicy='raise', lms=UNKNOWN, monitor=<psychopy.monitors.calibTools.Monitor object at 0x0000023CC45E11F0>, multiSample=False, name='window1', numSamples=2, pos=(1920, 0), screen=0, size=array([1920, 1080]), stencilBits=0, stereo=False, units='height', useFBO=True, useRetina=False, viewOri=0.0, viewPos=None, viewScale=None, waitBlanking=True, winType='pyglet')
8.0640 	EXP 	window1: mouseVisible = True
8.0640 	EXP 	window1: mouseVisible = False
8.0641 	EXP 	window1: Attempting to measure frame rate of screen (0) ...
8.0641 	EXP 	window1: recordFrameIntervals = False
8.1324 	EXP 	window1: recordFrameIntervals = True
8.2093 	EXP 	Screen (0) actual frame rate measured at 143.06Hz
8.2094 	EXP 	window1: recordFrameIntervals = False
9.9499 	EXP 	Created image = ImageStim(__class__=<class 'psychopy.visual.image.ImageStim'>, anchor=('center', 'center'), autoLog=True, color=array([1, 1, 1]), colorSpace='rgb', contrast=1.0, depth=0.0, flipHoriz=False, flipVert=False, image='fis_artwork/general_instruction.png', interpolate=True, mask=None, maskParams=None, name='image', opacity=1.0, ori=0.0, pos=array([0., 0.]), size=array([1920., 1080.]), texRes=128.0, units='pix', win=Window(...))
10.0810 	EXP 	Created wth_movie = MovieStim3(__class__=<class 'psychopy.visual.movie3.MovieStim3'>, anchor=('center', 'center'), autoLog=True, color=UNKNOWN, colorSpace=UNKNOWN, depth=0.0, filename='ins/weather_intro.mp4', flipHoriz=False, flipVert=False, fps=UNKNOWN, interpolate=True, loop=False, name='wth_movie', noAudio=False, opacity=1, ori=method-wrapper(...), pos=array([0., 0.]), size=None, units='pix', vframe_callback=UNKNOWN, volume=UNKNOWN, win=Window(...))
11.1536 	WARNING 	1.0725203999318182: Video catchup needed, advancing self._nextFrameT from 0.0 to 0.041666666666666664
11.1536 	WARNING 	1.0725447998847812: Video catchup needed, advancing self._nextFrameT from 0.041666666666666664 to 0.08333333333333333
11.1536 	WARNING 	1.0725541999563575: Video catchup needed, advancing self._nextFrameT from 0.08333333333333333 to 0.125
11.1536 	WARNING 	1.0725618998985738: Video catchup needed, advancing self._nextFrameT from 0.125 to 0.16666666666666666
11.1536 	WARNING 	1.0725693998392671: Video catchup needed, advancing self._nextFrameT from 0.16666666666666666 to 0.20833333333333331
11.1536 	WARNING 	1.0725765000097454: Video catchup needed, advancing self._nextFrameT from 0.20833333333333331 to 0.24999999999999997
11.1536 	WARNING 	1.0725839999504387: Video catchup needed, advancing self._nextFrameT from 0.24999999999999997 to 0.29166666666666663
11.1536 	WARNING 	1.0725912998896092: Video catchup needed, advancing self._nextFrameT from 0.29166666666666663 to 0.3333333333333333
11.1536 	WARNING 	1.0725982999429107: Video catchup needed, advancing self._nextFrameT from 0.3333333333333333 to 0.375
11.1536 	WARNING 	1.0726052999962121: Video catchup needed, advancing self._nextFrameT from 0.375 to 0.4166666666666667
11.1536 	WARNING 	Max reportNDroppedFrames reached, will not log any more dropped frames
11.2683 	EXP 	Created text = TextStim(__class__=<class 'psychopy.visual.text.TextStim'>, alignHoriz=method-wrapper(...), alignText='center', alignVert=method-wrapper(...), anchorHoriz='center', anchorVert='center', antialias=True, autoDraw=False, autoLog=True, bold=False, color=array([-1, -1, -1]), colorSpace='rgb', contrast=1.0, depth=-1.0, flipHoriz=False, flipVert=False, font='Arial', fontFiles=[], height=0.05, italic=False, languageStyle='LTR', name='text', opacity=1.0, ori=0.0, pos=array([ 0. , -0.4]), rgb=UNKNOWN, text='넘김 SPACE', units='height', win=Window(...), wrapWidth=1)
11.2684 	EXP 	window1: mouseVisible = True
12.0214 	EXP 	Created wth_background_inst = ImageStim(__class__=<class 'psychopy.visual.image.ImageStim'>, anchor=('center', 'center'), autoLog=True, color=array([1, 1, 1]), colorSpace='rgb', contrast=1.0, depth=-1.0, flipHoriz=False, flipVert=False, image=str(...), interpolate=True, mask=None, maskParams=None, name='wth_background_inst', opacity=1.0, ori=0.0, pos=array([0., 0.]), size=array([2., 1.]), texRes=128.0, units='height', win=Window(...))
12.0449 	EXP 	Created wth_text = TextStim(__class__=<class 'psychopy.visual.text.TextStim'>, alignHoriz=method-wrapper(...), alignText='center', alignVert=method-wrapper(...), anchorHoriz='center', anchorVert='center', antialias=True, autoDraw=False, autoLog=True, bold=False, color=array([-1, -1, -1]), colorSpace='rgb', contrast=1.0, depth=-2.0, flipHoriz=False, flipVert=False, font='Arial', fontFiles=[], height=0.07, italic=False, languageStyle='LTR', name='wth_text', opacity=1.0, ori=0.0, pos=array([0., 0.]), rgb=UNKNOWN, text='자유단어연상 연습을 시작하겠습니다.\n\n스페이스로 넘어가세요.', units='height', win=Window(...), wrapWidth=1)
12.7759 	EXP 	Created wth_background_6 = ImageStim(__class__=<class 'psychopy.visual.image.ImageStim'>, anchor=('center', 'center'), autoLog=True, color=array([1, 1, 1]), colorSpace='rgb', contrast=1.0, depth=0.0, flipHoriz=False, flipVert=False, image=str(...), interpolate=True, mask=None, maskParams=None, name='wth_background_6', opacity=1.0, ori=0.0, pos=array([0., 0.]), size=array([2., 1.]), texRes=128.0, units='height', win=Window(...))
12.7913 	EXP 	Created wth_think_instr_2 = TextStim(__class__=<class 'psychopy.visual.text.TextStim'>, alignHoriz=method-wrapper(...), alignText='center', alignVert=method-wrapper(...), anchorHoriz='center', anchorVert='center', antialias=True, autoDraw=False, autoLog=True, bold=False, color=array([-1, -1, -1]), colorSpace='rgb', contrast=1.0, depth=-2.0, flipHoriz=False, flipVert=False, font='Arial', fontFiles=[], height=0.07, italic=False, languageStyle='LTR', name='wth_think_instr_2', opacity=1.0, ori=0.0, pos=array([0. , 0.3]), rgb=UNKNOWN, text='자유롭게 생각하세요.', units='height', win=Window(...), wrapWidth=1)
12.7931 	EXP 	Created wth_think_cross_2 = ShapeStim(__class__=<class 'psychopy.visual.shape.ShapeStim'>, anchor=('center', 'center'), autoDraw=False, autoLog=True, closeShape=True, color=method-wrapper(...), colorSpace='rgb', contrast=None, depth=-3.0, fillColor=array([-1, -1, -1]), fillColorSpace='rgb', fillRGB=array([-1, -1, -1]), interpolate=True, lineColor=array([-1, -1, -1]), lineColorSpace='rgb', lineRGB=array([-1, -1, -1]), lineWidth=0.1, name='wth_think_cross_2', opacity=1.0, ori=0.0, pos=array([0., 0.]), size=array([0.07, 0.07]), units='height', vertices=ndarray(...), win=Window(...), windingRule=None)
13.8343 	EXP 	Created wth_background_5 = ImageStim(__class__=<class 'psychopy.visual.image.ImageStim'>, anchor=('center', 'center'), autoLog=True, color=array([1, 1, 1]), colorSpace='rgb', contrast=1.0, depth=-1.0, flipHoriz=False, flipVert=False, image=str(...), interpolate=True, mask=None, maskParams=None, name='wth_background_5', opacity=1.0, ori=0.0, pos=array([0., 0.]), size=array([2., 1.]), texRes=128.0, units='height', win=Window(...))
13.8585 	EXP 	Created wth_word_instr_2 = TextStim(__class__=<class 'psychopy.visual.text.TextStim'>, alignHoriz=method-wrapper(...), alignText='center', alignVert=method-wrapper(...), anchorHoriz='center', anchorVert='center', antialias=True, autoDraw=False, autoLog=True, bold=False, color=array([-1, -1, -1]), colorSpace='rgb', contrast=1.0, depth=-2.0, flipHoriz=False, flipVert=False, font='Arial', fontFiles=[], height=0.05, italic=False, languageStyle='LTR', name='wth_word_instr_2', opacity=1.0, ori=0.0, pos=array([0.  , 0.25]), rgb=UNKNOWN, text=str(...), units='height', win=Window(...), wrapWidth=1)
13.8988 	EXP 	window1: mouseVisible = True
14.6130 	EXP 	Created wth_background_7 = ImageStim(__class__=<class 'psychopy.visual.image.ImageStim'>, anchor=('center', 'center'), autoLog=True, color=array([1, 1, 1]), colorSpace='rgb', contrast=1.0, depth=0.0, flipHoriz=False, flipVert=False, image=str(...), interpolate=True, mask=None, maskParams=None, name='wth_background_7', opacity=1.0, ori=0.0, pos=array([0., 0.]), size=array([2., 1.]), texRes=128.0, units='height', win=Window(...))
14.6143 	EXP 	Created wth_word_typed_2 = TextStim(__class__=<class 'psychopy.visual.text.TextStim'>, alignHoriz=method-wrapper(...), alignText='center', alignVert=method-wrapper(...), anchorHoriz='center', anchorVert='center', antialias=True, autoDraw=False, autoLog=True, bold=False, color=array([-1, -1, -1]), colorSpace='rgb', contrast=1.0, depth=-1.0, flipHoriz=False, flipVert=False, font='Arial', fontFiles=[], height=0.1, italic=False, languageStyle='LTR', name='wth_word_typed_2', opacity=1.0, ori=0.0, pos=array([0. , 0.2]), rgb=UNKNOWN, text='', units='height', win=Window(...), wrapWidth=1)
14.6276 	EXP 	window1: mouseVisible = True
14.6738 	EXP 	Created wth_valence_rating_2 = Slider(__class__=<class 'psychopy.visual.slider.Slider'>, autoDraw=False, autoLog=True, borderColor=None, color=None, colorSpace='rgb', depth=-2, fillColor=None, flip=False, font='Noto Sans KR', granularity=0.0, labelColor=None, labelHeight=0.03, labelWrapWidth=None, labels=('부정', '중립', '긍정'), lineColor=None, markerColor=None, name='wth_valence_rating_2', opacity=None, ori=0.0, pos=array([-0.5, -0.1]), readOnly=False, self=UNKNOWN, size=array([0.45, 0.05]), startValue=None, style='rating', styleTweaks=[], ticks=array([-1,  0,  1]), units='height', win=Window(...))
14.6821 	EXP 	Created wth_valence_txt_2 = TextStim(__class__=<class 'psychopy.visual.text.TextStim'>, alignHoriz=method-wrapper(...), alignText='center', alignVert=method-wrapper(...), anchorHoriz='center', anchorVert='center', antialias=True, autoDraw=False, autoLog=True, bold=False, color=array([-1, -1, -1]), colorSpace='rgb', contrast=1.0, depth=-3.0, flipHoriz=False, flipVert=False, font='Arial', fontFiles=[], height=0.04, italic=False, languageStyle='LTR', name='wth_valence_txt_2', opacity=1.0, ori=0.0, pos=array([-0.5 , -0.02]), rgb=UNKNOWN, text='단어에서 느껴지는 감정', units='height', win=Window(...), wrapWidth=1)
14.6888 	EXP 	Created wth_self_txt_2 = TextStim(__class__=<class 'psychopy.visual.text.TextStim'>, alignHoriz=method-wrapper(...), alignText='center', alignVert=method-wrapper(...), anchorHoriz='center', anchorVert='center', antialias=True, autoDraw=False, autoLog=True, bold=False, color=array([-1, -1, -1]), colorSpace='rgb', contrast=1.0, depth=-4.0, flipHoriz=False, flipVert=False, font='Arial', fontFiles=[], height=0.04, italic=False, languageStyle='LTR', name='wth_self_txt_2', opacity=1.0, ori=0.0, pos=array([ 0.4 , -0.02]), rgb=UNKNOWN, text='단어가 자신과 관련이 있는 정도', units='height', win=Window(...), wrapWidth=1)
14.6901 	EXP 	window1: mouseVisible = True
14.7609 	EXP 	Created wth_self_rating_2 = Slider(__class__=<class 'psychopy.visual.slider.Slider'>, autoDraw=False, autoLog=True, borderColor=None, color=None, colorSpace='rgb', depth=-5, fillColor=None, flip=False, font='Noto Sans KR', granularity=0.0, labelColor=None, labelHeight=0.03, labelWrapWidth=None, labels=('전혀 나와 관련이 없음', '나와 관련이 매우 많음'), lineColor=None, markerColor=None, name='wth_self_rating_2', opacity=None, ori=0.0, pos=array([ 0.4, -0.1]), readOnly=False, self=UNKNOWN, size=array([0.45, 0.05]), startValue=None, style='rating', styleTweaks=[], ticks=array([0, 1]), units='height', win=Window(...))
14.7637 	EXP 	window1: mouseVisible = True
15.4937 	EXP 	Created wth_image_2 = ImageStim(__class__=<class 'psychopy.visual.image.ImageStim'>, anchor=('center', 'center'), autoLog=True, color=array([1, 1, 1]), colorSpace='rgb', contrast=1.0, depth=0.0, flipHoriz=False, flipVert=False, image=str(...), interpolate=True, mask=None, maskParams=None, name='wth_image_2', opacity=1.0, ori=0.0, pos=array([0., 0.]), size=array([2., 1.]), texRes=128.0, units='height', win=Window(...))
15.5063 	EXP 	Created wth_text_4 = TextStim(__class__=<class 'psychopy.visual.text.TextStim'>, alignHoriz=method-wrapper(...), alignText='center', alignVert=method-wrapper(...), anchorHoriz='center', anchorVert='center', antialias=True, autoDraw=False, autoLog=True, bold=False, color=array([-1, -1, -1]), colorSpace='rgb', contrast=1.0, depth=-1.0, flipHoriz=False, flipVert=False, font='Arial', fontFiles=[], height=0.05, italic=False, languageStyle='LTR', name='wth_text_4', opacity=1.0, ori=0.0, pos=array([0., 0.]), rgb=UNKNOWN, text='연습을 다시 하시겠습니까?\n\ny 혹은 n을 누르세요.', units='height', win=Window(...), wrapWidth=1)
16.2419 	EXP 	Created wth_background_inst_2 = ImageStim(__class__=<class 'psychopy.visual.image.ImageStim'>, anchor=('center', 'center'), autoLog=True, color=array([1, 1, 1]), colorSpace='rgb', contrast=1.0, depth=0.0, flipHoriz=False, flipVert=False, image=str(...), interpolate=True, mask=None, maskParams=None, name='wth_background_inst_2', opacity=1.0, ori=0.0, pos=array([0., 0.]), size=array([2., 1.]), texRes=128.0, units='height', win=Window(...))
16.2676 	EXP 	Created wth_text_2 = TextStim(__class__=<class 'psychopy.visual.text.TextStim'>, alignHoriz=method-wrapper(...), alignText='center', alignVert=method-wrapper(...), anchorHoriz='center', anchorVert='center', antialias=True, autoDraw=False, autoLog=True, bold=False, color=array([-1, -1, -1]), colorSpace='rgb', contrast=1.0, depth=-1.0, flipHoriz=False, flipVert=False, font='Arial', fontFiles=[], height=0.07, italic=False, languageStyle='LTR', name='wth_text_2', opacity=1.0, ori=0.0, pos=array([0., 0.]), rgb=UNKNOWN, text='실험을 시작합니다.\n\n스페이스로 넘어가세요.', units='height', win=Window(...), wrapWidth=1)
17.0130 	EXP 	Created wth_background = ImageStim(__class__=<class 'psychopy.visual.image.ImageStim'>, anchor=('center', 'center'), autoLog=True, color=array([1, 1, 1]), colorSpace='rgb', contrast=1.0, depth=0.0, flipHoriz=False, flipVert=False, image=str(...), interpolate=True, mask=None, maskParams=None, name='wth_background', opacity=1.0, ori=0.0, pos=array([0., 0.]), size=array([2., 1.]), texRes=128.0, units='height', win=Window(...))
17.0179 	EXP 	Created wth_think_instr = TextStim(__class__=<class 'psychopy.visual.text.TextStim'>, alignHoriz=method-wrapper(...), alignText='center', alignVert=method-wrapper(...), anchorHoriz='center', anchorVert='center', antialias=True, autoDraw=False, autoLog=True, bold=False, color=array([-1, -1, -1]), colorSpace='rgb', contrast=1.0, depth=-2.0, flipHoriz=False, flipVert=False, font='Arial', fontFiles=[], height=0.07, italic=False, languageStyle='LTR', name='wth_think_instr', opacity=1.0, ori=0.0, pos=array([0. , 0.3]), rgb=UNKNOWN, text='자유롭게 생각하세요.', units='height', win=Window(...), wrapWidth=1)
17.0189 	EXP 	Created wth_think_cross = ShapeStim(__class__=<class 'psychopy.visual.shape.ShapeStim'>, anchor=('center', 'center'), autoDraw=False, autoLog=True, closeShape=True, color=method-wrapper(...), colorSpace='rgb', contrast=None, depth=-3.0, fillColor=array([-1, -1, -1]), fillColorSpace='rgb', fillRGB=array([-1, -1, -1]), interpolate=True, lineColor=array([-1, -1, -1]), lineColorSpace='rgb', lineRGB=array([-1, -1, -1]), lineWidth=0.1, name='wth_think_cross', opacity=1.0, ori=0.0, pos=array([0., 0.]), size=array([0.07, 0.07]), units='height', vertices=ndarray(...), win=Window(...), windingRule=None)
17.7660 	EXP 	Created wth_background_2 = ImageStim(__class__=<class 'psychopy.visual.image.ImageStim'>, anchor=('center', 'center'), autoLog=True, color=array([1, 1, 1]), colorSpace='rgb', contrast=1.0, depth=0.0, flipHoriz=False, flipVert=False, image=str(...), interpolate=True, mask=None, maskParams=None, name='wth_background_2', opacity=1.0, ori=0.0, pos=array([0., 0.]), size=array([2., 1.]), texRes=128.0, units='height', win=Window(...))
17.7822 	EXP 	Created wth_word_instr = TextStim(__class__=<class 'psychopy.visual.text.TextStim'>, alignHoriz=method-wrapper(...), alignText='center', alignVert=method-wrapper(...), anchorHoriz='center', anchorVert='center', antialias=True, autoDraw=False, autoLog=True, bold=False, color=array([-1, -1, -1]), colorSpace='rgb', contrast=1.0, depth=-1.0, flipHoriz=False, flipVert=False, font='Arial', fontFiles=[], height=0.05, italic=False, languageStyle='LTR', name='wth_word_instr', opacity=1.0, ori=0.0, pos=array([0.  , 0.25]), rgb=UNKNOWN, text=str(...), units='height', win=Window(...), wrapWidth=1)
17.7896 	EXP 	window1: mouseVisible = True
18.4883 	EXP 	Created wth_background_3 = ImageStim(__class__=<class 'psychopy.visual.image.ImageStim'>, anchor=('center', 'center'), autoLog=True, color=array([1, 1, 1]), colorSpace='rgb', contrast=1.0, depth=0.0, flipHoriz=False, flipVert=False, image=str(...), interpolate=True, mask=None, maskParams=None, name='wth_background_3', opacity=1.0, ori=0.0, pos=array([0., 0.]), size=array([2., 1.]), texRes=128.0, units='height', win=Window(...))
18.4891 	EXP 	Created wth_word_typed = TextStim(__class__=<class 'psychopy.visual.text.TextStim'>, alignHoriz=method-wrapper(...), alignText='center', alignVert=method-wrapper(...), anchorHoriz='center', anchorVert='center', antialias=True, autoDraw=False, autoLog=True, bold=False, color=array([-1, -1, -1]), colorSpace='rgb', contrast=1.0, depth=-1.0, flipHoriz=False, flipVert=False, font='Arial', fontFiles=[], height=0.1, italic=False, languageStyle='LTR', name='wth_word_typed', opacity=1.0, ori=0.0, pos=array([0. , 0.2]), rgb=UNKNOWN, text='', units='height', win=Window(...), wrapWidth=1)
18.4903 	EXP 	window1: mouseVisible = True
18.5221 	EXP 	Created wth_valence_rating = Slider(__class__=<class 'psychopy.visual.slider.Slider'>, autoDraw=False, autoLog=True, borderColor=None, color=None, colorSpace='rgb', depth=-2, fillColor=None, flip=False, font='Noto Sans KR', granularity=0.0, labelColor=None, labelHeight=0.03, labelWrapWidth=None, labels=('부정', '중립', '긍정'), lineColor=None, markerColor=None, name='wth_valence_rating', opacity=None, ori=0.0, pos=array([-0.5, -0.1]), readOnly=False, self=UNKNOWN, size=array([0.45, 0.05]), startValue=None, style='rating', styleTweaks=[], ticks=array([-1,  0,  1]), units='height', win=Window(...))
18.5240 	EXP 	Created wth_valence_txt = TextStim(__class__=<class 'psychopy.visual.text.TextStim'>, alignHoriz=method-wrapper(...), alignText='center', alignVert=method-wrapper(...), anchorHoriz='center', anchorVert='center', antialias=True, autoDraw=False, autoLog=True, bold=False, color=array([-1, -1, -1]), colorSpace='rgb', contrast=1.0, depth=-3.0, flipHoriz=False, flipVert=False, font='Arial', fontFiles=[], height=0.04, italic=False, languageStyle='LTR', name='wth_valence_txt', opacity=1.0, ori=0.0, pos=array([-0.5 , -0.02]), rgb=UNKNOWN, text='단어에서 느껴지는 감정', units='height', win=Window(...), wrapWidth=1)
18.5259 	EXP 	Created wth_self_txt = TextStim(__class__=<class 'psychopy.visual.text.TextStim'>, alignHoriz=method-wrapper(...), alignText='center', alignVert=method-wrapper(...), anchorHoriz='center', anchorVert='center', antialias=True, autoDraw=False, autoLog=True, bold=False, color=array([-1, -1, -1]), colorSpace='rgb', contrast=1.0, depth=-4.0, flipHoriz=False, flipVert=False, font='Arial', fontFiles=[], height=0.04, italic=False, languageStyle='LTR', name='wth_self_txt', opacity=1.0, ori=0.0, pos=array([ 0.4 , -0.02]), rgb=UNKNOWN, text='단어가 자신과 관련이 있는 정도', units='height', win=Window(...), wrapWidth=1)
18.5271 	EXP 	window1: mouseVisible = True
18.5434 	EXP 	Created wth_self_rating = Slider(__class__=<class 'psychopy.visual.slider.Slider'>, autoDraw=False, autoLog=True, borderColor=None, color=None, colorSpace='rgb', depth=-5, fillColor=None, flip=False, font='Noto Sans KR', granularity=0.0, labelColor=None, labelHeight=0.03, labelWrapWidth=None, labels=('전혀 나와 관련이 없음', '나와 관련이 매우 많음'), lineColor=None, markerColor=None, name='wth_self_rating', opacity=None, ori=0.0, pos=array([ 0.4, -0.1]), readOnly=False, self=UNKNOWN, size=array([0.45, 0.05]), startValue=None, style='rating', styleTweaks=[], ticks=array([0, 1]), units='height', win=Window(...))
18.5461 	EXP 	window1: mouseVisible = True
18.5593 	EXP 	Created exp_end_back = ImageStim(__class__=<class 'psychopy.visual.image.ImageStim'>, anchor=('center', 'center'), autoLog=True, color=array([1, 1, 1]), colorSpace='rgb', contrast=1.0, depth=-1.0, flipHoriz=False, flipVert=False, image='pics/blank.png', interpolate=True, mask=None, maskParams=None, name='exp_end_back', opacity=1.0, ori=0.0, pos=array([0., 0.]), size=array([3., 1.]), texRes=128.0, units='height', win=Window(...))
18.5743 	EXP 	Created exp_end_text = TextStim(__class__=<class 'psychopy.visual.text.TextStim'>, alignHoriz=method-wrapper(...), alignText='center', alignVert=method-wrapper(...), anchorHoriz='center', anchorVert='center', antialias=True, autoDraw=False, autoLog=True, bold=False, color=array([-1, -1, -1]), colorSpace='rgb', contrast=1.0, depth=-2.0, flipHoriz=False, flipVert=False, font='Arial', fontFiles=[], height=0.04, italic=False, languageStyle='LTR', name='exp_end_text', opacity=1.0, ori=0.0, pos=array([0., 0.]), rgb=UNKNOWN, text=str(...), units='height', win=Window(...), wrapWidth=1)
18.5819 	EXP 	Created total_end_text = TextStim(__class__=<class 'psychopy.visual.text.TextStim'>, alignHoriz=method-wrapper(...), alignText='center', alignVert=method-wrapper(...), anchorHoriz='center', anchorVert='center', antialias=True, autoDraw=False, autoLog=True, bold=False, color=array([1, 1, 1]), colorSpace='rgb', contrast=1.0, depth=0.0, flipHoriz=False, flipVert=False, font='Arial', fontFiles=[], height=0.04, italic=False, languageStyle='LTR', name='total_end_text', opacity=1.0, ori=0.0, pos=array([0., 0.]), rgb=UNKNOWN, text='참여해주셔서 감사합니다.\n자동으로 종료됩니다.', units='height', win=Window(...), wrapWidth=1)
18.7815 	EXP 	wth_movie: autoLog = True
18.7815 	EXP 	wth_movie: movie = 'ins/weather_intro.mp4'
18.7815 	EXP 	wth_movie: ori = 0.0
18.7815 	EXP 	wth_valence_rating_2: autoLog = True
18.7815 	EXP 	wth_valence_rating_2: markerPos = None
18.7815 	EXP 	wth_valence_rating_2: styleTweaks = []
18.7815 	EXP 	wth_valence_rating_2: styleTweaks = []
18.7815 	EXP 	wth_valence_rating_2: styleTweaks = []
18.7815 	EXP 	wth_valence_rating_2: styleTweaks = []
18.7815 	EXP 	wth_valence_rating_2: contrast = 1.0
18.7815 	EXP 	wth_valence_rating_2: autoLog = True
18.7815 	EXP 	wth_self_rating_2: autoLog = True
18.7815 	EXP 	wth_self_rating_2: markerPos = None
18.7815 	EXP 	wth_self_rating_2: styleTweaks = []
18.7815 	EXP 	wth_self_rating_2: styleTweaks = []
18.7815 	EXP 	wth_self_rating_2: styleTweaks = []
18.7815 	EXP 	wth_self_rating_2: styleTweaks = []
18.7815 	EXP 	wth_self_rating_2: contrast = 1.0
18.7815 	EXP 	wth_self_rating_2: autoLog = True
18.7815 	EXP 	wth_valence_rating: autoLog = True
18.7815 	EXP 	wth_valence_rating: markerPos = None
18.7815 	EXP 	wth_valence_rating: styleTweaks = []
18.7815 	EXP 	wth_valence_rating: styleTweaks = []
18.7815 	EXP 	wth_valence_rating: styleTweaks = []
18.7815 	EXP 	wth_valence_rating: styleTweaks = []
18.7815 	EXP 	wth_valence_rating: contrast = 1.0
18.7815 	EXP 	wth_valence_rating: autoLog = True
18.7815 	EXP 	wth_self_rating: autoLog = True
18.7815 	EXP 	wth_self_rating: markerPos = None
18.7815 	EXP 	wth_self_rating: styleTweaks = []
18.7815 	EXP 	wth_self_rating: styleTweaks = []
18.7815 	EXP 	wth_self_rating: styleTweaks = []
18.7815 	EXP 	wth_self_rating: styleTweaks = []
18.7815 	EXP 	wth_self_rating: contrast = 1.0
18.7815 	EXP 	wth_self_rating: autoLog = True
18.7815 	EXP 	image: autoDraw = True
19.8988 	EXP 	Created sequence: random, trialTypes=1, nReps=1, seed=None
19.8989 	EXP 	New trial (rep=0, index=0): None
19.8999 	DATA 	Keypress: space
19.9071 	EXP 	image: autoDraw = False
19.9071 	EXP 	text: font = 'exp_font'
21.8983 	EXP 	wth_movie: autoDraw = True
21.8983 	EXP 	text: autoDraw = True
21.8983 	EXP 	text: height = 0.05
21.8983 	EXP 	text: height = 0.05
21.8983 	EXP 	text: height = 0.05
21.8983 	EXP 	text: text = '넘김 SPACE'
22.3928 	DATA 	Keypress: space
22.3989 	EXP 	Created sequence: sequential, trialTypes=1, nReps=10, seed=None
22.3990 	EXP 	New trial (rep=0, index=0): None
22.4120 	EXP 	wth_movie: autoDraw = False
22.4120 	EXP 	text: autoDraw = False
22.4120 	EXP 	wth_text: font = 'exp_font'
22.4120 	EXP 	wth_background_inst: autoDraw = True
22.4120 	EXP 	wth_text: autoDraw = True
22.4120 	EXP 	wth_text: height = 0.07
22.4120 	EXP 	wth_text: height = 0.07
22.4120 	EXP 	wth_text: height = 0.07
22.4120 	EXP 	wth_text: text = '자유단어연상 연습을 시작하겠습니다.\n\n스페이스로 넘어가세요.'
23.6908 	EXP 	window1: mouseVisible = False
23.6963 	DATA 	Keypress: space
23.6974 	EXP 	wth_background_inst: autoDraw = False
23.6974 	EXP 	wth_text: autoDraw = False
23.6974 	EXP 	wth_think_instr_2: font = 'exp_font'
23.6974 	EXP 	wth_background_6: autoDraw = True
23.6974 	EXP 	wth_think_instr_2: autoDraw = True
23.6974 	EXP 	wth_think_cross_2: autoDraw = True
23.6974 	EXP 	wth_think_instr_2: height = 0.07
23.6974 	EXP 	wth_think_instr_2: height = 0.07
23.6974 	EXP 	wth_think_instr_2: height = 0.07
23.6974 	EXP 	wth_think_instr_2: text = '자유롭게 생각하세요.'
28.6914 	EXP 	window1: mouseVisible = True
32.3665 	EXP 	wth_background_6: autoDraw = False
32.3665 	EXP 	wth_think_instr_2: autoDraw = False
32.3665 	EXP 	wth_think_cross_2: autoDraw = False
32.3665 	EXP 	wth_background_6: autoDraw = False
32.3665 	EXP 	wth_think_instr_2: autoDraw = False
32.3665 	EXP 	wth_think_cross_2: autoDraw = False
32.3665 	EXP 	wth_word_instr_2: font = 'exp_font'
32.3665 	EXP 	wth_background_5: autoDraw = True
32.3665 	EXP 	wth_word_instr_2: autoDraw = True
32.3665 	EXP 	wth_word_instr_2: height = 0.05
32.3665 	EXP 	wth_word_instr_2: height = 0.05
32.3665 	EXP 	wth_word_instr_2: height = 0.05
32.3665 	EXP 	wth_word_instr_2: text = '지금 무슨 생각을 하고 있는지\n단어나 구로 입력해주세요.\n입력 후 스페이스바와 클릭 버튼을 눌러주세요.'
35.4074 	DATA 	Keypress: d
35.5116 	DATA 	Keypress: f
35.7221 	DATA 	Mouse: Left button down, pos=(1132,529)
35.8330 	DATA 	Mouse:  Left button up, pos=(1131,529)
35.9995 	DATA 	Keypress: a
36.0547 	DATA 	Keypress: s
36.0592 	DATA 	Keypress: d
36.1296 	DATA 	Keypress: f
36.3335 	DATA 	Keypress: a
36.3381 	DATA 	Keypress: s
36.3956 	DATA 	Keypress: d
36.4930 	DATA 	Keypress: f
36.7218 	DATA 	Keypress: a
36.7270 	DATA 	Keypress: space
36.7430 	DATA 	Keypress: s
36.7566 	DATA 	Keypress: d
36.8034 	DATA 	Keypress: f
36.9701 	DATA 	Keypress: a
37.0258 	DATA 	Keypress: s
37.0263 	DATA 	Keypress: d
37.3035 	DATA 	Keypress: escape
37.8149 	EXP 	window1: mouseVisible = True
