2.2706 	WARNING 	We strongly recommend you activate the PTB sound engine in PsychoPy prefs as the preferred audio engine. Its timing is vastly superior. Your prefs are currently set to use ['sounddevice', 'PTB', 'pyo', 'pygame'] (in that order).
6.1644 	EXP 	Created window1 = Window(allowGUI=True, allowStencil=False, autoLog=True, backendConf=UNKNOWN, bitsMode=UNKNOWN, blendMode='avg', bpc=(8, 8, 8), color=array([0.0039, 0.0039, 0.0039]), colorSpace='rgb', depthBits=8, fullscr=<method-wrapper '__getattribute__' of attributeSetter object at 0x000001C8548F3E80>, gamma=None, gammaErrorPolicy='raise', lms=UNKNOWN, monitor=<psychopy.monitors.calibTools.Monitor object at 0x000001C854DD2400>, multiSample=False, name='window1', numSamples=2, pos=(0, 0), screen=0, size=array([1920, 1080]), stencilBits=0, stereo=False, units='height', useFBO=True, useRetina=False, viewOri=0.0, viewPos=None, viewScale=None, waitBlanking=True, winType='pyglet')
6.1645 	EXP 	window1: mouseVisible = True
6.1645 	EXP 	window1: mouseVisible = True
6.1645 	EXP 	window1: Attempting to measure frame rate of screen (0) ...
6.1645 	EXP 	window1: recordFrameIntervals = False
6.3301 	EXP 	window1: recordFrameIntervals = True
6.5143 	EXP 	Screen (0) actual frame rate measured at 59.68Hz
6.5143 	EXP 	window1: recordFrameIntervals = False
6.5440 	WARNING 	launchHubServer: If using the iohub mouse or eyetracker devices, fullScr should be True.
8.2795 	EXP 	Created wth_inst_image = ImageStim(__class__=<class 'psychopy.visual.image.ImageStim'>, anchor=('center', 'center'), autoLog=True, color=array([1, 1, 1]), colorSpace='rgb', contrast=1.0, depth=0.0, flipHoriz=False, flipVert=False, image='fis_artwork/general_instruction.png', interpolate=True, mask=None, maskParams=None, name='wth_inst_image', opacity=1.0, ori=0.0, pos=array([0., 0.]), size=array([1920., 1080.]), texRes=128.0, units='pix', win=Window(...))
8.4249 	EXP 	Created wth_movie = MovieStim3(__class__=<class 'psychopy.visual.movie3.MovieStim3'>, anchor=('center', 'center'), autoLog=True, color=UNKNOWN, colorSpace=UNKNOWN, depth=0.0, filename='ins/weather_intro.mp4', flipHoriz=False, flipVert=False, fps=UNKNOWN, interpolate=True, loop=False, name='wth_movie', noAudio=False, opacity=1, ori=method-wrapper(...), pos=array([0., 0.]), size=None, units='pix', vframe_callback=UNKNOWN, volume=UNKNOWN, win=Window(...))
10.5891 	WARNING 	2.1642142000000604: Video catchup needed, advancing self._nextFrameT from 0.0 to 0.041666666666666664
10.5891 	WARNING 	2.1642448000002332: Video catchup needed, advancing self._nextFrameT from 0.041666666666666664 to 0.08333333333333333
10.5891 	WARNING 	2.1642573999997694: Video catchup needed, advancing self._nextFrameT from 0.08333333333333333 to 0.125
10.5891 	WARNING 	2.1642666999996436: Video catchup needed, advancing self._nextFrameT from 0.125 to 0.16666666666666666
10.5892 	WARNING 	2.1642754999993485: Video catchup needed, advancing self._nextFrameT from 0.16666666666666666 to 0.20833333333333331
10.5892 	WARNING 	2.1642847000002803: Video catchup needed, advancing self._nextFrameT from 0.20833333333333331 to 0.24999999999999997
10.5892 	WARNING 	2.1642936000007467: Video catchup needed, advancing self._nextFrameT from 0.24999999999999997 to 0.29166666666666663
10.5892 	WARNING 	2.16430229999969: Video catchup needed, advancing self._nextFrameT from 0.29166666666666663 to 0.3333333333333333
10.5892 	WARNING 	2.1643110000004526: Video catchup needed, advancing self._nextFrameT from 0.3333333333333333 to 0.375
10.5892 	WARNING 	2.1643196000004536: Video catchup needed, advancing self._nextFrameT from 0.375 to 0.4166666666666667
10.5892 	WARNING 	Max reportNDroppedFrames reached, will not log any more dropped frames
10.8330 	EXP 	Created text = TextStim(__class__=<class 'psychopy.visual.text.TextStim'>, alignHoriz=method-wrapper(...), alignText='center', alignVert=method-wrapper(...), anchorHoriz='center', anchorVert='center', antialias=True, autoDraw=False, autoLog=True, bold=False, color=array([-1, -1, -1]), colorSpace='rgb', contrast=1.0, depth=-1.0, flipHoriz=False, flipVert=False, font='Noto Sans KR', fontFiles=[], height=0.05, italic=False, languageStyle='LTR', name='text', opacity=1.0, ori=0.0, pos=array([ 0. , -0.4]), rgb=UNKNOWN, text='스페이스로 넘어가세요', units='height', win=Window(...), wrapWidth=1)
11.3995 	EXP 	Created wth_background_inst = ImageStim(__class__=<class 'psychopy.visual.image.ImageStim'>, anchor=('center', 'center'), autoLog=True, color=array([1, 1, 1]), colorSpace='rgb', contrast=1.0, depth=0.0, flipHoriz=False, flipVert=False, image=str(...), interpolate=True, mask=None, maskParams=None, name='wth_background_inst', opacity=1.0, ori=0.0, pos=array([0., 0.]), size=array([1920., 1080.]), texRes=128.0, units='pix', win=Window(...))
11.4204 	EXP 	Created wth_text = TextStim(__class__=<class 'psychopy.visual.text.TextStim'>, alignHoriz=method-wrapper(...), alignText='center', alignVert=method-wrapper(...), anchorHoriz='center', anchorVert='center', antialias=True, autoDraw=False, autoLog=True, bold=False, color=array([-1, -1, -1]), colorSpace='rgb', contrast=1.0, depth=-1.0, flipHoriz=False, flipVert=False, font='Noto Sans KR', fontFiles=[], height=0.07, italic=False, languageStyle='LTR', name='wth_text', opacity=1.0, ori=0.0, pos=array([0., 0.]), rgb=UNKNOWN, text='단어연상 연습이 시작됩니다.', units='height', win=Window(...), wrapWidth=1)
12.0346 	EXP 	Created wth_background_6 = ImageStim(__class__=<class 'psychopy.visual.image.ImageStim'>, anchor=('center', 'center'), autoLog=True, color=array([1, 1, 1]), colorSpace='rgb', contrast=1.0, depth=0.0, flipHoriz=False, flipVert=False, image=str(...), interpolate=True, mask=None, maskParams=None, name='wth_background_6', opacity=1.0, ori=0.0, pos=array([0., 0.]), size=array([1920., 1080.]), texRes=128.0, units='pix', win=Window(...))
12.0458 	EXP 	Created wth_think_instr_2 = TextStim(__class__=<class 'psychopy.visual.text.TextStim'>, alignHoriz=method-wrapper(...), alignText='center', alignVert=method-wrapper(...), anchorHoriz='center', anchorVert='center', antialias=True, autoDraw=False, autoLog=True, bold=False, color=array([-1, -1, -1]), colorSpace='rgb', contrast=1.0, depth=-2.0, flipHoriz=False, flipVert=False, font='Noto Sans KR', fontFiles=[], height=0.07, italic=False, languageStyle='LTR', name='wth_think_instr_2', opacity=1.0, ori=0.0, pos=array([0. , 0.3]), rgb=UNKNOWN, text='자유롭게 생각하세요.', units='height', win=Window(...), wrapWidth=1)
12.0531 	EXP 	Created wth_think_cross_2 = ShapeStim(__class__=<class 'psychopy.visual.shape.ShapeStim'>, anchor=('center', 'center'), autoDraw=False, autoLog=True, closeShape=True, color=method-wrapper(...), colorSpace='rgb', contrast=None, depth=-3.0, fillColor=array([-1, -1, -1]), fillColorSpace='rgb', fillRGB=array([-1, -1, -1]), interpolate=True, lineColor=array([-1, -1, -1]), lineColorSpace='rgb', lineRGB=array([-1, -1, -1]), lineWidth=0.1, name='wth_think_cross_2', opacity=1.0, ori=0.0, pos=array([0., 0.]), size=array([0.07, 0.07]), units='height', vertices=ndarray(...), win=Window(...), windingRule=None)
12.6772 	EXP 	Created image_2 = ImageStim(__class__=<class 'psychopy.visual.image.ImageStim'>, anchor=('center', 'center'), autoLog=True, color=array([1, 1, 1]), colorSpace='rgb', contrast=1.0, depth=0.0, flipHoriz=False, flipVert=False, image=str(...), interpolate=True, mask=None, maskParams=None, name='image_2', opacity=1.0, ori=0.0, pos=array([0., 0.]), size=array([1920., 1080.]), texRes=128.0, units='pix', win=Window(...))
12.7000 	EXP 	Created wth_word_instr_4 = TextStim(__class__=<class 'psychopy.visual.text.TextStim'>, alignHoriz=method-wrapper(...), alignText='center', alignVert=method-wrapper(...), anchorHoriz='center', anchorVert='center', antialias=True, autoDraw=False, autoLog=True, bold=False, color=array([-1, -1, -1]), colorSpace='rgb', contrast=1.0, depth=-1.0, flipHoriz=False, flipVert=False, font='Noto Sans KR', fontFiles=[], height=0.07, italic=False, languageStyle='LTR', name='wth_word_instr_4', opacity=1.0, ori=0.0, pos=array([0.  , 0.25]), rgb=UNKNOWN, text='지금 무슨 생각을 하고 있는지\n단어나 구로 입력해주세요.', units='height', win=Window(...), wrapWidth=1)
13.2826 	EXP 	Created wth_background_7 = ImageStim(__class__=<class 'psychopy.visual.image.ImageStim'>, anchor=('center', 'center'), autoLog=True, color=array([1, 1, 1]), colorSpace='rgb', contrast=1.0, depth=0.0, flipHoriz=False, flipVert=False, image=str(...), interpolate=True, mask=None, maskParams=None, name='wth_background_7', opacity=1.0, ori=0.0, pos=array([0., 0.]), size=array([1920., 1080.]), texRes=128.0, units='pix', win=Window(...))
13.2834 	EXP 	Created wth_word_typed_2 = TextStim(__class__=<class 'psychopy.visual.text.TextStim'>, alignHoriz=method-wrapper(...), alignText='center', alignVert=method-wrapper(...), anchorHoriz='center', anchorVert='center', antialias=True, autoDraw=False, autoLog=True, bold=False, color=array([-1, -1, -1]), colorSpace='rgb', contrast=1.0, depth=-1.0, flipHoriz=False, flipVert=False, font='Noto Sans KR', fontFiles=[], height=0.07, italic=False, languageStyle='LTR', name='wth_word_typed_2', opacity=1.0, ori=0.0, pos=array([0. , 0.2]), rgb=UNKNOWN, text='', units='height', win=Window(...), wrapWidth=1)
13.2883 	EXP 	window1: mouseVisible = True
13.3445 	EXP 	Created wth_valence_rating_2 = Slider(__class__=<class 'psychopy.visual.slider.Slider'>, autoDraw=False, autoLog=True, borderColor=None, color=None, colorSpace='rgb', depth=-2, fillColor=None, flip=False, font='Noto Sans KR', granularity=0.0, labelColor=None, labelHeight=0.03, labelWrapWidth=None, labels=('부정', '중립', '긍정'), lineColor=None, markerColor=None, name='wth_valence_rating_2', opacity=None, ori=0.0, pos=array([-0.5, -0.1]), readOnly=False, self=UNKNOWN, size=array([0.45, 0.05]), startValue=None, style='rating', styleTweaks=[], ticks=array([-1,  0,  1]), units='height', win=Window(...))
13.3567 	EXP 	Created wth_valence_txt_2 = TextStim(__class__=<class 'psychopy.visual.text.TextStim'>, alignHoriz=method-wrapper(...), alignText='center', alignVert=method-wrapper(...), anchorHoriz='center', anchorVert='center', antialias=True, autoDraw=False, autoLog=True, bold=False, color=array([-1, -1, -1]), colorSpace='rgb', contrast=1.0, depth=-3.0, flipHoriz=False, flipVert=False, font='Noto Sans KR', fontFiles=[], height=0.04, italic=False, languageStyle='LTR', name='wth_valence_txt_2', opacity=1.0, ori=0.0, pos=array([-0.5 , -0.02]), rgb=UNKNOWN, text='단어에서 느껴지는 감정', units='height', win=Window(...), wrapWidth=1)
13.3669 	EXP 	Created wth_self_txt_2 = TextStim(__class__=<class 'psychopy.visual.text.TextStim'>, alignHoriz=method-wrapper(...), alignText='center', alignVert=method-wrapper(...), anchorHoriz='center', anchorVert='center', antialias=True, autoDraw=False, autoLog=True, bold=False, color=array([-1, -1, -1]), colorSpace='rgb', contrast=1.0, depth=-4.0, flipHoriz=False, flipVert=False, font='Noto Sans KR', fontFiles=[], height=0.04, italic=False, languageStyle='LTR', name='wth_self_txt_2', opacity=1.0, ori=0.0, pos=array([ 0.5 , -0.02]), rgb=UNKNOWN, text='단어가 자신과 관련이 있는 정도', units='height', win=Window(...), wrapWidth=1)
13.3684 	EXP 	window1: mouseVisible = True
13.4536 	EXP 	Created wth_self_rating_2 = Slider(__class__=<class 'psychopy.visual.slider.Slider'>, autoDraw=False, autoLog=True, borderColor=None, color=None, colorSpace='rgb', depth=-5, fillColor=None, flip=False, font='Noto Sans KR', granularity=0.0, labelColor=None, labelHeight=0.03, labelWrapWidth=None, labels=('전혀 나와 관련 없음', '나와 관련 매우 많음'), lineColor=None, markerColor=None, name='wth_self_rating_2', opacity=None, ori=0.0, pos=array([ 0.5, -0.1]), readOnly=False, self=UNKNOWN, size=array([0.45, 0.05]), startValue=None, style='rating', styleTweaks=[], ticks=array([0, 1]), units='height', win=Window(...))
13.4921 	EXP 	window1: mouseVisible = True
14.0599 	EXP 	Created wth_image_2 = ImageStim(__class__=<class 'psychopy.visual.image.ImageStim'>, anchor=('center', 'center'), autoLog=True, color=array([1, 1, 1]), colorSpace='rgb', contrast=1.0, depth=0.0, flipHoriz=False, flipVert=False, image=str(...), interpolate=True, mask=None, maskParams=None, name='wth_image_2', opacity=1.0, ori=0.0, pos=array([0., 0.]), size=array([1920., 1080.]), texRes=128.0, units='pix', win=Window(...))
14.0779 	EXP 	Created wth_text_4 = TextStim(__class__=<class 'psychopy.visual.text.TextStim'>, alignHoriz=method-wrapper(...), alignText='center', alignVert=method-wrapper(...), anchorHoriz='center', anchorVert='center', antialias=True, autoDraw=False, autoLog=True, bold=False, color=array([-1, -1, -1]), colorSpace='rgb', contrast=1.0, depth=-1.0, flipHoriz=False, flipVert=False, font='Noto Sans KR', fontFiles=[], height=0.07, italic=False, languageStyle='LTR', name='wth_text_4', opacity=1.0, ori=0.0, pos=array([0., 0.]), rgb=UNKNOWN, text='넘어가시겠습니까?\n\n넘어가기 : Y\n다시연습 : N\n', units='height', win=Window(...), wrapWidth=1)
14.6466 	EXP 	Created wth_background_inst_2 = ImageStim(__class__=<class 'psychopy.visual.image.ImageStim'>, anchor=('center', 'center'), autoLog=True, color=array([1, 1, 1]), colorSpace='rgb', contrast=1.0, depth=0.0, flipHoriz=False, flipVert=False, image=str(...), interpolate=True, mask=None, maskParams=None, name='wth_background_inst_2', opacity=1.0, ori=0.0, pos=array([0., 0.]), size=array([1920., 1080.]), texRes=128.0, units='pix', win=Window(...))
14.6721 	EXP 	Created wth_text_2 = TextStim(__class__=<class 'psychopy.visual.text.TextStim'>, alignHoriz=method-wrapper(...), alignText='center', alignVert=method-wrapper(...), anchorHoriz='center', anchorVert='center', antialias=True, autoDraw=False, autoLog=True, bold=False, color=array([-1, -1, -1]), colorSpace='rgb', contrast=1.0, depth=-1.0, flipHoriz=False, flipVert=False, font='Noto Sans KR', fontFiles=[], height=0.07, italic=False, languageStyle='LTR', name='wth_text_2', opacity=1.0, ori=0.0, pos=array([0., 0.]), rgb=UNKNOWN, text=str(...), units='height', win=Window(...), wrapWidth=1)
15.2418 	EXP 	Created image_3 = ImageStim(__class__=<class 'psychopy.visual.image.ImageStim'>, anchor=('center', 'center'), autoLog=True, color=array([1, 1, 1]), colorSpace='rgb', contrast=1.0, depth=0.0, flipHoriz=False, flipVert=False, image=str(...), interpolate=True, mask=None, maskParams=None, name='image_3', opacity=1.0, ori=0.0, pos=array([0., 0.]), size=array([1920., 1080.]), texRes=128.0, units='pix', win=Window(...))
15.2434 	EXP 	Created text_2 = TextStim(__class__=<class 'psychopy.visual.text.TextStim'>, alignHoriz=method-wrapper(...), alignText='center', alignVert=method-wrapper(...), anchorHoriz='center', anchorVert='center', antialias=True, autoDraw=False, autoLog=True, bold=False, color=array([-1, -1, -1]), colorSpace='rgb', contrast=1.0, depth=-1.0, flipHoriz=False, flipVert=False, font='Noto Sans KR', fontFiles=[], height=0.07, italic=False, languageStyle='LTR', name='text_2', opacity=1.0, ori=0.0, pos=array([0., 0.]), rgb=UNKNOWN, text='시작', units='height', win=Window(...), wrapWidth=1)
15.8114 	EXP 	Created wth_background = ImageStim(__class__=<class 'psychopy.visual.image.ImageStim'>, anchor=('center', 'center'), autoLog=True, color=array([1, 1, 1]), colorSpace='rgb', contrast=1.0, depth=0.0, flipHoriz=False, flipVert=False, image=str(...), interpolate=True, mask=None, maskParams=None, name='wth_background', opacity=1.0, ori=0.0, pos=array([0., 0.]), size=array([1920., 1080.]), texRes=128.0, units='pix', win=Window(...))
15.8257 	EXP 	Created wth_think_instr = TextStim(__class__=<class 'psychopy.visual.text.TextStim'>, alignHoriz=method-wrapper(...), alignText='center', alignVert=method-wrapper(...), anchorHoriz='center', anchorVert='center', antialias=True, autoDraw=False, autoLog=True, bold=False, color=array([-1, -1, -1]), colorSpace='rgb', contrast=1.0, depth=-2.0, flipHoriz=False, flipVert=False, font='Noto Sans KR', fontFiles=[], height=0.07, italic=False, languageStyle='LTR', name='wth_think_instr', opacity=1.0, ori=0.0, pos=array([0. , 0.2]), rgb=UNKNOWN, text='자유롭게 생각하세요.', units='height', win=Window(...), wrapWidth=1)
15.8272 	EXP 	Created wth_think_cross = ShapeStim(__class__=<class 'psychopy.visual.shape.ShapeStim'>, anchor=('center', 'center'), autoDraw=False, autoLog=True, closeShape=True, color=method-wrapper(...), colorSpace='rgb', contrast=None, depth=-3.0, fillColor=array([-1, -1, -1]), fillColorSpace='rgb', fillRGB=array([-1, -1, -1]), interpolate=True, lineColor=array([-1, -1, -1]), lineColorSpace='rgb', lineRGB=array([-1, -1, -1]), lineWidth=0.1, name='wth_think_cross', opacity=1.0, ori=0.0, pos=array([0., 0.]), size=array([0.07, 0.07]), units='height', vertices=ndarray(...), win=Window(...), windingRule=None)
16.3970 	EXP 	Created wth_background_2 = ImageStim(__class__=<class 'psychopy.visual.image.ImageStim'>, anchor=('center', 'center'), autoLog=True, color=array([1, 1, 1]), colorSpace='rgb', contrast=1.0, depth=0.0, flipHoriz=False, flipVert=False, image=str(...), interpolate=True, mask=None, maskParams=None, name='wth_background_2', opacity=1.0, ori=0.0, pos=array([0., 0.]), size=array([1920., 1080.]), texRes=128.0, units='pix', win=Window(...))
16.4142 	EXP 	Created wth_word_instr = TextStim(__class__=<class 'psychopy.visual.text.TextStim'>, alignHoriz=method-wrapper(...), alignText='center', alignVert=method-wrapper(...), anchorHoriz='center', anchorVert='center', antialias=True, autoDraw=False, autoLog=True, bold=False, color=array([-1, -1, -1]), colorSpace='rgb', contrast=1.0, depth=-1.0, flipHoriz=False, flipVert=False, font='Arial', fontFiles=[], height=0.07, italic=False, languageStyle='LTR', name='wth_word_instr', opacity=1.0, ori=0.0, pos=array([0.  , 0.25]), rgb=UNKNOWN, text='지금 무슨 생각을 하고 있는지\n단어나 구로 입력해주세요.', units='height', win=Window(...), wrapWidth=1)
17.0301 	EXP 	Created wth_background_3 = ImageStim(__class__=<class 'psychopy.visual.image.ImageStim'>, anchor=('center', 'center'), autoLog=True, color=array([1, 1, 1]), colorSpace='rgb', contrast=1.0, depth=0.0, flipHoriz=False, flipVert=False, image=str(...), interpolate=True, mask=None, maskParams=None, name='wth_background_3', opacity=1.0, ori=0.0, pos=array([0., 0.]), size=array([1920., 1080.]), texRes=128.0, units='pix', win=Window(...))
17.0318 	EXP 	Created wth_word_typed = TextStim(__class__=<class 'psychopy.visual.text.TextStim'>, alignHoriz=method-wrapper(...), alignText='center', alignVert=method-wrapper(...), anchorHoriz='center', anchorVert='center', antialias=True, autoDraw=False, autoLog=True, bold=False, color=array([-1, -1, -1]), colorSpace='rgb', contrast=1.0, depth=-1.0, flipHoriz=False, flipVert=False, font='Noto Sans KR', fontFiles=[], height=0.1, italic=False, languageStyle='LTR', name='wth_word_typed', opacity=1.0, ori=0.0, pos=array([0. , 0.2]), rgb=UNKNOWN, text='', units='height', win=Window(...), wrapWidth=1)
17.0333 	EXP 	window1: mouseVisible = True
17.0682 	EXP 	Created wth_valence_rating = Slider(__class__=<class 'psychopy.visual.slider.Slider'>, autoDraw=False, autoLog=True, borderColor=None, color=None, colorSpace='rgb', depth=-2, fillColor=None, flip=False, font='Noto Sans KR', granularity=0.0, labelColor=None, labelHeight=0.03, labelWrapWidth=None, labels=('부정', '중립', '긍정'), lineColor=None, markerColor=None, name='wth_valence_rating', opacity=None, ori=0.0, pos=array([-0.5, -0.1]), readOnly=False, self=UNKNOWN, size=array([0.45, 0.05]), startValue=None, style='rating', styleTweaks=[], ticks=array([-1,  0,  1]), units='height', win=Window(...))
17.0761 	EXP 	Created wth_valence_txt = TextStim(__class__=<class 'psychopy.visual.text.TextStim'>, alignHoriz=method-wrapper(...), alignText='center', alignVert=method-wrapper(...), anchorHoriz='center', anchorVert='center', antialias=True, autoDraw=False, autoLog=True, bold=False, color=array([-1, -1, -1]), colorSpace='rgb', contrast=1.0, depth=-3.0, flipHoriz=False, flipVert=False, font='Noto Sans KR', fontFiles=[], height=0.04, italic=False, languageStyle='LTR', name='wth_valence_txt', opacity=1.0, ori=0.0, pos=array([-0.5 , -0.02]), rgb=UNKNOWN, text='단어에서 느껴지는 감정', units='height', win=Window(...), wrapWidth=1)
17.0824 	EXP 	Created wth_self_txt = TextStim(__class__=<class 'psychopy.visual.text.TextStim'>, alignHoriz=method-wrapper(...), alignText='center', alignVert=method-wrapper(...), anchorHoriz='center', anchorVert='center', antialias=True, autoDraw=False, autoLog=True, bold=False, color=array([-1, -1, -1]), colorSpace='rgb', contrast=1.0, depth=-4.0, flipHoriz=False, flipVert=False, font='Noto Sans KR', fontFiles=[], height=0.04, italic=False, languageStyle='LTR', name='wth_self_txt', opacity=1.0, ori=0.0, pos=array([ 0.5 , -0.02]), rgb=UNKNOWN, text='단어가 자신과 관련이 있는 정도', units='height', win=Window(...), wrapWidth=1)
17.0839 	EXP 	window1: mouseVisible = True
17.1046 	EXP 	Created wth_self_rating = Slider(__class__=<class 'psychopy.visual.slider.Slider'>, autoDraw=False, autoLog=True, borderColor=None, color=None, colorSpace='rgb', depth=-5, fillColor=None, flip=False, font='Noto Sans KR', granularity=0.0, labelColor=None, labelHeight=0.03, labelWrapWidth=None, labels=('전혀 나와 관련 없음', '나와 관련 매우 많음'), lineColor=None, markerColor=None, name='wth_self_rating', opacity=None, ori=0.0, pos=array([ 0.5, -0.1]), readOnly=False, self=UNKNOWN, size=array([0.45, 0.05]), startValue=None, style='rating', styleTweaks=[], ticks=array([0, 1]), units='height', win=Window(...))
17.1098 	EXP 	window1: mouseVisible = True
17.1314 	EXP 	Created exp_end_text = TextStim(__class__=<class 'psychopy.visual.text.TextStim'>, alignHoriz=method-wrapper(...), alignText='center', alignVert=method-wrapper(...), anchorHoriz='center', anchorVert='center', antialias=True, autoDraw=False, autoLog=True, bold=False, color=array([-1, -1, -1]), colorSpace='rgb', contrast=1.0, depth=0.0, flipHoriz=False, flipVert=False, font='Noto Sans KR', fontFiles=[], height=0.04, italic=False, languageStyle='LTR', name='exp_end_text', opacity=1.0, ori=0.0, pos=array([0., 0.]), rgb=UNKNOWN, text=str(...), units='height', win=Window(...), wrapWidth=1)
17.1625 	EXP 	wth_movie: autoLog = True
17.1625 	EXP 	wth_movie: movie = 'ins/weather_intro.mp4'
17.1625 	EXP 	wth_movie: ori = 0.0
17.1625 	EXP 	wth_valence_rating_2: autoLog = True
17.1625 	EXP 	wth_valence_rating_2: markerPos = None
17.1625 	EXP 	wth_valence_rating_2: styleTweaks = []
17.1625 	EXP 	wth_valence_rating_2: styleTweaks = []
17.1625 	EXP 	wth_valence_rating_2: styleTweaks = []
17.1625 	EXP 	wth_valence_rating_2: styleTweaks = []
17.1625 	EXP 	wth_valence_rating_2: contrast = 1.0
17.1625 	EXP 	wth_valence_rating_2: autoLog = True
17.1625 	EXP 	wth_self_rating_2: autoLog = True
17.1625 	EXP 	wth_self_rating_2: markerPos = None
17.1625 	EXP 	wth_self_rating_2: styleTweaks = []
17.1625 	EXP 	wth_self_rating_2: styleTweaks = []
17.1625 	EXP 	wth_self_rating_2: styleTweaks = []
17.1625 	EXP 	wth_self_rating_2: styleTweaks = []
17.1625 	EXP 	wth_self_rating_2: contrast = 1.0
17.1625 	EXP 	wth_self_rating_2: autoLog = True
17.1625 	EXP 	wth_valence_rating: autoLog = True
17.1625 	EXP 	wth_valence_rating: markerPos = None
17.1625 	EXP 	wth_valence_rating: styleTweaks = []
17.1625 	EXP 	wth_valence_rating: styleTweaks = []
17.1625 	EXP 	wth_valence_rating: styleTweaks = []
17.1625 	EXP 	wth_valence_rating: styleTweaks = []
17.1625 	EXP 	wth_valence_rating: contrast = 1.0
17.1625 	EXP 	wth_valence_rating: autoLog = True
17.1625 	EXP 	wth_self_rating: autoLog = True
17.1625 	EXP 	wth_self_rating: markerPos = None
17.1625 	EXP 	wth_self_rating: styleTweaks = []
17.1625 	EXP 	wth_self_rating: styleTweaks = []
17.1625 	EXP 	wth_self_rating: styleTweaks = []
17.1625 	EXP 	wth_self_rating: styleTweaks = []
17.1625 	EXP 	wth_self_rating: contrast = 1.0
17.1625 	EXP 	wth_self_rating: autoLog = True
17.1625 	EXP 	wth_inst_image: autoDraw = True
18.3801 	EXP 	Created sequence: random, trialTypes=1, nReps=1, seed=None
18.3802 	EXP 	New trial (rep=0, index=0): None
18.3810 	DATA 	Keypress: space
18.3948 	EXP 	wth_inst_image: autoDraw = False
20.3959 	EXP 	wth_movie: autoDraw = True
20.3959 	EXP 	text: autoDraw = True
21.1297 	EXP 	Created sequence: sequential, trialTypes=1, nReps=99, seed=None
21.1300 	EXP 	New trial (rep=0, index=0): None
21.1970 	DATA 	Keypress: space
21.2123 	EXP 	wth_movie: autoDraw = False
21.2123 	EXP 	text: autoDraw = False
21.2123 	EXP 	wth_background_inst: autoDraw = True
22.1296 	EXP 	wth_text: autoDraw = True
24.1294 	EXP 	wth_text: autoDraw = False
26.1968 	EXP 	window1: mouseVisible = False
26.2452 	EXP 	wth_background_inst: autoDraw = False
26.2452 	EXP 	wth_background_inst: autoDraw = False
26.2452 	EXP 	wth_text: autoDraw = False
26.2452 	EXP 	wth_background_6: autoDraw = True
26.2452 	EXP 	wth_think_instr_2: autoDraw = True
26.2452 	EXP 	wth_think_cross_2: autoDraw = True
31.2331 	EXP 	window1: mouseVisible = True
31.2333 	EXP 	window1: mouseVisible = True
31.2608 	EXP 	wth_background_6: autoDraw = False
31.2608 	EXP 	wth_think_instr_2: autoDraw = False
31.2608 	EXP 	wth_think_cross_2: autoDraw = False
31.2608 	EXP 	wth_background_6: autoDraw = False
31.2608 	EXP 	wth_think_instr_2: autoDraw = False
31.2608 	EXP 	wth_think_cross_2: autoDraw = False
31.2608 	EXP 	image_2: autoDraw = True
31.2608 	EXP 	wth_word_instr_4: autoDraw = True
34.7914 	EXP 	image_2: autoDraw = False
34.7914 	EXP 	wth_word_instr_4: autoDraw = False
34.7914 	EXP 	wth_word_typed_2: text = ''
34.7914 	EXP 	wth_valence_rating_2: markerPos = None
34.7914 	EXP 	wth_valence_rating_2: markerPos = None
34.7914 	EXP 	wth_self_rating_2: markerPos = None
34.7914 	EXP 	wth_self_rating_2: markerPos = None
34.7914 	EXP 	wth_background_7: autoDraw = True
34.7914 	EXP 	wth_word_typed_2: autoDraw = True
34.7914 	EXP 	wth_valence_rating_2: autoDraw = True
34.7914 	EXP 	wth_valence_txt_2: autoDraw = True
34.7914 	EXP 	wth_self_txt_2: autoDraw = True
34.7914 	EXP 	wth_self_rating_2: autoDraw = True
34.7914 	EXP 	wth_word_typed_2: height = 0.07
34.7914 	EXP 	wth_word_typed_2: height = 0.07
34.7914 	EXP 	wth_word_typed_2: height = 0.07
34.7914 	EXP 	wth_word_typed_2: text = ''
35.7941 	DATA 	Mouse: Left button down, pos=(541,440)
35.8092 	EXP 	wth_valence_rating_2: markerPos = 0.4979423868312758
35.8262 	EXP 	wth_valence_rating_2: markerPos = 0.4979423868312758
35.8421 	EXP 	wth_valence_rating_2: markerPos = 0.4979423868312758
35.8749 	EXP 	wth_valence_rating_2: markerPos = 0.4979423868312758
35.8923 	EXP 	wth_valence_rating_2: markerPos = 0.4979423868312758
35.8939 	DATA 	Mouse:  Left button up, pos=(541,440)
35.9090 	EXP 	wth_valence_rating_2: markerPos = 0.4979423868312758
36.7487 	DATA 	Mouse: Left button down, pos=(1481,422)
36.7590 	EXP 	wth_self_rating_2: markerPos = 0.4609053497942387
36.7757 	EXP 	wth_self_rating_2: markerPos = 0.4609053497942387
36.7921 	EXP 	wth_self_rating_2: markerPos = 0.4609053497942387
36.8090 	EXP 	wth_self_rating_2: markerPos = 0.4609053497942387
36.8257 	EXP 	wth_self_rating_2: markerPos = 0.4609053497942387
36.8422 	EXP 	wth_self_rating_2: markerPos = 0.4609053497942387
36.8590 	EXP 	wth_self_rating_2: markerPos = 0.4609053497942387
36.8758 	EXP 	wth_self_rating_2: markerPos = 0.4609053497942387
36.8777 	DATA 	Mouse:  Left button up, pos=(1481,422)
36.8923 	EXP 	wth_self_rating_2: markerPos = 0.4609053497942387
37.6506 	DATA 	Mouse: Left button down, pos=(992,63)
37.8259 	DATA 	Mouse:  Left button up, pos=(992,63)
38.0430 	DATA 	Mouse: Left button down, pos=(994,66)
38.0768 	EXP 	wth_background_7: autoDraw = False
38.0768 	EXP 	wth_word_typed_2: autoDraw = False
38.0768 	EXP 	wth_valence_rating_2: autoDraw = False
38.0768 	EXP 	wth_valence_txt_2: autoDraw = False
38.0768 	EXP 	wth_self_txt_2: autoDraw = False
38.0768 	EXP 	wth_self_rating_2: autoDraw = False
38.0768 	EXP 	wth_image_2: autoDraw = True
38.0768 	EXP 	wth_text_4: autoDraw = True
38.1790 	DATA 	Mouse:  Left button up, pos=(994,66)
51.1337 	DATA 	Keypress: space
51.1340 	DATA 	Keypress: n
51.1417 	EXP 	wth_image_2: autoDraw = False
51.1417 	EXP 	wth_text_4: autoDraw = False
51.1417 	EXP 	wth_background_inst_2: autoDraw = True
51.1417 	EXP 	wth_text_2: autoDraw = True
52.0830 	DATA 	Keypress: space
52.0917 	EXP 	wth_background_inst_2: autoDraw = False
52.0917 	EXP 	wth_text_2: autoDraw = False
52.0917 	EXP 	image_3: autoDraw = True
53.0754 	EXP 	text_2: autoDraw = True
55.0752 	EXP 	text_2: autoDraw = False
56.0755 	EXP 	Created sequence: sequential, trialTypes=1, nReps=4, seed=None
56.0757 	EXP 	New trial (rep=0, index=0): None
56.0759 	EXP 	window1: mouseVisible = False
56.1076 	EXP 	image_3: autoDraw = False
56.1076 	EXP 	text_2: autoDraw = False
56.1076 	EXP 	wth_background: autoDraw = True
56.1076 	EXP 	wth_think_instr: autoDraw = True
56.1076 	EXP 	wth_think_cross: autoDraw = True
61.0919 	EXP 	window1: mouseVisible = True
61.1386 	EXP 	wth_background: autoDraw = False
61.1386 	EXP 	wth_think_instr: autoDraw = False
61.1386 	EXP 	wth_think_cross: autoDraw = False
61.1386 	EXP 	wth_background: autoDraw = False
61.1386 	EXP 	wth_think_instr: autoDraw = False
61.1386 	EXP 	wth_think_cross: autoDraw = False
61.1386 	EXP 	wth_word_instr: font = 'Noto Sans KR'
61.1386 	EXP 	wth_background_2: autoDraw = True
61.1386 	EXP 	wth_word_instr: autoDraw = True
61.1386 	EXP 	wth_word_instr: height = 0.07
61.1386 	EXP 	wth_word_instr: height = 0.07
61.1386 	EXP 	wth_word_instr: height = 0.07
61.1386 	EXP 	wth_word_instr: text = '지금 무슨 생각을 하고 있는지\n단어나 구로 입력해주세요.'
70.2872 	EXP 	wth_background_2: autoDraw = False
70.2872 	EXP 	wth_word_instr: autoDraw = False
70.2872 	EXP 	wth_word_typed: height = 0.1
70.2872 	EXP 	wth_word_typed: height = 0.1
70.2872 	EXP 	wth_word_typed: height = 0.1
70.2872 	EXP 	wth_word_typed: text = ' ljlj\n'
70.2872 	EXP 	wth_valence_rating: markerPos = None
70.2872 	EXP 	wth_valence_rating: markerPos = None
70.2872 	EXP 	wth_self_rating: markerPos = None
70.2872 	EXP 	wth_self_rating: markerPos = None
70.2872 	EXP 	wth_background_3: autoDraw = True
70.2872 	EXP 	wth_word_typed: autoDraw = True
70.2872 	EXP 	wth_valence_rating: autoDraw = True
70.2872 	EXP 	wth_valence_txt: autoDraw = True
70.2872 	EXP 	wth_self_txt: autoDraw = True
70.2872 	EXP 	wth_self_rating: autoDraw = True
71.2231 	DATA 	Mouse: Left button down, pos=(562,451)
71.2380 	EXP 	wth_valence_rating: markerPos = 0.5843621399176955
71.2546 	EXP 	wth_valence_rating: markerPos = 0.5843621399176955
71.2711 	EXP 	wth_valence_rating: markerPos = 0.5843621399176955
71.2879 	EXP 	wth_valence_rating: markerPos = 0.5843621399176955
71.3046 	EXP 	wth_valence_rating: markerPos = 0.5843621399176955
71.3369 	EXP 	wth_valence_rating: markerPos = 0.5843621399176955
71.3384 	DATA 	Mouse:  Left button up, pos=(562,451)
71.3594 	EXP 	wth_valence_rating: markerPos = 0.5843621399176955
71.6976 	DATA 	Keypress: s
71.8405 	DATA 	Keypress: d
72.0275 	DATA 	Keypress: f
72.3462 	DATA 	Mouse: Left button down, pos=(1422,442)
72.3710 	EXP 	wth_self_rating: markerPos = 0.3395061728395062
72.3878 	EXP 	wth_self_rating: markerPos = 0.3395061728395062
72.4044 	EXP 	wth_self_rating: markerPos = 0.3395061728395062
72.4210 	EXP 	wth_self_rating: markerPos = 0.3395061728395062
72.4375 	EXP 	wth_self_rating: markerPos = 0.3395061728395062
72.4544 	EXP 	wth_self_rating: markerPos = 0.3395061728395062
72.4710 	EXP 	wth_self_rating: markerPos = 0.3395061728395062
72.4877 	EXP 	wth_self_rating: markerPos = 0.3395061728395062
72.5044 	EXP 	wth_self_rating: markerPos = 0.3395061728395062
72.5210 	EXP 	wth_self_rating: markerPos = 0.3395061728395062
72.5225 	DATA 	Mouse:  Left button up, pos=(1422,442)
72.5375 	EXP 	wth_self_rating: markerPos = 0.3395061728395062
73.6543 	DATA 	Mouse: Left button down, pos=(928,105)
73.6562 	EXP 	New trial (rep=1, index=0): None
73.6564 	EXP 	window1: mouseVisible = False
73.6729 	EXP 	wth_background_3: autoDraw = False
73.6729 	EXP 	wth_word_typed: autoDraw = False
73.6729 	EXP 	wth_valence_rating: autoDraw = False
73.6729 	EXP 	wth_valence_txt: autoDraw = False
73.6729 	EXP 	wth_self_txt: autoDraw = False
73.6729 	EXP 	wth_self_rating: autoDraw = False
73.6729 	EXP 	wth_background: autoDraw = True
73.6729 	EXP 	wth_think_instr: autoDraw = True
73.6729 	EXP 	wth_think_cross: autoDraw = True
73.7415 	DATA 	Mouse:  Left button up, pos=(928,105)
74.5586 	DATA 	Keypress: space
78.6563 	EXP 	window1: mouseVisible = True
78.6722 	EXP 	wth_background: autoDraw = False
78.6722 	EXP 	wth_think_instr: autoDraw = False
78.6722 	EXP 	wth_think_cross: autoDraw = False
78.6722 	EXP 	wth_background: autoDraw = False
78.6722 	EXP 	wth_think_instr: autoDraw = False
78.6722 	EXP 	wth_think_cross: autoDraw = False
78.6722 	EXP 	wth_word_instr: font = 'Noto Sans KR'
78.6722 	EXP 	wth_background_2: autoDraw = True
78.6722 	EXP 	wth_word_instr: autoDraw = True
78.6722 	EXP 	wth_word_instr: height = 0.07
78.6722 	EXP 	wth_word_instr: height = 0.07
78.6722 	EXP 	wth_word_instr: height = 0.07
78.6722 	EXP 	wth_word_instr: text = '지금 무슨 생각을 하고 있는지\n단어나 구로 입력해주세요.'
79.3577 	DATA 	Mouse: Left button down, pos=(853,582)
79.5072 	DATA 	Mouse:  Left button up, pos=(853,582)
81.5695 	EXP 	wth_background_2: autoDraw = False
81.5695 	EXP 	wth_word_instr: autoDraw = False
81.5695 	EXP 	wth_word_typed: height = 0.1
81.5695 	EXP 	wth_word_typed: height = 0.1
81.5695 	EXP 	wth_word_typed: height = 0.1
81.5695 	EXP 	wth_word_typed: text = 'dsfasdf'
81.5695 	EXP 	wth_valence_rating: markerPos = None
81.5695 	EXP 	wth_valence_rating: markerPos = None
81.5695 	EXP 	wth_self_rating: markerPos = None
81.5695 	EXP 	wth_self_rating: markerPos = None
81.5695 	EXP 	wth_background_3: autoDraw = True
81.5695 	EXP 	wth_word_typed: autoDraw = True
81.5695 	EXP 	wth_valence_rating: autoDraw = True
81.5695 	EXP 	wth_valence_txt: autoDraw = True
81.5695 	EXP 	wth_self_txt: autoDraw = True
81.5695 	EXP 	wth_self_rating: autoDraw = True
82.3220 	DATA 	Mouse: Left button down, pos=(595,435)
82.3362 	EXP 	wth_valence_rating: markerPos = 0.7201646090534979
82.3532 	EXP 	wth_valence_rating: markerPos = 0.7201646090534979
82.3698 	EXP 	wth_valence_rating: markerPos = 0.7201646090534979
82.3865 	EXP 	wth_valence_rating: markerPos = 0.7201646090534979
82.4032 	EXP 	wth_valence_rating: markerPos = 0.7201646090534979
82.4198 	EXP 	wth_valence_rating: markerPos = 0.7201646090534979
82.4362 	EXP 	wth_valence_rating: markerPos = 0.7201646090534979
82.4531 	EXP 	wth_valence_rating: markerPos = 0.7201646090534979
82.4550 	DATA 	Mouse:  Left button up, pos=(595,435)
82.4696 	EXP 	wth_valence_rating: markerPos = 0.7201646090534979
82.8388 	DATA 	Keypress: s
83.3380 	DATA 	Mouse: Left button down, pos=(1312,439)
83.3529 	EXP 	wth_self_rating: markerPos = 0.11316872427983538
83.3694 	EXP 	wth_self_rating: markerPos = 0.11316872427983538
83.3862 	EXP 	wth_self_rating: markerPos = 0.11316872427983538
83.4029 	EXP 	wth_self_rating: markerPos = 0.11316872427983538
83.4194 	EXP 	wth_self_rating: markerPos = 0.11316872427983538
83.4362 	EXP 	wth_self_rating: markerPos = 0.11316872427983538
83.4529 	EXP 	wth_self_rating: markerPos = 0.11316872427983538
83.4694 	EXP 	wth_self_rating: markerPos = 0.11316872427983538
83.4862 	EXP 	wth_self_rating: markerPos = 0.11316872427983538
83.5189 	EXP 	wth_self_rating: markerPos = 0.11316872427983538
83.5211 	DATA 	Mouse:  Left button up, pos=(1312,439)
83.5520 	EXP 	wth_self_rating: markerPos = 0.11316872427983538
83.5700 	DATA 	Keypress: d
83.6701 	DATA 	Keypress: f
84.7070 	DATA 	Mouse: Left button down, pos=(897,84)
84.7373 	EXP 	New trial (rep=2, index=0): None
84.7374 	EXP 	window1: mouseVisible = False
84.7549 	EXP 	wth_background_3: autoDraw = False
84.7549 	EXP 	wth_word_typed: autoDraw = False
84.7549 	EXP 	wth_valence_rating: autoDraw = False
84.7549 	EXP 	wth_valence_txt: autoDraw = False
84.7549 	EXP 	wth_self_txt: autoDraw = False
84.7549 	EXP 	wth_self_rating: autoDraw = False
84.7549 	EXP 	wth_background: autoDraw = True
84.7549 	EXP 	wth_think_instr: autoDraw = True
84.7549 	EXP 	wth_think_cross: autoDraw = True
84.8227 	DATA 	Mouse:  Left button up, pos=(897,84)
89.7388 	EXP 	window1: mouseVisible = True
89.7541 	EXP 	wth_background: autoDraw = False
89.7541 	EXP 	wth_think_instr: autoDraw = False
89.7541 	EXP 	wth_think_cross: autoDraw = False
89.7541 	EXP 	wth_background: autoDraw = False
89.7541 	EXP 	wth_think_instr: autoDraw = False
89.7541 	EXP 	wth_think_cross: autoDraw = False
89.7541 	EXP 	wth_word_instr: font = 'Noto Sans KR'
89.7541 	EXP 	wth_background_2: autoDraw = True
89.7541 	EXP 	wth_word_instr: autoDraw = True
89.7541 	EXP 	wth_word_instr: height = 0.07
89.7541 	EXP 	wth_word_instr: height = 0.07
89.7541 	EXP 	wth_word_instr: height = 0.07
89.7541 	EXP 	wth_word_instr: text = '지금 무슨 생각을 하고 있는지\n단어나 구로 입력해주세요.'
95.8842 	EXP 	wth_background_2: autoDraw = False
95.8842 	EXP 	wth_word_instr: autoDraw = False
95.8842 	EXP 	wth_word_typed: text = 'dsfasdf'
95.8842 	EXP 	wth_valence_rating: markerPos = None
95.8842 	EXP 	wth_valence_rating: markerPos = None
95.8842 	EXP 	wth_self_rating: markerPos = None
95.8842 	EXP 	wth_self_rating: markerPos = None
95.8842 	EXP 	wth_background_3: autoDraw = True
95.8842 	EXP 	wth_word_typed: autoDraw = True
95.8842 	EXP 	wth_valence_rating: autoDraw = True
95.8842 	EXP 	wth_valence_txt: autoDraw = True
95.8842 	EXP 	wth_self_txt: autoDraw = True
95.8842 	EXP 	wth_self_rating: autoDraw = True
97.4745 	DATA 	Mouse: Left button down, pos=(448,442)
97.5174 	EXP 	wth_valence_rating: markerPos = 0.11522633744855959
97.5341 	EXP 	wth_valence_rating: markerPos = 0.11522633744855959
97.5510 	EXP 	wth_valence_rating: markerPos = 0.11522633744855959
97.5675 	EXP 	wth_valence_rating: markerPos = 0.11522633744855959
97.5845 	EXP 	wth_valence_rating: markerPos = 0.11522633744855959
97.6011 	EXP 	wth_valence_rating: markerPos = 0.11522633744855959
97.6081 	DATA 	Mouse:  Left button up, pos=(448,442)
97.6178 	EXP 	wth_valence_rating: markerPos = 0.11522633744855959
97.6343 	EXP 	wth_valence_rating: markerPos = 0.11522633744855959
98.7023 	DATA 	Mouse: Left button down, pos=(1650,431)
98.7175 	EXP 	wth_self_rating: markerPos = 0.808641975308642
98.7342 	EXP 	wth_self_rating: markerPos = 0.808641975308642
98.7510 	EXP 	wth_self_rating: markerPos = 0.808641975308642
98.7675 	EXP 	wth_self_rating: markerPos = 0.808641975308642
98.7839 	EXP 	wth_self_rating: markerPos = 0.808641975308642
98.8008 	EXP 	wth_self_rating: markerPos = 0.808641975308642
98.8176 	EXP 	wth_self_rating: markerPos = 0.808641975308642
98.8344 	EXP 	wth_self_rating: markerPos = 0.808641975308642
98.8509 	EXP 	wth_self_rating: markerPos = 0.808641975308642
98.8676 	EXP 	wth_self_rating: markerPos = 0.808641975308642
98.8843 	EXP 	wth_self_rating: markerPos = 0.808641975308642
98.8863 	DATA 	Mouse:  Left button up, pos=(1650,431)
98.9009 	EXP 	wth_self_rating: markerPos = 0.808641975308642
101.2526 	DATA 	Mouse: Left button down, pos=(956,86)
101.2543 	EXP 	New trial (rep=3, index=0): None
101.2545 	EXP 	window1: mouseVisible = False
101.2693 	EXP 	wth_background_3: autoDraw = False
101.2693 	EXP 	wth_word_typed: autoDraw = False
101.2693 	EXP 	wth_valence_rating: autoDraw = False
101.2693 	EXP 	wth_valence_txt: autoDraw = False
101.2693 	EXP 	wth_self_txt: autoDraw = False
101.2693 	EXP 	wth_self_rating: autoDraw = False
101.2693 	EXP 	wth_background: autoDraw = True
101.2693 	EXP 	wth_think_instr: autoDraw = True
101.2693 	EXP 	wth_think_cross: autoDraw = True
101.3878 	DATA 	Mouse:  Left button up, pos=(956,86)
106.2528 	EXP 	window1: mouseVisible = True
106.2684 	EXP 	wth_background: autoDraw = False
106.2684 	EXP 	wth_think_instr: autoDraw = False
106.2684 	EXP 	wth_think_cross: autoDraw = False
106.2684 	EXP 	wth_background: autoDraw = False
106.2684 	EXP 	wth_think_instr: autoDraw = False
106.2684 	EXP 	wth_think_cross: autoDraw = False
106.2684 	EXP 	wth_word_instr: font = 'Noto Sans KR'
106.2684 	EXP 	wth_background_2: autoDraw = True
106.2684 	EXP 	wth_word_instr: autoDraw = True
106.2684 	EXP 	wth_word_instr: height = 0.07
106.2684 	EXP 	wth_word_instr: height = 0.07
106.2684 	EXP 	wth_word_instr: height = 0.07
106.2684 	EXP 	wth_word_instr: text = '지금 무슨 생각을 하고 있는지\n단어나 구로 입력해주세요.'
625.4914 	EXP 	wth_background_2: autoDraw = False
625.4914 	EXP 	wth_word_instr: autoDraw = False
625.4914 	EXP 	wth_word_typed: height = 0.1
625.4914 	EXP 	wth_word_typed: height = 0.1
625.4914 	EXP 	wth_word_typed: height = 0.1
625.4914 	EXP 	wth_word_typed: text = 'ffsdfdsjk'
625.4914 	EXP 	wth_valence_rating: markerPos = None
625.4914 	EXP 	wth_valence_rating: markerPos = None
625.4914 	EXP 	wth_self_rating: markerPos = None
625.4914 	EXP 	wth_self_rating: markerPos = None
625.4914 	EXP 	wth_background_3: autoDraw = True
625.4914 	EXP 	wth_word_typed: autoDraw = True
625.4914 	EXP 	wth_valence_rating: autoDraw = True
625.4914 	EXP 	wth_valence_txt: autoDraw = True
625.4914 	EXP 	wth_self_txt: autoDraw = True
625.4914 	EXP 	wth_self_rating: autoDraw = True
626.3666 	DATA 	Mouse: Left button down, pos=(561,425)
626.3816 	EXP 	wth_valence_rating: markerPos = 0.5802469135802468
626.3983 	EXP 	wth_valence_rating: markerPos = 0.5802469135802468
626.4152 	EXP 	wth_valence_rating: markerPos = 0.5802469135802468
626.4317 	EXP 	wth_valence_rating: markerPos = 0.5802469135802468
626.4642 	EXP 	wth_valence_rating: markerPos = 0.5802469135802468
626.4819 	EXP 	wth_valence_rating: markerPos = 0.5802469135802468
626.4832 	DATA 	Mouse:  Left button up, pos=(561,425)
626.4980 	EXP 	wth_valence_rating: markerPos = 0.5802469135802468
627.0895 	DATA 	Mouse: Left button down, pos=(1403,437)
627.0981 	EXP 	wth_self_rating: markerPos = 0.3004115226337448
627.1148 	EXP 	wth_self_rating: markerPos = 0.3004115226337448
627.1315 	EXP 	wth_self_rating: markerPos = 0.3004115226337448
627.1481 	EXP 	wth_self_rating: markerPos = 0.3004115226337448
627.1648 	EXP 	wth_self_rating: markerPos = 0.3004115226337448
627.1976 	EXP 	wth_self_rating: markerPos = 0.3004115226337448
627.1994 	DATA 	Mouse:  Left button up, pos=(1403,437)
627.2147 	EXP 	wth_self_rating: markerPos = 0.3004115226337448
628.1587 	DATA 	Mouse: Left button down, pos=(996,93)
628.1813 	EXP 	wth_background_3: autoDraw = False
628.1813 	EXP 	wth_word_typed: autoDraw = False
628.1813 	EXP 	wth_valence_rating: autoDraw = False
628.1813 	EXP 	wth_valence_txt: autoDraw = False
628.1813 	EXP 	wth_self_txt: autoDraw = False
628.1813 	EXP 	wth_self_rating: autoDraw = False
628.1813 	EXP 	exp_end_text: autoDraw = True
628.2662 	DATA 	Mouse:  Left button up, pos=(996,93)
628.9336 	DATA 	Mouse: Left button down, pos=(996,93)
629.1496 	DATA 	Mouse:  Left button up, pos=(996,93)
629.1659 	DATA 	Keypress: space
629.1811 	EXP 	exp_end_text: autoDraw = False
629.2499 	EXP 	window1: mouseVisible = True
