2.2703 	WARNING 	We strongly recommend you activate the PTB sound engine in PsychoPy prefs as the preferred audio engine. Its timing is vastly superior. Your prefs are currently set to use ['sounddevice', 'PTB', 'pyo', 'pygame'] (in that order).
6.6895 	EXP 	Created window1 = Window(allowGUI=True, allowStencil=False, autoLog=True, backendConf=UNKNOWN, bitsMode=UNKNOWN, blendMode='avg', bpc=(8, 8, 8), color=array([0., 0., 0.]), colorSpace='hsv', depthBits=8, fullscr=<method-wrapper '__getattribute__' of attributeSetter object at 0x00000280574F1D30>, gamma=None, gammaErrorPolicy='raise', lms=UNKNOWN, monitor=<psychopy.monitors.calibTools.Monitor object at 0x000002805850B250>, multiSample=False, name='window1', numSamples=2, pos=(0, 0), screen=0, size=array([1920, 1080]), stencilBits=0, stereo=False, units='height', useFBO=True, useRetina=False, viewOri=0.0, viewPos=None, viewScale=None, waitBlanking=True, winType='pyglet')
6.6896 	EXP 	window1: mouseVisible = True
6.6896 	EXP 	window1: mouseVisible = True
6.6896 	EXP 	window1: Attempting to measure frame rate of screen (0) ...
6.6896 	EXP 	window1: recordFrameIntervals = False
6.8556 	EXP 	window1: recordFrameIntervals = True
7.0385 	EXP 	Screen (0) actual frame rate measured at 59.94Hz
7.0385 	EXP 	window1: recordFrameIntervals = False
7.0656 	WARNING 	launchHubServer: If using the iohub mouse or eyetracker devices, fullScr should be True.
8.7080 	EXP 	Created image = ImageStim(__class__=<class 'psychopy.visual.image.ImageStim'>, anchor=('center', 'center'), autoLog=True, color=array([1, 1, 1]), colorSpace='rgb', contrast=1.0, depth=0.0, flipHoriz=False, flipVert=False, image='fis_artwork/general_instruction.png', interpolate=True, mask=None, maskParams=None, name='image', opacity=1.0, ori=0.0, pos=array([0., 0.]), size=array([1920., 1080.]), texRes=128.0, units='pix', win=Window(...))
8.8353 	EXP 	Created wth_movie = MovieStim3(__class__=<class 'psychopy.visual.movie3.MovieStim3'>, anchor=('center', 'center'), autoLog=True, color=UNKNOWN, colorSpace=UNKNOWN, depth=0.0, filename='ins/weather_intro.mp4', flipHoriz=False, flipVert=False, fps=UNKNOWN, interpolate=True, loop=False, name='wth_movie', noAudio=False, opacity=1, ori=method-wrapper(...), pos=array([0., 0.]), size=None, units='pix', vframe_callback=UNKNOWN, volume=UNKNOWN, win=Window(...))
11.0000 	WARNING 	2.1646394999997938: Video catchup needed, advancing self._nextFrameT from 0.0 to 0.041666666666666664
11.0000 	WARNING 	2.164663699999892: Video catchup needed, advancing self._nextFrameT from 0.041666666666666664 to 0.08333333333333333
11.0000 	WARNING 	2.164673700000094: Video catchup needed, advancing self._nextFrameT from 0.08333333333333333 to 0.125
11.0000 	WARNING 	2.164682499999799: Video catchup needed, advancing self._nextFrameT from 0.125 to 0.16666666666666666
11.0000 	WARNING 	2.1646910999998: Video catchup needed, advancing self._nextFrameT from 0.16666666666666666 to 0.20833333333333331
11.0000 	WARNING 	2.1647000999996635: Video catchup needed, advancing self._nextFrameT from 0.20833333333333331 to 0.24999999999999997
11.0001 	WARNING 	2.164708899999823: Video catchup needed, advancing self._nextFrameT from 0.24999999999999997 to 0.29166666666666663
11.0001 	WARNING 	2.164717599999676: Video catchup needed, advancing self._nextFrameT from 0.29166666666666663 to 0.3333333333333333
11.0001 	WARNING 	2.164726199999677: Video catchup needed, advancing self._nextFrameT from 0.3333333333333333 to 0.375
11.0001 	WARNING 	2.1647345999999743: Video catchup needed, advancing self._nextFrameT from 0.375 to 0.4166666666666667
11.0001 	WARNING 	Max reportNDroppedFrames reached, will not log any more dropped frames
11.2600 	EXP 	Created text = TextStim(__class__=<class 'psychopy.visual.text.TextStim'>, alignHoriz=method-wrapper(...), alignText='center', alignVert=method-wrapper(...), anchorHoriz='center', anchorVert='center', antialias=True, autoDraw=False, autoLog=True, bold=False, color=array([-1, -1, -1]), colorSpace='rgb', contrast=1.0, depth=-1.0, flipHoriz=False, flipVert=False, font='Noto Sans KR', fontFiles=[], height=0.05, italic=False, languageStyle='LTR', name='text', opacity=1.0, ori=0.0, pos=array([ 0. , -0.4]), rgb=UNKNOWN, text='스페이스로 넘어가세요', units='height', win=Window(...), wrapWidth=1)
11.8413 	EXP 	Created wth_background_inst = ImageStim(__class__=<class 'psychopy.visual.image.ImageStim'>, anchor=('center', 'center'), autoLog=True, color=array([1, 1, 1]), colorSpace='rgb', contrast=1.0, depth=0.0, flipHoriz=False, flipVert=False, image=str(...), interpolate=True, mask=None, maskParams=None, name='wth_background_inst', opacity=1.0, ori=0.0, pos=array([0., 0.]), size=array([1920., 1080.]), texRes=128.0, units='pix', win=Window(...))
11.8646 	EXP 	Created wth_text = TextStim(__class__=<class 'psychopy.visual.text.TextStim'>, alignHoriz=method-wrapper(...), alignText='center', alignVert=method-wrapper(...), anchorHoriz='center', anchorVert='center', antialias=True, autoDraw=False, autoLog=True, bold=False, color=array([-1, -1, -1]), colorSpace='rgb', contrast=1.0, depth=-1.0, flipHoriz=False, flipVert=False, font='Noto Sans KR', fontFiles=[], height=0.07, italic=False, languageStyle='LTR', name='wth_text', opacity=1.0, ori=0.0, pos=array([0., 0.]), rgb=UNKNOWN, text='단어연상 연습이 시작됩니다.', units='height', win=Window(...), wrapWidth=1)
12.4880 	EXP 	Created wth_background_6 = ImageStim(__class__=<class 'psychopy.visual.image.ImageStim'>, anchor=('center', 'center'), autoLog=True, color=array([1, 1, 1]), colorSpace='rgb', contrast=1.0, depth=0.0, flipHoriz=False, flipVert=False, image=str(...), interpolate=True, mask=None, maskParams=None, name='wth_background_6', opacity=1.0, ori=0.0, pos=array([0., 0.]), size=array([1920., 1080.]), texRes=128.0, units='pix', win=Window(...))
12.5004 	EXP 	Created wth_think_instr_2 = TextStim(__class__=<class 'psychopy.visual.text.TextStim'>, alignHoriz=method-wrapper(...), alignText='center', alignVert=method-wrapper(...), anchorHoriz='center', anchorVert='center', antialias=True, autoDraw=False, autoLog=True, bold=False, color=array([-1, -1, -1]), colorSpace='rgb', contrast=1.0, depth=-2.0, flipHoriz=False, flipVert=False, font='Noto Sans KR', fontFiles=[], height=0.07, italic=False, languageStyle='LTR', name='wth_think_instr_2', opacity=1.0, ori=0.0, pos=array([0. , 0.3]), rgb=UNKNOWN, text='자유롭게 생각하세요.', units='height', win=Window(...), wrapWidth=1)
12.5140 	EXP 	Created wth_think_cross_2 = ShapeStim(__class__=<class 'psychopy.visual.shape.ShapeStim'>, anchor=('center', 'center'), autoDraw=False, autoLog=True, closeShape=True, color=method-wrapper(...), colorSpace='rgb', contrast=None, depth=-3.0, fillColor=array([-1, -1, -1]), fillColorSpace='rgb', fillRGB=array([-1, -1, -1]), interpolate=True, lineColor=array([-1, -1, -1]), lineColorSpace='rgb', lineRGB=array([-1, -1, -1]), lineWidth=0.1, name='wth_think_cross_2', opacity=1.0, ori=0.0, pos=array([0., 0.]), size=array([0.07, 0.07]), units='height', vertices=ndarray(...), win=Window(...), windingRule=None)
13.1495 	EXP 	Created image_2 = ImageStim(__class__=<class 'psychopy.visual.image.ImageStim'>, anchor=('center', 'center'), autoLog=True, color=array([1, 1, 1]), colorSpace='rgb', contrast=1.0, depth=0.0, flipHoriz=False, flipVert=False, image=str(...), interpolate=True, mask=None, maskParams=None, name='image_2', opacity=1.0, ori=0.0, pos=array([0., 0.]), size=array([1920., 1080.]), texRes=128.0, units='pix', win=Window(...))
13.2712 	EXP 	Created wth_word_instr_4 = TextStim(__class__=<class 'psychopy.visual.text.TextStim'>, alignHoriz=method-wrapper(...), alignText='center', alignVert=method-wrapper(...), anchorHoriz='center', anchorVert='center', antialias=True, autoDraw=False, autoLog=True, bold=False, color=array([-1, -1, -1]), colorSpace='rgb', contrast=1.0, depth=-2.0, flipHoriz=False, flipVert=False, font='Noto Sans KR', fontFiles=[], height=0.05, italic=False, languageStyle='LTR', name='wth_word_instr_4', opacity=1.0, ori=0.0, pos=array([0.  , 0.25]), rgb=UNKNOWN, text=str(...), units='height', win=Window(...), wrapWidth=1)
13.8634 	EXP 	Created wth_background_7 = ImageStim(__class__=<class 'psychopy.visual.image.ImageStim'>, anchor=('center', 'center'), autoLog=True, color=array([1, 1, 1]), colorSpace='rgb', contrast=1.0, depth=0.0, flipHoriz=False, flipVert=False, image=str(...), interpolate=True, mask=None, maskParams=None, name='wth_background_7', opacity=1.0, ori=0.0, pos=array([0., 0.]), size=array([1920., 1080.]), texRes=128.0, units='pix', win=Window(...))
13.8654 	EXP 	Created wth_word_typed_2 = TextStim(__class__=<class 'psychopy.visual.text.TextStim'>, alignHoriz=method-wrapper(...), alignText='center', alignVert=method-wrapper(...), anchorHoriz='center', anchorVert='center', antialias=True, autoDraw=False, autoLog=True, bold=False, color=array([-1, -1, -1]), colorSpace='rgb', contrast=1.0, depth=-1.0, flipHoriz=False, flipVert=False, font='Noto Sans KR', fontFiles=[], height=0.1, italic=False, languageStyle='LTR', name='wth_word_typed_2', opacity=1.0, ori=0.0, pos=array([0. , 0.2]), rgb=UNKNOWN, text='', units='height', win=Window(...), wrapWidth=1)
13.8694 	EXP 	window1: mouseVisible = True
13.9407 	EXP 	Created wth_valence_rating_2 = Slider(__class__=<class 'psychopy.visual.slider.Slider'>, autoDraw=False, autoLog=True, borderColor=None, color=None, colorSpace='rgb', depth=-2, fillColor=None, flip=False, font='Noto Sans KR', granularity=0.0, labelColor=None, labelHeight=0.03, labelWrapWidth=None, labels=('부정', '중립', '긍정'), lineColor=None, markerColor=None, name='wth_valence_rating_2', opacity=None, ori=0.0, pos=array([-0.5, -0.1]), readOnly=False, self=UNKNOWN, size=array([0.45, 0.05]), startValue=None, style='rating', styleTweaks=[], ticks=array([-1,  0,  1]), units='height', win=Window(...))
13.9533 	EXP 	Created wth_valence_txt_2 = TextStim(__class__=<class 'psychopy.visual.text.TextStim'>, alignHoriz=method-wrapper(...), alignText='center', alignVert=method-wrapper(...), anchorHoriz='center', anchorVert='center', antialias=True, autoDraw=False, autoLog=True, bold=False, color=array([-1, -1, -1]), colorSpace='rgb', contrast=1.0, depth=-3.0, flipHoriz=False, flipVert=False, font='Noto Sans KR', fontFiles=[], height=0.04, italic=False, languageStyle='LTR', name='wth_valence_txt_2', opacity=1.0, ori=0.0, pos=array([-0.5 , -0.02]), rgb=UNKNOWN, text='단어에서 느껴지는 감정', units='height', win=Window(...), wrapWidth=1)
13.9633 	EXP 	Created wth_self_txt_2 = TextStim(__class__=<class 'psychopy.visual.text.TextStim'>, alignHoriz=method-wrapper(...), alignText='center', alignVert=method-wrapper(...), anchorHoriz='center', anchorVert='center', antialias=True, autoDraw=False, autoLog=True, bold=False, color=array([-1, -1, -1]), colorSpace='rgb', contrast=1.0, depth=-4.0, flipHoriz=False, flipVert=False, font='Noto Sans KR', fontFiles=[], height=0.04, italic=False, languageStyle='LTR', name='wth_self_txt_2', opacity=1.0, ori=0.0, pos=array([ 0.4 , -0.02]), rgb=UNKNOWN, text='단어가 자신과 관련이 있는 정도', units='height', win=Window(...), wrapWidth=1)
13.9648 	EXP 	window1: mouseVisible = True
14.0575 	EXP 	Created wth_self_rating_2 = Slider(__class__=<class 'psychopy.visual.slider.Slider'>, autoDraw=False, autoLog=True, borderColor=None, color=None, colorSpace='rgb', depth=-5, fillColor=None, flip=False, font='Noto Sans KR', granularity=0.0, labelColor=None, labelHeight=0.03, labelWrapWidth=None, labels=('전혀 나와 관련이 없음', '나와 관련이 매우 많음'), lineColor=None, markerColor=None, name='wth_self_rating_2', opacity=None, ori=0.0, pos=array([ 0.4, -0.1]), readOnly=False, self=UNKNOWN, size=array([0.45, 0.05]), startValue=None, style='rating', styleTweaks=[], ticks=array([0, 1]), units='height', win=Window(...))
14.0965 	EXP 	window1: mouseVisible = True
14.6837 	EXP 	Created wth_image_2 = ImageStim(__class__=<class 'psychopy.visual.image.ImageStim'>, anchor=('center', 'center'), autoLog=True, color=array([1, 1, 1]), colorSpace='rgb', contrast=1.0, depth=0.0, flipHoriz=False, flipVert=False, image=str(...), interpolate=True, mask=None, maskParams=None, name='wth_image_2', opacity=1.0, ori=0.0, pos=array([0., 0.]), size=array([1920., 1080.]), texRes=128.0, units='pix', win=Window(...))
14.7120 	EXP 	Created wth_text_4 = TextStim(__class__=<class 'psychopy.visual.text.TextStim'>, alignHoriz=method-wrapper(...), alignText='center', alignVert=method-wrapper(...), anchorHoriz='center', anchorVert='center', antialias=True, autoDraw=False, autoLog=True, bold=False, color=array([-1, -1, -1]), colorSpace='rgb', contrast=1.0, depth=-1.0, flipHoriz=False, flipVert=False, font='Noto Sans KR', fontFiles=[], height=0.05, italic=False, languageStyle='LTR', name='wth_text_4', opacity=1.0, ori=0.0, pos=array([0., 0.]), rgb=UNKNOWN, text='연습을 다시 하시겠습니까?\n\ny 혹은 n을 누르세요.', units='height', win=Window(...), wrapWidth=1)
15.3033 	EXP 	Created wth_background_inst_2 = ImageStim(__class__=<class 'psychopy.visual.image.ImageStim'>, anchor=('center', 'center'), autoLog=True, color=array([1, 1, 1]), colorSpace='rgb', contrast=1.0, depth=0.0, flipHoriz=False, flipVert=False, image=str(...), interpolate=True, mask=None, maskParams=None, name='wth_background_inst_2', opacity=1.0, ori=0.0, pos=array([0., 0.]), size=array([2., 1.]), texRes=128.0, units='height', win=Window(...))
15.3202 	EXP 	Created wth_text_2 = TextStim(__class__=<class 'psychopy.visual.text.TextStim'>, alignHoriz=method-wrapper(...), alignText='center', alignVert=method-wrapper(...), anchorHoriz='center', anchorVert='center', antialias=True, autoDraw=False, autoLog=True, bold=False, color=array([-1, -1, -1]), colorSpace='rgb', contrast=1.0, depth=-1.0, flipHoriz=False, flipVert=False, font='Arial', fontFiles=[], height=0.07, italic=False, languageStyle='LTR', name='wth_text_2', opacity=1.0, ori=0.0, pos=array([0., 0.]), rgb=UNKNOWN, text='실험을 시작합니다.\n\n스페이스로 넘어가세요.', units='height', win=Window(...), wrapWidth=1)
15.9063 	EXP 	Created wth_background = ImageStim(__class__=<class 'psychopy.visual.image.ImageStim'>, anchor=('center', 'center'), autoLog=True, color=array([1, 1, 1]), colorSpace='rgb', contrast=1.0, depth=0.0, flipHoriz=False, flipVert=False, image=str(...), interpolate=True, mask=None, maskParams=None, name='wth_background', opacity=1.0, ori=0.0, pos=array([0., 0.]), size=array([2., 1.]), texRes=128.0, units='height', win=Window(...))
15.9404 	EXP 	Created wth_think_instr = TextStim(__class__=<class 'psychopy.visual.text.TextStim'>, alignHoriz=method-wrapper(...), alignText='center', alignVert=method-wrapper(...), anchorHoriz='center', anchorVert='center', antialias=True, autoDraw=False, autoLog=True, bold=False, color=array([-1, -1, -1]), colorSpace='rgb', contrast=1.0, depth=-2.0, flipHoriz=False, flipVert=False, font='Arial', fontFiles=[], height=0.07, italic=False, languageStyle='LTR', name='wth_think_instr', opacity=1.0, ori=0.0, pos=array([0. , 0.3]), rgb=UNKNOWN, text='자유롭게 생각하세요.', units='height', win=Window(...), wrapWidth=1)
15.9416 	EXP 	Created wth_think_cross = ShapeStim(__class__=<class 'psychopy.visual.shape.ShapeStim'>, anchor=('center', 'center'), autoDraw=False, autoLog=True, closeShape=True, color=method-wrapper(...), colorSpace='rgb', contrast=None, depth=-3.0, fillColor=array([-1, -1, -1]), fillColorSpace='rgb', fillRGB=array([-1, -1, -1]), interpolate=True, lineColor=array([-1, -1, -1]), lineColorSpace='rgb', lineRGB=array([-1, -1, -1]), lineWidth=0.1, name='wth_think_cross', opacity=1.0, ori=0.0, pos=array([0., 0.]), size=array([0.07, 0.07]), units='height', vertices=ndarray(...), win=Window(...), windingRule=None)
16.5385 	EXP 	Created wth_background_2 = ImageStim(__class__=<class 'psychopy.visual.image.ImageStim'>, anchor=('center', 'center'), autoLog=True, color=array([1, 1, 1]), colorSpace='rgb', contrast=1.0, depth=0.0, flipHoriz=False, flipVert=False, image=str(...), interpolate=True, mask=None, maskParams=None, name='wth_background_2', opacity=1.0, ori=0.0, pos=array([0., 0.]), size=array([2., 1.]), texRes=128.0, units='height', win=Window(...))
16.5752 	EXP 	Created wth_word_instr = TextStim(__class__=<class 'psychopy.visual.text.TextStim'>, alignHoriz=method-wrapper(...), alignText='center', alignVert=method-wrapper(...), anchorHoriz='center', anchorVert='center', antialias=True, autoDraw=False, autoLog=True, bold=False, color=array([-1, -1, -1]), colorSpace='rgb', contrast=1.0, depth=-1.0, flipHoriz=False, flipVert=False, font='Arial', fontFiles=[], height=0.05, italic=False, languageStyle='LTR', name='wth_word_instr', opacity=1.0, ori=0.0, pos=array([0.  , 0.25]), rgb=UNKNOWN, text=str(...), units='height', win=Window(...), wrapWidth=1)
16.5840 	EXP 	window1: mouseVisible = True
17.1717 	EXP 	Created wth_background_3 = ImageStim(__class__=<class 'psychopy.visual.image.ImageStim'>, anchor=('center', 'center'), autoLog=True, color=array([1, 1, 1]), colorSpace='rgb', contrast=1.0, depth=0.0, flipHoriz=False, flipVert=False, image=str(...), interpolate=True, mask=None, maskParams=None, name='wth_background_3', opacity=1.0, ori=0.0, pos=array([0., 0.]), size=array([2., 1.]), texRes=128.0, units='height', win=Window(...))
17.1736 	EXP 	Created wth_word_typed = TextStim(__class__=<class 'psychopy.visual.text.TextStim'>, alignHoriz=method-wrapper(...), alignText='center', alignVert=method-wrapper(...), anchorHoriz='center', anchorVert='center', antialias=True, autoDraw=False, autoLog=True, bold=False, color=array([-1, -1, -1]), colorSpace='rgb', contrast=1.0, depth=-1.0, flipHoriz=False, flipVert=False, font='Arial', fontFiles=[], height=0.1, italic=False, languageStyle='LTR', name='wth_word_typed', opacity=1.0, ori=0.0, pos=array([0. , 0.2]), rgb=UNKNOWN, text='', units='height', win=Window(...), wrapWidth=1)
17.1752 	EXP 	window1: mouseVisible = True
17.2166 	EXP 	Created wth_valence_rating = Slider(__class__=<class 'psychopy.visual.slider.Slider'>, autoDraw=False, autoLog=True, borderColor=None, color=None, colorSpace='rgb', depth=-2, fillColor=None, flip=False, font='Noto Sans KR', granularity=0.0, labelColor=None, labelHeight=0.03, labelWrapWidth=None, labels=('부정', '중립', '긍정'), lineColor=None, markerColor=None, name='wth_valence_rating', opacity=None, ori=0.0, pos=array([-0.5, -0.1]), readOnly=False, self=UNKNOWN, size=array([0.45, 0.05]), startValue=None, style='rating', styleTweaks=[], ticks=array([-1,  0,  1]), units='height', win=Window(...))
17.2265 	EXP 	Created wth_valence_txt = TextStim(__class__=<class 'psychopy.visual.text.TextStim'>, alignHoriz=method-wrapper(...), alignText='center', alignVert=method-wrapper(...), anchorHoriz='center', anchorVert='center', antialias=True, autoDraw=False, autoLog=True, bold=False, color=array([-1, -1, -1]), colorSpace='rgb', contrast=1.0, depth=-3.0, flipHoriz=False, flipVert=False, font='Arial', fontFiles=[], height=0.04, italic=False, languageStyle='LTR', name='wth_valence_txt', opacity=1.0, ori=0.0, pos=array([-0.5 , -0.02]), rgb=UNKNOWN, text='단어에서 느껴지는 감정', units='height', win=Window(...), wrapWidth=1)
17.2334 	EXP 	Created wth_self_txt = TextStim(__class__=<class 'psychopy.visual.text.TextStim'>, alignHoriz=method-wrapper(...), alignText='center', alignVert=method-wrapper(...), anchorHoriz='center', anchorVert='center', antialias=True, autoDraw=False, autoLog=True, bold=False, color=array([-1, -1, -1]), colorSpace='rgb', contrast=1.0, depth=-4.0, flipHoriz=False, flipVert=False, font='Arial', fontFiles=[], height=0.04, italic=False, languageStyle='LTR', name='wth_self_txt', opacity=1.0, ori=0.0, pos=array([ 0.4 , -0.02]), rgb=UNKNOWN, text='단어가 자신과 관련이 있는 정도', units='height', win=Window(...), wrapWidth=1)
17.2352 	EXP 	window1: mouseVisible = True
17.2567 	EXP 	Created wth_self_rating = Slider(__class__=<class 'psychopy.visual.slider.Slider'>, autoDraw=False, autoLog=True, borderColor=None, color=None, colorSpace='rgb', depth=-5, fillColor=None, flip=False, font='Noto Sans KR', granularity=0.0, labelColor=None, labelHeight=0.03, labelWrapWidth=None, labels=('전혀 나와 관련이 없음', '나와 관련이 매우 많음'), lineColor=None, markerColor=None, name='wth_self_rating', opacity=None, ori=0.0, pos=array([ 0.4, -0.1]), readOnly=False, self=UNKNOWN, size=array([0.45, 0.05]), startValue=None, style='rating', styleTweaks=[], ticks=array([0, 1]), units='height', win=Window(...))
17.2610 	EXP 	window1: mouseVisible = True
17.2702 	EXP 	Created exp_end_back = ImageStim(__class__=<class 'psychopy.visual.image.ImageStim'>, anchor=('center', 'center'), autoLog=True, color=array([1, 1, 1]), colorSpace='rgb', contrast=1.0, depth=-1.0, flipHoriz=False, flipVert=False, image='pics/blank.png', interpolate=True, mask=None, maskParams=None, name='exp_end_back', opacity=1.0, ori=0.0, pos=array([0., 0.]), size=array([3., 1.]), texRes=128.0, units='height', win=Window(...))
17.2969 	EXP 	Created exp_end_text = TextStim(__class__=<class 'psychopy.visual.text.TextStim'>, alignHoriz=method-wrapper(...), alignText='center', alignVert=method-wrapper(...), anchorHoriz='center', anchorVert='center', antialias=True, autoDraw=False, autoLog=True, bold=False, color=array([-1, -1, -1]), colorSpace='rgb', contrast=1.0, depth=-2.0, flipHoriz=False, flipVert=False, font='Noto Sans KR', fontFiles=[], height=0.04, italic=False, languageStyle='LTR', name='exp_end_text', opacity=1.0, ori=0.0, pos=array([0., 0.]), rgb=UNKNOWN, text=str(...), units='height', win=Window(...), wrapWidth=1)
17.3083 	EXP 	Created total_end_text = TextStim(__class__=<class 'psychopy.visual.text.TextStim'>, alignHoriz=method-wrapper(...), alignText='center', alignVert=method-wrapper(...), anchorHoriz='center', anchorVert='center', antialias=True, autoDraw=False, autoLog=True, bold=False, color=array([1, 1, 1]), colorSpace='rgb', contrast=1.0, depth=0.0, flipHoriz=False, flipVert=False, font='Arial', fontFiles=[], height=0.04, italic=False, languageStyle='LTR', name='total_end_text', opacity=1.0, ori=0.0, pos=array([0., 0.]), rgb=UNKNOWN, text='참여해주셔서 감사합니다.\n자동으로 종료됩니다.', units='height', win=Window(...), wrapWidth=1)
17.3385 	EXP 	wth_movie: autoLog = True
17.3385 	EXP 	wth_movie: movie = 'ins/weather_intro.mp4'
17.3385 	EXP 	wth_movie: ori = 0.0
17.3385 	EXP 	wth_valence_rating_2: autoLog = True
17.3385 	EXP 	wth_valence_rating_2: markerPos = None
17.3385 	EXP 	wth_valence_rating_2: styleTweaks = []
17.3385 	EXP 	wth_valence_rating_2: styleTweaks = []
17.3385 	EXP 	wth_valence_rating_2: styleTweaks = []
17.3385 	EXP 	wth_valence_rating_2: styleTweaks = []
17.3385 	EXP 	wth_valence_rating_2: contrast = 1.0
17.3385 	EXP 	wth_valence_rating_2: autoLog = True
17.3385 	EXP 	wth_self_rating_2: autoLog = True
17.3385 	EXP 	wth_self_rating_2: markerPos = None
17.3385 	EXP 	wth_self_rating_2: styleTweaks = []
17.3385 	EXP 	wth_self_rating_2: styleTweaks = []
17.3385 	EXP 	wth_self_rating_2: styleTweaks = []
17.3385 	EXP 	wth_self_rating_2: styleTweaks = []
17.3385 	EXP 	wth_self_rating_2: contrast = 1.0
17.3385 	EXP 	wth_self_rating_2: autoLog = True
17.3385 	EXP 	wth_valence_rating: autoLog = True
17.3385 	EXP 	wth_valence_rating: markerPos = None
17.3385 	EXP 	wth_valence_rating: styleTweaks = []
17.3385 	EXP 	wth_valence_rating: styleTweaks = []
17.3385 	EXP 	wth_valence_rating: styleTweaks = []
17.3385 	EXP 	wth_valence_rating: styleTweaks = []
17.3385 	EXP 	wth_valence_rating: contrast = 1.0
17.3385 	EXP 	wth_valence_rating: autoLog = True
17.3385 	EXP 	wth_self_rating: autoLog = True
17.3385 	EXP 	wth_self_rating: markerPos = None
17.3385 	EXP 	wth_self_rating: styleTweaks = []
17.3385 	EXP 	wth_self_rating: styleTweaks = []
17.3385 	EXP 	wth_self_rating: styleTweaks = []
17.3385 	EXP 	wth_self_rating: styleTweaks = []
17.3385 	EXP 	wth_self_rating: contrast = 1.0
17.3385 	EXP 	wth_self_rating: autoLog = True
17.3385 	EXP 	image: autoDraw = True
18.1734 	EXP 	Created sequence: random, trialTypes=1, nReps=1, seed=None
18.1735 	EXP 	New trial (rep=0, index=0): None
18.1742 	DATA 	Keypress: space
18.1872 	EXP 	image: autoDraw = False
20.1889 	EXP 	wth_movie: autoDraw = True
20.1889 	EXP 	text: autoDraw = True
21.0231 	EXP 	Created sequence: sequential, trialTypes=1, nReps=10, seed=None
21.0233 	EXP 	New trial (rep=0, index=0): None
21.0802 	DATA 	Keypress: space
21.0883 	EXP 	wth_movie: autoDraw = False
21.0883 	EXP 	text: autoDraw = False
21.0883 	EXP 	wth_background_inst: autoDraw = True
22.0221 	EXP 	wth_text: autoDraw = True
24.0222 	EXP 	wth_text: autoDraw = False
26.0729 	EXP 	window1: mouseVisible = False
26.1043 	EXP 	wth_background_inst: autoDraw = False
26.1043 	EXP 	wth_background_inst: autoDraw = False
26.1043 	EXP 	wth_text: autoDraw = False
26.1043 	EXP 	wth_background_6: autoDraw = True
26.1043 	EXP 	wth_think_instr_2: autoDraw = True
26.1043 	EXP 	wth_think_cross_2: autoDraw = True
31.0886 	EXP 	window1: mouseVisible = True
31.0887 	EXP 	window1: mouseVisible = True
31.1373 	EXP 	wth_background_6: autoDraw = False
31.1373 	EXP 	wth_think_instr_2: autoDraw = False
31.1373 	EXP 	wth_think_cross_2: autoDraw = False
31.1373 	EXP 	wth_background_6: autoDraw = False
31.1373 	EXP 	wth_think_instr_2: autoDraw = False
31.1373 	EXP 	wth_think_cross_2: autoDraw = False
31.1373 	EXP 	image_2: autoDraw = True
31.1373 	EXP 	wth_word_instr_4: autoDraw = True
41.3837 	EXP 	image_2: autoDraw = False
41.3837 	EXP 	wth_word_instr_4: autoDraw = False
41.3837 	EXP 	wth_valence_rating_2: markerPos = None
41.3837 	EXP 	wth_valence_rating_2: markerPos = None
41.3837 	EXP 	wth_self_rating_2: markerPos = None
41.3837 	EXP 	wth_self_rating_2: markerPos = None
41.3837 	EXP 	wth_word_typed_2: height = 0.1
41.3837 	EXP 	wth_word_typed_2: height = 0.1
41.3837 	EXP 	wth_word_typed_2: height = 0.1
41.3837 	EXP 	wth_word_typed_2: text = 'sdfalsdkjflasd\n'
41.3837 	EXP 	wth_background_7: autoDraw = True
41.3837 	EXP 	wth_word_typed_2: autoDraw = True
41.3837 	EXP 	wth_valence_rating_2: autoDraw = True
41.3837 	EXP 	wth_valence_txt_2: autoDraw = True
41.3837 	EXP 	wth_self_txt_2: autoDraw = True
41.3837 	EXP 	wth_self_rating_2: autoDraw = True
42.5863 	DATA 	Mouse: Left button down, pos=(604,424)
42.6012 	EXP 	wth_valence_rating_2: markerPos = 0.7572016460905351
42.6174 	EXP 	wth_valence_rating_2: markerPos = 0.7572016460905351
42.6345 	EXP 	wth_valence_rating_2: markerPos = 0.7572016460905351
42.6509 	EXP 	wth_valence_rating_2: markerPos = 0.7572016460905351
42.6678 	EXP 	wth_valence_rating_2: markerPos = 0.7572016460905351
42.6845 	EXP 	wth_valence_rating_2: markerPos = 0.7572016460905351
42.7009 	EXP 	wth_valence_rating_2: markerPos = 0.7572016460905351
42.7177 	EXP 	wth_valence_rating_2: markerPos = 0.7572016460905351
42.7339 	EXP 	wth_valence_rating_2: markerPos = 0.7572016460905351
42.7427 	DATA 	Mouse:  Left button up, pos=(604,424)
42.7510 	EXP 	wth_valence_rating_2: markerPos = 0.7572016460905351
42.7671 	EXP 	wth_valence_rating_2: markerPos = 0.7572016460905351
43.5237 	DATA 	Mouse: Left button down, pos=(352,428)
43.5510 	EXP 	wth_valence_rating_2: markerPos = -0.2798353909465021
43.5675 	EXP 	wth_valence_rating_2: markerPos = -0.2798353909465021
43.5845 	EXP 	wth_valence_rating_2: markerPos = -0.2798353909465021
43.6007 	EXP 	wth_valence_rating_2: markerPos = -0.2798353909465021
43.6177 	EXP 	wth_valence_rating_2: markerPos = -0.2798353909465021
43.6344 	EXP 	wth_valence_rating_2: markerPos = -0.2798353909465021
43.6508 	EXP 	wth_valence_rating_2: markerPos = -0.2798353909465021
43.6676 	EXP 	wth_valence_rating_2: markerPos = -0.2798353909465021
43.6689 	DATA 	Mouse:  Left button up, pos=(352,428)
43.6843 	EXP 	wth_valence_rating_2: markerPos = -0.2798353909465021
45.1857 	DATA 	Mouse: Left button down, pos=(1396,417)
45.2006 	EXP 	wth_self_rating_2: markerPos = 0.5082304526748972
45.2174 	EXP 	wth_self_rating_2: markerPos = 0.5082304526748972
45.2338 	EXP 	wth_self_rating_2: markerPos = 0.5082304526748972
45.2508 	EXP 	wth_self_rating_2: markerPos = 0.5082304526748972
45.2673 	EXP 	wth_self_rating_2: markerPos = 0.5082304526748972
45.2838 	EXP 	wth_self_rating_2: markerPos = 0.5082304526748972
45.3006 	EXP 	wth_self_rating_2: markerPos = 0.5082304526748972
45.3170 	EXP 	wth_self_rating_2: markerPos = 0.5082304526748972
45.3340 	EXP 	wth_self_rating_2: markerPos = 0.5082304526748972
45.3506 	EXP 	wth_self_rating_2: markerPos = 0.5082304526748972
45.3574 	DATA 	Mouse:  Left button up, pos=(1396,417)
45.3675 	EXP 	wth_self_rating_2: markerPos = 0.5082304526748972
51.7166 	DATA 	Mouse: Left button down, pos=(972,87)
51.7417 	EXP 	window1: fullscr = True
51.7971 	EXP 	wth_background_7: autoDraw = False
51.7971 	EXP 	wth_word_typed_2: autoDraw = False
51.7971 	EXP 	wth_valence_rating_2: autoDraw = False
51.7971 	EXP 	wth_valence_txt_2: autoDraw = False
51.7971 	EXP 	wth_self_txt_2: autoDraw = False
51.7971 	EXP 	wth_self_rating_2: autoDraw = False
51.7971 	EXP 	wth_image_2: autoDraw = True
51.7971 	EXP 	wth_text_4: autoDraw = True
51.8832 	DATA 	Mouse:  Left button up, pos=(972,87)
58.2486 	DATA 	Mouse: Left button down, pos=(864,379)
58.4658 	DATA 	Mouse:  Left button up, pos=(864,379)
63.6816 	EXP 	New trial (rep=1, index=0): None
63.6827 	DATA 	Keypress: y
63.6958 	EXP 	wth_image_2: autoDraw = False
63.6958 	EXP 	wth_text_4: autoDraw = False
63.6958 	EXP 	wth_background_inst: autoDraw = True
64.6960 	EXP 	wth_text: autoDraw = True
66.6959 	EXP 	wth_text: autoDraw = False
68.6796 	EXP 	window1: mouseVisible = False
68.6957 	EXP 	wth_background_inst: autoDraw = False
68.6957 	EXP 	wth_background_inst: autoDraw = False
68.6957 	EXP 	wth_text: autoDraw = False
68.6957 	EXP 	wth_background_6: autoDraw = True
68.6957 	EXP 	wth_think_instr_2: autoDraw = True
68.6957 	EXP 	wth_think_cross_2: autoDraw = True
73.6796 	EXP 	window1: mouseVisible = True
73.6797 	EXP 	window1: mouseVisible = True
73.6953 	EXP 	wth_background_6: autoDraw = False
73.6953 	EXP 	wth_think_instr_2: autoDraw = False
73.6953 	EXP 	wth_think_cross_2: autoDraw = False
73.6953 	EXP 	wth_background_6: autoDraw = False
73.6953 	EXP 	wth_think_instr_2: autoDraw = False
73.6953 	EXP 	wth_think_cross_2: autoDraw = False
73.6953 	EXP 	image_2: autoDraw = True
73.6953 	EXP 	wth_word_instr_4: autoDraw = True
92.3773 	DATA 	Mouse: Left button down, pos=(636,599)
92.5273 	DATA 	Mouse:  Left button up, pos=(636,599)
105.4424 	DATA 	Mouse: Left button down, pos=(728,554)
105.6761 	DATA 	Mouse:  Left button up, pos=(728,554)
105.6763 	DATA 	Mouse: Left button down, pos=(728,554)
105.8588 	DATA 	Mouse:  Left button up, pos=(728,554)
105.8590 	DATA 	Mouse: Left button down, pos=(728,554)
106.0590 	DATA 	Mouse:  Left button up, pos=(728,554)
106.0591 	DATA 	Mouse: Left button down, pos=(728,554)
106.2587 	DATA 	Mouse:  Left button up, pos=(728,554)
106.2588 	DATA 	Mouse: Left button down, pos=(728,554)
106.4588 	DATA 	Mouse:  Left button up, pos=(728,554)
106.4590 	DATA 	Mouse: Left button down, pos=(728,554)
106.6588 	DATA 	Mouse:  Left button up, pos=(728,554)
106.6590 	DATA 	Mouse: Left button down, pos=(728,554)
106.8924 	DATA 	Mouse:  Left button up, pos=(728,554)
106.8926 	DATA 	Mouse: Left button down, pos=(728,554)
107.1085 	DATA 	Mouse:  Left button up, pos=(728,554)
107.1086 	DATA 	Mouse: Left button down, pos=(728,554)
107.3095 	DATA 	Mouse:  Left button up, pos=(728,554)
107.8252 	DATA 	Keypress: escape
108.3493 	EXP 	window1: mouseVisible = True
