2.3505 	WARNING 	We strongly recommend you activate the PTB sound engine in PsychoPy prefs as the preferred audio engine. Its timing is vastly superior. Your prefs are currently set to use ['sounddevice', 'PTB', 'pyo', 'pygame'] (in that order).
6.7803 	EXP 	Created window1 = Window(allowGUI=True, allowStencil=False, autoLog=True, backendConf=UNKNOWN, bitsMode=UNKNOWN, blendMode='avg', bpc=(8, 8, 8), color=array([0., 0., 0.]), colorSpace='hsv', depthBits=8, fullscr=<method-wrapper '__getattribute__' of attributeSetter object at 0x000002873AC75D90>, gamma=None, gammaErrorPolicy='raise', lms=UNKNOWN, monitor=<psychopy.monitors.calibTools.Monitor object at 0x000002873C010310>, multiSample=False, name='window1', numSamples=2, pos=(0, 0), screen=0, size=array([1920, 1080]), stencilBits=0, stereo=False, units='height', useFBO=True, useRetina=False, viewOri=0.0, viewPos=None, viewScale=None, waitBlanking=True, winType='pyglet')
6.7804 	EXP 	window1: mouseVisible = True
6.7804 	EXP 	window1: mouseVisible = True
6.7804 	EXP 	window1: Attempting to measure frame rate of screen (0) ...
6.7805 	EXP 	window1: recordFrameIntervals = False
6.9462 	EXP 	window1: recordFrameIntervals = True
7.1292 	EXP 	Screen (0) actual frame rate measured at 60.17Hz
7.1292 	EXP 	window1: recordFrameIntervals = False
7.1577 	WARNING 	launchHubServer: If using the iohub mouse or eyetracker devices, fullScr should be True.
8.7957 	EXP 	Created image = ImageStim(__class__=<class 'psychopy.visual.image.ImageStim'>, anchor=('center', 'center'), autoLog=True, color=array([1, 1, 1]), colorSpace='rgb', contrast=1.0, depth=0.0, flipHoriz=False, flipVert=False, image='fis_artwork/general_instruction.png', interpolate=True, mask=None, maskParams=None, name='image', opacity=1.0, ori=0.0, pos=array([0., 0.]), size=array([1920., 1080.]), texRes=128.0, units='pix', win=Window(...))
8.9312 	EXP 	Created wth_movie = MovieStim3(__class__=<class 'psychopy.visual.movie3.MovieStim3'>, anchor=('center', 'center'), autoLog=True, color=UNKNOWN, colorSpace=UNKNOWN, depth=0.0, filename='ins/weather_intro.mp4', flipHoriz=False, flipVert=False, fps=UNKNOWN, interpolate=True, loop=False, name='wth_movie', noAudio=False, opacity=1, ori=method-wrapper(...), pos=array([0., 0.]), size=None, units='pix', vframe_callback=UNKNOWN, volume=UNKNOWN, win=Window(...))
11.1137 	WARNING 	2.1824444000000085: Video catchup needed, advancing self._nextFrameT from 0.0 to 0.041666666666666664
11.1137 	WARNING 	2.1824786000000813: Video catchup needed, advancing self._nextFrameT from 0.041666666666666664 to 0.08333333333333333
11.1137 	WARNING 	2.182490800000096: Video catchup needed, advancing self._nextFrameT from 0.08333333333333333 to 0.125
11.1137 	WARNING 	2.1825011000000814: Video catchup needed, advancing self._nextFrameT from 0.125 to 0.16666666666666666
11.1137 	WARNING 	2.18251070000008: Video catchup needed, advancing self._nextFrameT from 0.16666666666666666 to 0.20833333333333331
11.1138 	WARNING 	2.182520199999999: Video catchup needed, advancing self._nextFrameT from 0.20833333333333331 to 0.24999999999999997
11.1138 	WARNING 	2.1825293000000556: Video catchup needed, advancing self._nextFrameT from 0.24999999999999997 to 0.29166666666666663
11.1138 	WARNING 	2.1825382000000673: Video catchup needed, advancing self._nextFrameT from 0.29166666666666663 to 0.3333333333333333
11.1138 	WARNING 	2.182547100000079: Video catchup needed, advancing self._nextFrameT from 0.3333333333333333 to 0.375
11.1138 	WARNING 	2.182555900000011: Video catchup needed, advancing self._nextFrameT from 0.375 to 0.4166666666666667
11.1138 	WARNING 	Max reportNDroppedFrames reached, will not log any more dropped frames
11.3629 	EXP 	Created text = TextStim(__class__=<class 'psychopy.visual.text.TextStim'>, alignHoriz=method-wrapper(...), alignText='center', alignVert=method-wrapper(...), anchorHoriz='center', anchorVert='center', antialias=True, autoDraw=False, autoLog=True, bold=False, color=array([-1, -1, -1]), colorSpace='rgb', contrast=1.0, depth=-1.0, flipHoriz=False, flipVert=False, font='Noto Sans KR', fontFiles=[], height=0.05, italic=False, languageStyle='LTR', name='text', opacity=1.0, ori=0.0, pos=array([ 0. , -0.4]), rgb=UNKNOWN, text='스페이스로 넘어가세요', units='height', win=Window(...), wrapWidth=1)
11.9403 	EXP 	Created wth_background_inst = ImageStim(__class__=<class 'psychopy.visual.image.ImageStim'>, anchor=('center', 'center'), autoLog=True, color=array([1, 1, 1]), colorSpace='rgb', contrast=1.0, depth=0.0, flipHoriz=False, flipVert=False, image=str(...), interpolate=True, mask=None, maskParams=None, name='wth_background_inst', opacity=1.0, ori=0.0, pos=array([0., 0.]), size=array([1920., 1080.]), texRes=128.0, units='pix', win=Window(...))
11.9593 	EXP 	Created wth_text = TextStim(__class__=<class 'psychopy.visual.text.TextStim'>, alignHoriz=method-wrapper(...), alignText='center', alignVert=method-wrapper(...), anchorHoriz='center', anchorVert='center', antialias=True, autoDraw=False, autoLog=True, bold=False, color=array([-1, -1, -1]), colorSpace='rgb', contrast=1.0, depth=-1.0, flipHoriz=False, flipVert=False, font='Noto Sans KR', fontFiles=[], height=0.07, italic=False, languageStyle='LTR', name='wth_text', opacity=1.0, ori=0.0, pos=array([0., 0.]), rgb=UNKNOWN, text='단어연상 연습이 시작됩니다.', units='height', win=Window(...), wrapWidth=1)
12.6013 	EXP 	Created wth_background_6 = ImageStim(__class__=<class 'psychopy.visual.image.ImageStim'>, anchor=('center', 'center'), autoLog=True, color=array([1, 1, 1]), colorSpace='rgb', contrast=1.0, depth=0.0, flipHoriz=False, flipVert=False, image=str(...), interpolate=True, mask=None, maskParams=None, name='wth_background_6', opacity=1.0, ori=0.0, pos=array([0., 0.]), size=array([1920., 1080.]), texRes=128.0, units='pix', win=Window(...))
12.6118 	EXP 	Created wth_think_instr_2 = TextStim(__class__=<class 'psychopy.visual.text.TextStim'>, alignHoriz=method-wrapper(...), alignText='center', alignVert=method-wrapper(...), anchorHoriz='center', anchorVert='center', antialias=True, autoDraw=False, autoLog=True, bold=False, color=array([-1, -1, -1]), colorSpace='rgb', contrast=1.0, depth=-2.0, flipHoriz=False, flipVert=False, font='Noto Sans KR', fontFiles=[], height=0.07, italic=False, languageStyle='LTR', name='wth_think_instr_2', opacity=1.0, ori=0.0, pos=array([0. , 0.3]), rgb=UNKNOWN, text='자유롭게 생각하세요.', units='height', win=Window(...), wrapWidth=1)
12.6177 	EXP 	Created wth_think_cross_2 = ShapeStim(__class__=<class 'psychopy.visual.shape.ShapeStim'>, anchor=('center', 'center'), autoDraw=False, autoLog=True, closeShape=True, color=method-wrapper(...), colorSpace='rgb', contrast=None, depth=-3.0, fillColor=array([-1, -1, -1]), fillColorSpace='rgb', fillRGB=array([-1, -1, -1]), interpolate=True, lineColor=array([-1, -1, -1]), lineColorSpace='rgb', lineRGB=array([-1, -1, -1]), lineWidth=0.1, name='wth_think_cross_2', opacity=1.0, ori=0.0, pos=array([0., 0.]), size=array([0.07, 0.07]), units='height', vertices=ndarray(...), win=Window(...), windingRule=None)
13.2655 	EXP 	Created image_2 = ImageStim(__class__=<class 'psychopy.visual.image.ImageStim'>, anchor=('center', 'center'), autoLog=True, color=array([1, 1, 1]), colorSpace='rgb', contrast=1.0, depth=0.0, flipHoriz=False, flipVert=False, image=str(...), interpolate=True, mask=None, maskParams=None, name='image_2', opacity=1.0, ori=0.0, pos=array([0., 0.]), size=array([1920., 1080.]), texRes=128.0, units='pix', win=Window(...))
13.2864 	EXP 	Created wth_word_instr_4 = TextStim(__class__=<class 'psychopy.visual.text.TextStim'>, alignHoriz=method-wrapper(...), alignText='center', alignVert=method-wrapper(...), anchorHoriz='center', anchorVert='center', antialias=True, autoDraw=False, autoLog=True, bold=False, color=array([-1, -1, -1]), colorSpace='rgb', contrast=1.0, depth=-1.0, flipHoriz=False, flipVert=False, font='Noto Sans KR', fontFiles=[], height=0.07, italic=False, languageStyle='LTR', name='wth_word_instr_4', opacity=1.0, ori=0.0, pos=array([0.  , 0.25]), rgb=UNKNOWN, text='지금 무슨 생각을 하고 있는지\n단어나 구로 입력해주세요.', units='height', win=Window(...), wrapWidth=1)
13.8840 	EXP 	Created wth_background_7 = ImageStim(__class__=<class 'psychopy.visual.image.ImageStim'>, anchor=('center', 'center'), autoLog=True, color=array([1, 1, 1]), colorSpace='rgb', contrast=1.0, depth=0.0, flipHoriz=False, flipVert=False, image=str(...), interpolate=True, mask=None, maskParams=None, name='wth_background_7', opacity=1.0, ori=0.0, pos=array([0., 0.]), size=array([1920., 1080.]), texRes=128.0, units='pix', win=Window(...))
13.8846 	EXP 	Created wth_word_typed_2 = TextStim(__class__=<class 'psychopy.visual.text.TextStim'>, alignHoriz=method-wrapper(...), alignText='center', alignVert=method-wrapper(...), anchorHoriz='center', anchorVert='center', antialias=True, autoDraw=False, autoLog=True, bold=False, color=array([-1, -1, -1]), colorSpace='rgb', contrast=1.0, depth=-1.0, flipHoriz=False, flipVert=False, font='Noto Sans KR', fontFiles=[], height=0.07, italic=False, languageStyle='LTR', name='wth_word_typed_2', opacity=1.0, ori=0.0, pos=array([0. , 0.2]), rgb=UNKNOWN, text='', units='height', win=Window(...), wrapWidth=1)
13.8880 	EXP 	window1: mouseVisible = True
13.9440 	EXP 	Created wth_valence_rating_2 = Slider(__class__=<class 'psychopy.visual.slider.Slider'>, autoDraw=False, autoLog=True, borderColor=None, color=None, colorSpace='rgb', depth=-2, fillColor=None, flip=False, font='Noto Sans KR', granularity=0.0, labelColor=None, labelHeight=0.03, labelWrapWidth=None, labels=('부정', '중립', '긍정'), lineColor=None, markerColor=None, name='wth_valence_rating_2', opacity=None, ori=0.0, pos=array([-0.5, -0.1]), readOnly=False, self=UNKNOWN, size=array([0.45, 0.05]), startValue=None, style='rating', styleTweaks=[], ticks=array([-1,  0,  1]), units='height', win=Window(...))
13.9563 	EXP 	Created wth_valence_txt_2 = TextStim(__class__=<class 'psychopy.visual.text.TextStim'>, alignHoriz=method-wrapper(...), alignText='center', alignVert=method-wrapper(...), anchorHoriz='center', anchorVert='center', antialias=True, autoDraw=False, autoLog=True, bold=False, color=array([-1, -1, -1]), colorSpace='rgb', contrast=1.0, depth=-3.0, flipHoriz=False, flipVert=False, font='Noto Sans KR', fontFiles=[], height=0.04, italic=False, languageStyle='LTR', name='wth_valence_txt_2', opacity=1.0, ori=0.0, pos=array([-0.5 , -0.02]), rgb=UNKNOWN, text='단어에서 느껴지는 감정', units='height', win=Window(...), wrapWidth=1)
13.9663 	EXP 	Created wth_self_txt_2 = TextStim(__class__=<class 'psychopy.visual.text.TextStim'>, alignHoriz=method-wrapper(...), alignText='center', alignVert=method-wrapper(...), anchorHoriz='center', anchorVert='center', antialias=True, autoDraw=False, autoLog=True, bold=False, color=array([-1, -1, -1]), colorSpace='rgb', contrast=1.0, depth=-4.0, flipHoriz=False, flipVert=False, font='Noto Sans KR', fontFiles=[], height=0.04, italic=False, languageStyle='LTR', name='wth_self_txt_2', opacity=1.0, ori=0.0, pos=array([ 0.4 , -0.02]), rgb=UNKNOWN, text='단어가 자신과 관련이 있는 정도', units='height', win=Window(...), wrapWidth=1)
13.9678 	EXP 	window1: mouseVisible = True
14.0592 	EXP 	Created wth_self_rating_2 = Slider(__class__=<class 'psychopy.visual.slider.Slider'>, autoDraw=False, autoLog=True, borderColor=None, color=None, colorSpace='rgb', depth=-5, fillColor=None, flip=False, font='Noto Sans KR', granularity=0.0, labelColor=None, labelHeight=0.03, labelWrapWidth=None, labels=('전혀 나와 관련이 없음', '나와 관련이 매우 많음'), lineColor=None, markerColor=None, name='wth_self_rating_2', opacity=None, ori=0.0, pos=array([ 0.5, -0.1]), readOnly=False, self=UNKNOWN, size=array([0.45, 0.05]), startValue=None, style='rating', styleTweaks=[], ticks=array([0, 1]), units='height', win=Window(...))
14.0985 	EXP 	window1: mouseVisible = True
14.6791 	EXP 	Created wth_image_2 = ImageStim(__class__=<class 'psychopy.visual.image.ImageStim'>, anchor=('center', 'center'), autoLog=True, color=array([1, 1, 1]), colorSpace='rgb', contrast=1.0, depth=0.0, flipHoriz=False, flipVert=False, image=str(...), interpolate=True, mask=None, maskParams=None, name='wth_image_2', opacity=1.0, ori=0.0, pos=array([0., 0.]), size=array([1920., 1080.]), texRes=128.0, units='pix', win=Window(...))
14.6990 	EXP 	Created wth_text_4 = TextStim(__class__=<class 'psychopy.visual.text.TextStim'>, alignHoriz=method-wrapper(...), alignText='center', alignVert=method-wrapper(...), anchorHoriz='center', anchorVert='center', antialias=True, autoDraw=False, autoLog=True, bold=False, color=array([-1, -1, -1]), colorSpace='rgb', contrast=1.0, depth=-1.0, flipHoriz=False, flipVert=False, font='Noto Sans KR', fontFiles=[], height=0.05, italic=False, languageStyle='LTR', name='wth_text_4', opacity=1.0, ori=0.0, pos=array([0., 0.]), rgb=UNKNOWN, text='연습을 다시 하시겠습니까?\n\ny 혹은 n을 누르세요.', units='height', win=Window(...), wrapWidth=1)
15.2799 	EXP 	Created wth_background_inst_2 = ImageStim(__class__=<class 'psychopy.visual.image.ImageStim'>, anchor=('center', 'center'), autoLog=True, color=array([1, 1, 1]), colorSpace='rgb', contrast=1.0, depth=0.0, flipHoriz=False, flipVert=False, image=str(...), interpolate=True, mask=None, maskParams=None, name='wth_background_inst_2', opacity=1.0, ori=0.0, pos=array([0., 0.]), size=array([2., 1.]), texRes=128.0, units='height', win=Window(...))
15.3006 	EXP 	Created wth_text_2 = TextStim(__class__=<class 'psychopy.visual.text.TextStim'>, alignHoriz=method-wrapper(...), alignText='center', alignVert=method-wrapper(...), anchorHoriz='center', anchorVert='center', antialias=True, autoDraw=False, autoLog=True, bold=False, color=array([-1, -1, -1]), colorSpace='rgb', contrast=1.0, depth=-1.0, flipHoriz=False, flipVert=False, font='Arial', fontFiles=[], height=0.07, italic=False, languageStyle='LTR', name='wth_text_2', opacity=1.0, ori=0.0, pos=array([0., 0.]), rgb=UNKNOWN, text='실험을 시작합니다.\n\n스페이스로 넘어가세요.', units='height', win=Window(...), wrapWidth=1)
15.8823 	EXP 	Created wth_background = ImageStim(__class__=<class 'psychopy.visual.image.ImageStim'>, anchor=('center', 'center'), autoLog=True, color=array([1, 1, 1]), colorSpace='rgb', contrast=1.0, depth=0.0, flipHoriz=False, flipVert=False, image=str(...), interpolate=True, mask=None, maskParams=None, name='wth_background', opacity=1.0, ori=0.0, pos=array([0., 0.]), size=array([2., 1.]), texRes=128.0, units='height', win=Window(...))
15.8980 	EXP 	Created wth_think_instr = TextStim(__class__=<class 'psychopy.visual.text.TextStim'>, alignHoriz=method-wrapper(...), alignText='center', alignVert=method-wrapper(...), anchorHoriz='center', anchorVert='center', antialias=True, autoDraw=False, autoLog=True, bold=False, color=array([-1, -1, -1]), colorSpace='rgb', contrast=1.0, depth=-2.0, flipHoriz=False, flipVert=False, font='Arial', fontFiles=[], height=0.07, italic=False, languageStyle='LTR', name='wth_think_instr', opacity=1.0, ori=0.0, pos=array([0. , 0.3]), rgb=UNKNOWN, text='자유롭게 생각하세요.', units='height', win=Window(...), wrapWidth=1)
15.8992 	EXP 	Created wth_think_cross = ShapeStim(__class__=<class 'psychopy.visual.shape.ShapeStim'>, anchor=('center', 'center'), autoDraw=False, autoLog=True, closeShape=True, color=method-wrapper(...), colorSpace='rgb', contrast=None, depth=-3.0, fillColor=array([-1, -1, -1]), fillColorSpace='rgb', fillRGB=array([-1, -1, -1]), interpolate=True, lineColor=array([-1, -1, -1]), lineColorSpace='rgb', lineRGB=array([-1, -1, -1]), lineWidth=0.1, name='wth_think_cross', opacity=1.0, ori=0.0, pos=array([0., 0.]), size=array([0.07, 0.07]), units='height', vertices=ndarray(...), win=Window(...), windingRule=None)
16.4844 	EXP 	Created wth_background_2 = ImageStim(__class__=<class 'psychopy.visual.image.ImageStim'>, anchor=('center', 'center'), autoLog=True, color=array([1, 1, 1]), colorSpace='rgb', contrast=1.0, depth=0.0, flipHoriz=False, flipVert=False, image=str(...), interpolate=True, mask=None, maskParams=None, name='wth_background_2', opacity=1.0, ori=0.0, pos=array([0., 0.]), size=array([2., 1.]), texRes=128.0, units='height', win=Window(...))
16.5088 	EXP 	Created wth_word_instr = TextStim(__class__=<class 'psychopy.visual.text.TextStim'>, alignHoriz=method-wrapper(...), alignText='center', alignVert=method-wrapper(...), anchorHoriz='center', anchorVert='center', antialias=True, autoDraw=False, autoLog=True, bold=False, color=array([-1, -1, -1]), colorSpace='rgb', contrast=1.0, depth=-1.0, flipHoriz=False, flipVert=False, font='Arial', fontFiles=[], height=0.05, italic=False, languageStyle='LTR', name='wth_word_instr', opacity=1.0, ori=0.0, pos=array([0.  , 0.25]), rgb=UNKNOWN, text=str(...), units='height', win=Window(...), wrapWidth=1)
16.5212 	EXP 	window1: mouseVisible = True
17.0990 	EXP 	Created wth_background_3 = ImageStim(__class__=<class 'psychopy.visual.image.ImageStim'>, anchor=('center', 'center'), autoLog=True, color=array([1, 1, 1]), colorSpace='rgb', contrast=1.0, depth=0.0, flipHoriz=False, flipVert=False, image=str(...), interpolate=True, mask=None, maskParams=None, name='wth_background_3', opacity=1.0, ori=0.0, pos=array([0., 0.]), size=array([2., 1.]), texRes=128.0, units='height', win=Window(...))
17.1005 	EXP 	Created wth_word_typed = TextStim(__class__=<class 'psychopy.visual.text.TextStim'>, alignHoriz=method-wrapper(...), alignText='center', alignVert=method-wrapper(...), anchorHoriz='center', anchorVert='center', antialias=True, autoDraw=False, autoLog=True, bold=False, color=array([-1, -1, -1]), colorSpace='rgb', contrast=1.0, depth=-1.0, flipHoriz=False, flipVert=False, font='Arial', fontFiles=[], height=0.1, italic=False, languageStyle='LTR', name='wth_word_typed', opacity=1.0, ori=0.0, pos=array([0. , 0.2]), rgb=UNKNOWN, text='', units='height', win=Window(...), wrapWidth=1)
17.1020 	EXP 	window1: mouseVisible = True
17.1352 	EXP 	Created wth_valence_rating = Slider(__class__=<class 'psychopy.visual.slider.Slider'>, autoDraw=False, autoLog=True, borderColor=None, color=None, colorSpace='rgb', depth=-2, fillColor=None, flip=False, font='Noto Sans KR', granularity=0.0, labelColor=None, labelHeight=0.03, labelWrapWidth=None, labels=('부정', '중립', '긍정'), lineColor=None, markerColor=None, name='wth_valence_rating', opacity=None, ori=0.0, pos=array([-0.5, -0.1]), readOnly=False, self=UNKNOWN, size=array([0.45, 0.05]), startValue=None, style='rating', styleTweaks=[], ticks=array([-1,  0,  1]), units='height', win=Window(...))
17.1458 	EXP 	Created wth_valence_txt = TextStim(__class__=<class 'psychopy.visual.text.TextStim'>, alignHoriz=method-wrapper(...), alignText='center', alignVert=method-wrapper(...), anchorHoriz='center', anchorVert='center', antialias=True, autoDraw=False, autoLog=True, bold=False, color=array([-1, -1, -1]), colorSpace='rgb', contrast=1.0, depth=-3.0, flipHoriz=False, flipVert=False, font='Arial', fontFiles=[], height=0.04, italic=False, languageStyle='LTR', name='wth_valence_txt', opacity=1.0, ori=0.0, pos=array([-0.5 , -0.02]), rgb=UNKNOWN, text='단어에서 느껴지는 감정', units='height', win=Window(...), wrapWidth=1)
17.1524 	EXP 	Created wth_self_txt = TextStim(__class__=<class 'psychopy.visual.text.TextStim'>, alignHoriz=method-wrapper(...), alignText='center', alignVert=method-wrapper(...), anchorHoriz='center', anchorVert='center', antialias=True, autoDraw=False, autoLog=True, bold=False, color=array([-1, -1, -1]), colorSpace='rgb', contrast=1.0, depth=-4.0, flipHoriz=False, flipVert=False, font='Arial', fontFiles=[], height=0.04, italic=False, languageStyle='LTR', name='wth_self_txt', opacity=1.0, ori=0.0, pos=array([ 0.4 , -0.02]), rgb=UNKNOWN, text='단어가 자신과 관련이 있는 정도', units='height', win=Window(...), wrapWidth=1)
17.1539 	EXP 	window1: mouseVisible = True
17.1750 	EXP 	Created wth_self_rating = Slider(__class__=<class 'psychopy.visual.slider.Slider'>, autoDraw=False, autoLog=True, borderColor=None, color=None, colorSpace='rgb', depth=-5, fillColor=None, flip=False, font='Noto Sans KR', granularity=0.0, labelColor=None, labelHeight=0.03, labelWrapWidth=None, labels=('전혀 나와 관련이 없음', '나와 관련이 매우 많음'), lineColor=None, markerColor=None, name='wth_self_rating', opacity=None, ori=0.0, pos=array([ 0.4, -0.1]), readOnly=False, self=UNKNOWN, size=array([0.45, 0.05]), startValue=None, style='rating', styleTweaks=[], ticks=array([0, 1]), units='height', win=Window(...))
17.1792 	EXP 	window1: mouseVisible = True
17.1886 	EXP 	Created exp_end_back = ImageStim(__class__=<class 'psychopy.visual.image.ImageStim'>, anchor=('center', 'center'), autoLog=True, color=array([1, 1, 1]), colorSpace='rgb', contrast=1.0, depth=-1.0, flipHoriz=False, flipVert=False, image='pics/blank.png', interpolate=True, mask=None, maskParams=None, name='exp_end_back', opacity=1.0, ori=0.0, pos=array([0., 0.]), size=array([3., 1.]), texRes=128.0, units='height', win=Window(...))
17.2277 	EXP 	Created exp_end_text = TextStim(__class__=<class 'psychopy.visual.text.TextStim'>, alignHoriz=method-wrapper(...), alignText='center', alignVert=method-wrapper(...), anchorHoriz='center', anchorVert='center', antialias=True, autoDraw=False, autoLog=True, bold=False, color=array([-1, -1, -1]), colorSpace='rgb', contrast=1.0, depth=-2.0, flipHoriz=False, flipVert=False, font='Noto Sans KR', fontFiles=[], height=0.04, italic=False, languageStyle='LTR', name='exp_end_text', opacity=1.0, ori=0.0, pos=array([0., 0.]), rgb=UNKNOWN, text=str(...), units='height', win=Window(...), wrapWidth=1)
17.2401 	EXP 	Created total_end_text = TextStim(__class__=<class 'psychopy.visual.text.TextStim'>, alignHoriz=method-wrapper(...), alignText='center', alignVert=method-wrapper(...), anchorHoriz='center', anchorVert='center', antialias=True, autoDraw=False, autoLog=True, bold=False, color=array([1, 1, 1]), colorSpace='rgb', contrast=1.0, depth=0.0, flipHoriz=False, flipVert=False, font='Arial', fontFiles=[], height=0.04, italic=False, languageStyle='LTR', name='total_end_text', opacity=1.0, ori=0.0, pos=array([0., 0.]), rgb=UNKNOWN, text='참여해주셔서 감사합니다.\n자동으로 종료됩니다.', units='height', win=Window(...), wrapWidth=1)
17.2625 	EXP 	wth_movie: autoLog = True
17.2625 	EXP 	wth_movie: movie = 'ins/weather_intro.mp4'
17.2625 	EXP 	wth_movie: ori = 0.0
17.2625 	EXP 	wth_valence_rating_2: autoLog = True
17.2625 	EXP 	wth_valence_rating_2: markerPos = None
17.2625 	EXP 	wth_valence_rating_2: styleTweaks = []
17.2625 	EXP 	wth_valence_rating_2: styleTweaks = []
17.2625 	EXP 	wth_valence_rating_2: styleTweaks = []
17.2625 	EXP 	wth_valence_rating_2: styleTweaks = []
17.2625 	EXP 	wth_valence_rating_2: contrast = 1.0
17.2625 	EXP 	wth_valence_rating_2: autoLog = True
17.2625 	EXP 	wth_self_rating_2: autoLog = True
17.2625 	EXP 	wth_self_rating_2: markerPos = None
17.2625 	EXP 	wth_self_rating_2: styleTweaks = []
17.2625 	EXP 	wth_self_rating_2: styleTweaks = []
17.2625 	EXP 	wth_self_rating_2: styleTweaks = []
17.2625 	EXP 	wth_self_rating_2: styleTweaks = []
17.2625 	EXP 	wth_self_rating_2: contrast = 1.0
17.2625 	EXP 	wth_self_rating_2: autoLog = True
17.2625 	EXP 	wth_valence_rating: autoLog = True
17.2625 	EXP 	wth_valence_rating: markerPos = None
17.2625 	EXP 	wth_valence_rating: styleTweaks = []
17.2625 	EXP 	wth_valence_rating: styleTweaks = []
17.2625 	EXP 	wth_valence_rating: styleTweaks = []
17.2625 	EXP 	wth_valence_rating: styleTweaks = []
17.2625 	EXP 	wth_valence_rating: contrast = 1.0
17.2625 	EXP 	wth_valence_rating: autoLog = True
17.2625 	EXP 	wth_self_rating: autoLog = True
17.2625 	EXP 	wth_self_rating: markerPos = None
17.2625 	EXP 	wth_self_rating: styleTweaks = []
17.2625 	EXP 	wth_self_rating: styleTweaks = []
17.2625 	EXP 	wth_self_rating: styleTweaks = []
17.2625 	EXP 	wth_self_rating: styleTweaks = []
17.2625 	EXP 	wth_self_rating: contrast = 1.0
17.2625 	EXP 	wth_self_rating: autoLog = True
17.2625 	EXP 	image: autoDraw = True
18.0305 	EXP 	Created sequence: random, trialTypes=1, nReps=1, seed=None
18.0306 	EXP 	New trial (rep=0, index=0): None
18.0313 	DATA 	Keypress: space
18.0445 	EXP 	image: autoDraw = False
20.0456 	EXP 	wth_movie: autoDraw = True
20.0456 	EXP 	text: autoDraw = True
20.8338 	DATA 	Keypress: space
20.8466 	EXP 	Created sequence: sequential, trialTypes=1, nReps=10, seed=None
20.8468 	EXP 	New trial (rep=0, index=0): None
20.9291 	EXP 	wth_movie: autoDraw = False
20.9291 	EXP 	text: autoDraw = False
20.9291 	EXP 	wth_background_inst: autoDraw = True
21.8461 	EXP 	wth_text: autoDraw = True
23.8462 	EXP 	wth_text: autoDraw = False
25.9129 	EXP 	window1: mouseVisible = False
25.9448 	EXP 	wth_background_inst: autoDraw = False
25.9448 	EXP 	wth_background_inst: autoDraw = False
25.9448 	EXP 	wth_text: autoDraw = False
25.9448 	EXP 	wth_background_6: autoDraw = True
25.9448 	EXP 	wth_think_instr_2: autoDraw = True
25.9448 	EXP 	wth_think_cross_2: autoDraw = True
30.9291 	EXP 	window1: mouseVisible = True
30.9292 	EXP 	window1: mouseVisible = True
30.9610 	EXP 	wth_background_6: autoDraw = False
30.9610 	EXP 	wth_think_instr_2: autoDraw = False
30.9610 	EXP 	wth_think_cross_2: autoDraw = False
30.9610 	EXP 	wth_background_6: autoDraw = False
30.9610 	EXP 	wth_think_instr_2: autoDraw = False
30.9610 	EXP 	wth_think_cross_2: autoDraw = False
30.9610 	EXP 	image_2: autoDraw = True
30.9610 	EXP 	wth_word_instr_4: autoDraw = True
36.4087 	EXP 	image_2: autoDraw = False
36.4087 	EXP 	wth_word_instr_4: autoDraw = False
36.4087 	EXP 	wth_word_typed_2: height = 0.07
36.4087 	EXP 	wth_word_typed_2: height = 0.07
36.4087 	EXP 	wth_word_typed_2: height = 0.07
36.4087 	EXP 	wth_word_typed_2: text = 'jklj'
36.4087 	EXP 	wth_valence_rating_2: markerPos = None
36.4087 	EXP 	wth_valence_rating_2: markerPos = None
36.4087 	EXP 	wth_self_rating_2: markerPos = None
36.4087 	EXP 	wth_self_rating_2: markerPos = None
36.4087 	EXP 	wth_background_7: autoDraw = True
36.4087 	EXP 	wth_word_typed_2: autoDraw = True
36.4087 	EXP 	wth_valence_rating_2: autoDraw = True
36.4087 	EXP 	wth_valence_txt_2: autoDraw = True
36.4087 	EXP 	wth_self_txt_2: autoDraw = True
36.4087 	EXP 	wth_self_rating_2: autoDraw = True
39.6608 	DATA 	Mouse: Left button down, pos=(1467,437)
39.6752 	EXP 	wth_self_rating_2: markerPos = 0.4320987654320988
39.6918 	EXP 	wth_self_rating_2: markerPos = 0.4320987654320988
39.7083 	EXP 	wth_self_rating_2: markerPos = 0.4320987654320988
39.7250 	EXP 	wth_self_rating_2: markerPos = 0.4320987654320988
39.7420 	EXP 	wth_self_rating_2: markerPos = 0.4320987654320988
39.7583 	EXP 	wth_self_rating_2: markerPos = 0.4320987654320988
39.7752 	EXP 	wth_self_rating_2: markerPos = 0.4320987654320988
39.7920 	EXP 	wth_self_rating_2: markerPos = 0.4320987654320988
39.8082 	EXP 	wth_self_rating_2: markerPos = 0.4320987654320988
39.8252 	EXP 	wth_self_rating_2: markerPos = 0.4320987654320988
39.8414 	EXP 	wth_self_rating_2: markerPos = 0.4320987654320988
39.8586 	EXP 	wth_self_rating_2: markerPos = 0.4320987654320988
39.8754 	EXP 	wth_self_rating_2: markerPos = 0.4320987654320988
39.8917 	EXP 	wth_self_rating_2: markerPos = 0.4320987654320988
39.9085 	EXP 	wth_self_rating_2: markerPos = 0.4320987654320988
39.9252 	EXP 	wth_self_rating_2: markerPos = 0.4320987654320988
39.9420 	EXP 	wth_self_rating_2: markerPos = 0.4320987654320988
39.9585 	EXP 	wth_self_rating_2: markerPos = 0.4320987654320988
39.9754 	EXP 	wth_self_rating_2: markerPos = 0.4320987654320988
39.9920 	EXP 	wth_self_rating_2: markerPos = 0.448559670781893
40.0083 	EXP 	wth_self_rating_2: markerPos = 0.4773662551440329
40.0412 	EXP 	wth_self_rating_2: markerPos = 0.49588477366255146
40.0586 	EXP 	wth_self_rating_2: markerPos = 0.5452674897119342
40.0749 	EXP 	wth_self_rating_2: markerPos = 0.5617283950617284
40.0918 	EXP 	wth_self_rating_2: markerPos = 0.5823045267489715
40.1086 	EXP 	wth_self_rating_2: markerPos = 0.5967078189300412
40.1252 	EXP 	wth_self_rating_2: markerPos = 0.6090534979423868
40.1419 	EXP 	wth_self_rating_2: markerPos = 0.631687242798354
40.1586 	EXP 	wth_self_rating_2: markerPos = 0.6460905349794239
40.1750 	EXP 	wth_self_rating_2: markerPos = 0.6646090534979424
40.2076 	EXP 	wth_self_rating_2: markerPos = 0.676954732510288
40.2251 	EXP 	wth_self_rating_2: markerPos = 0.691358024691358
40.2418 	EXP 	wth_self_rating_2: markerPos = 0.6954732510288064
40.2745 	EXP 	wth_self_rating_2: markerPos = 0.7016460905349794
40.2920 	EXP 	wth_self_rating_2: markerPos = 0.7098765432098766
40.3087 	EXP 	wth_self_rating_2: markerPos = 0.7119341563786008
40.3251 	EXP 	wth_self_rating_2: markerPos = 0.7139917695473251
40.3414 	EXP 	wth_self_rating_2: markerPos = 0.7139917695473251
40.3586 	EXP 	wth_self_rating_2: markerPos = 0.7139917695473251
40.3911 	EXP 	wth_self_rating_2: markerPos = 0.7139917695473251
40.4084 	EXP 	wth_self_rating_2: markerPos = 0.7139917695473251
40.4252 	EXP 	wth_self_rating_2: markerPos = 0.7139917695473251
40.4421 	EXP 	wth_self_rating_2: markerPos = 0.7139917695473251
40.4585 	EXP 	wth_self_rating_2: markerPos = 0.7139917695473251
40.4755 	EXP 	wth_self_rating_2: markerPos = 0.7139917695473251
40.4916 	EXP 	wth_self_rating_2: markerPos = 0.7139917695473251
40.5085 	EXP 	wth_self_rating_2: markerPos = 0.7139917695473251
40.5253 	EXP 	wth_self_rating_2: markerPos = 0.7139917695473251
40.5418 	EXP 	wth_self_rating_2: markerPos = 0.7139917695473251
40.5585 	EXP 	wth_self_rating_2: markerPos = 0.7139917695473251
40.5748 	EXP 	wth_self_rating_2: markerPos = 0.7139917695473251
40.5917 	EXP 	wth_self_rating_2: markerPos = 0.7139917695473251
40.6084 	EXP 	wth_self_rating_2: markerPos = 0.7139917695473251
40.6254 	EXP 	wth_self_rating_2: markerPos = 0.7139917695473251
40.6418 	EXP 	wth_self_rating_2: markerPos = 0.7098765432098766
40.6586 	EXP 	wth_self_rating_2: markerPos = 0.6934156378600823
40.6750 	EXP 	wth_self_rating_2: markerPos = 0.676954732510288
40.6916 	EXP 	wth_self_rating_2: markerPos = 0.6440329218106996
40.7245 	EXP 	wth_self_rating_2: markerPos = 0.6275720164609055
40.7418 	EXP 	wth_self_rating_2: markerPos = 0.5925925925925926
40.7582 	EXP 	wth_self_rating_2: markerPos = 0.5802469135802469
40.7749 	EXP 	wth_self_rating_2: markerPos = 0.5720164609053497
40.7918 	EXP 	wth_self_rating_2: markerPos = 0.5679012345679012
40.8083 	EXP 	wth_self_rating_2: markerPos = 0.565843621399177
40.8251 	EXP 	wth_self_rating_2: markerPos = 0.5637860082304527
40.8419 	EXP 	wth_self_rating_2: markerPos = 0.5637860082304527
40.8582 	EXP 	wth_self_rating_2: markerPos = 0.5637860082304527
40.8751 	EXP 	wth_self_rating_2: markerPos = 0.5637860082304527
40.8915 	EXP 	wth_self_rating_2: markerPos = 0.5617283950617284
40.9085 	EXP 	wth_self_rating_2: markerPos = 0.5576131687242798
40.9408 	EXP 	wth_self_rating_2: markerPos = 0.551440329218107
40.9585 	EXP 	wth_self_rating_2: markerPos = 0.5308641975308642
40.9751 	EXP 	wth_self_rating_2: markerPos = 0.5082304526748971
40.9916 	EXP 	wth_self_rating_2: markerPos = 0.49382716049382713
41.0082 	EXP 	wth_self_rating_2: markerPos = 0.4773662551440329
41.0252 	EXP 	wth_self_rating_2: markerPos = 0.448559670781893
41.0416 	EXP 	wth_self_rating_2: markerPos = 0.4279835390946502
41.0584 	EXP 	wth_self_rating_2: markerPos = 0.3991769547325103
41.0748 	EXP 	wth_self_rating_2: markerPos = 0.3868312757201646
41.0917 	EXP 	wth_self_rating_2: markerPos = 0.3765432098765432
41.1086 	EXP 	wth_self_rating_2: markerPos = 0.3580246913580247
41.1252 	EXP 	wth_self_rating_2: markerPos = 0.345679012345679
41.1416 	EXP 	wth_self_rating_2: markerPos = 0.33127572016460904
41.1585 	EXP 	wth_self_rating_2: markerPos = 0.32304526748971196
41.1749 	EXP 	wth_self_rating_2: markerPos = 0.3168724279835391
41.1918 	EXP 	wth_self_rating_2: markerPos = 0.31275720164609055
41.2084 	EXP 	wth_self_rating_2: markerPos = 0.31069958847736623
41.2250 	EXP 	wth_self_rating_2: markerPos = 0.30864197530864185
41.2417 	EXP 	wth_self_rating_2: markerPos = 0.30864197530864185
41.2582 	EXP 	wth_self_rating_2: markerPos = 0.30864197530864185
41.2751 	EXP 	wth_self_rating_2: markerPos = 0.30864197530864185
41.2917 	EXP 	wth_self_rating_2: markerPos = 0.30864197530864185
41.3082 	EXP 	wth_self_rating_2: markerPos = 0.30864197530864185
41.3251 	EXP 	wth_self_rating_2: markerPos = 0.30864197530864185
41.3418 	EXP 	wth_self_rating_2: markerPos = 0.30864197530864185
41.3583 	EXP 	wth_self_rating_2: markerPos = 0.30864197530864185
41.3749 	EXP 	wth_self_rating_2: markerPos = 0.30864197530864185
41.3914 	EXP 	wth_self_rating_2: markerPos = 0.30864197530864185
41.4245 	EXP 	wth_self_rating_2: markerPos = 0.30864197530864185
41.4576 	EXP 	wth_self_rating_2: markerPos = 0.30864197530864185
41.4750 	EXP 	wth_self_rating_2: markerPos = 0.30864197530864185
41.4916 	EXP 	wth_self_rating_2: markerPos = 0.30864197530864185
41.5084 	EXP 	wth_self_rating_2: markerPos = 0.31069958847736623
41.5247 	EXP 	wth_self_rating_2: markerPos = 0.31069958847736623
41.5416 	EXP 	wth_self_rating_2: markerPos = 0.31069958847736623
41.5584 	EXP 	wth_self_rating_2: markerPos = 0.31069958847736623
41.5749 	EXP 	wth_self_rating_2: markerPos = 0.31069958847736623
41.5917 	EXP 	wth_self_rating_2: markerPos = 0.31275720164609055
41.6088 	EXP 	wth_self_rating_2: markerPos = 0.3148148148148148
41.6248 	EXP 	wth_self_rating_2: markerPos = 0.3168724279835391
41.6417 	EXP 	wth_self_rating_2: markerPos = 0.3168724279835391
41.6580 	EXP 	wth_self_rating_2: markerPos = 0.32098765432098764
41.6750 	EXP 	wth_self_rating_2: markerPos = 0.32304526748971196
41.6916 	EXP 	wth_self_rating_2: markerPos = 0.32304526748971196
41.7080 	EXP 	wth_self_rating_2: markerPos = 0.3271604938271605
41.7249 	EXP 	wth_self_rating_2: markerPos = 0.3271604938271605
41.7416 	EXP 	wth_self_rating_2: markerPos = 0.3271604938271605
41.7584 	EXP 	wth_self_rating_2: markerPos = 0.3271604938271605
41.7749 	EXP 	wth_self_rating_2: markerPos = 0.3271604938271605
41.7913 	EXP 	wth_self_rating_2: markerPos = 0.3271604938271605
41.8081 	EXP 	wth_self_rating_2: markerPos = 0.3292181069958848
41.8247 	EXP 	wth_self_rating_2: markerPos = 0.3292181069958848
41.8413 	EXP 	wth_self_rating_2: markerPos = 0.3292181069958848
41.8582 	EXP 	wth_self_rating_2: markerPos = 0.3292181069958848
41.8751 	EXP 	wth_self_rating_2: markerPos = 0.3292181069958848
41.8919 	EXP 	wth_self_rating_2: markerPos = 0.3292181069958848
41.9084 	EXP 	wth_self_rating_2: markerPos = 0.3292181069958848
41.9250 	EXP 	wth_self_rating_2: markerPos = 0.3292181069958848
41.9414 	EXP 	wth_self_rating_2: markerPos = 0.3292181069958848
41.9583 	EXP 	wth_self_rating_2: markerPos = 0.3292181069958848
41.9750 	EXP 	wth_self_rating_2: markerPos = 0.3292181069958848
41.9915 	EXP 	wth_self_rating_2: markerPos = 0.3292181069958848
42.0086 	EXP 	wth_self_rating_2: markerPos = 0.3292181069958848
42.0245 	EXP 	wth_self_rating_2: markerPos = 0.3292181069958848
42.0416 	EXP 	wth_self_rating_2: markerPos = 0.3292181069958848
42.0583 	EXP 	wth_self_rating_2: markerPos = 0.3292181069958848
42.0751 	EXP 	wth_self_rating_2: markerPos = 0.3292181069958848
42.0913 	EXP 	wth_self_rating_2: markerPos = 0.3292181069958848
42.1084 	EXP 	wth_self_rating_2: markerPos = 0.3292181069958848
42.1251 	EXP 	wth_self_rating_2: markerPos = 0.3292181069958848
42.1416 	EXP 	wth_self_rating_2: markerPos = 0.3292181069958848
42.1584 	EXP 	wth_self_rating_2: markerPos = 0.3292181069958848
42.1748 	EXP 	wth_self_rating_2: markerPos = 0.3292181069958848
42.1916 	EXP 	wth_self_rating_2: markerPos = 0.3292181069958848
42.2081 	EXP 	wth_self_rating_2: markerPos = 0.3292181069958848
42.2248 	EXP 	wth_self_rating_2: markerPos = 0.3292181069958848
42.2416 	EXP 	wth_self_rating_2: markerPos = 0.3292181069958848
42.2580 	EXP 	wth_self_rating_2: markerPos = 0.3292181069958848
42.2749 	EXP 	wth_self_rating_2: markerPos = 0.3292181069958848
42.2917 	EXP 	wth_self_rating_2: markerPos = 0.3292181069958848
42.3081 	EXP 	wth_self_rating_2: markerPos = 0.3292181069958848
42.3249 	EXP 	wth_self_rating_2: markerPos = 0.3292181069958848
42.3412 	EXP 	wth_self_rating_2: markerPos = 0.3292181069958848
42.3583 	EXP 	wth_self_rating_2: markerPos = 0.3292181069958848
42.3750 	EXP 	wth_self_rating_2: markerPos = 0.3292181069958848
42.3913 	EXP 	wth_self_rating_2: markerPos = 0.3292181069958848
42.4082 	EXP 	wth_self_rating_2: markerPos = 0.3292181069958848
42.4249 	EXP 	wth_self_rating_2: markerPos = 0.3292181069958848
42.4417 	EXP 	wth_self_rating_2: markerPos = 0.3292181069958848
42.4583 	EXP 	wth_self_rating_2: markerPos = 0.3292181069958848
42.4750 	EXP 	wth_self_rating_2: markerPos = 0.3292181069958848
42.4917 	EXP 	wth_self_rating_2: markerPos = 0.3292181069958848
42.5083 	EXP 	wth_self_rating_2: markerPos = 0.3292181069958848
42.5247 	EXP 	wth_self_rating_2: markerPos = 0.3292181069958848
42.5415 	EXP 	wth_self_rating_2: markerPos = 0.3292181069958848
42.5583 	EXP 	wth_self_rating_2: markerPos = 0.3292181069958848
42.5747 	EXP 	wth_self_rating_2: markerPos = 0.3292181069958848
42.5915 	EXP 	wth_self_rating_2: markerPos = 0.3292181069958848
42.6082 	EXP 	wth_self_rating_2: markerPos = 0.3292181069958848
42.6247 	EXP 	wth_self_rating_2: markerPos = 0.3292181069958848
42.6416 	EXP 	wth_self_rating_2: markerPos = 0.3292181069958848
42.6579 	EXP 	wth_self_rating_2: markerPos = 0.3292181069958848
42.6747 	EXP 	wth_self_rating_2: markerPos = 0.3292181069958848
42.6919 	EXP 	wth_self_rating_2: markerPos = 0.3292181069958848
42.7078 	EXP 	wth_self_rating_2: markerPos = 0.3292181069958848
42.7248 	EXP 	wth_self_rating_2: markerPos = 0.3292181069958848
42.7416 	EXP 	wth_self_rating_2: markerPos = 0.3292181069958848
42.7583 	EXP 	wth_self_rating_2: markerPos = 0.3292181069958848
42.7748 	EXP 	wth_self_rating_2: markerPos = 0.3292181069958848
42.7917 	EXP 	wth_self_rating_2: markerPos = 0.3292181069958848
42.8083 	EXP 	wth_self_rating_2: markerPos = 0.3292181069958848
42.8248 	EXP 	wth_self_rating_2: markerPos = 0.3292181069958848
42.8412 	EXP 	wth_self_rating_2: markerPos = 0.3292181069958848
42.8581 	EXP 	wth_self_rating_2: markerPos = 0.3292181069958848
42.8752 	EXP 	wth_self_rating_2: markerPos = 0.3292181069958848
42.8912 	EXP 	wth_self_rating_2: markerPos = 0.3292181069958848
42.9081 	EXP 	wth_self_rating_2: markerPos = 0.3292181069958848
42.9249 	EXP 	wth_self_rating_2: markerPos = 0.3292181069958848
42.9414 	EXP 	wth_self_rating_2: markerPos = 0.3292181069958848
42.9581 	EXP 	wth_self_rating_2: markerPos = 0.3292181069958848
42.9748 	EXP 	wth_self_rating_2: markerPos = 0.3292181069958848
42.9913 	EXP 	wth_self_rating_2: markerPos = 0.3292181069958848
43.0083 	EXP 	wth_self_rating_2: markerPos = 0.3292181069958848
43.0246 	EXP 	wth_self_rating_2: markerPos = 0.3292181069958848
43.0415 	EXP 	wth_self_rating_2: markerPos = 0.3292181069958848
43.0582 	EXP 	wth_self_rating_2: markerPos = 0.3292181069958848
43.0745 	EXP 	wth_self_rating_2: markerPos = 0.3292181069958848
43.0915 	EXP 	wth_self_rating_2: markerPos = 0.3292181069958848
43.1081 	EXP 	wth_self_rating_2: markerPos = 0.3292181069958848
43.1250 	EXP 	wth_self_rating_2: markerPos = 0.3292181069958848
43.1415 	EXP 	wth_self_rating_2: markerPos = 0.3292181069958848
43.1577 	EXP 	wth_self_rating_2: markerPos = 0.33333333333333337
43.1749 	EXP 	wth_self_rating_2: markerPos = 0.345679012345679
43.1915 	EXP 	wth_self_rating_2: markerPos = 0.36419753086419754
43.2080 	EXP 	wth_self_rating_2: markerPos = 0.40329218106995884
43.2249 	EXP 	wth_self_rating_2: markerPos = 0.4320987654320988
43.2574 	EXP 	wth_self_rating_2: markerPos = 0.4732510288065844
43.2746 	EXP 	wth_self_rating_2: markerPos = 0.51440329218107
43.2911 	EXP 	wth_self_rating_2: markerPos = 0.5308641975308642
43.3079 	EXP 	wth_self_rating_2: markerPos = 0.5390946502057613
43.3249 	EXP 	wth_self_rating_2: markerPos = 0.5493827160493827
43.3416 	EXP 	wth_self_rating_2: markerPos = 0.551440329218107
43.3579 	EXP 	wth_self_rating_2: markerPos = 0.551440329218107
43.3744 	EXP 	wth_self_rating_2: markerPos = 0.5534979423868313
43.3912 	EXP 	wth_self_rating_2: markerPos = 0.5534979423868313
43.4081 	EXP 	wth_self_rating_2: markerPos = 0.5534979423868313
43.4248 	EXP 	wth_self_rating_2: markerPos = 0.5534979423868313
43.4411 	EXP 	wth_self_rating_2: markerPos = 0.5534979423868313
43.4579 	EXP 	wth_self_rating_2: markerPos = 0.5534979423868313
43.4744 	EXP 	wth_self_rating_2: markerPos = 0.5534979423868313
43.4914 	EXP 	wth_self_rating_2: markerPos = 0.5534979423868313
43.5083 	EXP 	wth_self_rating_2: markerPos = 0.5555555555555556
43.5246 	EXP 	wth_self_rating_2: markerPos = 0.5555555555555556
43.5415 	EXP 	wth_self_rating_2: markerPos = 0.5555555555555556
43.5583 	EXP 	wth_self_rating_2: markerPos = 0.5555555555555556
43.5744 	EXP 	wth_self_rating_2: markerPos = 0.5555555555555556
43.5914 	EXP 	wth_self_rating_2: markerPos = 0.5555555555555556
43.6077 	EXP 	wth_self_rating_2: markerPos = 0.5555555555555556
43.6249 	EXP 	wth_self_rating_2: markerPos = 0.5555555555555556
43.6414 	EXP 	wth_self_rating_2: markerPos = 0.5555555555555556
43.6581 	EXP 	wth_self_rating_2: markerPos = 0.5555555555555556
43.6747 	EXP 	wth_self_rating_2: markerPos = 0.5555555555555556
43.6914 	EXP 	wth_self_rating_2: markerPos = 0.5555555555555556
43.7078 	EXP 	wth_self_rating_2: markerPos = 0.5555555555555556
43.7247 	EXP 	wth_self_rating_2: markerPos = 0.5555555555555556
43.7415 	EXP 	wth_self_rating_2: markerPos = 0.5555555555555556
43.7579 	EXP 	wth_self_rating_2: markerPos = 0.5555555555555556
43.7747 	EXP 	wth_self_rating_2: markerPos = 0.5555555555555556
43.7910 	EXP 	wth_self_rating_2: markerPos = 0.5555555555555556
43.8079 	EXP 	wth_self_rating_2: markerPos = 0.5555555555555556
43.8247 	EXP 	wth_self_rating_2: markerPos = 0.5555555555555556
43.8411 	EXP 	wth_self_rating_2: markerPos = 0.5555555555555556
43.8581 	EXP 	wth_self_rating_2: markerPos = 0.5555555555555556
43.8747 	EXP 	wth_self_rating_2: markerPos = 0.5555555555555556
43.8912 	EXP 	wth_self_rating_2: markerPos = 0.5555555555555556
43.9080 	EXP 	wth_self_rating_2: markerPos = 0.5555555555555556
43.9248 	EXP 	wth_self_rating_2: markerPos = 0.5555555555555556
43.9415 	EXP 	wth_self_rating_2: markerPos = 0.5555555555555556
43.9580 	EXP 	wth_self_rating_2: markerPos = 0.5555555555555556
43.9905 	EXP 	wth_self_rating_2: markerPos = 0.5555555555555556
44.0242 	EXP 	wth_self_rating_2: markerPos = 0.5555555555555556
44.0414 	EXP 	wth_self_rating_2: markerPos = 0.5555555555555556
44.0583 	EXP 	wth_self_rating_2: markerPos = 0.5555555555555556
44.0745 	EXP 	wth_self_rating_2: markerPos = 0.5555555555555556
44.0914 	EXP 	wth_self_rating_2: markerPos = 0.5555555555555556
44.1081 	EXP 	wth_self_rating_2: markerPos = 0.5555555555555556
44.1245 	EXP 	wth_self_rating_2: markerPos = 0.5555555555555556
44.1413 	EXP 	wth_self_rating_2: markerPos = 0.5555555555555556
44.1577 	EXP 	wth_self_rating_2: markerPos = 0.5555555555555556
44.1747 	EXP 	wth_self_rating_2: markerPos = 0.5555555555555556
44.1914 	EXP 	wth_self_rating_2: markerPos = 0.5555555555555556
44.2081 	EXP 	wth_self_rating_2: markerPos = 0.5555555555555556
44.2246 	EXP 	wth_self_rating_2: markerPos = 0.5555555555555556
44.2414 	EXP 	wth_self_rating_2: markerPos = 0.5555555555555556
44.2578 	EXP 	wth_self_rating_2: markerPos = 0.5534979423868313
44.2747 	EXP 	wth_self_rating_2: markerPos = 0.5534979423868313
44.3073 	EXP 	wth_self_rating_2: markerPos = 0.5534979423868313
44.3247 	EXP 	wth_self_rating_2: markerPos = 0.5473251028806584
44.3572 	EXP 	wth_self_rating_2: markerPos = 0.537037037037037
44.3748 	EXP 	wth_self_rating_2: markerPos = 0.49382716049382713
44.3912 	EXP 	wth_self_rating_2: markerPos = 0.4732510288065844
44.4080 	EXP 	wth_self_rating_2: markerPos = 0.4444444444444444
44.4247 	EXP 	wth_self_rating_2: markerPos = 0.42386831275720166
44.4411 	EXP 	wth_self_rating_2: markerPos = 0.3991769547325103
44.4738 	EXP 	wth_self_rating_2: markerPos = 0.3847736625514403
44.5074 	EXP 	wth_self_rating_2: markerPos = 0.3559670781893004
44.5244 	EXP 	wth_self_rating_2: markerPos = 0.3353909465020576
44.5414 	EXP 	wth_self_rating_2: markerPos = 0.33127572016460904
44.5575 	EXP 	wth_self_rating_2: markerPos = 0.3251028806584362
44.5745 	EXP 	wth_self_rating_2: markerPos = 0.32098765432098764
44.5912 	EXP 	wth_self_rating_2: markerPos = 0.3168724279835391
44.6076 	EXP 	wth_self_rating_2: markerPos = 0.31069958847736623
44.6245 	EXP 	wth_self_rating_2: markerPos = 0.3045267489711934
44.6411 	EXP 	wth_self_rating_2: markerPos = 0.30246913580246915
44.6738 	EXP 	wth_self_rating_2: markerPos = 0.2983539094650206
44.6913 	EXP 	wth_self_rating_2: markerPos = 0.294238683127572
44.7081 	EXP 	wth_self_rating_2: markerPos = 0.294238683127572
44.7244 	EXP 	wth_self_rating_2: markerPos = 0.294238683127572
44.7413 	EXP 	wth_self_rating_2: markerPos = 0.294238683127572
44.7576 	EXP 	wth_self_rating_2: markerPos = 0.294238683127572
44.7746 	EXP 	wth_self_rating_2: markerPos = 0.294238683127572
44.7909 	EXP 	wth_self_rating_2: markerPos = 0.294238683127572
44.8080 	EXP 	wth_self_rating_2: markerPos = 0.294238683127572
44.8246 	EXP 	wth_self_rating_2: markerPos = 0.29218106995884774
44.8410 	EXP 	wth_self_rating_2: markerPos = 0.29218106995884774
44.8579 	EXP 	wth_self_rating_2: markerPos = 0.29218106995884774
44.8904 	EXP 	wth_self_rating_2: markerPos = 0.29218106995884774
44.9078 	EXP 	wth_self_rating_2: markerPos = 0.29218106995884774
44.9242 	EXP 	wth_self_rating_2: markerPos = 0.29218106995884774
44.9572 	EXP 	wth_self_rating_2: markerPos = 0.29218106995884774
44.9744 	EXP 	wth_self_rating_2: markerPos = 0.29218106995884774
44.9910 	EXP 	wth_self_rating_2: markerPos = 0.29218106995884774
45.0078 	EXP 	wth_self_rating_2: markerPos = 0.29218106995884774
45.0243 	EXP 	wth_self_rating_2: markerPos = 0.29218106995884774
45.0412 	EXP 	wth_self_rating_2: markerPos = 0.29218106995884774
45.0580 	EXP 	wth_self_rating_2: markerPos = 0.29218106995884774
45.0745 	EXP 	wth_self_rating_2: markerPos = 0.29218106995884774
45.0912 	EXP 	wth_self_rating_2: markerPos = 0.29218106995884774
45.1080 	EXP 	wth_self_rating_2: markerPos = 0.29218106995884774
45.1243 	EXP 	wth_self_rating_2: markerPos = 0.29218106995884774
45.1412 	EXP 	wth_self_rating_2: markerPos = 0.29218106995884774
45.1576 	EXP 	wth_self_rating_2: markerPos = 0.29218106995884774
45.1744 	EXP 	wth_self_rating_2: markerPos = 0.29218106995884774
45.1912 	EXP 	wth_self_rating_2: markerPos = 0.29218106995884774
45.2077 	EXP 	wth_self_rating_2: markerPos = 0.29218106995884774
45.2245 	EXP 	wth_self_rating_2: markerPos = 0.29218106995884774
45.2413 	EXP 	wth_self_rating_2: markerPos = 0.29218106995884774
45.2577 	EXP 	wth_self_rating_2: markerPos = 0.29218106995884774
45.2745 	EXP 	wth_self_rating_2: markerPos = 0.29218106995884774
45.2909 	EXP 	wth_self_rating_2: markerPos = 0.29218106995884774
45.3078 	EXP 	wth_self_rating_2: markerPos = 0.29218106995884774
45.3245 	EXP 	wth_self_rating_2: markerPos = 0.29218106995884774
45.3416 	EXP 	wth_self_rating_2: markerPos = 0.29218106995884774
45.3579 	EXP 	wth_self_rating_2: markerPos = 0.29218106995884774
45.3746 	EXP 	wth_self_rating_2: markerPos = 0.29218106995884774
45.3910 	EXP 	wth_self_rating_2: markerPos = 0.29218106995884774
45.4078 	EXP 	wth_self_rating_2: markerPos = 0.29218106995884774
45.4242 	EXP 	wth_self_rating_2: markerPos = 0.29218106995884774
45.4410 	EXP 	wth_self_rating_2: markerPos = 0.29218106995884774
45.4578 	EXP 	wth_self_rating_2: markerPos = 0.29218106995884774
45.4741 	EXP 	wth_self_rating_2: markerPos = 0.29218106995884774
45.4913 	EXP 	wth_self_rating_2: markerPos = 0.29218106995884774
45.5079 	EXP 	wth_self_rating_2: markerPos = 0.29218106995884774
45.5243 	EXP 	wth_self_rating_2: markerPos = 0.29218106995884774
45.5412 	EXP 	wth_self_rating_2: markerPos = 0.29218106995884774
45.5578 	EXP 	wth_self_rating_2: markerPos = 0.29218106995884774
45.5743 	EXP 	wth_self_rating_2: markerPos = 0.29218106995884774
45.5911 	EXP 	wth_self_rating_2: markerPos = 0.29218106995884774
45.6075 	EXP 	wth_self_rating_2: markerPos = 0.29218106995884774
45.6244 	EXP 	wth_self_rating_2: markerPos = 0.29218106995884774
45.6411 	EXP 	wth_self_rating_2: markerPos = 0.29218106995884774
45.6576 	EXP 	wth_self_rating_2: markerPos = 0.29218106995884774
45.6746 	EXP 	wth_self_rating_2: markerPos = 0.29218106995884774
45.6912 	EXP 	wth_self_rating_2: markerPos = 0.29218106995884774
45.7076 	EXP 	wth_self_rating_2: markerPos = 0.29218106995884774
45.7244 	EXP 	wth_self_rating_2: markerPos = 0.29218106995884774
45.7413 	EXP 	wth_self_rating_2: markerPos = 0.29218106995884774
45.7580 	EXP 	wth_self_rating_2: markerPos = 0.29218106995884774
45.7745 	EXP 	wth_self_rating_2: markerPos = 0.29218106995884774
45.7908 	EXP 	wth_self_rating_2: markerPos = 0.29218106995884774
45.8077 	EXP 	wth_self_rating_2: markerPos = 0.29218106995884774
45.8246 	EXP 	wth_self_rating_2: markerPos = 0.29218106995884774
45.8409 	EXP 	wth_self_rating_2: markerPos = 0.29218106995884774
45.8578 	EXP 	wth_self_rating_2: markerPos = 0.29218106995884774
45.8749 	EXP 	wth_self_rating_2: markerPos = 0.29218106995884774
45.8910 	EXP 	wth_self_rating_2: markerPos = 0.29218106995884774
45.9078 	EXP 	wth_self_rating_2: markerPos = 0.29218106995884774
45.9241 	EXP 	wth_self_rating_2: markerPos = 0.29218106995884774
45.9410 	EXP 	wth_self_rating_2: markerPos = 0.29218106995884774
45.9577 	EXP 	wth_self_rating_2: markerPos = 0.29218106995884774
45.9742 	EXP 	wth_self_rating_2: markerPos = 0.29218106995884774
45.9911 	EXP 	wth_self_rating_2: markerPos = 0.29218106995884774
46.0079 	EXP 	wth_self_rating_2: markerPos = 0.29218106995884774
46.0246 	EXP 	wth_self_rating_2: markerPos = 0.29218106995884774
46.0413 	EXP 	wth_self_rating_2: markerPos = 0.29218106995884774
46.0578 	EXP 	wth_self_rating_2: markerPos = 0.29218106995884774
46.0905 	EXP 	wth_self_rating_2: markerPos = 0.29218106995884774
46.1237 	EXP 	wth_self_rating_2: markerPos = 0.29218106995884774
46.1569 	EXP 	wth_self_rating_2: markerPos = 0.29218106995884774
46.1744 	EXP 	wth_self_rating_2: markerPos = 0.29218106995884774
46.1912 	EXP 	wth_self_rating_2: markerPos = 0.29218106995884774
46.2076 	EXP 	wth_self_rating_2: markerPos = 0.29218106995884774
46.2244 	EXP 	wth_self_rating_2: markerPos = 0.29218106995884774
46.2409 	EXP 	wth_self_rating_2: markerPos = 0.29218106995884774
46.2577 	EXP 	wth_self_rating_2: markerPos = 0.29218106995884774
46.2744 	EXP 	wth_self_rating_2: markerPos = 0.29218106995884774
46.2908 	EXP 	wth_self_rating_2: markerPos = 0.29218106995884774
46.3077 	EXP 	wth_self_rating_2: markerPos = 0.29218106995884774
46.3245 	EXP 	wth_self_rating_2: markerPos = 0.29218106995884774
46.3412 	EXP 	wth_self_rating_2: markerPos = 0.29218106995884774
46.3577 	EXP 	wth_self_rating_2: markerPos = 0.29218106995884774
46.3770 	EXP 	wth_self_rating_2: markerPos = 0.29218106995884774
46.3907 	EXP 	wth_self_rating_2: markerPos = 0.29218106995884774
46.4079 	EXP 	wth_self_rating_2: markerPos = 0.29218106995884774
46.4241 	EXP 	wth_self_rating_2: markerPos = 0.29218106995884774
46.4410 	EXP 	wth_self_rating_2: markerPos = 0.29218106995884774
46.4578 	EXP 	wth_self_rating_2: markerPos = 0.29218106995884774
46.4746 	EXP 	wth_self_rating_2: markerPos = 0.29218106995884774
46.4911 	EXP 	wth_self_rating_2: markerPos = 0.29218106995884774
46.5078 	EXP 	wth_self_rating_2: markerPos = 0.29218106995884774
46.5241 	EXP 	wth_self_rating_2: markerPos = 0.29218106995884774
46.5410 	EXP 	wth_self_rating_2: markerPos = 0.29218106995884774
46.5574 	EXP 	wth_self_rating_2: markerPos = 0.29218106995884774
46.5741 	EXP 	wth_self_rating_2: markerPos = 0.29218106995884774
46.5910 	EXP 	wth_self_rating_2: markerPos = 0.29218106995884774
46.6074 	EXP 	wth_self_rating_2: markerPos = 0.29218106995884774
46.6244 	EXP 	wth_self_rating_2: markerPos = 0.29218106995884774
46.6411 	EXP 	wth_self_rating_2: markerPos = 0.29218106995884774
46.6576 	EXP 	wth_self_rating_2: markerPos = 0.29218106995884774
46.6744 	EXP 	wth_self_rating_2: markerPos = 0.29218106995884774
46.6910 	EXP 	wth_self_rating_2: markerPos = 0.29218106995884774
46.7076 	EXP 	wth_self_rating_2: markerPos = 0.29218106995884774
46.7243 	EXP 	wth_self_rating_2: markerPos = 0.29218106995884774
46.7408 	EXP 	wth_self_rating_2: markerPos = 0.29218106995884774
46.7576 	EXP 	wth_self_rating_2: markerPos = 0.29218106995884774
46.7743 	EXP 	wth_self_rating_2: markerPos = 0.29218106995884774
46.7907 	EXP 	wth_self_rating_2: markerPos = 0.29218106995884774
46.8076 	EXP 	wth_self_rating_2: markerPos = 0.29218106995884774
46.8244 	EXP 	wth_self_rating_2: markerPos = 0.29218106995884774
46.8412 	EXP 	wth_self_rating_2: markerPos = 0.29218106995884774
46.8739 	EXP 	wth_self_rating_2: markerPos = 0.29218106995884774
46.9070 	EXP 	wth_self_rating_2: markerPos = 0.29218106995884774
46.9241 	EXP 	wth_self_rating_2: markerPos = 0.29218106995884774
46.9410 	EXP 	wth_self_rating_2: markerPos = 0.29218106995884774
46.9577 	EXP 	wth_self_rating_2: markerPos = 0.29218106995884774
46.9740 	EXP 	wth_self_rating_2: markerPos = 0.29218106995884774
46.9910 	EXP 	wth_self_rating_2: markerPos = 0.29218106995884774
47.0079 	EXP 	wth_self_rating_2: markerPos = 0.29218106995884774
47.0245 	EXP 	wth_self_rating_2: markerPos = 0.29218106995884774
47.0409 	EXP 	wth_self_rating_2: markerPos = 0.29218106995884774
47.0572 	EXP 	wth_self_rating_2: markerPos = 0.29218106995884774
47.0741 	EXP 	wth_self_rating_2: markerPos = 0.29218106995884774
47.0910 	EXP 	wth_self_rating_2: markerPos = 0.29218106995884774
47.1077 	EXP 	wth_self_rating_2: markerPos = 0.29218106995884774
47.1404 	EXP 	wth_self_rating_2: markerPos = 0.29218106995884774
47.1573 	EXP 	wth_self_rating_2: markerPos = 0.29218106995884774
47.1743 	EXP 	wth_self_rating_2: markerPos = 0.29218106995884774
47.1910 	EXP 	wth_self_rating_2: markerPos = 0.29218106995884774
47.2075 	EXP 	wth_self_rating_2: markerPos = 0.29218106995884774
47.2242 	EXP 	wth_self_rating_2: markerPos = 0.29218106995884774
47.2409 	EXP 	wth_self_rating_2: markerPos = 0.29218106995884774
47.2575 	EXP 	wth_self_rating_2: markerPos = 0.29218106995884774
47.2743 	EXP 	wth_self_rating_2: markerPos = 0.29218106995884774
47.2907 	EXP 	wth_self_rating_2: markerPos = 0.29218106995884774
47.3075 	EXP 	wth_self_rating_2: markerPos = 0.29218106995884774
47.3402 	EXP 	wth_self_rating_2: markerPos = 0.29218106995884774
47.3576 	EXP 	wth_self_rating_2: markerPos = 0.29218106995884774
47.3743 	EXP 	wth_self_rating_2: markerPos = 0.29218106995884774
47.3908 	EXP 	wth_self_rating_2: markerPos = 0.29218106995884774
47.4076 	EXP 	wth_self_rating_2: markerPos = 0.29218106995884774
47.4239 	EXP 	wth_self_rating_2: markerPos = 0.29218106995884774
47.4408 	EXP 	wth_self_rating_2: markerPos = 0.29218106995884774
47.4575 	EXP 	wth_self_rating_2: markerPos = 0.29218106995884774
47.4744 	EXP 	wth_self_rating_2: markerPos = 0.29218106995884774
47.4911 	EXP 	wth_self_rating_2: markerPos = 0.29218106995884774
47.5077 	EXP 	wth_self_rating_2: markerPos = 0.29218106995884774
47.5241 	EXP 	wth_self_rating_2: markerPos = 0.29218106995884774
47.5568 	EXP 	wth_self_rating_2: markerPos = 0.29218106995884774
47.5740 	EXP 	wth_self_rating_2: markerPos = 0.29218106995884774
47.5909 	EXP 	wth_self_rating_2: markerPos = 0.29218106995884774
47.6072 	EXP 	wth_self_rating_2: markerPos = 0.29218106995884774
47.6240 	EXP 	wth_self_rating_2: markerPos = 0.29218106995884774
47.6409 	EXP 	wth_self_rating_2: markerPos = 0.29218106995884774
47.6573 	EXP 	wth_self_rating_2: markerPos = 0.29218106995884774
47.6742 	EXP 	wth_self_rating_2: markerPos = 0.29218106995884774
47.6910 	EXP 	wth_self_rating_2: markerPos = 0.29218106995884774
47.7074 	EXP 	wth_self_rating_2: markerPos = 0.29218106995884774
47.7242 	EXP 	wth_self_rating_2: markerPos = 0.29218106995884774
47.7406 	EXP 	wth_self_rating_2: markerPos = 0.29218106995884774
47.7575 	EXP 	wth_self_rating_2: markerPos = 0.29218106995884774
47.7742 	EXP 	wth_self_rating_2: markerPos = 0.29218106995884774
47.7907 	EXP 	wth_self_rating_2: markerPos = 0.29218106995884774
47.8075 	EXP 	wth_self_rating_2: markerPos = 0.29218106995884774
47.8243 	EXP 	wth_self_rating_2: markerPos = 0.29218106995884774
47.8406 	EXP 	wth_self_rating_2: markerPos = 0.29218106995884774
47.8576 	EXP 	wth_self_rating_2: markerPos = 0.29218106995884774
47.8738 	EXP 	wth_self_rating_2: markerPos = 0.29218106995884774
47.8908 	EXP 	wth_self_rating_2: markerPos = 0.29218106995884774
47.9234 	EXP 	wth_self_rating_2: markerPos = 0.29218106995884774
47.9409 	EXP 	wth_self_rating_2: markerPos = 0.29218106995884774
47.9575 	EXP 	wth_self_rating_2: markerPos = 0.29218106995884774
47.9740 	EXP 	wth_self_rating_2: markerPos = 0.29218106995884774
47.9908 	EXP 	wth_self_rating_2: markerPos = 0.29218106995884774
48.0072 	EXP 	wth_self_rating_2: markerPos = 0.29218106995884774
48.0240 	EXP 	wth_self_rating_2: markerPos = 0.29218106995884774
48.0409 	EXP 	wth_self_rating_2: markerPos = 0.29218106995884774
48.0572 	EXP 	wth_self_rating_2: markerPos = 0.29218106995884774
48.0741 	EXP 	wth_self_rating_2: markerPos = 0.29218106995884774
48.0909 	EXP 	wth_self_rating_2: markerPos = 0.29218106995884774
48.1072 	EXP 	wth_self_rating_2: markerPos = 0.29218106995884774
48.1242 	EXP 	wth_self_rating_2: markerPos = 0.29218106995884774
48.1407 	EXP 	wth_self_rating_2: markerPos = 0.29012345679012347
48.1575 	EXP 	wth_self_rating_2: markerPos = 0.29012345679012347
48.1741 	EXP 	wth_self_rating_2: markerPos = 0.29012345679012347
48.1904 	EXP 	wth_self_rating_2: markerPos = 0.29012345679012347
48.2073 	EXP 	wth_self_rating_2: markerPos = 0.29012345679012347
48.2242 	EXP 	wth_self_rating_2: markerPos = 0.29012345679012347
48.2409 	EXP 	wth_self_rating_2: markerPos = 0.29012345679012347
48.2574 	EXP 	wth_self_rating_2: markerPos = 0.29012345679012347
48.2742 	EXP 	wth_self_rating_2: markerPos = 0.29012345679012347
48.2905 	EXP 	wth_self_rating_2: markerPos = 0.29012345679012347
48.3074 	EXP 	wth_self_rating_2: markerPos = 0.29012345679012347
48.3242 	EXP 	wth_self_rating_2: markerPos = 0.29012345679012347
48.3406 	EXP 	wth_self_rating_2: markerPos = 0.29012345679012347
48.3574 	EXP 	wth_self_rating_2: markerPos = 0.29012345679012347
48.3738 	EXP 	wth_self_rating_2: markerPos = 0.29012345679012347
48.3907 	EXP 	wth_self_rating_2: markerPos = 0.29012345679012347
48.4074 	EXP 	wth_self_rating_2: markerPos = 0.29012345679012347
48.4240 	EXP 	wth_self_rating_2: markerPos = 0.29012345679012347
48.4408 	EXP 	wth_self_rating_2: markerPos = 0.29012345679012347
48.4576 	EXP 	wth_self_rating_2: markerPos = 0.29012345679012347
48.4738 	EXP 	wth_self_rating_2: markerPos = 0.29012345679012347
48.4908 	EXP 	wth_self_rating_2: markerPos = 0.29012345679012347
48.5070 	EXP 	wth_self_rating_2: markerPos = 0.29012345679012347
48.5239 	EXP 	wth_self_rating_2: markerPos = 0.29012345679012347
48.5406 	EXP 	wth_self_rating_2: markerPos = 0.29012345679012347
48.5573 	EXP 	wth_self_rating_2: markerPos = 0.29012345679012347
48.5740 	EXP 	wth_self_rating_2: markerPos = 0.29012345679012347
48.5909 	EXP 	wth_self_rating_2: markerPos = 0.29012345679012347
48.6076 	EXP 	wth_self_rating_2: markerPos = 0.29012345679012347
48.6240 	EXP 	wth_self_rating_2: markerPos = 0.29012345679012347
48.6409 	EXP 	wth_self_rating_2: markerPos = 0.29012345679012347
48.6575 	EXP 	wth_self_rating_2: markerPos = 0.29012345679012347
48.6740 	EXP 	wth_self_rating_2: markerPos = 0.29012345679012347
48.6905 	EXP 	wth_self_rating_2: markerPos = 0.29012345679012347
48.7073 	EXP 	wth_self_rating_2: markerPos = 0.29012345679012347
48.7241 	EXP 	wth_self_rating_2: markerPos = 0.29012345679012347
48.7410 	EXP 	wth_self_rating_2: markerPos = 0.29012345679012347
48.7575 	EXP 	wth_self_rating_2: markerPos = 0.29012345679012347
48.7741 	EXP 	wth_self_rating_2: markerPos = 0.29012345679012347
48.7905 	EXP 	wth_self_rating_2: markerPos = 0.29218106995884774
48.8074 	EXP 	wth_self_rating_2: markerPos = 0.29218106995884774
48.8241 	EXP 	wth_self_rating_2: markerPos = 0.29218106995884774
48.8408 	EXP 	wth_self_rating_2: markerPos = 0.29218106995884774
48.8574 	EXP 	wth_self_rating_2: markerPos = 0.29218106995884774
48.8736 	EXP 	wth_self_rating_2: markerPos = 0.294238683127572
48.8906 	EXP 	wth_self_rating_2: markerPos = 0.294238683127572
48.9075 	EXP 	wth_self_rating_2: markerPos = 0.294238683127572
48.9237 	EXP 	wth_self_rating_2: markerPos = 0.294238683127572
48.9407 	EXP 	wth_self_rating_2: markerPos = 0.2962962962962963
48.9574 	EXP 	wth_self_rating_2: markerPos = 0.2962962962962963
48.9742 	EXP 	wth_self_rating_2: markerPos = 0.2962962962962963
48.9907 	EXP 	wth_self_rating_2: markerPos = 0.2962962962962963
49.0075 	EXP 	wth_self_rating_2: markerPos = 0.2983539094650206
49.0240 	EXP 	wth_self_rating_2: markerPos = 0.2983539094650206
49.0407 	EXP 	wth_self_rating_2: markerPos = 0.3004115226337448
49.0570 	EXP 	wth_self_rating_2: markerPos = 0.3004115226337448
49.0901 	EXP 	wth_self_rating_2: markerPos = 0.3004115226337448
49.1071 	EXP 	wth_self_rating_2: markerPos = 0.3004115226337448
49.1240 	EXP 	wth_self_rating_2: markerPos = 0.30246913580246915
49.1407 	EXP 	wth_self_rating_2: markerPos = 0.30246913580246915
49.1571 	EXP 	wth_self_rating_2: markerPos = 0.30246913580246915
49.1740 	EXP 	wth_self_rating_2: markerPos = 0.30246913580246915
49.1904 	EXP 	wth_self_rating_2: markerPos = 0.30246913580246915
49.2073 	EXP 	wth_self_rating_2: markerPos = 0.30246913580246915
49.2091 	DATA 	Mouse:  Left button up, pos=(1404,429)
49.2243 	EXP 	wth_self_rating_2: markerPos = 0.30246913580246915
49.6766 	DATA 	Keypress: escape
50.4034 	EXP 	window1: mouseVisible = True
