12.3231 	WARNING 	We strongly recommend you activate the PTB sound engine in PsychoPy prefs as the preferred audio engine. Its timing is vastly superior. Your prefs are currently set to use ['sounddevice', 'PTB', 'pyo', 'pygame'] (in that order).
28.0666 	EXP 	Created window1 = Window(allowGUI=True, allowStencil=False, autoLog=True, backendConf=UNKNOWN, bitsMode=UNKNOWN, blendMode='avg', bpc=(8, 8, 8), color=array([0.0039, 0.0039, 0.0039]), colorSpace='rgb', depthBits=8, fullscr=<method-wrapper '__getattribute__' of attributeSetter object at 0x0000019947833EB0>, gamma=None, gammaErrorPolicy='raise', lms=UNKNOWN, monitor=<psychopy.monitors.calibTools.Monitor object at 0x0000019947D4C310>, multiSample=False, name='window1', numSamples=2, pos=(0, 0), screen=0, size=array([1920, 1080]), stencilBits=0, stereo=False, units='height', useFBO=True, useRetina=False, viewOri=0.0, viewPos=None, viewScale=None, waitBlanking=True, winType='pyglet')
28.0667 	EXP 	window1: mouseVisible = True
28.0668 	EXP 	window1: mouseVisible = True
28.0668 	EXP 	window1: Attempting to measure frame rate of screen (0) ...
28.0668 	EXP 	window1: recordFrameIntervals = False
28.2335 	EXP 	window1: recordFrameIntervals = True
28.4170 	EXP 	Screen (0) actual frame rate measured at 60.07Hz
28.4171 	EXP 	window1: recordFrameIntervals = False
28.5633 	WARNING 	launchHubServer: If using the iohub mouse or eyetracker devices, fullScr should be True.
30.7488 	EXP 	Created wth_inst_image = ImageStim(__class__=<class 'psychopy.visual.image.ImageStim'>, anchor=('center', 'center'), autoLog=True, color=array([1, 1, 1]), colorSpace='rgb', contrast=1.0, depth=0.0, flipHoriz=False, flipVert=False, image='fis_artwork/general_instruction.png', interpolate=True, mask=None, maskParams=None, name='wth_inst_image', opacity=1.0, ori=0.0, pos=array([0., 0.]), size=array([1920., 1080.]), texRes=128.0, units='pix', win=Window(...))
32.0483 	EXP 	Created wth_movie = MovieStim3(__class__=<class 'psychopy.visual.movie3.MovieStim3'>, anchor=('center', 'center'), autoLog=True, color=UNKNOWN, colorSpace=UNKNOWN, depth=0.0, filename='ins/weather_intro.mp4', flipHoriz=False, flipVert=False, fps=UNKNOWN, interpolate=True, loop=False, name='wth_movie', noAudio=False, opacity=1, ori=method-wrapper(...), pos=array([0., 0.]), size=None, units='pix', vframe_callback=UNKNOWN, volume=UNKNOWN, win=Window(...))
34.2660 	WARNING 	2.2175931000001583: Video catchup needed, advancing self._nextFrameT from 0.0 to 0.041666666666666664
34.2660 	WARNING 	2.217641999999614: Video catchup needed, advancing self._nextFrameT from 0.041666666666666664 to 0.08333333333333333
34.2660 	WARNING 	2.2176675999999134: Video catchup needed, advancing self._nextFrameT from 0.08333333333333333 to 0.125
34.2661 	WARNING 	2.2176908000001276: Video catchup needed, advancing self._nextFrameT from 0.125 to 0.16666666666666666
34.2661 	WARNING 	2.217713399999411: Video catchup needed, advancing self._nextFrameT from 0.16666666666666666 to 0.20833333333333331
34.2661 	WARNING 	2.217736500000683: Video catchup needed, advancing self._nextFrameT from 0.20833333333333331 to 0.24999999999999997
34.2661 	WARNING 	2.217758799999501: Video catchup needed, advancing self._nextFrameT from 0.24999999999999997 to 0.29166666666666663
34.2662 	WARNING 	2.217781199999081: Video catchup needed, advancing self._nextFrameT from 0.29166666666666663 to 0.3333333333333333
34.2662 	WARNING 	2.2178036000004795: Video catchup needed, advancing self._nextFrameT from 0.3333333333333333 to 0.375
34.2662 	WARNING 	2.21782549999989: Video catchup needed, advancing self._nextFrameT from 0.375 to 0.4166666666666667
34.2662 	WARNING 	Max reportNDroppedFrames reached, will not log any more dropped frames
34.6361 	EXP 	Created text = TextStim(__class__=<class 'psychopy.visual.text.TextStim'>, alignHoriz=method-wrapper(...), alignText='center', alignVert=method-wrapper(...), anchorHoriz='center', anchorVert='center', antialias=True, autoDraw=False, autoLog=True, bold=False, color=array([-1, -1, -1]), colorSpace='rgb', contrast=1.0, depth=-1.0, flipHoriz=False, flipVert=False, font='Noto Sans KR', fontFiles=[], height=0.05, italic=False, languageStyle='LTR', name='text', opacity=1.0, ori=0.0, pos=array([ 0. , -0.4]), rgb=UNKNOWN, text='스페이스로 넘어가세요', units='height', win=Window(...), wrapWidth=1)
35.2034 	EXP 	Created wth_background_inst = ImageStim(__class__=<class 'psychopy.visual.image.ImageStim'>, anchor=('center', 'center'), autoLog=True, color=array([1, 1, 1]), colorSpace='rgb', contrast=1.0, depth=0.0, flipHoriz=False, flipVert=False, image=str(...), interpolate=True, mask=None, maskParams=None, name='wth_background_inst', opacity=1.0, ori=0.0, pos=array([0., 0.]), size=array([1920., 1080.]), texRes=128.0, units='pix', win=Window(...))
35.2242 	EXP 	Created wth_text = TextStim(__class__=<class 'psychopy.visual.text.TextStim'>, alignHoriz=method-wrapper(...), alignText='center', alignVert=method-wrapper(...), anchorHoriz='center', anchorVert='center', antialias=True, autoDraw=False, autoLog=True, bold=False, color=array([-1, -1, -1]), colorSpace='rgb', contrast=1.0, depth=-1.0, flipHoriz=False, flipVert=False, font='Noto Sans KR', fontFiles=[], height=0.07, italic=False, languageStyle='LTR', name='wth_text', opacity=1.0, ori=0.0, pos=array([0., 0.]), rgb=UNKNOWN, text='단어연상 연습이 시작됩니다.', units='height', win=Window(...), wrapWidth=1)
35.8388 	EXP 	Created wth_background_6 = ImageStim(__class__=<class 'psychopy.visual.image.ImageStim'>, anchor=('center', 'center'), autoLog=True, color=array([1, 1, 1]), colorSpace='rgb', contrast=1.0, depth=0.0, flipHoriz=False, flipVert=False, image=str(...), interpolate=True, mask=None, maskParams=None, name='wth_background_6', opacity=1.0, ori=0.0, pos=array([0., 0.]), size=array([1920., 1080.]), texRes=128.0, units='pix', win=Window(...))
35.8491 	EXP 	Created wth_think_instr_2 = TextStim(__class__=<class 'psychopy.visual.text.TextStim'>, alignHoriz=method-wrapper(...), alignText='center', alignVert=method-wrapper(...), anchorHoriz='center', anchorVert='center', antialias=True, autoDraw=False, autoLog=True, bold=False, color=array([-1, -1, -1]), colorSpace='rgb', contrast=1.0, depth=-2.0, flipHoriz=False, flipVert=False, font='Noto Sans KR', fontFiles=[], height=0.07, italic=False, languageStyle='LTR', name='wth_think_instr_2', opacity=1.0, ori=0.0, pos=array([0. , 0.3]), rgb=UNKNOWN, text='자유롭게 생각하세요.', units='height', win=Window(...), wrapWidth=1)
35.8612 	EXP 	Created wth_think_cross_2 = ShapeStim(__class__=<class 'psychopy.visual.shape.ShapeStim'>, anchor=('center', 'center'), autoDraw=False, autoLog=True, closeShape=True, color=method-wrapper(...), colorSpace='rgb', contrast=None, depth=-3.0, fillColor=array([-1, -1, -1]), fillColorSpace='rgb', fillRGB=array([-1, -1, -1]), interpolate=True, lineColor=array([-1, -1, -1]), lineColorSpace='rgb', lineRGB=array([-1, -1, -1]), lineWidth=0.1, name='wth_think_cross_2', opacity=1.0, ori=0.0, pos=array([0., 0.]), size=array([0.07, 0.07]), units='height', vertices=ndarray(...), win=Window(...), windingRule=None)
36.4706 	EXP 	Created image_2 = ImageStim(__class__=<class 'psychopy.visual.image.ImageStim'>, anchor=('center', 'center'), autoLog=True, color=array([1, 1, 1]), colorSpace='rgb', contrast=1.0, depth=0.0, flipHoriz=False, flipVert=False, image=str(...), interpolate=True, mask=None, maskParams=None, name='image_2', opacity=1.0, ori=0.0, pos=array([0., 0.]), size=array([1920., 1080.]), texRes=128.0, units='pix', win=Window(...))
36.4926 	EXP 	Created wth_word_instr_4 = TextStim(__class__=<class 'psychopy.visual.text.TextStim'>, alignHoriz=method-wrapper(...), alignText='center', alignVert=method-wrapper(...), anchorHoriz='center', anchorVert='center', antialias=True, autoDraw=False, autoLog=True, bold=False, color=array([-1, -1, -1]), colorSpace='rgb', contrast=1.0, depth=-1.0, flipHoriz=False, flipVert=False, font='Noto Sans KR', fontFiles=[], height=0.07, italic=False, languageStyle='LTR', name='wth_word_instr_4', opacity=1.0, ori=0.0, pos=array([0.  , 0.25]), rgb=UNKNOWN, text='지금 무슨 생각을 하고 있는지\n단어나 구로 입력해주세요.', units='height', win=Window(...), wrapWidth=1)
37.1216 	EXP 	Created wth_background_7 = ImageStim(__class__=<class 'psychopy.visual.image.ImageStim'>, anchor=('center', 'center'), autoLog=True, color=array([1, 1, 1]), colorSpace='rgb', contrast=1.0, depth=0.0, flipHoriz=False, flipVert=False, image=str(...), interpolate=True, mask=None, maskParams=None, name='wth_background_7', opacity=1.0, ori=0.0, pos=array([0., 0.]), size=array([1920., 1080.]), texRes=128.0, units='pix', win=Window(...))
37.1222 	EXP 	Created wth_word_typed_2 = TextStim(__class__=<class 'psychopy.visual.text.TextStim'>, alignHoriz=method-wrapper(...), alignText='center', alignVert=method-wrapper(...), anchorHoriz='center', anchorVert='center', antialias=True, autoDraw=False, autoLog=True, bold=False, color=array([-1, -1, -1]), colorSpace='rgb', contrast=1.0, depth=-1.0, flipHoriz=False, flipVert=False, font='Noto Sans KR', fontFiles=[], height=0.07, italic=False, languageStyle='LTR', name='wth_word_typed_2', opacity=1.0, ori=0.0, pos=array([0. , 0.2]), rgb=UNKNOWN, text='', units='height', win=Window(...), wrapWidth=1)
37.1476 	EXP 	window1: mouseVisible = True
37.2057 	EXP 	Created wth_valence_rating_2 = Slider(__class__=<class 'psychopy.visual.slider.Slider'>, autoDraw=False, autoLog=True, borderColor=None, color=None, colorSpace='rgb', depth=-2, fillColor=None, flip=False, font='Noto Sans KR', granularity=0.0, labelColor=None, labelHeight=0.03, labelWrapWidth=None, labels=('부정', '중립', '긍정'), lineColor=None, markerColor=None, name='wth_valence_rating_2', opacity=None, ori=0.0, pos=array([-0.5, -0.1]), readOnly=False, self=UNKNOWN, size=array([0.45, 0.05]), startValue=None, style='rating', styleTweaks=[], ticks=array([-1,  0,  1]), units='height', win=Window(...))
37.2175 	EXP 	Created wth_valence_txt_2 = TextStim(__class__=<class 'psychopy.visual.text.TextStim'>, alignHoriz=method-wrapper(...), alignText='center', alignVert=method-wrapper(...), anchorHoriz='center', anchorVert='center', antialias=True, autoDraw=False, autoLog=True, bold=False, color=array([-1, -1, -1]), colorSpace='rgb', contrast=1.0, depth=-3.0, flipHoriz=False, flipVert=False, font='Noto Sans KR', fontFiles=[], height=0.04, italic=False, languageStyle='LTR', name='wth_valence_txt_2', opacity=1.0, ori=0.0, pos=array([-0.5 , -0.02]), rgb=UNKNOWN, text='단어에서 느껴지는 감정', units='height', win=Window(...), wrapWidth=1)
37.2262 	EXP 	Created wth_self_txt_2 = TextStim(__class__=<class 'psychopy.visual.text.TextStim'>, alignHoriz=method-wrapper(...), alignText='center', alignVert=method-wrapper(...), anchorHoriz='center', anchorVert='center', antialias=True, autoDraw=False, autoLog=True, bold=False, color=array([-1, -1, -1]), colorSpace='rgb', contrast=1.0, depth=-4.0, flipHoriz=False, flipVert=False, font='Noto Sans KR', fontFiles=[], height=0.04, italic=False, languageStyle='LTR', name='wth_self_txt_2', opacity=1.0, ori=0.0, pos=array([ 0.5 , -0.02]), rgb=UNKNOWN, text='단어가 자신과 관련이 있는 정도', units='height', win=Window(...), wrapWidth=1)
37.2277 	EXP 	window1: mouseVisible = True
37.3119 	EXP 	Created wth_self_rating_2 = Slider(__class__=<class 'psychopy.visual.slider.Slider'>, autoDraw=False, autoLog=True, borderColor=None, color=None, colorSpace='rgb', depth=-5, fillColor=None, flip=False, font='Noto Sans KR', granularity=0.0, labelColor=None, labelHeight=0.03, labelWrapWidth=None, labels=('전혀 나와 관련 없음', '나와 관련 매우 많음'), lineColor=None, markerColor=None, name='wth_self_rating_2', opacity=None, ori=0.0, pos=array([ 0.5, -0.1]), readOnly=False, self=UNKNOWN, size=array([0.45, 0.05]), startValue=None, style='rating', styleTweaks=[], ticks=array([0, 1]), units='height', win=Window(...))
37.3500 	EXP 	window1: mouseVisible = True
37.9194 	EXP 	Created wth_image_2 = ImageStim(__class__=<class 'psychopy.visual.image.ImageStim'>, anchor=('center', 'center'), autoLog=True, color=array([1, 1, 1]), colorSpace='rgb', contrast=1.0, depth=0.0, flipHoriz=False, flipVert=False, image=str(...), interpolate=True, mask=None, maskParams=None, name='wth_image_2', opacity=1.0, ori=0.0, pos=array([0., 0.]), size=array([1920., 1080.]), texRes=128.0, units='pix', win=Window(...))
37.9379 	EXP 	Created wth_text_4 = TextStim(__class__=<class 'psychopy.visual.text.TextStim'>, alignHoriz=method-wrapper(...), alignText='center', alignVert=method-wrapper(...), anchorHoriz='center', anchorVert='center', antialias=True, autoDraw=False, autoLog=True, bold=False, color=array([-1, -1, -1]), colorSpace='rgb', contrast=1.0, depth=-1.0, flipHoriz=False, flipVert=False, font='Noto Sans KR', fontFiles=[], height=0.07, italic=False, languageStyle='LTR', name='wth_text_4', opacity=1.0, ori=0.0, pos=array([0., 0.]), rgb=UNKNOWN, text='연습을 다시 하시겠습니까?\n\n다시연습 : y\n\n넘어가기 : n', units='height', win=Window(...), wrapWidth=1)
38.5073 	EXP 	Created wth_background_inst_2 = ImageStim(__class__=<class 'psychopy.visual.image.ImageStim'>, anchor=('center', 'center'), autoLog=True, color=array([1, 1, 1]), colorSpace='rgb', contrast=1.0, depth=0.0, flipHoriz=False, flipVert=False, image=str(...), interpolate=True, mask=None, maskParams=None, name='wth_background_inst_2', opacity=1.0, ori=0.0, pos=array([0., 0.]), size=array([1920., 1080.]), texRes=128.0, units='pix', win=Window(...))
38.5312 	EXP 	Created wth_text_2 = TextStim(__class__=<class 'psychopy.visual.text.TextStim'>, alignHoriz=method-wrapper(...), alignText='center', alignVert=method-wrapper(...), anchorHoriz='center', anchorVert='center', antialias=True, autoDraw=False, autoLog=True, bold=False, color=array([-1, -1, -1]), colorSpace='rgb', contrast=1.0, depth=-1.0, flipHoriz=False, flipVert=False, font='Noto Sans KR', fontFiles=[], height=0.07, italic=False, languageStyle='LTR', name='wth_text_2', opacity=1.0, ori=0.0, pos=array([0., 0.]), rgb=UNKNOWN, text=str(...), units='height', win=Window(...), wrapWidth=1)
39.1007 	EXP 	Created image_3 = ImageStim(__class__=<class 'psychopy.visual.image.ImageStim'>, anchor=('center', 'center'), autoLog=True, color=array([1, 1, 1]), colorSpace='rgb', contrast=1.0, depth=0.0, flipHoriz=False, flipVert=False, image=str(...), interpolate=True, mask=None, maskParams=None, name='image_3', opacity=1.0, ori=0.0, pos=array([0., 0.]), size=array([1920., 1080.]), texRes=128.0, units='pix', win=Window(...))
39.1022 	EXP 	Created text_2 = TextStim(__class__=<class 'psychopy.visual.text.TextStim'>, alignHoriz=method-wrapper(...), alignText='center', alignVert=method-wrapper(...), anchorHoriz='center', anchorVert='center', antialias=True, autoDraw=False, autoLog=True, bold=False, color=array([-1, -1, -1]), colorSpace='rgb', contrast=1.0, depth=-1.0, flipHoriz=False, flipVert=False, font='Noto Sans KR', fontFiles=[], height=0.07, italic=False, languageStyle='LTR', name='text_2', opacity=1.0, ori=0.0, pos=array([0., 0.]), rgb=UNKNOWN, text='시작', units='height', win=Window(...), wrapWidth=1)
39.6727 	EXP 	Created wth_background = ImageStim(__class__=<class 'psychopy.visual.image.ImageStim'>, anchor=('center', 'center'), autoLog=True, color=array([1, 1, 1]), colorSpace='rgb', contrast=1.0, depth=0.0, flipHoriz=False, flipVert=False, image=str(...), interpolate=True, mask=None, maskParams=None, name='wth_background', opacity=1.0, ori=0.0, pos=array([0., 0.]), size=array([1920., 1080.]), texRes=128.0, units='pix', win=Window(...))
39.6860 	EXP 	Created wth_think_instr = TextStim(__class__=<class 'psychopy.visual.text.TextStim'>, alignHoriz=method-wrapper(...), alignText='center', alignVert=method-wrapper(...), anchorHoriz='center', anchorVert='center', antialias=True, autoDraw=False, autoLog=True, bold=False, color=array([-1, -1, -1]), colorSpace='rgb', contrast=1.0, depth=-2.0, flipHoriz=False, flipVert=False, font='Noto Sans KR', fontFiles=[], height=0.07, italic=False, languageStyle='LTR', name='wth_think_instr', opacity=1.0, ori=0.0, pos=array([0. , 0.2]), rgb=UNKNOWN, text='자유롭게 생각하세요.', units='height', win=Window(...), wrapWidth=1)
39.6873 	EXP 	Created wth_think_cross = ShapeStim(__class__=<class 'psychopy.visual.shape.ShapeStim'>, anchor=('center', 'center'), autoDraw=False, autoLog=True, closeShape=True, color=method-wrapper(...), colorSpace='rgb', contrast=None, depth=-3.0, fillColor=array([-1, -1, -1]), fillColorSpace='rgb', fillRGB=array([-1, -1, -1]), interpolate=True, lineColor=array([-1, -1, -1]), lineColorSpace='rgb', lineRGB=array([-1, -1, -1]), lineWidth=0.1, name='wth_think_cross', opacity=1.0, ori=0.0, pos=array([0., 0.]), size=array([0.07, 0.07]), units='height', vertices=ndarray(...), win=Window(...), windingRule=None)
40.2507 	EXP 	Created wth_background_2 = ImageStim(__class__=<class 'psychopy.visual.image.ImageStim'>, anchor=('center', 'center'), autoLog=True, color=array([1, 1, 1]), colorSpace='rgb', contrast=1.0, depth=0.0, flipHoriz=False, flipVert=False, image=str(...), interpolate=True, mask=None, maskParams=None, name='wth_background_2', opacity=1.0, ori=0.0, pos=array([0., 0.]), size=array([1920., 1080.]), texRes=128.0, units='pix', win=Window(...))
40.2680 	EXP 	Created wth_word_instr = TextStim(__class__=<class 'psychopy.visual.text.TextStim'>, alignHoriz=method-wrapper(...), alignText='center', alignVert=method-wrapper(...), anchorHoriz='center', anchorVert='center', antialias=True, autoDraw=False, autoLog=True, bold=False, color=array([-1, -1, -1]), colorSpace='rgb', contrast=1.0, depth=-1.0, flipHoriz=False, flipVert=False, font='Arial', fontFiles=[], height=0.07, italic=False, languageStyle='LTR', name='wth_word_instr', opacity=1.0, ori=0.0, pos=array([0.  , 0.25]), rgb=UNKNOWN, text='지금 무슨 생각을 하고 있는지\n단어나 구로 입력해주세요.', units='height', win=Window(...), wrapWidth=1)
40.8814 	EXP 	Created wth_background_3 = ImageStim(__class__=<class 'psychopy.visual.image.ImageStim'>, anchor=('center', 'center'), autoLog=True, color=array([1, 1, 1]), colorSpace='rgb', contrast=1.0, depth=0.0, flipHoriz=False, flipVert=False, image=str(...), interpolate=True, mask=None, maskParams=None, name='wth_background_3', opacity=1.0, ori=0.0, pos=array([0., 0.]), size=array([1920., 1080.]), texRes=128.0, units='pix', win=Window(...))
40.8831 	EXP 	Created wth_word_typed = TextStim(__class__=<class 'psychopy.visual.text.TextStim'>, alignHoriz=method-wrapper(...), alignText='center', alignVert=method-wrapper(...), anchorHoriz='center', anchorVert='center', antialias=True, autoDraw=False, autoLog=True, bold=False, color=array([-1, -1, -1]), colorSpace='rgb', contrast=1.0, depth=-1.0, flipHoriz=False, flipVert=False, font='Noto Sans KR', fontFiles=[], height=0.1, italic=False, languageStyle='LTR', name='wth_word_typed', opacity=1.0, ori=0.0, pos=array([0. , 0.2]), rgb=UNKNOWN, text='', units='height', win=Window(...), wrapWidth=1)
40.8846 	EXP 	window1: mouseVisible = True
40.9182 	EXP 	Created wth_valence_rating = Slider(__class__=<class 'psychopy.visual.slider.Slider'>, autoDraw=False, autoLog=True, borderColor=None, color=None, colorSpace='rgb', depth=-2, fillColor=None, flip=False, font='Noto Sans KR', granularity=0.0, labelColor=None, labelHeight=0.03, labelWrapWidth=None, labels=('부정', '중립', '긍정'), lineColor=None, markerColor=None, name='wth_valence_rating', opacity=None, ori=0.0, pos=array([-0.5, -0.1]), readOnly=False, self=UNKNOWN, size=array([0.45, 0.05]), startValue=None, style='rating', styleTweaks=[], ticks=array([-1,  0,  1]), units='height', win=Window(...))
40.9259 	EXP 	Created wth_valence_txt = TextStim(__class__=<class 'psychopy.visual.text.TextStim'>, alignHoriz=method-wrapper(...), alignText='center', alignVert=method-wrapper(...), anchorHoriz='center', anchorVert='center', antialias=True, autoDraw=False, autoLog=True, bold=False, color=array([-1, -1, -1]), colorSpace='rgb', contrast=1.0, depth=-3.0, flipHoriz=False, flipVert=False, font='Noto Sans KR', fontFiles=[], height=0.04, italic=False, languageStyle='LTR', name='wth_valence_txt', opacity=1.0, ori=0.0, pos=array([-0.5 , -0.02]), rgb=UNKNOWN, text='단어에서 느껴지는 감정', units='height', win=Window(...), wrapWidth=1)
40.9320 	EXP 	Created wth_self_txt = TextStim(__class__=<class 'psychopy.visual.text.TextStim'>, alignHoriz=method-wrapper(...), alignText='center', alignVert=method-wrapper(...), anchorHoriz='center', anchorVert='center', antialias=True, autoDraw=False, autoLog=True, bold=False, color=array([-1, -1, -1]), colorSpace='rgb', contrast=1.0, depth=-4.0, flipHoriz=False, flipVert=False, font='Noto Sans KR', fontFiles=[], height=0.04, italic=False, languageStyle='LTR', name='wth_self_txt', opacity=1.0, ori=0.0, pos=array([ 0.5 , -0.02]), rgb=UNKNOWN, text='단어가 자신과 관련이 있는 정도', units='height', win=Window(...), wrapWidth=1)
40.9336 	EXP 	window1: mouseVisible = True
40.9531 	EXP 	Created wth_self_rating = Slider(__class__=<class 'psychopy.visual.slider.Slider'>, autoDraw=False, autoLog=True, borderColor=None, color=None, colorSpace='rgb', depth=-5, fillColor=None, flip=False, font='Noto Sans KR', granularity=0.0, labelColor=None, labelHeight=0.03, labelWrapWidth=None, labels=('전혀 나와 관련 없음', '나와 관련 매우 많음'), lineColor=None, markerColor=None, name='wth_self_rating', opacity=None, ori=0.0, pos=array([ 0.5, -0.1]), readOnly=False, self=UNKNOWN, size=array([0.45, 0.05]), startValue=None, style='rating', styleTweaks=[], ticks=array([0, 1]), units='height', win=Window(...))
40.9571 	EXP 	window1: mouseVisible = True
40.9802 	EXP 	Created exp_end_text = TextStim(__class__=<class 'psychopy.visual.text.TextStim'>, alignHoriz=method-wrapper(...), alignText='center', alignVert=method-wrapper(...), anchorHoriz='center', anchorVert='center', antialias=True, autoDraw=False, autoLog=True, bold=False, color=array([-1, -1, -1]), colorSpace='rgb', contrast=1.0, depth=0.0, flipHoriz=False, flipVert=False, font='Noto Sans KR', fontFiles=[], height=0.04, italic=False, languageStyle='LTR', name='exp_end_text', opacity=1.0, ori=0.0, pos=array([0., 0.]), rgb=UNKNOWN, text=str(...), units='height', win=Window(...), wrapWidth=1)
40.9988 	EXP 	wth_movie: autoLog = True
40.9988 	EXP 	wth_movie: movie = 'ins/weather_intro.mp4'
40.9988 	EXP 	wth_movie: ori = 0.0
40.9988 	EXP 	wth_valence_rating_2: autoLog = True
40.9988 	EXP 	wth_valence_rating_2: markerPos = None
40.9988 	EXP 	wth_valence_rating_2: styleTweaks = []
40.9988 	EXP 	wth_valence_rating_2: styleTweaks = []
40.9988 	EXP 	wth_valence_rating_2: styleTweaks = []
40.9988 	EXP 	wth_valence_rating_2: styleTweaks = []
40.9988 	EXP 	wth_valence_rating_2: contrast = 1.0
40.9988 	EXP 	wth_valence_rating_2: autoLog = True
40.9988 	EXP 	wth_self_rating_2: autoLog = True
40.9988 	EXP 	wth_self_rating_2: markerPos = None
40.9988 	EXP 	wth_self_rating_2: styleTweaks = []
40.9988 	EXP 	wth_self_rating_2: styleTweaks = []
40.9988 	EXP 	wth_self_rating_2: styleTweaks = []
40.9988 	EXP 	wth_self_rating_2: styleTweaks = []
40.9988 	EXP 	wth_self_rating_2: contrast = 1.0
40.9988 	EXP 	wth_self_rating_2: autoLog = True
40.9988 	EXP 	wth_valence_rating: autoLog = True
40.9988 	EXP 	wth_valence_rating: markerPos = None
40.9988 	EXP 	wth_valence_rating: styleTweaks = []
40.9988 	EXP 	wth_valence_rating: styleTweaks = []
40.9988 	EXP 	wth_valence_rating: styleTweaks = []
40.9988 	EXP 	wth_valence_rating: styleTweaks = []
40.9988 	EXP 	wth_valence_rating: contrast = 1.0
40.9988 	EXP 	wth_valence_rating: autoLog = True
40.9988 	EXP 	wth_self_rating: autoLog = True
40.9988 	EXP 	wth_self_rating: markerPos = None
40.9988 	EXP 	wth_self_rating: styleTweaks = []
40.9988 	EXP 	wth_self_rating: styleTweaks = []
40.9988 	EXP 	wth_self_rating: styleTweaks = []
40.9988 	EXP 	wth_self_rating: styleTweaks = []
40.9988 	EXP 	wth_self_rating: contrast = 1.0
40.9988 	EXP 	wth_self_rating: autoLog = True
40.9988 	EXP 	wth_inst_image: autoDraw = True
42.8823 	EXP 	Created sequence: random, trialTypes=1, nReps=1, seed=None
42.8824 	EXP 	New trial (rep=0, index=0): None
42.8836 	DATA 	Keypress: space
42.8968 	EXP 	wth_inst_image: autoDraw = False
44.8982 	EXP 	wth_movie: autoDraw = True
44.8982 	EXP 	text: autoDraw = True
45.8327 	EXP 	Created sequence: sequential, trialTypes=1, nReps=99, seed=None
45.8331 	EXP 	New trial (rep=0, index=0): None
45.8838 	DATA 	Keypress: space
45.8975 	EXP 	wth_movie: autoDraw = False
45.8975 	EXP 	text: autoDraw = False
45.8975 	EXP 	wth_background_inst: autoDraw = True
46.8483 	EXP 	wth_text: autoDraw = True
48.8479 	EXP 	wth_text: autoDraw = False
50.8815 	EXP 	window1: mouseVisible = False
50.9299 	EXP 	wth_background_inst: autoDraw = False
50.9299 	EXP 	wth_background_inst: autoDraw = False
50.9299 	EXP 	wth_text: autoDraw = False
50.9299 	EXP 	wth_background_6: autoDraw = True
50.9299 	EXP 	wth_think_instr_2: autoDraw = True
50.9299 	EXP 	wth_think_cross_2: autoDraw = True
53.8159 	DATA 	Keypress: space
55.9148 	EXP 	window1: mouseVisible = True
55.9149 	EXP 	window1: mouseVisible = True
55.9457 	EXP 	wth_background_6: autoDraw = False
55.9457 	EXP 	wth_think_instr_2: autoDraw = False
55.9457 	EXP 	wth_think_cross_2: autoDraw = False
55.9457 	EXP 	wth_background_6: autoDraw = False
55.9457 	EXP 	wth_think_instr_2: autoDraw = False
55.9457 	EXP 	wth_think_cross_2: autoDraw = False
55.9457 	EXP 	image_2: autoDraw = True
55.9457 	EXP 	wth_word_instr_4: autoDraw = True
61.0935 	EXP 	image_2: autoDraw = False
61.0935 	EXP 	wth_word_instr_4: autoDraw = False
61.0935 	EXP 	wth_word_typed_2: height = 0.07
61.0935 	EXP 	wth_word_typed_2: height = 0.07
61.0935 	EXP 	wth_word_typed_2: height = 0.07
61.0935 	EXP 	wth_word_typed_2: text = 'hkkh'
61.0935 	EXP 	wth_valence_rating_2: markerPos = None
61.0935 	EXP 	wth_valence_rating_2: markerPos = None
61.0935 	EXP 	wth_self_rating_2: markerPos = None
61.0935 	EXP 	wth_self_rating_2: markerPos = None
61.0935 	EXP 	wth_background_7: autoDraw = True
61.0935 	EXP 	wth_word_typed_2: autoDraw = True
61.0935 	EXP 	wth_valence_rating_2: autoDraw = True
61.0935 	EXP 	wth_valence_txt_2: autoDraw = True
61.0935 	EXP 	wth_self_txt_2: autoDraw = True
61.0935 	EXP 	wth_self_rating_2: autoDraw = True
62.0692 	DATA 	Mouse: Left button down, pos=(506,335)
62.2342 	DATA 	Mouse:  Left button up, pos=(506,335)
62.7022 	DATA 	Mouse: Left button down, pos=(600,434)
62.7277 	EXP 	wth_valence_rating_2: markerPos = 0.7407407407407407
62.7446 	EXP 	wth_valence_rating_2: markerPos = 0.7407407407407407
62.7607 	EXP 	wth_valence_rating_2: markerPos = 0.7407407407407407
62.7773 	EXP 	wth_valence_rating_2: markerPos = 0.7407407407407407
62.7942 	EXP 	wth_valence_rating_2: markerPos = 0.7407407407407407
62.8112 	EXP 	wth_valence_rating_2: markerPos = 0.7407407407407407
62.8281 	EXP 	wth_valence_rating_2: markerPos = 0.7407407407407407
62.8387 	DATA 	Mouse:  Left button up, pos=(600,434)
62.8595 	EXP 	wth_valence_rating_2: markerPos = 0.7407407407407407
62.8772 	EXP 	wth_valence_rating_2: markerPos = 0.7407407407407407
64.1799 	DATA 	Mouse: Left button down, pos=(1490,436)
64.1938 	EXP 	wth_self_rating_2: markerPos = 0.4794238683127572
64.2109 	EXP 	wth_self_rating_2: markerPos = 0.4794238683127572
64.2268 	EXP 	wth_self_rating_2: markerPos = 0.4794238683127572
64.2439 	EXP 	wth_self_rating_2: markerPos = 0.4794238683127572
64.2606 	EXP 	wth_self_rating_2: markerPos = 0.4794238683127572
64.2771 	EXP 	wth_self_rating_2: markerPos = 0.4794238683127572
64.2939 	EXP 	wth_self_rating_2: markerPos = 0.4794238683127572
64.3108 	EXP 	wth_self_rating_2: markerPos = 0.4794238683127572
64.3279 	EXP 	wth_self_rating_2: markerPos = 0.4794238683127572
64.3296 	DATA 	Mouse:  Left button up, pos=(1490,436)
64.3439 	EXP 	wth_self_rating_2: markerPos = 0.4794238683127572
65.7947 	DATA 	Mouse: Left button down, pos=(939,99)
65.8283 	EXP 	wth_background_7: autoDraw = False
65.8283 	EXP 	wth_word_typed_2: autoDraw = False
65.8283 	EXP 	wth_valence_rating_2: autoDraw = False
65.8283 	EXP 	wth_valence_txt_2: autoDraw = False
65.8283 	EXP 	wth_self_txt_2: autoDraw = False
65.8283 	EXP 	wth_self_rating_2: autoDraw = False
65.8283 	EXP 	wth_image_2: autoDraw = True
65.8283 	EXP 	wth_text_4: autoDraw = True
65.9315 	DATA 	Mouse:  Left button up, pos=(939,99)
67.4345 	DATA 	Keypress: n
67.4447 	EXP 	wth_image_2: autoDraw = False
67.4447 	EXP 	wth_text_4: autoDraw = False
67.4447 	EXP 	wth_background_inst_2: autoDraw = True
67.4447 	EXP 	wth_text_2: autoDraw = True
68.7165 	DATA 	Keypress: space
68.7276 	EXP 	wth_background_inst_2: autoDraw = False
68.7276 	EXP 	wth_text_2: autoDraw = False
68.7276 	EXP 	image_3: autoDraw = True
69.6952 	EXP 	text_2: autoDraw = True
71.6950 	EXP 	text_2: autoDraw = False
72.7117 	EXP 	Created sequence: sequential, trialTypes=1, nReps=4, seed=None
72.7119 	EXP 	New trial (rep=0, index=0): None
72.7120 	EXP 	window1: mouseVisible = False
72.7440 	EXP 	image_3: autoDraw = False
72.7440 	EXP 	text_2: autoDraw = False
72.7440 	EXP 	wth_background: autoDraw = True
72.7440 	EXP 	wth_think_instr: autoDraw = True
72.7440 	EXP 	wth_think_cross: autoDraw = True
77.7288 	EXP 	window1: mouseVisible = True
77.7746 	EXP 	wth_background: autoDraw = False
77.7746 	EXP 	wth_think_instr: autoDraw = False
77.7746 	EXP 	wth_think_cross: autoDraw = False
77.7746 	EXP 	wth_background: autoDraw = False
77.7746 	EXP 	wth_think_instr: autoDraw = False
77.7746 	EXP 	wth_think_cross: autoDraw = False
77.7746 	EXP 	wth_word_instr: font = 'Noto Sans KR'
77.7746 	EXP 	wth_background_2: autoDraw = True
77.7746 	EXP 	wth_word_instr: autoDraw = True
77.7746 	EXP 	wth_word_instr: height = 0.07
77.7746 	EXP 	wth_word_instr: height = 0.07
77.7746 	EXP 	wth_word_instr: height = 0.07
77.7746 	EXP 	wth_word_instr: text = '지금 무슨 생각을 하고 있는지\n단어나 구로 입력해주세요.'
85.4857 	EXP 	window1: mouseVisible = True
