1.9088 	WARNING 	We strongly recommend you activate the PTB sound engine in PsychoPy prefs as the preferred audio engine. Its timing is vastly superior. Your prefs are currently set to use ['sounddevice', 'PTB', 'pyo', 'pygame'] (in that order).
3.1359 	WARNING 	Font Manager failed to load file C:\Windows\Fonts\전주완판본 순B.ttf
3.1592 	WARNING 	Font Manager failed to load file C:\Windows\Fonts\전주완판본 순R.ttf
3.1696 	WARNING 	Font Manager failed to load file C:\Windows\Fonts\경기천년바탕_Bold.ttf
3.1797 	WARNING 	Font Manager failed to load file C:\Windows\Fonts\전주완판본 각R.ttf
3.1965 	WARNING 	Font Manager failed to load file C:\Windows\Fonts\전주완판본 각L.ttf
3.2029 	WARNING 	Font Manager failed to load file C:\Windows\Fonts\전주완판본 순L.ttf
3.2043 	WARNING 	Font Manager failed to load file C:\Windows\Fonts\경기천년제목_Medium.ttf
3.2219 	WARNING 	Font Manager failed to load file C:\Windows\Fonts\경기천년바탕_Regular.ttf
3.2234 	WARNING 	Font Manager failed to load file C:\Windows\Fonts\경기천년제목_Light.ttf
3.2374 	WARNING 	Font Manager failed to load file C:\Windows\Fonts\경기천년제목V_Bold.ttf
3.2572 	WARNING 	Font Manager failed to load file C:\Windows\Fonts\전주완판본 각B.ttf
3.2636 	WARNING 	Font Manager failed to load file C:\Windows\Fonts\경기천년제목_Bold.ttf
3.2795 	WARNING 	C:\Users\Minu Kim\AppData\Roaming\psychopy3\fonts\Times.truetype doesn't have valid font family name
3.3924 	WARNING 	Font Manager failed to load file C:\Windows\Fonts\전주완판본 순B.ttf
3.4174 	WARNING 	Font Manager failed to load file C:\Windows\Fonts\전주완판본 순R.ttf
3.4275 	WARNING 	Font Manager failed to load file C:\Windows\Fonts\경기천년바탕_Bold.ttf
3.4377 	WARNING 	Font Manager failed to load file C:\Windows\Fonts\전주완판본 각R.ttf
3.4541 	WARNING 	Font Manager failed to load file C:\Windows\Fonts\전주완판본 각L.ttf
3.4604 	WARNING 	Font Manager failed to load file C:\Windows\Fonts\전주완판본 순L.ttf
3.4617 	WARNING 	Font Manager failed to load file C:\Windows\Fonts\경기천년제목_Medium.ttf
3.4790 	WARNING 	Font Manager failed to load file C:\Windows\Fonts\경기천년바탕_Regular.ttf
3.4805 	WARNING 	Font Manager failed to load file C:\Windows\Fonts\경기천년제목_Light.ttf
3.4936 	WARNING 	Font Manager failed to load file C:\Windows\Fonts\경기천년제목V_Bold.ttf
3.5115 	WARNING 	Font Manager failed to load file C:\Windows\Fonts\전주완판본 각B.ttf
3.5168 	WARNING 	Font Manager failed to load file C:\Windows\Fonts\경기천년제목_Bold.ttf
3.5300 	WARNING 	C:\Users\Minu Kim\AppData\Roaming\psychopy3\fonts\Times.truetype doesn't have valid font family name
5.7321 	EXP 	Created window1 = Window(allowGUI=True, allowStencil=False, autoLog=True, backendConf=UNKNOWN, bitsMode=UNKNOWN, blendMode='avg', bpc=(8, 8, 8), color=array([0., 0., 0.]), colorSpace='hsv', depthBits=8, fullscr=<method-wrapper '__getattribute__' of attributeSetter object at 0x000001B5B6DF0FA0>, gamma=None, gammaErrorPolicy='raise', lms=UNKNOWN, monitor=<psychopy.monitors.calibTools.Monitor object at 0x000001B5B72B1250>, multiSample=False, name='window1', numSamples=2, pos=(1920, 0), screen=0, size=array([1920, 1080]), stencilBits=0, stereo=False, units='height', useFBO=True, useRetina=False, viewOri=0.0, viewPos=None, viewScale=None, waitBlanking=True, winType='pyglet')
5.7322 	EXP 	window1: mouseVisible = True
5.7323 	EXP 	window1: mouseVisible = False
5.7323 	EXP 	window1: Attempting to measure frame rate of screen (0) ...
5.7323 	EXP 	window1: recordFrameIntervals = False
5.8010 	EXP 	window1: recordFrameIntervals = True
5.8775 	EXP 	Screen (0) actual frame rate measured at 144.02Hz
5.8775 	EXP 	window1: recordFrameIntervals = False
7.6173 	EXP 	Created image = ImageStim(__class__=<class 'psychopy.visual.image.ImageStim'>, anchor=('center', 'center'), autoLog=True, color=array([1, 1, 1]), colorSpace='rgb', contrast=1.0, depth=0.0, flipHoriz=False, flipVert=False, image='fis_artwork/general_instruction.png', interpolate=True, mask=None, maskParams=None, name='image', opacity=1.0, ori=0.0, pos=array([0., 0.]), size=array([1920., 1080.]), texRes=128.0, units='pix', win=Window(...))
7.7474 	EXP 	Created wth_movie = MovieStim3(__class__=<class 'psychopy.visual.movie3.MovieStim3'>, anchor=('center', 'center'), autoLog=True, color=UNKNOWN, colorSpace=UNKNOWN, depth=0.0, filename='ins/weather_intro.mp4', flipHoriz=False, flipVert=False, fps=UNKNOWN, interpolate=True, loop=False, name='wth_movie', noAudio=False, opacity=1, ori=method-wrapper(...), pos=array([0., 0.]), size=None, units='pix', vframe_callback=UNKNOWN, volume=UNKNOWN, win=Window(...))
8.7933 	WARNING 	1.045899499906227: Video catchup needed, advancing self._nextFrameT from 0.0 to 0.041666666666666664
8.7934 	WARNING 	1.0459221999626607: Video catchup needed, advancing self._nextFrameT from 0.041666666666666664 to 0.08333333333333333
8.7934 	WARNING 	1.0459314999170601: Video catchup needed, advancing self._nextFrameT from 0.08333333333333333 to 0.125
8.7934 	WARNING 	1.0459391998592764: Video catchup needed, advancing self._nextFrameT from 0.125 to 0.16666666666666666
8.7934 	WARNING 	1.0459465999156237: Video catchup needed, advancing self._nextFrameT from 0.16666666666666666 to 0.20833333333333331
8.7934 	WARNING 	1.045953799970448: Video catchup needed, advancing self._nextFrameT from 0.20833333333333331 to 0.24999999999999997
8.7934 	WARNING 	1.0459610000252724: Video catchup needed, advancing self._nextFrameT from 0.24999999999999997 to 0.29166666666666663
8.7934 	WARNING 	1.0459684000816196: Video catchup needed, advancing self._nextFrameT from 0.29166666666666663 to 0.3333333333333333
8.7934 	WARNING 	1.0459755999036133: Video catchup needed, advancing self._nextFrameT from 0.3333333333333333 to 0.375
8.7934 	WARNING 	1.0459825999569148: Video catchup needed, advancing self._nextFrameT from 0.375 to 0.4166666666666667
8.7934 	WARNING 	Max reportNDroppedFrames reached, will not log any more dropped frames
8.9085 	EXP 	Created text = TextStim(__class__=<class 'psychopy.visual.text.TextStim'>, alignHoriz=method-wrapper(...), alignText='center', alignVert=method-wrapper(...), anchorHoriz='center', anchorVert='center', antialias=True, autoDraw=False, autoLog=True, bold=False, color=array([-1, -1, -1]), colorSpace='rgb', contrast=1.0, depth=-1.0, flipHoriz=False, flipVert=False, font='Arial', fontFiles=[], height=0.05, italic=False, languageStyle='LTR', name='text', opacity=1.0, ori=0.0, pos=array([ 0. , -0.4]), rgb=UNKNOWN, text='넘김 SPACE', units='height', win=Window(...), wrapWidth=1)
8.9088 	EXP 	window1: mouseVisible = True
9.6960 	EXP 	Created wth_background_inst = ImageStim(__class__=<class 'psychopy.visual.image.ImageStim'>, anchor=('center', 'center'), autoLog=True, color=array([1, 1, 1]), colorSpace='rgb', contrast=1.0, depth=-1.0, flipHoriz=False, flipVert=False, image=str(...), interpolate=True, mask=None, maskParams=None, name='wth_background_inst', opacity=1.0, ori=0.0, pos=array([0., 0.]), size=array([2., 1.]), texRes=128.0, units='height', win=Window(...))
9.7124 	EXP 	Created wth_text = TextStim(__class__=<class 'psychopy.visual.text.TextStim'>, alignHoriz=method-wrapper(...), alignText='center', alignVert=method-wrapper(...), anchorHoriz='center', anchorVert='center', antialias=True, autoDraw=False, autoLog=True, bold=False, color=array([-1, -1, -1]), colorSpace='rgb', contrast=1.0, depth=-2.0, flipHoriz=False, flipVert=False, font='Arial', fontFiles=[], height=0.07, italic=False, languageStyle='LTR', name='wth_text', opacity=1.0, ori=0.0, pos=array([0., 0.]), rgb=UNKNOWN, text='단어연상 연습이 시작됩니다.', units='height', win=Window(...), wrapWidth=1)
10.4716 	EXP 	Created wth_background_6 = ImageStim(__class__=<class 'psychopy.visual.image.ImageStim'>, anchor=('center', 'center'), autoLog=True, color=array([1, 1, 1]), colorSpace='rgb', contrast=1.0, depth=0.0, flipHoriz=False, flipVert=False, image=str(...), interpolate=True, mask=None, maskParams=None, name='wth_background_6', opacity=1.0, ori=0.0, pos=array([0., 0.]), size=array([2., 1.]), texRes=128.0, units='height', win=Window(...))
10.4784 	EXP 	Created wth_think_instr_2 = TextStim(__class__=<class 'psychopy.visual.text.TextStim'>, alignHoriz=method-wrapper(...), alignText='center', alignVert=method-wrapper(...), anchorHoriz='center', anchorVert='center', antialias=True, autoDraw=False, autoLog=True, bold=False, color=array([-1, -1, -1]), colorSpace='rgb', contrast=1.0, depth=-2.0, flipHoriz=False, flipVert=False, font='Arial', fontFiles=[], height=0.07, italic=False, languageStyle='LTR', name='wth_think_instr_2', opacity=1.0, ori=0.0, pos=array([0. , 0.3]), rgb=UNKNOWN, text='자유롭게 생각하세요.', units='height', win=Window(...), wrapWidth=1)
10.4875 	EXP 	Created wth_think_cross_2 = ShapeStim(__class__=<class 'psychopy.visual.shape.ShapeStim'>, anchor=('center', 'center'), autoDraw=False, autoLog=True, closeShape=True, color=method-wrapper(...), colorSpace='rgb', contrast=None, depth=-3.0, fillColor=array([-1, -1, -1]), fillColorSpace='rgb', fillRGB=array([-1, -1, -1]), interpolate=True, lineColor=array([-1, -1, -1]), lineColorSpace='rgb', lineRGB=array([-1, -1, -1]), lineWidth=0.1, name='wth_think_cross_2', opacity=1.0, ori=0.0, pos=array([0., 0.]), size=array([0.07, 0.07]), units='height', vertices=ndarray(...), win=Window(...), windingRule=None)
10.5047 	EXP 	Created wth_word_instr_3 = TextStim(__class__=<class 'psychopy.visual.text.TextStim'>, alignHoriz=method-wrapper(...), alignText='center', alignVert=method-wrapper(...), anchorHoriz='center', anchorVert='center', antialias=True, autoDraw=False, autoLog=True, bold=False, color=array([-1, -1, -1]), colorSpace='rgb', contrast=1.0, depth=-4.0, flipHoriz=False, flipVert=False, font='Arial', fontFiles=[], height=0.05, italic=False, languageStyle='LTR', name='wth_word_instr_3', opacity=1.0, ori=0.0, pos=array([0.  , 0.25]), rgb=UNKNOWN, text=str(...), units='height', win=Window(...), wrapWidth=1)
11.3781 	EXP 	Created wth_background_7 = ImageStim(__class__=<class 'psychopy.visual.image.ImageStim'>, anchor=('center', 'center'), autoLog=True, color=array([1, 1, 1]), colorSpace='rgb', contrast=1.0, depth=0.0, flipHoriz=False, flipVert=False, image=str(...), interpolate=True, mask=None, maskParams=None, name='wth_background_7', opacity=1.0, ori=0.0, pos=array([0., 0.]), size=array([2., 1.]), texRes=128.0, units='height', win=Window(...))
11.3793 	EXP 	Created wth_word_typed_2 = TextStim(__class__=<class 'psychopy.visual.text.TextStim'>, alignHoriz=method-wrapper(...), alignText='center', alignVert=method-wrapper(...), anchorHoriz='center', anchorVert='center', antialias=True, autoDraw=False, autoLog=True, bold=False, color=array([-1, -1, -1]), colorSpace='rgb', contrast=1.0, depth=-1.0, flipHoriz=False, flipVert=False, font='Arial', fontFiles=[], height=0.1, italic=False, languageStyle='LTR', name='wth_word_typed_2', opacity=1.0, ori=0.0, pos=array([0. , 0.2]), rgb=UNKNOWN, text='', units='height', win=Window(...), wrapWidth=1)
11.3823 	EXP 	window1: mouseVisible = True
11.4382 	EXP 	Created wth_valence_rating_2 = Slider(__class__=<class 'psychopy.visual.slider.Slider'>, autoDraw=False, autoLog=True, borderColor=None, color=None, colorSpace='rgb', depth=-2, fillColor=None, flip=False, font='Noto Sans KR', granularity=0.0, labelColor=None, labelHeight=0.03, labelWrapWidth=None, labels=('부정', '중립', '긍정'), lineColor=None, markerColor=None, name='wth_valence_rating_2', opacity=None, ori=0.0, pos=array([-0.5, -0.1]), readOnly=False, self=UNKNOWN, size=array([0.45, 0.05]), startValue=None, style='rating', styleTweaks=[], ticks=array([-1,  0,  1]), units='height', win=Window(...))
11.4462 	EXP 	Created wth_valence_txt_2 = TextStim(__class__=<class 'psychopy.visual.text.TextStim'>, alignHoriz=method-wrapper(...), alignText='center', alignVert=method-wrapper(...), anchorHoriz='center', anchorVert='center', antialias=True, autoDraw=False, autoLog=True, bold=False, color=array([-1, -1, -1]), colorSpace='rgb', contrast=1.0, depth=-3.0, flipHoriz=False, flipVert=False, font='Arial', fontFiles=[], height=0.04, italic=False, languageStyle='LTR', name='wth_valence_txt_2', opacity=1.0, ori=0.0, pos=array([-0.5 , -0.02]), rgb=UNKNOWN, text='단어에서 느껴지는 감정', units='height', win=Window(...), wrapWidth=1)
11.4531 	EXP 	Created wth_self_txt_2 = TextStim(__class__=<class 'psychopy.visual.text.TextStim'>, alignHoriz=method-wrapper(...), alignText='center', alignVert=method-wrapper(...), anchorHoriz='center', anchorVert='center', antialias=True, autoDraw=False, autoLog=True, bold=False, color=array([-1, -1, -1]), colorSpace='rgb', contrast=1.0, depth=-4.0, flipHoriz=False, flipVert=False, font='Arial', fontFiles=[], height=0.04, italic=False, languageStyle='LTR', name='wth_self_txt_2', opacity=1.0, ori=0.0, pos=array([ 0.4 , -0.02]), rgb=UNKNOWN, text='단어가 자신과 관련이 있는 정도', units='height', win=Window(...), wrapWidth=1)
11.4544 	EXP 	window1: mouseVisible = True
11.5273 	EXP 	Created wth_self_rating_2 = Slider(__class__=<class 'psychopy.visual.slider.Slider'>, autoDraw=False, autoLog=True, borderColor=None, color=None, colorSpace='rgb', depth=-5, fillColor=None, flip=False, font='Noto Sans KR', granularity=0.0, labelColor=None, labelHeight=0.03, labelWrapWidth=None, labels=('전혀 나와 관련이 없음', '나와 관련이 매우 많음'), lineColor=None, markerColor=None, name='wth_self_rating_2', opacity=None, ori=0.0, pos=array([ 0.4, -0.1]), readOnly=False, self=UNKNOWN, size=array([0.45, 0.05]), startValue=None, style='rating', styleTweaks=[], ticks=array([0, 1]), units='height', win=Window(...))
11.5571 	EXP 	window1: mouseVisible = True
12.3046 	EXP 	Created wth_image_2 = ImageStim(__class__=<class 'psychopy.visual.image.ImageStim'>, anchor=('center', 'center'), autoLog=True, color=array([1, 1, 1]), colorSpace='rgb', contrast=1.0, depth=0.0, flipHoriz=False, flipVert=False, image=str(...), interpolate=True, mask=None, maskParams=None, name='wth_image_2', opacity=1.0, ori=0.0, pos=array([0., 0.]), size=array([2., 1.]), texRes=128.0, units='height', win=Window(...))
12.3158 	EXP 	Created wth_text_4 = TextStim(__class__=<class 'psychopy.visual.text.TextStim'>, alignHoriz=method-wrapper(...), alignText='center', alignVert=method-wrapper(...), anchorHoriz='center', anchorVert='center', antialias=True, autoDraw=False, autoLog=True, bold=False, color=array([-1, -1, -1]), colorSpace='rgb', contrast=1.0, depth=-1.0, flipHoriz=False, flipVert=False, font='Arial', fontFiles=[], height=0.05, italic=False, languageStyle='LTR', name='wth_text_4', opacity=1.0, ori=0.0, pos=array([0., 0.]), rgb=UNKNOWN, text='연습을 다시 하시겠습니까?\n\ny 혹은 n을 누르세요.', units='height', win=Window(...), wrapWidth=1)
13.0407 	EXP 	Created wth_background_inst_2 = ImageStim(__class__=<class 'psychopy.visual.image.ImageStim'>, anchor=('center', 'center'), autoLog=True, color=array([1, 1, 1]), colorSpace='rgb', contrast=1.0, depth=0.0, flipHoriz=False, flipVert=False, image=str(...), interpolate=True, mask=None, maskParams=None, name='wth_background_inst_2', opacity=1.0, ori=0.0, pos=array([0., 0.]), size=array([2., 1.]), texRes=128.0, units='height', win=Window(...))
13.0703 	EXP 	Created wth_text_2 = TextStim(__class__=<class 'psychopy.visual.text.TextStim'>, alignHoriz=method-wrapper(...), alignText='center', alignVert=method-wrapper(...), anchorHoriz='center', anchorVert='center', antialias=True, autoDraw=False, autoLog=True, bold=False, color=array([-1, -1, -1]), colorSpace='rgb', contrast=1.0, depth=-1.0, flipHoriz=False, flipVert=False, font='Arial', fontFiles=[], height=0.07, italic=False, languageStyle='LTR', name='wth_text_2', opacity=1.0, ori=0.0, pos=array([0., 0.]), rgb=UNKNOWN, text='실험을 시작합니다.\n\n스페이스로 넘어가세요.', units='height', win=Window(...), wrapWidth=1)
13.7720 	EXP 	Created wth_background = ImageStim(__class__=<class 'psychopy.visual.image.ImageStim'>, anchor=('center', 'center'), autoLog=True, color=array([1, 1, 1]), colorSpace='rgb', contrast=1.0, depth=0.0, flipHoriz=False, flipVert=False, image=str(...), interpolate=True, mask=None, maskParams=None, name='wth_background', opacity=1.0, ori=0.0, pos=array([0., 0.]), size=array([2., 1.]), texRes=128.0, units='height', win=Window(...))
13.7779 	EXP 	Created wth_think_instr = TextStim(__class__=<class 'psychopy.visual.text.TextStim'>, alignHoriz=method-wrapper(...), alignText='center', alignVert=method-wrapper(...), anchorHoriz='center', anchorVert='center', antialias=True, autoDraw=False, autoLog=True, bold=False, color=array([-1, -1, -1]), colorSpace='rgb', contrast=1.0, depth=-2.0, flipHoriz=False, flipVert=False, font='Arial', fontFiles=[], height=0.07, italic=False, languageStyle='LTR', name='wth_think_instr', opacity=1.0, ori=0.0, pos=array([0. , 0.3]), rgb=UNKNOWN, text='자유롭게 생각하세요.', units='height', win=Window(...), wrapWidth=1)
13.7790 	EXP 	Created wth_think_cross = ShapeStim(__class__=<class 'psychopy.visual.shape.ShapeStim'>, anchor=('center', 'center'), autoDraw=False, autoLog=True, closeShape=True, color=method-wrapper(...), colorSpace='rgb', contrast=None, depth=-3.0, fillColor=array([-1, -1, -1]), fillColorSpace='rgb', fillRGB=array([-1, -1, -1]), interpolate=True, lineColor=array([-1, -1, -1]), lineColorSpace='rgb', lineRGB=array([-1, -1, -1]), lineWidth=0.1, name='wth_think_cross', opacity=1.0, ori=0.0, pos=array([0., 0.]), size=array([0.07, 0.07]), units='height', vertices=ndarray(...), win=Window(...), windingRule=None)
14.4979 	EXP 	Created wth_background_2 = ImageStim(__class__=<class 'psychopy.visual.image.ImageStim'>, anchor=('center', 'center'), autoLog=True, color=array([1, 1, 1]), colorSpace='rgb', contrast=1.0, depth=0.0, flipHoriz=False, flipVert=False, image=str(...), interpolate=True, mask=None, maskParams=None, name='wth_background_2', opacity=1.0, ori=0.0, pos=array([0., 0.]), size=array([2., 1.]), texRes=128.0, units='height', win=Window(...))
14.5133 	EXP 	Created wth_word_instr = TextStim(__class__=<class 'psychopy.visual.text.TextStim'>, alignHoriz=method-wrapper(...), alignText='center', alignVert=method-wrapper(...), anchorHoriz='center', anchorVert='center', antialias=True, autoDraw=False, autoLog=True, bold=False, color=array([-1, -1, -1]), colorSpace='rgb', contrast=1.0, depth=-1.0, flipHoriz=False, flipVert=False, font='Arial', fontFiles=[], height=0.05, italic=False, languageStyle='LTR', name='wth_word_instr', opacity=1.0, ori=0.0, pos=array([0.  , 0.25]), rgb=UNKNOWN, text=str(...), units='height', win=Window(...), wrapWidth=1)
14.5200 	EXP 	window1: mouseVisible = True
15.2143 	EXP 	Created wth_background_3 = ImageStim(__class__=<class 'psychopy.visual.image.ImageStim'>, anchor=('center', 'center'), autoLog=True, color=array([1, 1, 1]), colorSpace='rgb', contrast=1.0, depth=0.0, flipHoriz=False, flipVert=False, image=str(...), interpolate=True, mask=None, maskParams=None, name='wth_background_3', opacity=1.0, ori=0.0, pos=array([0., 0.]), size=array([2., 1.]), texRes=128.0, units='height', win=Window(...))
15.2153 	EXP 	Created wth_word_typed = TextStim(__class__=<class 'psychopy.visual.text.TextStim'>, alignHoriz=method-wrapper(...), alignText='center', alignVert=method-wrapper(...), anchorHoriz='center', anchorVert='center', antialias=True, autoDraw=False, autoLog=True, bold=False, color=array([-1, -1, -1]), colorSpace='rgb', contrast=1.0, depth=-1.0, flipHoriz=False, flipVert=False, font='Arial', fontFiles=[], height=0.1, italic=False, languageStyle='LTR', name='wth_word_typed', opacity=1.0, ori=0.0, pos=array([0. , 0.2]), rgb=UNKNOWN, text='', units='height', win=Window(...), wrapWidth=1)
15.2168 	EXP 	window1: mouseVisible = True
15.2504 	EXP 	Created wth_valence_rating = Slider(__class__=<class 'psychopy.visual.slider.Slider'>, autoDraw=False, autoLog=True, borderColor=None, color=None, colorSpace='rgb', depth=-2, fillColor=None, flip=False, font='Noto Sans KR', granularity=0.0, labelColor=None, labelHeight=0.03, labelWrapWidth=None, labels=('부정', '중립', '긍정'), lineColor=None, markerColor=None, name='wth_valence_rating', opacity=None, ori=0.0, pos=array([-0.5, -0.1]), readOnly=False, self=UNKNOWN, size=array([0.45, 0.05]), startValue=None, style='rating', styleTweaks=[], ticks=array([-1,  0,  1]), units='height', win=Window(...))
15.2526 	EXP 	Created wth_valence_txt = TextStim(__class__=<class 'psychopy.visual.text.TextStim'>, alignHoriz=method-wrapper(...), alignText='center', alignVert=method-wrapper(...), anchorHoriz='center', anchorVert='center', antialias=True, autoDraw=False, autoLog=True, bold=False, color=array([-1, -1, -1]), colorSpace='rgb', contrast=1.0, depth=-3.0, flipHoriz=False, flipVert=False, font='Arial', fontFiles=[], height=0.04, italic=False, languageStyle='LTR', name='wth_valence_txt', opacity=1.0, ori=0.0, pos=array([-0.5 , -0.02]), rgb=UNKNOWN, text='단어에서 느껴지는 감정', units='height', win=Window(...), wrapWidth=1)
15.2550 	EXP 	Created wth_self_txt = TextStim(__class__=<class 'psychopy.visual.text.TextStim'>, alignHoriz=method-wrapper(...), alignText='center', alignVert=method-wrapper(...), anchorHoriz='center', anchorVert='center', antialias=True, autoDraw=False, autoLog=True, bold=False, color=array([-1, -1, -1]), colorSpace='rgb', contrast=1.0, depth=-4.0, flipHoriz=False, flipVert=False, font='Arial', fontFiles=[], height=0.04, italic=False, languageStyle='LTR', name='wth_self_txt', opacity=1.0, ori=0.0, pos=array([ 0.4 , -0.02]), rgb=UNKNOWN, text='단어가 자신과 관련이 있는 정도', units='height', win=Window(...), wrapWidth=1)
15.2562 	EXP 	window1: mouseVisible = True
15.2735 	EXP 	Created wth_self_rating = Slider(__class__=<class 'psychopy.visual.slider.Slider'>, autoDraw=False, autoLog=True, borderColor=None, color=None, colorSpace='rgb', depth=-5, fillColor=None, flip=False, font='Noto Sans KR', granularity=0.0, labelColor=None, labelHeight=0.03, labelWrapWidth=None, labels=('전혀 나와 관련이 없음', '나와 관련이 매우 많음'), lineColor=None, markerColor=None, name='wth_self_rating', opacity=None, ori=0.0, pos=array([ 0.4, -0.1]), readOnly=False, self=UNKNOWN, size=array([0.45, 0.05]), startValue=None, style='rating', styleTweaks=[], ticks=array([0, 1]), units='height', win=Window(...))
15.2761 	EXP 	window1: mouseVisible = True
15.2885 	EXP 	Created exp_end_back = ImageStim(__class__=<class 'psychopy.visual.image.ImageStim'>, anchor=('center', 'center'), autoLog=True, color=array([1, 1, 1]), colorSpace='rgb', contrast=1.0, depth=-1.0, flipHoriz=False, flipVert=False, image='pics/blank.png', interpolate=True, mask=None, maskParams=None, name='exp_end_back', opacity=1.0, ori=0.0, pos=array([0., 0.]), size=array([3., 1.]), texRes=128.0, units='height', win=Window(...))
15.3012 	EXP 	Created exp_end_text = TextStim(__class__=<class 'psychopy.visual.text.TextStim'>, alignHoriz=method-wrapper(...), alignText='center', alignVert=method-wrapper(...), anchorHoriz='center', anchorVert='center', antialias=True, autoDraw=False, autoLog=True, bold=False, color=array([-1, -1, -1]), colorSpace='rgb', contrast=1.0, depth=-2.0, flipHoriz=False, flipVert=False, font='Arial', fontFiles=[], height=0.04, italic=False, languageStyle='LTR', name='exp_end_text', opacity=1.0, ori=0.0, pos=array([0., 0.]), rgb=UNKNOWN, text=str(...), units='height', win=Window(...), wrapWidth=1)
15.3076 	EXP 	Created total_end_text = TextStim(__class__=<class 'psychopy.visual.text.TextStim'>, alignHoriz=method-wrapper(...), alignText='center', alignVert=method-wrapper(...), anchorHoriz='center', anchorVert='center', antialias=True, autoDraw=False, autoLog=True, bold=False, color=array([1, 1, 1]), colorSpace='rgb', contrast=1.0, depth=0.0, flipHoriz=False, flipVert=False, font='Arial', fontFiles=[], height=0.04, italic=False, languageStyle='LTR', name='total_end_text', opacity=1.0, ori=0.0, pos=array([0., 0.]), rgb=UNKNOWN, text='참여해주셔서 감사합니다.\n자동으로 종료됩니다.', units='height', win=Window(...), wrapWidth=1)
15.4271 	EXP 	wth_movie: autoLog = True
15.4271 	EXP 	wth_movie: movie = 'ins/weather_intro.mp4'
15.4271 	EXP 	wth_movie: ori = 0.0
15.4271 	EXP 	wth_valence_rating_2: autoLog = True
15.4271 	EXP 	wth_valence_rating_2: markerPos = None
15.4271 	EXP 	wth_valence_rating_2: styleTweaks = []
15.4271 	EXP 	wth_valence_rating_2: styleTweaks = []
15.4271 	EXP 	wth_valence_rating_2: styleTweaks = []
15.4271 	EXP 	wth_valence_rating_2: styleTweaks = []
15.4271 	EXP 	wth_valence_rating_2: contrast = 1.0
15.4271 	EXP 	wth_valence_rating_2: autoLog = True
15.4271 	EXP 	wth_self_rating_2: autoLog = True
15.4271 	EXP 	wth_self_rating_2: markerPos = None
15.4271 	EXP 	wth_self_rating_2: styleTweaks = []
15.4271 	EXP 	wth_self_rating_2: styleTweaks = []
15.4271 	EXP 	wth_self_rating_2: styleTweaks = []
15.4271 	EXP 	wth_self_rating_2: styleTweaks = []
15.4271 	EXP 	wth_self_rating_2: contrast = 1.0
15.4271 	EXP 	wth_self_rating_2: autoLog = True
15.4271 	EXP 	wth_valence_rating: autoLog = True
15.4271 	EXP 	wth_valence_rating: markerPos = None
15.4271 	EXP 	wth_valence_rating: styleTweaks = []
15.4271 	EXP 	wth_valence_rating: styleTweaks = []
15.4271 	EXP 	wth_valence_rating: styleTweaks = []
15.4271 	EXP 	wth_valence_rating: styleTweaks = []
15.4271 	EXP 	wth_valence_rating: contrast = 1.0
15.4271 	EXP 	wth_valence_rating: autoLog = True
15.4271 	EXP 	wth_self_rating: autoLog = True
15.4271 	EXP 	wth_self_rating: markerPos = None
15.4271 	EXP 	wth_self_rating: styleTweaks = []
15.4271 	EXP 	wth_self_rating: styleTweaks = []
15.4271 	EXP 	wth_self_rating: styleTweaks = []
15.4271 	EXP 	wth_self_rating: styleTweaks = []
15.4271 	EXP 	wth_self_rating: contrast = 1.0
15.4271 	EXP 	wth_self_rating: autoLog = True
15.4271 	EXP 	image: autoDraw = True
19.0605 	EXP 	Created sequence: random, trialTypes=1, nReps=1, seed=None
19.0606 	EXP 	New trial (rep=0, index=0): None
19.0637 	DATA 	Keypress: space
19.0713 	EXP 	image: autoDraw = False
19.0713 	EXP 	text: font = 'Noto Sans KR'
21.0615 	EXP 	wth_movie: autoDraw = True
21.0615 	EXP 	text: autoDraw = True
21.0615 	EXP 	text: height = 0.05
21.0615 	EXP 	text: height = 0.05
21.0615 	EXP 	text: height = 0.05
21.0615 	EXP 	text: text = '넘김 SPACE'
22.0747 	EXP 	Created sequence: sequential, trialTypes=1, nReps=10, seed=None
22.0748 	EXP 	New trial (rep=0, index=0): None
22.0758 	DATA 	Keypress: space
22.0811 	EXP 	wth_movie: autoDraw = False
22.0811 	EXP 	text: autoDraw = False
22.0811 	EXP 	wth_text: font = 'Noto Sans KR'
22.0811 	EXP 	wth_background_inst: autoDraw = True
23.0781 	EXP 	wth_text: autoDraw = True
23.0781 	EXP 	wth_text: height = 0.07
23.0781 	EXP 	wth_text: height = 0.07
23.0781 	EXP 	wth_text: height = 0.07
23.0781 	EXP 	wth_text: text = '단어연상 연습이 시작됩니다.'
24.1653 	EXP 	window1: mouseVisible = False
24.1742 	DATA 	Keypress: space
24.1753 	EXP 	wth_background_inst: autoDraw = False
24.1753 	EXP 	wth_text: autoDraw = False
24.1753 	EXP 	wth_think_instr_2: font = 'Noto Sans KR'
24.1753 	EXP 	wth_word_instr_3: font = 'Noto Sans KR'
24.1753 	EXP 	wth_background_6: autoDraw = True
24.1753 	EXP 	wth_think_instr_2: autoDraw = True
24.1753 	EXP 	wth_think_cross_2: autoDraw = True
24.1753 	EXP 	wth_think_instr_2: height = 0.07
24.1753 	EXP 	wth_think_instr_2: height = 0.07
24.1753 	EXP 	wth_think_instr_2: height = 0.07
24.1753 	EXP 	wth_think_instr_2: text = '자유롭게 생각하세요.'
29.1778 	EXP 	wth_word_instr_3: autoDraw = True
29.1778 	EXP 	wth_word_instr_3: height = 0.05
29.1778 	EXP 	wth_word_instr_3: height = 0.05
29.1778 	EXP 	wth_word_instr_3: height = 0.05
29.1778 	EXP 	wth_word_instr_3: text = '지금 무슨 생각을 하고 있는지\n단어나 구로 입력해주세요.\n입력 후 스페이스바와 클릭 버튼을 눌러주세요.'
29.1843 	EXP 	wth_think_instr_2: autoDraw = False
29.1843 	EXP 	wth_think_cross_2: autoDraw = False
33.1456 	EXP 	window1: mouseVisible = True
33.1749 	EXP 	wth_background_6: autoDraw = False
33.1749 	EXP 	wth_think_instr_2: autoDraw = False
33.1749 	EXP 	wth_think_cross_2: autoDraw = False
33.1749 	EXP 	wth_word_instr_3: autoDraw = False
33.1749 	EXP 	wth_word_typed_2: font = 'exp_font'
33.1749 	EXP 	wth_valence_rating_2: markerPos = None
33.1749 	EXP 	wth_valence_rating_2: markerPos = None
33.1749 	EXP 	wth_valence_txt_2: font = 'exp_font'
33.1749 	EXP 	wth_self_txt_2: font = 'exp_font'
33.1749 	EXP 	wth_self_rating_2: markerPos = None
33.1749 	EXP 	wth_self_rating_2: markerPos = None
33.1749 	EXP 	wth_word_typed_2: height = 0.1
33.1749 	EXP 	wth_word_typed_2: height = 0.1
33.1749 	EXP 	wth_word_typed_2: height = 0.1
33.1749 	EXP 	wth_word_typed_2: text = 'asdfasdfasdf'
33.1749 	EXP 	wth_background_7: autoDraw = True
33.1749 	EXP 	wth_word_typed_2: autoDraw = True
33.1749 	EXP 	wth_valence_rating_2: autoDraw = True
33.1749 	EXP 	wth_valence_txt_2: autoDraw = True
33.1749 	EXP 	wth_self_txt_2: autoDraw = True
33.1749 	EXP 	wth_self_rating_2: autoDraw = True
33.1749 	EXP 	wth_valence_txt_2: height = 0.04
33.1749 	EXP 	wth_valence_txt_2: height = 0.04
33.1749 	EXP 	wth_valence_txt_2: height = 0.04
33.1749 	EXP 	wth_valence_txt_2: text = '단어에서 느껴지는 감정'
33.1749 	EXP 	wth_self_txt_2: height = 0.04
33.1749 	EXP 	wth_self_txt_2: height = 0.04
33.1749 	EXP 	wth_self_txt_2: height = 0.04
33.1749 	EXP 	wth_self_txt_2: text = '단어가 자신과 관련이 있는 정도'
34.5519 	DATA 	Mouse: Left button down, pos=(350,429)
34.5620 	EXP 	wth_valence_rating_2: markerPos = -0.2880658436213992
34.5689 	EXP 	wth_valence_rating_2: markerPos = -0.2880658436213992
34.5759 	EXP 	wth_valence_rating_2: markerPos = -0.2880658436213992
34.5828 	EXP 	wth_valence_rating_2: markerPos = -0.2880658436213992
34.5897 	EXP 	wth_valence_rating_2: markerPos = -0.2880658436213992
34.5967 	EXP 	wth_valence_rating_2: markerPos = -0.2880658436213992
34.6036 	EXP 	wth_valence_rating_2: markerPos = -0.2880658436213992
34.6106 	EXP 	wth_valence_rating_2: markerPos = -0.2880658436213992
34.6176 	EXP 	wth_valence_rating_2: markerPos = -0.2880658436213992
34.6245 	EXP 	wth_valence_rating_2: markerPos = -0.2880658436213992
34.6314 	EXP 	wth_valence_rating_2: markerPos = -0.2880658436213992
34.6384 	EXP 	wth_valence_rating_2: markerPos = -0.2880658436213992
34.6453 	EXP 	wth_valence_rating_2: markerPos = -0.2880658436213992
34.6523 	EXP 	wth_valence_rating_2: markerPos = -0.2880658436213992
34.6592 	EXP 	wth_valence_rating_2: markerPos = -0.28395061728395055
34.6661 	EXP 	wth_valence_rating_2: markerPos = -0.28395061728395055
34.6731 	EXP 	wth_valence_rating_2: markerPos = -0.27572016460905346
34.6801 	EXP 	wth_valence_rating_2: markerPos = -0.2674897119341564
34.6870 	EXP 	wth_valence_rating_2: markerPos = -0.2551440329218111
34.6939 	EXP 	wth_valence_rating_2: markerPos = -0.23868312757201648
34.7010 	EXP 	wth_valence_rating_2: markerPos = -0.2222222222222222
34.7078 	EXP 	wth_valence_rating_2: markerPos = -0.2016460905349794
34.7148 	EXP 	wth_valence_rating_2: markerPos = -0.17695473251028804
34.7217 	EXP 	wth_valence_rating_2: markerPos = -0.15226337448559668
34.7286 	EXP 	wth_valence_rating_2: markerPos = -0.12345679012345678
34.7356 	EXP 	wth_valence_rating_2: markerPos = -0.09465020576131689
34.7425 	EXP 	wth_valence_rating_2: markerPos = -0.06584362139917699
34.7495 	EXP 	wth_valence_rating_2: markerPos = -0.04115226337448563
34.7564 	EXP 	wth_valence_rating_2: markerPos = -0.016460905349794275
34.7634 	EXP 	wth_valence_rating_2: markerPos = 0.004115226337448652
34.7703 	EXP 	wth_valence_rating_2: markerPos = 0.020576131687242816
34.7773 	EXP 	wth_valence_rating_2: markerPos = 0.04115226337448563
34.7815 	DATA 	Mouse:  Left button up, pos=(433,426)
34.7844 	EXP 	wth_valence_rating_2: markerPos = 0.053497942386831365
34.7912 	EXP 	wth_valence_rating_2: markerPos = 0.053497942386831365
35.3451 	DATA 	Mouse: Left button down, pos=(1296,450)
35.3537 	EXP 	wth_self_rating_2: markerPos = 0.30246913580246915
35.3607 	EXP 	wth_self_rating_2: markerPos = 0.30246913580246915
35.3677 	EXP 	wth_self_rating_2: markerPos = 0.30246913580246915
35.3746 	EXP 	wth_self_rating_2: markerPos = 0.30246913580246915
35.3816 	EXP 	wth_self_rating_2: markerPos = 0.30246913580246915
35.3885 	EXP 	wth_self_rating_2: markerPos = 0.30246913580246915
35.3954 	EXP 	wth_self_rating_2: markerPos = 0.30246913580246915
35.4024 	EXP 	wth_self_rating_2: markerPos = 0.30246913580246915
35.4093 	EXP 	wth_self_rating_2: markerPos = 0.30246913580246915
35.4163 	EXP 	wth_self_rating_2: markerPos = 0.3045267489711934
35.4232 	EXP 	wth_self_rating_2: markerPos = 0.31275720164609055
35.4301 	EXP 	wth_self_rating_2: markerPos = 0.32098765432098764
35.4371 	EXP 	wth_self_rating_2: markerPos = 0.33333333333333337
35.4441 	EXP 	wth_self_rating_2: markerPos = 0.3477366255144033
35.4513 	EXP 	wth_self_rating_2: markerPos = 0.36419753086419754
35.4580 	EXP 	wth_self_rating_2: markerPos = 0.3847736625514403
35.4649 	EXP 	wth_self_rating_2: markerPos = 0.40329218106995873
35.4718 	EXP 	wth_self_rating_2: markerPos = 0.4279835390946502
35.4788 	EXP 	wth_self_rating_2: markerPos = 0.4506172839506173
35.4857 	EXP 	wth_self_rating_2: markerPos = 0.4711934156378601
35.4927 	EXP 	wth_self_rating_2: markerPos = 0.49794238683127573
35.4996 	EXP 	wth_self_rating_2: markerPos = 0.5185185185185185
35.5066 	EXP 	wth_self_rating_2: markerPos = 0.5390946502057613
35.5135 	EXP 	wth_self_rating_2: markerPos = 0.5596707818930041
35.5204 	EXP 	wth_self_rating_2: markerPos = 0.5781893004115226
35.5274 	EXP 	wth_self_rating_2: markerPos = 0.5905349794238683
35.5346 	EXP 	wth_self_rating_2: markerPos = 0.602880658436214
35.5413 	EXP 	wth_self_rating_2: markerPos = 0.6111111111111112
35.5553 	EXP 	wth_self_rating_2: markerPos = 0.6193415637860082
35.5622 	EXP 	wth_self_rating_2: markerPos = 0.6275720164609053
35.5691 	EXP 	wth_self_rating_2: markerPos = 0.631687242798354
35.5759 	EXP 	wth_self_rating_2: markerPos = 0.6337448559670782
35.5827 	EXP 	wth_self_rating_2: markerPos = 0.6378600823045267
35.5891 	EXP 	wth_self_rating_2: markerPos = 0.6399176954732511
35.5956 	EXP 	wth_self_rating_2: markerPos = 0.6419753086419753
35.5992 	DATA 	Mouse:  Left button up, pos=(1462,452)
35.6025 	EXP 	wth_self_rating_2: markerPos = 0.6419753086419753
36.4452 	DATA 	Mouse: Left button down, pos=(967,89)
36.4602 	EXP 	wth_background_7: autoDraw = False
36.4602 	EXP 	wth_word_typed_2: autoDraw = False
36.4602 	EXP 	wth_valence_rating_2: autoDraw = False
36.4602 	EXP 	wth_valence_txt_2: autoDraw = False
36.4602 	EXP 	wth_self_txt_2: autoDraw = False
36.4602 	EXP 	wth_self_rating_2: autoDraw = False
36.4602 	EXP 	wth_text_4: font = 'Noto Sans KR'
36.4602 	EXP 	wth_image_2: autoDraw = True
36.4602 	EXP 	wth_text_4: autoDraw = True
36.4602 	EXP 	wth_text_4: height = 0.05
36.4602 	EXP 	wth_text_4: height = 0.05
36.4602 	EXP 	wth_text_4: height = 0.05
36.4602 	EXP 	wth_text_4: text = '연습을 다시 하시겠습니까?\n\ny 혹은 n을 누르세요.'
36.4938 	DATA 	Mouse:  Left button up, pos=(967,89)
39.0107 	DATA 	Keypress: n
39.0169 	EXP 	wth_image_2: autoDraw = False
39.0169 	EXP 	wth_text_4: autoDraw = False
39.0169 	EXP 	wth_text_2: font = 'exp_font'
39.0169 	EXP 	wth_background_inst_2: autoDraw = True
39.0169 	EXP 	wth_text_2: autoDraw = True
39.0169 	EXP 	wth_text_2: height = 0.07
39.0169 	EXP 	wth_text_2: height = 0.07
39.0169 	EXP 	wth_text_2: height = 0.07
39.0169 	EXP 	wth_text_2: text = '실험을 시작합니다.\n\n스페이스로 넘어가세요.'
39.7512 	DATA 	Keypress: escape
40.4654 	EXP 	window1: mouseVisible = True
