2.2993 	WARNING 	We strongly recommend you activate the PTB sound engine in PsychoPy prefs as the preferred audio engine. Its timing is vastly superior. Your prefs are currently set to use ['sounddevice', 'PTB', 'pyo', 'pygame'] (in that order).
6.2595 	EXP 	Created window1 = Window(allowGUI=True, allowStencil=False, autoLog=True, backendConf=UNKNOWN, bitsMode=UNKNOWN, blendMode='avg', bpc=(8, 8, 8), color=array([0., 0., 0.]), colorSpace='hsv', depthBits=8, fullscr=<method-wrapper '__getattribute__' of attributeSetter object at 0x000001E945061D30>, gamma=None, gammaErrorPolicy='raise', lms=UNKNOWN, monitor=<psychopy.monitors.calibTools.Monitor object at 0x000001E9454C9190>, multiSample=False, name='window1', numSamples=2, pos=(0, 0), screen=0, size=array([1920, 1080]), stencilBits=0, stereo=False, units='height', useFBO=True, useRetina=False, viewOri=0.0, viewPos=None, viewScale=None, waitBlanking=True, winType='pyglet')
6.2596 	EXP 	window1: mouseVisible = True
6.2597 	EXP 	window1: mouseVisible = True
6.2597 	EXP 	window1: Attempting to measure frame rate of screen (0) ...
6.2597 	EXP 	window1: recordFrameIntervals = False
6.4270 	EXP 	window1: recordFrameIntervals = True
6.6085 	EXP 	Screen (0) actual frame rate measured at 60.67Hz
6.6085 	EXP 	window1: recordFrameIntervals = False
6.6402 	WARNING 	launchHubServer: If using the iohub mouse or eyetracker devices, fullScr should be True.
8.2778 	EXP 	Created image = ImageStim(__class__=<class 'psychopy.visual.image.ImageStim'>, anchor=('center', 'center'), autoLog=True, color=array([1, 1, 1]), colorSpace='rgb', contrast=1.0, depth=0.0, flipHoriz=False, flipVert=False, image='fis_artwork/general_instruction.png', interpolate=True, mask=None, maskParams=None, name='image', opacity=1.0, ori=0.0, pos=array([0., 0.]), size=array([1920., 1080.]), texRes=128.0, units='pix', win=Window(...))
8.4183 	EXP 	Created wth_movie = MovieStim3(__class__=<class 'psychopy.visual.movie3.MovieStim3'>, anchor=('center', 'center'), autoLog=True, color=UNKNOWN, colorSpace=UNKNOWN, depth=0.0, filename='ins/weather_intro.mp4', flipHoriz=False, flipVert=False, fps=UNKNOWN, interpolate=True, loop=False, name='wth_movie', noAudio=False, opacity=1, ori=method-wrapper(...), pos=array([0., 0.]), size=None, units='pix', vframe_callback=UNKNOWN, volume=UNKNOWN, win=Window(...))
10.6074 	WARNING 	2.1891153999999915: Video catchup needed, advancing self._nextFrameT from 0.0 to 0.041666666666666664
10.6074 	WARNING 	2.1891441000000214: Video catchup needed, advancing self._nextFrameT from 0.041666666666666664 to 0.08333333333333333
10.6074 	WARNING 	2.1891542999999274: Video catchup needed, advancing self._nextFrameT from 0.08333333333333333 to 0.125
10.6074 	WARNING 	2.1891634999999496: Video catchup needed, advancing self._nextFrameT from 0.125 to 0.16666666666666666
10.6074 	WARNING 	2.1891720999999507: Video catchup needed, advancing self._nextFrameT from 0.16666666666666666 to 0.20833333333333331
10.6075 	WARNING 	2.189181499999904: Video catchup needed, advancing self._nextFrameT from 0.20833333333333331 to 0.24999999999999997
10.6075 	WARNING 	2.1891901999999845: Video catchup needed, advancing self._nextFrameT from 0.24999999999999997 to 0.29166666666666663
10.6075 	WARNING 	2.1891987999999856: Video catchup needed, advancing self._nextFrameT from 0.29166666666666663 to 0.3333333333333333
10.6075 	WARNING 	2.1892073999999866: Video catchup needed, advancing self._nextFrameT from 0.3333333333333333 to 0.375
10.6075 	WARNING 	2.1892158000000563: Video catchup needed, advancing self._nextFrameT from 0.375 to 0.4166666666666667
10.6075 	WARNING 	Max reportNDroppedFrames reached, will not log any more dropped frames
10.9045 	EXP 	Created text = TextStim(__class__=<class 'psychopy.visual.text.TextStim'>, alignHoriz=method-wrapper(...), alignText='center', alignVert=method-wrapper(...), anchorHoriz='center', anchorVert='center', antialias=True, autoDraw=False, autoLog=True, bold=False, color=array([-1, -1, -1]), colorSpace='rgb', contrast=1.0, depth=-1.0, flipHoriz=False, flipVert=False, font='Noto Sans KR', fontFiles=[], height=0.05, italic=False, languageStyle='LTR', name='text', opacity=1.0, ori=0.0, pos=array([ 0. , -0.4]), rgb=UNKNOWN, text='스페이스로 넘어가세요', units='height', win=Window(...), wrapWidth=1)
10.9046 	EXP 	window1: mouseVisible = True
11.5332 	EXP 	Created wth_background_inst = ImageStim(__class__=<class 'psychopy.visual.image.ImageStim'>, anchor=('center', 'center'), autoLog=True, color=array([1, 1, 1]), colorSpace='rgb', contrast=1.0, depth=-1.0, flipHoriz=False, flipVert=False, image=str(...), interpolate=True, mask=None, maskParams=None, name='wth_background_inst', opacity=1.0, ori=0.0, pos=array([0., 0.]), size=array([1920., 1080.]), texRes=128.0, units='pix', win=Window(...))
11.5610 	EXP 	Created wth_text = TextStim(__class__=<class 'psychopy.visual.text.TextStim'>, alignHoriz=method-wrapper(...), alignText='center', alignVert=method-wrapper(...), anchorHoriz='center', anchorVert='center', antialias=True, autoDraw=False, autoLog=True, bold=False, color=array([-1, -1, -1]), colorSpace='rgb', contrast=1.0, depth=-2.0, flipHoriz=False, flipVert=False, font='Noto Sans KR', fontFiles=[], height=0.07, italic=False, languageStyle='LTR', name='wth_text', opacity=1.0, ori=0.0, pos=array([0., 0.]), rgb=UNKNOWN, text='단어연상 연습이 시작됩니다.', units='height', win=Window(...), wrapWidth=1)
12.2345 	EXP 	Created wth_background_6 = ImageStim(__class__=<class 'psychopy.visual.image.ImageStim'>, anchor=('center', 'center'), autoLog=True, color=array([1, 1, 1]), colorSpace='rgb', contrast=1.0, depth=0.0, flipHoriz=False, flipVert=False, image=str(...), interpolate=True, mask=None, maskParams=None, name='wth_background_6', opacity=1.0, ori=0.0, pos=array([0., 0.]), size=array([2., 1.]), texRes=128.0, units='height', win=Window(...))
12.2431 	EXP 	Created wth_think_instr_2 = TextStim(__class__=<class 'psychopy.visual.text.TextStim'>, alignHoriz=method-wrapper(...), alignText='center', alignVert=method-wrapper(...), anchorHoriz='center', anchorVert='center', antialias=True, autoDraw=False, autoLog=True, bold=False, color=array([-1, -1, -1]), colorSpace='rgb', contrast=1.0, depth=-2.0, flipHoriz=False, flipVert=False, font='Noto Sans KR', fontFiles=[], height=0.07, italic=False, languageStyle='LTR', name='wth_think_instr_2', opacity=1.0, ori=0.0, pos=array([0. , 0.3]), rgb=UNKNOWN, text='자유롭게 생각하세요.', units='height', win=Window(...), wrapWidth=1)
12.2534 	EXP 	Created wth_think_cross_2 = ShapeStim(__class__=<class 'psychopy.visual.shape.ShapeStim'>, anchor=('center', 'center'), autoDraw=False, autoLog=True, closeShape=True, color=method-wrapper(...), colorSpace='rgb', contrast=None, depth=-3.0, fillColor=array([-1, -1, -1]), fillColorSpace='rgb', fillRGB=array([-1, -1, -1]), interpolate=True, lineColor=array([-1, -1, -1]), lineColorSpace='rgb', lineRGB=array([-1, -1, -1]), lineWidth=0.1, name='wth_think_cross_2', opacity=1.0, ori=0.0, pos=array([0., 0.]), size=array([0.07, 0.07]), units='height', vertices=ndarray(...), win=Window(...), windingRule=None)
12.9202 	EXP 	Created image_2 = ImageStim(__class__=<class 'psychopy.visual.image.ImageStim'>, anchor=('center', 'center'), autoLog=True, color=array([1, 1, 1]), colorSpace='rgb', contrast=1.0, depth=0.0, flipHoriz=False, flipVert=False, image=str(...), interpolate=True, mask=None, maskParams=None, name='image_2', opacity=1.0, ori=0.0, pos=array([0., 0.]), size=array([1920., 1080.]), texRes=128.0, units='pix', win=Window(...))
13.0365 	EXP 	Created wth_word_instr_4 = TextStim(__class__=<class 'psychopy.visual.text.TextStim'>, alignHoriz=method-wrapper(...), alignText='center', alignVert=method-wrapper(...), anchorHoriz='center', anchorVert='center', antialias=True, autoDraw=False, autoLog=True, bold=False, color=array([-1, -1, -1]), colorSpace='rgb', contrast=1.0, depth=-2.0, flipHoriz=False, flipVert=False, font='Noto Sans KR', fontFiles=[], height=0.05, italic=False, languageStyle='LTR', name='wth_word_instr_4', opacity=1.0, ori=0.0, pos=array([0.  , 0.25]), rgb=UNKNOWN, text=str(...), units='height', win=Window(...), wrapWidth=1)
13.6441 	EXP 	Created wth_background_7 = ImageStim(__class__=<class 'psychopy.visual.image.ImageStim'>, anchor=('center', 'center'), autoLog=True, color=array([1, 1, 1]), colorSpace='rgb', contrast=1.0, depth=0.0, flipHoriz=False, flipVert=False, image=str(...), interpolate=True, mask=None, maskParams=None, name='wth_background_7', opacity=1.0, ori=0.0, pos=array([0., 0.]), size=array([2., 1.]), texRes=128.0, units='height', win=Window(...))
13.6462 	EXP 	Created wth_word_typed_2 = TextStim(__class__=<class 'psychopy.visual.text.TextStim'>, alignHoriz=method-wrapper(...), alignText='center', alignVert=method-wrapper(...), anchorHoriz='center', anchorVert='center', antialias=True, autoDraw=False, autoLog=True, bold=False, color=array([-1, -1, -1]), colorSpace='rgb', contrast=1.0, depth=-1.0, flipHoriz=False, flipVert=False, font='Noto Sans KR', fontFiles=[], height=0.1, italic=False, languageStyle='LTR', name='wth_word_typed_2', opacity=1.0, ori=0.0, pos=array([0. , 0.2]), rgb=UNKNOWN, text='', units='height', win=Window(...), wrapWidth=1)
13.6644 	EXP 	window1: mouseVisible = True
14.6234 	EXP 	Created wth_valence_rating_2 = Slider(__class__=<class 'psychopy.visual.slider.Slider'>, autoDraw=False, autoLog=True, borderColor=None, color=None, colorSpace='rgb', depth=-2, fillColor=None, flip=False, font='Noto Sans KR', granularity=0.0, labelColor=None, labelHeight=0.03, labelWrapWidth=None, labels=('부정', '중립', '긍정'), lineColor=None, markerColor=None, name='wth_valence_rating_2', opacity=None, ori=0.0, pos=array([-0.5, -0.1]), readOnly=False, self=UNKNOWN, size=array([0.45, 0.05]), startValue=None, style='rating', styleTweaks=[], ticks=array([-1,  0,  1]), units='height', win=Window(...))
14.6342 	EXP 	Created wth_valence_txt_2 = TextStim(__class__=<class 'psychopy.visual.text.TextStim'>, alignHoriz=method-wrapper(...), alignText='center', alignVert=method-wrapper(...), anchorHoriz='center', anchorVert='center', antialias=True, autoDraw=False, autoLog=True, bold=False, color=array([-1, -1, -1]), colorSpace='rgb', contrast=1.0, depth=-3.0, flipHoriz=False, flipVert=False, font='Noto Sans KR', fontFiles=[], height=0.04, italic=False, languageStyle='LTR', name='wth_valence_txt_2', opacity=1.0, ori=0.0, pos=array([-0.5 , -0.02]), rgb=UNKNOWN, text='단어에서 느껴지는 감정', units='height', win=Window(...), wrapWidth=1)
14.6419 	EXP 	Created wth_self_txt_2 = TextStim(__class__=<class 'psychopy.visual.text.TextStim'>, alignHoriz=method-wrapper(...), alignText='center', alignVert=method-wrapper(...), anchorHoriz='center', anchorVert='center', antialias=True, autoDraw=False, autoLog=True, bold=False, color=array([-1, -1, -1]), colorSpace='rgb', contrast=1.0, depth=-4.0, flipHoriz=False, flipVert=False, font='Noto Sans KR', fontFiles=[], height=0.04, italic=False, languageStyle='LTR', name='wth_self_txt_2', opacity=1.0, ori=0.0, pos=array([ 0.4 , -0.02]), rgb=UNKNOWN, text='단어가 자신과 관련이 있는 정도', units='height', win=Window(...), wrapWidth=1)
14.6435 	EXP 	window1: mouseVisible = True
14.7314 	EXP 	Created wth_self_rating_2 = Slider(__class__=<class 'psychopy.visual.slider.Slider'>, autoDraw=False, autoLog=True, borderColor=None, color=None, colorSpace='rgb', depth=-5, fillColor=None, flip=False, font='Noto Sans KR', granularity=0.0, labelColor=None, labelHeight=0.03, labelWrapWidth=None, labels=('전혀 나와 관련이 없음', '나와 관련이 매우 많음'), lineColor=None, markerColor=None, name='wth_self_rating_2', opacity=None, ori=0.0, pos=array([ 0.4, -0.1]), readOnly=False, self=UNKNOWN, size=array([0.45, 0.05]), startValue=None, style='rating', styleTweaks=[], ticks=array([0, 1]), units='height', win=Window(...))
14.7690 	EXP 	window1: mouseVisible = True
15.3782 	EXP 	Created wth_image_2 = ImageStim(__class__=<class 'psychopy.visual.image.ImageStim'>, anchor=('center', 'center'), autoLog=True, color=array([1, 1, 1]), colorSpace='rgb', contrast=1.0, depth=0.0, flipHoriz=False, flipVert=False, image=str(...), interpolate=True, mask=None, maskParams=None, name='wth_image_2', opacity=1.0, ori=0.0, pos=array([0., 0.]), size=array([2., 1.]), texRes=128.0, units='height', win=Window(...))
15.3931 	EXP 	Created wth_text_4 = TextStim(__class__=<class 'psychopy.visual.text.TextStim'>, alignHoriz=method-wrapper(...), alignText='center', alignVert=method-wrapper(...), anchorHoriz='center', anchorVert='center', antialias=True, autoDraw=False, autoLog=True, bold=False, color=array([-1, -1, -1]), colorSpace='rgb', contrast=1.0, depth=-1.0, flipHoriz=False, flipVert=False, font='Noto Sans KR', fontFiles=[], height=0.05, italic=False, languageStyle='LTR', name='wth_text_4', opacity=1.0, ori=0.0, pos=array([0., 0.]), rgb=UNKNOWN, text='연습을 다시 하시겠습니까?\n\ny 혹은 n을 누르세요.', units='height', win=Window(...), wrapWidth=1)
15.9985 	EXP 	Created wth_background_inst_2 = ImageStim(__class__=<class 'psychopy.visual.image.ImageStim'>, anchor=('center', 'center'), autoLog=True, color=array([1, 1, 1]), colorSpace='rgb', contrast=1.0, depth=0.0, flipHoriz=False, flipVert=False, image=str(...), interpolate=True, mask=None, maskParams=None, name='wth_background_inst_2', opacity=1.0, ori=0.0, pos=array([0., 0.]), size=array([2., 1.]), texRes=128.0, units='height', win=Window(...))
16.0376 	EXP 	Created wth_text_2 = TextStim(__class__=<class 'psychopy.visual.text.TextStim'>, alignHoriz=method-wrapper(...), alignText='center', alignVert=method-wrapper(...), anchorHoriz='center', anchorVert='center', antialias=True, autoDraw=False, autoLog=True, bold=False, color=array([-1, -1, -1]), colorSpace='rgb', contrast=1.0, depth=-1.0, flipHoriz=False, flipVert=False, font='Arial', fontFiles=[], height=0.07, italic=False, languageStyle='LTR', name='wth_text_2', opacity=1.0, ori=0.0, pos=array([0., 0.]), rgb=UNKNOWN, text='실험을 시작합니다.\n\n스페이스로 넘어가세요.', units='height', win=Window(...), wrapWidth=1)
16.6246 	EXP 	Created wth_background = ImageStim(__class__=<class 'psychopy.visual.image.ImageStim'>, anchor=('center', 'center'), autoLog=True, color=array([1, 1, 1]), colorSpace='rgb', contrast=1.0, depth=0.0, flipHoriz=False, flipVert=False, image=str(...), interpolate=True, mask=None, maskParams=None, name='wth_background', opacity=1.0, ori=0.0, pos=array([0., 0.]), size=array([2., 1.]), texRes=128.0, units='height', win=Window(...))
16.6330 	EXP 	Created wth_think_instr = TextStim(__class__=<class 'psychopy.visual.text.TextStim'>, alignHoriz=method-wrapper(...), alignText='center', alignVert=method-wrapper(...), anchorHoriz='center', anchorVert='center', antialias=True, autoDraw=False, autoLog=True, bold=False, color=array([-1, -1, -1]), colorSpace='rgb', contrast=1.0, depth=-2.0, flipHoriz=False, flipVert=False, font='Arial', fontFiles=[], height=0.07, italic=False, languageStyle='LTR', name='wth_think_instr', opacity=1.0, ori=0.0, pos=array([0. , 0.3]), rgb=UNKNOWN, text='자유롭게 생각하세요.', units='height', win=Window(...), wrapWidth=1)
16.6345 	EXP 	Created wth_think_cross = ShapeStim(__class__=<class 'psychopy.visual.shape.ShapeStim'>, anchor=('center', 'center'), autoDraw=False, autoLog=True, closeShape=True, color=method-wrapper(...), colorSpace='rgb', contrast=None, depth=-3.0, fillColor=array([-1, -1, -1]), fillColorSpace='rgb', fillRGB=array([-1, -1, -1]), interpolate=True, lineColor=array([-1, -1, -1]), lineColorSpace='rgb', lineRGB=array([-1, -1, -1]), lineWidth=0.1, name='wth_think_cross', opacity=1.0, ori=0.0, pos=array([0., 0.]), size=array([0.07, 0.07]), units='height', vertices=ndarray(...), win=Window(...), windingRule=None)
17.2373 	EXP 	Created wth_background_2 = ImageStim(__class__=<class 'psychopy.visual.image.ImageStim'>, anchor=('center', 'center'), autoLog=True, color=array([1, 1, 1]), colorSpace='rgb', contrast=1.0, depth=0.0, flipHoriz=False, flipVert=False, image=str(...), interpolate=True, mask=None, maskParams=None, name='wth_background_2', opacity=1.0, ori=0.0, pos=array([0., 0.]), size=array([2., 1.]), texRes=128.0, units='height', win=Window(...))
17.2809 	EXP 	Created wth_word_instr = TextStim(__class__=<class 'psychopy.visual.text.TextStim'>, alignHoriz=method-wrapper(...), alignText='center', alignVert=method-wrapper(...), anchorHoriz='center', anchorVert='center', antialias=True, autoDraw=False, autoLog=True, bold=False, color=array([-1, -1, -1]), colorSpace='rgb', contrast=1.0, depth=-1.0, flipHoriz=False, flipVert=False, font='Arial', fontFiles=[], height=0.05, italic=False, languageStyle='LTR', name='wth_word_instr', opacity=1.0, ori=0.0, pos=array([0.  , 0.25]), rgb=UNKNOWN, text=str(...), units='height', win=Window(...), wrapWidth=1)
17.2896 	EXP 	window1: mouseVisible = True
17.8856 	EXP 	Created wth_background_3 = ImageStim(__class__=<class 'psychopy.visual.image.ImageStim'>, anchor=('center', 'center'), autoLog=True, color=array([1, 1, 1]), colorSpace='rgb', contrast=1.0, depth=0.0, flipHoriz=False, flipVert=False, image=str(...), interpolate=True, mask=None, maskParams=None, name='wth_background_3', opacity=1.0, ori=0.0, pos=array([0., 0.]), size=array([2., 1.]), texRes=128.0, units='height', win=Window(...))
17.8871 	EXP 	Created wth_word_typed = TextStim(__class__=<class 'psychopy.visual.text.TextStim'>, alignHoriz=method-wrapper(...), alignText='center', alignVert=method-wrapper(...), anchorHoriz='center', anchorVert='center', antialias=True, autoDraw=False, autoLog=True, bold=False, color=array([-1, -1, -1]), colorSpace='rgb', contrast=1.0, depth=-1.0, flipHoriz=False, flipVert=False, font='Arial', fontFiles=[], height=0.1, italic=False, languageStyle='LTR', name='wth_word_typed', opacity=1.0, ori=0.0, pos=array([0. , 0.2]), rgb=UNKNOWN, text='', units='height', win=Window(...), wrapWidth=1)
17.8889 	EXP 	window1: mouseVisible = True
17.9267 	EXP 	Created wth_valence_rating = Slider(__class__=<class 'psychopy.visual.slider.Slider'>, autoDraw=False, autoLog=True, borderColor=None, color=None, colorSpace='rgb', depth=-2, fillColor=None, flip=False, font='Noto Sans KR', granularity=0.0, labelColor=None, labelHeight=0.03, labelWrapWidth=None, labels=('부정', '중립', '긍정'), lineColor=None, markerColor=None, name='wth_valence_rating', opacity=None, ori=0.0, pos=array([-0.5, -0.1]), readOnly=False, self=UNKNOWN, size=array([0.45, 0.05]), startValue=None, style='rating', styleTweaks=[], ticks=array([-1,  0,  1]), units='height', win=Window(...))
17.9362 	EXP 	Created wth_valence_txt = TextStim(__class__=<class 'psychopy.visual.text.TextStim'>, alignHoriz=method-wrapper(...), alignText='center', alignVert=method-wrapper(...), anchorHoriz='center', anchorVert='center', antialias=True, autoDraw=False, autoLog=True, bold=False, color=array([-1, -1, -1]), colorSpace='rgb', contrast=1.0, depth=-3.0, flipHoriz=False, flipVert=False, font='Arial', fontFiles=[], height=0.04, italic=False, languageStyle='LTR', name='wth_valence_txt', opacity=1.0, ori=0.0, pos=array([-0.5 , -0.02]), rgb=UNKNOWN, text='단어에서 느껴지는 감정', units='height', win=Window(...), wrapWidth=1)
17.9417 	EXP 	Created wth_self_txt = TextStim(__class__=<class 'psychopy.visual.text.TextStim'>, alignHoriz=method-wrapper(...), alignText='center', alignVert=method-wrapper(...), anchorHoriz='center', anchorVert='center', antialias=True, autoDraw=False, autoLog=True, bold=False, color=array([-1, -1, -1]), colorSpace='rgb', contrast=1.0, depth=-4.0, flipHoriz=False, flipVert=False, font='Arial', fontFiles=[], height=0.04, italic=False, languageStyle='LTR', name='wth_self_txt', opacity=1.0, ori=0.0, pos=array([ 0.4 , -0.02]), rgb=UNKNOWN, text='단어가 자신과 관련이 있는 정도', units='height', win=Window(...), wrapWidth=1)
17.9432 	EXP 	window1: mouseVisible = True
17.9635 	EXP 	Created wth_self_rating = Slider(__class__=<class 'psychopy.visual.slider.Slider'>, autoDraw=False, autoLog=True, borderColor=None, color=None, colorSpace='rgb', depth=-5, fillColor=None, flip=False, font='Noto Sans KR', granularity=0.0, labelColor=None, labelHeight=0.03, labelWrapWidth=None, labels=('전혀 나와 관련이 없음', '나와 관련이 매우 많음'), lineColor=None, markerColor=None, name='wth_self_rating', opacity=None, ori=0.0, pos=array([ 0.4, -0.1]), readOnly=False, self=UNKNOWN, size=array([0.45, 0.05]), startValue=None, style='rating', styleTweaks=[], ticks=array([0, 1]), units='height', win=Window(...))
17.9673 	EXP 	window1: mouseVisible = True
17.9763 	EXP 	Created exp_end_back = ImageStim(__class__=<class 'psychopy.visual.image.ImageStim'>, anchor=('center', 'center'), autoLog=True, color=array([1, 1, 1]), colorSpace='rgb', contrast=1.0, depth=-1.0, flipHoriz=False, flipVert=False, image='pics/blank.png', interpolate=True, mask=None, maskParams=None, name='exp_end_back', opacity=1.0, ori=0.0, pos=array([0., 0.]), size=array([3., 1.]), texRes=128.0, units='height', win=Window(...))
18.0015 	EXP 	Created exp_end_text = TextStim(__class__=<class 'psychopy.visual.text.TextStim'>, alignHoriz=method-wrapper(...), alignText='center', alignVert=method-wrapper(...), anchorHoriz='center', anchorVert='center', antialias=True, autoDraw=False, autoLog=True, bold=False, color=array([-1, -1, -1]), colorSpace='rgb', contrast=1.0, depth=-2.0, flipHoriz=False, flipVert=False, font='Noto Sans KR', fontFiles=[], height=0.04, italic=False, languageStyle='LTR', name='exp_end_text', opacity=1.0, ori=0.0, pos=array([0., 0.]), rgb=UNKNOWN, text=str(...), units='height', win=Window(...), wrapWidth=1)
18.0126 	EXP 	Created total_end_text = TextStim(__class__=<class 'psychopy.visual.text.TextStim'>, alignHoriz=method-wrapper(...), alignText='center', alignVert=method-wrapper(...), anchorHoriz='center', anchorVert='center', antialias=True, autoDraw=False, autoLog=True, bold=False, color=array([1, 1, 1]), colorSpace='rgb', contrast=1.0, depth=0.0, flipHoriz=False, flipVert=False, font='Arial', fontFiles=[], height=0.04, italic=False, languageStyle='LTR', name='total_end_text', opacity=1.0, ori=0.0, pos=array([0., 0.]), rgb=UNKNOWN, text='참여해주셔서 감사합니다.\n자동으로 종료됩니다.', units='height', win=Window(...), wrapWidth=1)
18.0279 	EXP 	wth_movie: autoLog = True
18.0279 	EXP 	wth_movie: movie = 'ins/weather_intro.mp4'
18.0279 	EXP 	wth_movie: ori = 0.0
18.0279 	EXP 	wth_valence_rating_2: autoLog = True
18.0279 	EXP 	wth_valence_rating_2: markerPos = None
18.0279 	EXP 	wth_valence_rating_2: styleTweaks = []
18.0279 	EXP 	wth_valence_rating_2: styleTweaks = []
18.0279 	EXP 	wth_valence_rating_2: styleTweaks = []
18.0279 	EXP 	wth_valence_rating_2: styleTweaks = []
18.0279 	EXP 	wth_valence_rating_2: contrast = 1.0
18.0279 	EXP 	wth_valence_rating_2: autoLog = True
18.0279 	EXP 	wth_self_rating_2: autoLog = True
18.0279 	EXP 	wth_self_rating_2: markerPos = None
18.0279 	EXP 	wth_self_rating_2: styleTweaks = []
18.0279 	EXP 	wth_self_rating_2: styleTweaks = []
18.0279 	EXP 	wth_self_rating_2: styleTweaks = []
18.0279 	EXP 	wth_self_rating_2: styleTweaks = []
18.0279 	EXP 	wth_self_rating_2: contrast = 1.0
18.0279 	EXP 	wth_self_rating_2: autoLog = True
18.0279 	EXP 	wth_valence_rating: autoLog = True
18.0279 	EXP 	wth_valence_rating: markerPos = None
18.0279 	EXP 	wth_valence_rating: styleTweaks = []
18.0279 	EXP 	wth_valence_rating: styleTweaks = []
18.0279 	EXP 	wth_valence_rating: styleTweaks = []
18.0279 	EXP 	wth_valence_rating: styleTweaks = []
18.0279 	EXP 	wth_valence_rating: contrast = 1.0
18.0279 	EXP 	wth_valence_rating: autoLog = True
18.0279 	EXP 	wth_self_rating: autoLog = True
18.0279 	EXP 	wth_self_rating: markerPos = None
18.0279 	EXP 	wth_self_rating: styleTweaks = []
18.0279 	EXP 	wth_self_rating: styleTweaks = []
18.0279 	EXP 	wth_self_rating: styleTweaks = []
18.0279 	EXP 	wth_self_rating: styleTweaks = []
18.0279 	EXP 	wth_self_rating: contrast = 1.0
18.0279 	EXP 	wth_self_rating: autoLog = True
18.0279 	EXP 	image: autoDraw = True
19.2764 	EXP 	Created sequence: random, trialTypes=1, nReps=1, seed=None
19.2765 	EXP 	New trial (rep=0, index=0): None
19.2771 	DATA 	Keypress: space
19.2901 	EXP 	image: autoDraw = False
21.2915 	EXP 	wth_movie: autoDraw = True
21.2915 	EXP 	text: autoDraw = True
21.7761 	EXP 	Created sequence: sequential, trialTypes=1, nReps=10, seed=None
21.7763 	EXP 	New trial (rep=0, index=0): None
21.8281 	DATA 	Keypress: space
21.8413 	EXP 	wth_movie: autoDraw = False
21.8413 	EXP 	text: autoDraw = False
21.8413 	EXP 	wth_background_inst: autoDraw = True
22.7752 	EXP 	wth_text: autoDraw = True
24.7748 	EXP 	wth_text: autoDraw = False
55.5059 	EXP 	window1: mouseVisible = False
55.5303 	DATA 	Keypress: space
55.5533 	EXP 	wth_background_inst: autoDraw = False
55.5533 	EXP 	wth_text: autoDraw = False
55.5533 	EXP 	wth_background_6: autoDraw = True
55.5533 	EXP 	wth_think_instr_2: autoDraw = True
55.5533 	EXP 	wth_think_cross_2: autoDraw = True
60.5537 	EXP 	wth_think_instr_2: autoDraw = False
60.5537 	EXP 	wth_think_cross_2: autoDraw = False
65.5370 	EXP 	window1: mouseVisible = True
65.5854 	EXP 	wth_background_6: autoDraw = False
65.5854 	EXP 	wth_background_6: autoDraw = False
65.5854 	EXP 	wth_think_instr_2: autoDraw = False
65.5854 	EXP 	wth_think_cross_2: autoDraw = False
65.5854 	EXP 	image_2: autoDraw = True
65.5854 	EXP 	wth_word_instr_4: autoDraw = True
95.9573 	DATA 	Mouse: Left button down, pos=(965,634)
95.9575 	DATA 	Mouse:  Left button up, pos=(965,634)
95.9575 	DATA 	Mouse: Left button down, pos=(965,634)
95.9577 	DATA 	Mouse:  Left button up, pos=(965,634)
95.9577 	DATA 	Mouse: Left button down, pos=(965,634)
95.9578 	DATA 	Mouse:  Left button up, pos=(965,634)
95.9586 	DATA 	Mouse: Left button down, pos=(990,607)
95.9588 	DATA 	Mouse:  Left button up, pos=(990,607)
95.9589 	DATA 	Mouse: Left button down, pos=(991,607)
95.9590 	DATA 	Mouse:  Left button up, pos=(991,607)
95.9590 	DATA 	Mouse: Left button down, pos=(991,607)
95.9592 	DATA 	Mouse:  Left button up, pos=(991,607)
95.9599 	DATA 	Mouse: Left button down, pos=(994,615)
95.9600 	DATA 	Mouse:  Left button up, pos=(994,615)
95.9753 	DATA 	KeyPress: 김
95.9862 	DATA 	KeyPress: 미
95.9976 	DATA 	KeyPress: 니
96.0093 	DATA 	KeyPress: 얼
96.0094 	DATA 	Keypress: semicolon
96.0253 	DATA 	KeyPress: 민
96.0375 	DATA 	KeyPress: 아
96.0450 	DATA 	KeyPress: ㅓ
96.0534 	DATA 	Mouse: Left button down, pos=(1021,556)
96.0535 	DATA 	Mouse:  Left button up, pos=(1021,556)
96.0609 	DATA 	KeyPress: ㅁ
96.0685 	DATA 	KeyPress: ㄴ
96.0761 	DATA 	KeyPress: ㅇ
96.0840 	DATA 	KeyPress: ㄻ
96.0844 	DATA 	KeyPress: ㄴ
96.0847 	DATA 	KeyPress: ㅇ
96.0851 	DATA 	KeyPress: ㄻ
96.0854 	DATA 	KeyPress: ㄴ
96.0858 	DATA 	KeyPress: ㅇ
96.0863 	DATA 	Mouse: Left button down, pos=(1003,561)
96.0863 	DATA 	Mouse:  Left button up, pos=(1003,561)
96.0867 	DATA 	KeyPress: ㄴ
96.0871 	DATA 	KeyPress: ㅇ
96.0875 	DATA 	KeyPress: ㄻ
96.0879 	DATA 	KeyPress: ㅇ
96.0883 	DATA 	KeyPress: ㄴ
96.1295 	EXP 	image_2: autoDraw = False
96.1295 	EXP 	wth_word_instr_4: autoDraw = False
96.1295 	EXP 	wth_valence_rating_2: markerPos = None
96.1295 	EXP 	wth_valence_rating_2: markerPos = None
96.1295 	EXP 	wth_self_rating_2: markerPos = None
96.1295 	EXP 	wth_self_rating_2: markerPos = None
96.1295 	EXP 	wth_word_typed_2: height = 0.1
96.1295 	EXP 	wth_word_typed_2: height = 0.1
96.1295 	EXP 	wth_word_typed_2: height = 0.1
96.1295 	EXP 	wth_word_typed_2: text = 'asdfasdfj;ladsfadsf김민우 바보바보 김민우 바보바보 ㅇㄹ미ㅏㅓㄴㅇ;리ㅏㅓㅂㅈㄷ;리김민우'
96.1295 	EXP 	wth_background_7: autoDraw = True
96.1295 	EXP 	wth_word_typed_2: autoDraw = True
96.1295 	EXP 	wth_valence_rating_2: autoDraw = True
96.1295 	EXP 	wth_valence_txt_2: autoDraw = True
96.1295 	EXP 	wth_self_txt_2: autoDraw = True
96.1295 	EXP 	wth_self_rating_2: autoDraw = True
98.7651 	DATA 	Mouse: Left button down, pos=(548,447)
98.7801 	EXP 	wth_valence_rating_2: markerPos = 0.5267489711934157
98.7967 	EXP 	wth_valence_rating_2: markerPos = 0.5267489711934157
98.8133 	EXP 	wth_valence_rating_2: markerPos = 0.5267489711934157
98.8301 	EXP 	wth_valence_rating_2: markerPos = 0.5267489711934157
98.8462 	EXP 	wth_valence_rating_2: markerPos = 0.5267489711934157
98.8633 	EXP 	wth_valence_rating_2: markerPos = 0.5267489711934157
98.8797 	EXP 	wth_valence_rating_2: markerPos = 0.5267489711934157
98.8964 	EXP 	wth_valence_rating_2: markerPos = 0.5267489711934157
98.9128 	EXP 	wth_valence_rating_2: markerPos = 0.5267489711934157
98.9297 	EXP 	wth_valence_rating_2: markerPos = 0.5267489711934157
98.9467 	EXP 	wth_valence_rating_2: markerPos = 0.5267489711934157
98.9628 	EXP 	wth_valence_rating_2: markerPos = 0.5267489711934157
98.9797 	EXP 	wth_valence_rating_2: markerPos = 0.5267489711934157
98.9966 	EXP 	wth_valence_rating_2: markerPos = 0.5267489711934157
99.0130 	EXP 	wth_valence_rating_2: markerPos = 0.5267489711934157
99.0298 	EXP 	wth_valence_rating_2: markerPos = 0.5267489711934157
99.0465 	EXP 	wth_valence_rating_2: markerPos = 0.5267489711934157
99.0629 	EXP 	wth_valence_rating_2: markerPos = 0.5267489711934157
99.0798 	EXP 	wth_valence_rating_2: markerPos = 0.5267489711934157
99.0971 	EXP 	wth_valence_rating_2: markerPos = 0.5267489711934157
99.1130 	EXP 	wth_valence_rating_2: markerPos = 0.5267489711934157
99.1297 	EXP 	wth_valence_rating_2: markerPos = 0.5267489711934157
99.1314 	DATA 	Mouse:  Left button up, pos=(548,447)
99.1466 	EXP 	wth_valence_rating_2: markerPos = 0.5267489711934157
99.7650 	DATA 	Keypress: escape
100.4180 	EXP 	window1: mouseVisible = True
