1.9255 	WARNING 	We strongly recommend you activate the PTB sound engine in PsychoPy prefs as the preferred audio engine. Its timing is vastly superior. Your prefs are currently set to use ['sounddevice', 'PTB', 'pyo', 'pygame'] (in that order).
3.1594 	WARNING 	Font Manager failed to load file C:\Windows\Fonts\경기천년제목_Medium.ttf
3.1625 	WARNING 	Font Manager failed to load file C:\Windows\Fonts\경기천년제목V_Bold.ttf
3.1729 	WARNING 	Font Manager failed to load file C:\Windows\Fonts\전주완판본 각L.ttf
3.1812 	WARNING 	Font Manager failed to load file C:\Windows\Fonts\경기천년제목_Bold.ttf
3.2007 	WARNING 	Font Manager failed to load file C:\Windows\Fonts\경기천년바탕_Bold.ttf
3.2064 	WARNING 	Font Manager failed to load file C:\Windows\Fonts\경기천년바탕_Regular.ttf
3.2067 	WARNING 	Font Manager failed to load file C:\Windows\Fonts\전주완판본 각R.ttf
3.2085 	WARNING 	Font Manager failed to load file C:\Windows\Fonts\전주완판본 순B.ttf
3.2281 	WARNING 	Font Manager failed to load file C:\Windows\Fonts\전주완판본 순L.ttf
3.2596 	WARNING 	Font Manager failed to load file C:\Windows\Fonts\경기천년제목_Light.ttf
3.2701 	WARNING 	Font Manager failed to load file C:\Windows\Fonts\전주완판본 순R.ttf
3.2733 	WARNING 	Font Manager failed to load file C:\Windows\Fonts\전주완판본 각B.ttf
3.2930 	WARNING 	C:\Users\Minu Kim\AppData\Roaming\psychopy3\fonts\Times.truetype doesn't have valid font family name
3.3938 	WARNING 	Font Manager failed to load file C:\Windows\Fonts\경기천년제목_Medium.ttf
3.3970 	WARNING 	Font Manager failed to load file C:\Windows\Fonts\경기천년제목V_Bold.ttf
3.4072 	WARNING 	Font Manager failed to load file C:\Windows\Fonts\전주완판본 각L.ttf
3.4173 	WARNING 	Font Manager failed to load file C:\Windows\Fonts\경기천년제목_Bold.ttf
3.4389 	WARNING 	Font Manager failed to load file C:\Windows\Fonts\경기천년바탕_Bold.ttf
3.4447 	WARNING 	Font Manager failed to load file C:\Windows\Fonts\경기천년바탕_Regular.ttf
3.4450 	WARNING 	Font Manager failed to load file C:\Windows\Fonts\전주완판본 각R.ttf
3.4469 	WARNING 	Font Manager failed to load file C:\Windows\Fonts\전주완판본 순B.ttf
3.4668 	WARNING 	Font Manager failed to load file C:\Windows\Fonts\전주완판본 순L.ttf
3.4982 	WARNING 	Font Manager failed to load file C:\Windows\Fonts\경기천년제목_Light.ttf
3.5086 	WARNING 	Font Manager failed to load file C:\Windows\Fonts\전주완판본 순R.ttf
3.5118 	WARNING 	Font Manager failed to load file C:\Windows\Fonts\전주완판본 각B.ttf
3.5316 	WARNING 	C:\Users\Minu Kim\AppData\Roaming\psychopy3\fonts\Times.truetype doesn't have valid font family name
5.8379 	EXP 	Created window1 = Window(allowGUI=True, allowStencil=False, autoLog=True, backendConf=UNKNOWN, bitsMode=UNKNOWN, blendMode='avg', bpc=(8, 8, 8), color=array([0., 0., 0.]), colorSpace='hsv', depthBits=8, fullscr=<method-wrapper '__getattribute__' of attributeSetter object at 0x000002321571FFD0>, gamma=None, gammaErrorPolicy='raise', lms=UNKNOWN, monitor=<psychopy.monitors.calibTools.Monitor object at 0x0000023215BE6370>, multiSample=False, name='window1', numSamples=2, pos=(1920, 0), screen=0, size=array([1920, 1080]), stencilBits=0, stereo=False, units='height', useFBO=True, useRetina=False, viewOri=0.0, viewPos=None, viewScale=None, waitBlanking=True, winType='pyglet')
5.8380 	EXP 	window1: mouseVisible = True
5.8380 	EXP 	window1: mouseVisible = False
5.8380 	EXP 	window1: Attempting to measure frame rate of screen (0) ...
5.8380 	EXP 	window1: recordFrameIntervals = False
5.9068 	EXP 	window1: recordFrameIntervals = True
5.9832 	EXP 	Screen (0) actual frame rate measured at 144.39Hz
5.9832 	EXP 	window1: recordFrameIntervals = False
7.7126 	EXP 	Created image = ImageStim(__class__=<class 'psychopy.visual.image.ImageStim'>, anchor=('center', 'center'), autoLog=True, color=array([1, 1, 1]), colorSpace='rgb', contrast=1.0, depth=0.0, flipHoriz=False, flipVert=False, image='fis_artwork/general_instruction.png', interpolate=True, mask=None, maskParams=None, name='image', opacity=1.0, ori=0.0, pos=array([0., 0.]), size=array([1920., 1080.]), texRes=128.0, units='pix', win=Window(...))
7.8485 	EXP 	Created wth_movie = MovieStim3(__class__=<class 'psychopy.visual.movie3.MovieStim3'>, anchor=('center', 'center'), autoLog=True, color=UNKNOWN, colorSpace=UNKNOWN, depth=0.0, filename='ins/weather_intro.mp4', flipHoriz=False, flipVert=False, fps=UNKNOWN, interpolate=True, loop=False, name='wth_movie', noAudio=False, opacity=1, ori=method-wrapper(...), pos=array([0., 0.]), size=None, units='pix', vframe_callback=UNKNOWN, volume=UNKNOWN, win=Window(...))
8.9040 	WARNING 	1.0555106999818236: Video catchup needed, advancing self._nextFrameT from 0.0 to 0.041666666666666664
8.9040 	WARNING 	1.0555332999210805: Video catchup needed, advancing self._nextFrameT from 0.041666666666666664 to 0.08333333333333333
8.9040 	WARNING 	1.055542299989611: Video catchup needed, advancing self._nextFrameT from 0.08333333333333333 to 0.125
8.9040 	WARNING 	1.0555497000459582: Video catchup needed, advancing self._nextFrameT from 0.125 to 0.16666666666666666
8.9040 	WARNING 	1.0555569999851286: Video catchup needed, advancing self._nextFrameT from 0.16666666666666666 to 0.20833333333333331
8.9040 	WARNING 	1.0555640999227762: Video catchup needed, advancing self._nextFrameT from 0.20833333333333331 to 0.24999999999999997
8.9040 	WARNING 	1.0555710999760777: Video catchup needed, advancing self._nextFrameT from 0.24999999999999997 to 0.29166666666666663
8.9041 	WARNING 	1.0555779999122024: Video catchup needed, advancing self._nextFrameT from 0.29166666666666663 to 0.3333333333333333
8.9041 	WARNING 	1.0555853999685496: Video catchup needed, advancing self._nextFrameT from 0.3333333333333333 to 0.375
8.9041 	WARNING 	1.055592300137505: Video catchup needed, advancing self._nextFrameT from 0.375 to 0.4166666666666667
8.9041 	WARNING 	Max reportNDroppedFrames reached, will not log any more dropped frames
9.0191 	EXP 	Created text = TextStim(__class__=<class 'psychopy.visual.text.TextStim'>, alignHoriz=method-wrapper(...), alignText='center', alignVert=method-wrapper(...), anchorHoriz='center', anchorVert='center', antialias=True, autoDraw=False, autoLog=True, bold=False, color=array([-1, -1, -1]), colorSpace='rgb', contrast=1.0, depth=-1.0, flipHoriz=False, flipVert=False, font='Arial', fontFiles=[], height=0.05, italic=False, languageStyle='LTR', name='text', opacity=1.0, ori=0.0, pos=array([ 0. , -0.4]), rgb=UNKNOWN, text='넘김 SPACE', units='height', win=Window(...), wrapWidth=1)
9.0191 	EXP 	window1: mouseVisible = True
9.7930 	EXP 	Created wth_background_inst = ImageStim(__class__=<class 'psychopy.visual.image.ImageStim'>, anchor=('center', 'center'), autoLog=True, color=array([1, 1, 1]), colorSpace='rgb', contrast=1.0, depth=-1.0, flipHoriz=False, flipVert=False, image=str(...), interpolate=True, mask=None, maskParams=None, name='wth_background_inst', opacity=1.0, ori=0.0, pos=array([0., 0.]), size=array([2., 1.]), texRes=128.0, units='height', win=Window(...))
9.8160 	EXP 	Created wth_text = TextStim(__class__=<class 'psychopy.visual.text.TextStim'>, alignHoriz=method-wrapper(...), alignText='center', alignVert=method-wrapper(...), anchorHoriz='center', anchorVert='center', antialias=True, autoDraw=False, autoLog=True, bold=False, color=array([-1, -1, -1]), colorSpace='rgb', contrast=1.0, depth=-2.0, flipHoriz=False, flipVert=False, font='Arial', fontFiles=[], height=0.07, italic=False, languageStyle='LTR', name='wth_text', opacity=1.0, ori=0.0, pos=array([0., 0.]), rgb=UNKNOWN, text='자유단어연상 연습을 시작하겠습니다.\n\n스페이스로 넘어가세요.', units='height', win=Window(...), wrapWidth=1)
10.5690 	EXP 	Created wth_background_6 = ImageStim(__class__=<class 'psychopy.visual.image.ImageStim'>, anchor=('center', 'center'), autoLog=True, color=array([1, 1, 1]), colorSpace='rgb', contrast=1.0, depth=0.0, flipHoriz=False, flipVert=False, image=str(...), interpolate=True, mask=None, maskParams=None, name='wth_background_6', opacity=1.0, ori=0.0, pos=array([0., 0.]), size=array([2., 1.]), texRes=128.0, units='height', win=Window(...))
10.5855 	EXP 	Created wth_think_instr_2 = TextStim(__class__=<class 'psychopy.visual.text.TextStim'>, alignHoriz=method-wrapper(...), alignText='center', alignVert=method-wrapper(...), anchorHoriz='center', anchorVert='center', antialias=True, autoDraw=False, autoLog=True, bold=False, color=array([-1, -1, -1]), colorSpace='rgb', contrast=1.0, depth=-2.0, flipHoriz=False, flipVert=False, font='Arial', fontFiles=[], height=0.07, italic=False, languageStyle='LTR', name='wth_think_instr_2', opacity=1.0, ori=0.0, pos=array([0. , 0.3]), rgb=UNKNOWN, text='자유롭게 생각하세요.', units='height', win=Window(...), wrapWidth=1)
10.5877 	EXP 	Created wth_think_cross_2 = ShapeStim(__class__=<class 'psychopy.visual.shape.ShapeStim'>, anchor=('center', 'center'), autoDraw=False, autoLog=True, closeShape=True, color=method-wrapper(...), colorSpace='rgb', contrast=None, depth=-3.0, fillColor=array([-1, -1, -1]), fillColorSpace='rgb', fillRGB=array([-1, -1, -1]), interpolate=True, lineColor=array([-1, -1, -1]), lineColorSpace='rgb', lineRGB=array([-1, -1, -1]), lineWidth=0.1, name='wth_think_cross_2', opacity=1.0, ori=0.0, pos=array([0., 0.]), size=array([0.07, 0.07]), units='height', vertices=ndarray(...), win=Window(...), windingRule=None)
11.3429 	EXP 	Created wth_background_5 = ImageStim(__class__=<class 'psychopy.visual.image.ImageStim'>, anchor=('center', 'center'), autoLog=True, color=array([1, 1, 1]), colorSpace='rgb', contrast=1.0, depth=0.0, flipHoriz=False, flipVert=False, image=str(...), interpolate=True, mask=None, maskParams=None, name='wth_background_5', opacity=1.0, ori=0.0, pos=array([0., 0.]), size=array([2., 1.]), texRes=128.0, units='height', win=Window(...))
11.3682 	EXP 	Created wth_word_instr_2 = TextStim(__class__=<class 'psychopy.visual.text.TextStim'>, alignHoriz=method-wrapper(...), alignText='center', alignVert=method-wrapper(...), anchorHoriz='center', anchorVert='center', antialias=True, autoDraw=False, autoLog=True, bold=False, color=array([-1, -1, -1]), colorSpace='rgb', contrast=1.0, depth=-1.0, flipHoriz=False, flipVert=False, font='Arial', fontFiles=[], height=0.05, italic=False, languageStyle='LTR', name='wth_word_instr_2', opacity=1.0, ori=0.0, pos=array([0.  , 0.25]), rgb=UNKNOWN, text=str(...), units='height', win=Window(...), wrapWidth=1)
11.4406 	EXP 	window1: mouseVisible = True
12.1858 	EXP 	Created wth_background_7 = ImageStim(__class__=<class 'psychopy.visual.image.ImageStim'>, anchor=('center', 'center'), autoLog=True, color=array([1, 1, 1]), colorSpace='rgb', contrast=1.0, depth=0.0, flipHoriz=False, flipVert=False, image=str(...), interpolate=True, mask=None, maskParams=None, name='wth_background_7', opacity=1.0, ori=0.0, pos=array([0., 0.]), size=array([2., 1.]), texRes=128.0, units='height', win=Window(...))
12.1871 	EXP 	Created wth_word_typed_2 = TextStim(__class__=<class 'psychopy.visual.text.TextStim'>, alignHoriz=method-wrapper(...), alignText='center', alignVert=method-wrapper(...), anchorHoriz='center', anchorVert='center', antialias=True, autoDraw=False, autoLog=True, bold=False, color=array([-1, -1, -1]), colorSpace='rgb', contrast=1.0, depth=-1.0, flipHoriz=False, flipVert=False, font='Arial', fontFiles=[], height=0.1, italic=False, languageStyle='LTR', name='wth_word_typed_2', opacity=1.0, ori=0.0, pos=array([0. , 0.2]), rgb=UNKNOWN, text='', units='height', win=Window(...), wrapWidth=1)
12.1986 	EXP 	window1: mouseVisible = True
12.2462 	EXP 	Created wth_valence_rating_2 = Slider(__class__=<class 'psychopy.visual.slider.Slider'>, autoDraw=False, autoLog=True, borderColor=None, color=None, colorSpace='rgb', depth=-2, fillColor=None, flip=False, font='Noto Sans KR', granularity=0.0, labelColor=None, labelHeight=0.03, labelWrapWidth=None, labels=('부정', '중립', '긍정'), lineColor=None, markerColor=None, name='wth_valence_rating_2', opacity=None, ori=0.0, pos=array([-0.5, -0.1]), readOnly=False, self=UNKNOWN, size=array([0.45, 0.05]), startValue=None, style='rating', styleTweaks=[], ticks=array([-1,  0,  1]), units='height', win=Window(...))
12.2535 	EXP 	Created wth_valence_txt_2 = TextStim(__class__=<class 'psychopy.visual.text.TextStim'>, alignHoriz=method-wrapper(...), alignText='center', alignVert=method-wrapper(...), anchorHoriz='center', anchorVert='center', antialias=True, autoDraw=False, autoLog=True, bold=False, color=array([-1, -1, -1]), colorSpace='rgb', contrast=1.0, depth=-3.0, flipHoriz=False, flipVert=False, font='Arial', fontFiles=[], height=0.04, italic=False, languageStyle='LTR', name='wth_valence_txt_2', opacity=1.0, ori=0.0, pos=array([-0.5 , -0.02]), rgb=UNKNOWN, text='단어에서 느껴지는 감정', units='height', win=Window(...), wrapWidth=1)
12.2596 	EXP 	Created wth_self_txt_2 = TextStim(__class__=<class 'psychopy.visual.text.TextStim'>, alignHoriz=method-wrapper(...), alignText='center', alignVert=method-wrapper(...), anchorHoriz='center', anchorVert='center', antialias=True, autoDraw=False, autoLog=True, bold=False, color=array([-1, -1, -1]), colorSpace='rgb', contrast=1.0, depth=-4.0, flipHoriz=False, flipVert=False, font='Arial', fontFiles=[], height=0.04, italic=False, languageStyle='LTR', name='wth_self_txt_2', opacity=1.0, ori=0.0, pos=array([ 0.4 , -0.02]), rgb=UNKNOWN, text='단어가 자신과 관련이 있는 정도', units='height', win=Window(...), wrapWidth=1)
12.2607 	EXP 	window1: mouseVisible = True
12.3307 	EXP 	Created wth_self_rating_2 = Slider(__class__=<class 'psychopy.visual.slider.Slider'>, autoDraw=False, autoLog=True, borderColor=None, color=None, colorSpace='rgb', depth=-5, fillColor=None, flip=False, font='Noto Sans KR', granularity=0.0, labelColor=None, labelHeight=0.03, labelWrapWidth=None, labels=('전혀 나와 관련이 없음', '나와 관련이 매우 많음'), lineColor=None, markerColor=None, name='wth_self_rating_2', opacity=None, ori=0.0, pos=array([ 0.4, -0.1]), readOnly=False, self=UNKNOWN, size=array([0.45, 0.05]), startValue=None, style='rating', styleTweaks=[], ticks=array([0, 1]), units='height', win=Window(...))
12.3602 	EXP 	window1: mouseVisible = True
13.1410 	EXP 	Created wth_image_2 = ImageStim(__class__=<class 'psychopy.visual.image.ImageStim'>, anchor=('center', 'center'), autoLog=True, color=array([1, 1, 1]), colorSpace='rgb', contrast=1.0, depth=0.0, flipHoriz=False, flipVert=False, image=str(...), interpolate=True, mask=None, maskParams=None, name='wth_image_2', opacity=1.0, ori=0.0, pos=array([0., 0.]), size=array([2., 1.]), texRes=128.0, units='height', win=Window(...))
13.1596 	EXP 	Created wth_text_4 = TextStim(__class__=<class 'psychopy.visual.text.TextStim'>, alignHoriz=method-wrapper(...), alignText='center', alignVert=method-wrapper(...), anchorHoriz='center', anchorVert='center', antialias=True, autoDraw=False, autoLog=True, bold=False, color=array([-1, -1, -1]), colorSpace='rgb', contrast=1.0, depth=-1.0, flipHoriz=False, flipVert=False, font='Arial', fontFiles=[], height=0.05, italic=False, languageStyle='LTR', name='wth_text_4', opacity=1.0, ori=0.0, pos=array([0., 0.]), rgb=UNKNOWN, text='연습을 다시 하시겠습니까?\n\ny 혹은 n을 누르세요.', units='height', win=Window(...), wrapWidth=1)
13.9270 	EXP 	Created wth_background_inst_2 = ImageStim(__class__=<class 'psychopy.visual.image.ImageStim'>, anchor=('center', 'center'), autoLog=True, color=array([1, 1, 1]), colorSpace='rgb', contrast=1.0, depth=0.0, flipHoriz=False, flipVert=False, image=str(...), interpolate=True, mask=None, maskParams=None, name='wth_background_inst_2', opacity=1.0, ori=0.0, pos=array([0., 0.]), size=array([2., 1.]), texRes=128.0, units='height', win=Window(...))
13.9441 	EXP 	Created wth_text_2 = TextStim(__class__=<class 'psychopy.visual.text.TextStim'>, alignHoriz=method-wrapper(...), alignText='center', alignVert=method-wrapper(...), anchorHoriz='center', anchorVert='center', antialias=True, autoDraw=False, autoLog=True, bold=False, color=array([-1, -1, -1]), colorSpace='rgb', contrast=1.0, depth=-1.0, flipHoriz=False, flipVert=False, font='Arial', fontFiles=[], height=0.07, italic=False, languageStyle='LTR', name='wth_text_2', opacity=1.0, ori=0.0, pos=array([0., 0.]), rgb=UNKNOWN, text='실험을 시작합니다.\n\n스페이스로 넘어가세요.', units='height', win=Window(...), wrapWidth=1)
14.7037 	EXP 	Created wth_background = ImageStim(__class__=<class 'psychopy.visual.image.ImageStim'>, anchor=('center', 'center'), autoLog=True, color=array([1, 1, 1]), colorSpace='rgb', contrast=1.0, depth=0.0, flipHoriz=False, flipVert=False, image=str(...), interpolate=True, mask=None, maskParams=None, name='wth_background', opacity=1.0, ori=0.0, pos=array([0., 0.]), size=array([2., 1.]), texRes=128.0, units='height', win=Window(...))
14.7094 	EXP 	Created wth_think_instr = TextStim(__class__=<class 'psychopy.visual.text.TextStim'>, alignHoriz=method-wrapper(...), alignText='center', alignVert=method-wrapper(...), anchorHoriz='center', anchorVert='center', antialias=True, autoDraw=False, autoLog=True, bold=False, color=array([-1, -1, -1]), colorSpace='rgb', contrast=1.0, depth=-2.0, flipHoriz=False, flipVert=False, font='Arial', fontFiles=[], height=0.07, italic=False, languageStyle='LTR', name='wth_think_instr', opacity=1.0, ori=0.0, pos=array([0. , 0.3]), rgb=UNKNOWN, text='자유롭게 생각하세요.', units='height', win=Window(...), wrapWidth=1)
14.7106 	EXP 	Created wth_think_cross = ShapeStim(__class__=<class 'psychopy.visual.shape.ShapeStim'>, anchor=('center', 'center'), autoDraw=False, autoLog=True, closeShape=True, color=method-wrapper(...), colorSpace='rgb', contrast=None, depth=-3.0, fillColor=array([-1, -1, -1]), fillColorSpace='rgb', fillRGB=array([-1, -1, -1]), interpolate=True, lineColor=array([-1, -1, -1]), lineColorSpace='rgb', lineRGB=array([-1, -1, -1]), lineWidth=0.1, name='wth_think_cross', opacity=1.0, ori=0.0, pos=array([0., 0.]), size=array([0.07, 0.07]), units='height', vertices=ndarray(...), win=Window(...), windingRule=None)
15.4384 	EXP 	Created wth_background_2 = ImageStim(__class__=<class 'psychopy.visual.image.ImageStim'>, anchor=('center', 'center'), autoLog=True, color=array([1, 1, 1]), colorSpace='rgb', contrast=1.0, depth=0.0, flipHoriz=False, flipVert=False, image=str(...), interpolate=True, mask=None, maskParams=None, name='wth_background_2', opacity=1.0, ori=0.0, pos=array([0., 0.]), size=array([2., 1.]), texRes=128.0, units='height', win=Window(...))
15.4671 	EXP 	Created wth_word_instr = TextStim(__class__=<class 'psychopy.visual.text.TextStim'>, alignHoriz=method-wrapper(...), alignText='center', alignVert=method-wrapper(...), anchorHoriz='center', anchorVert='center', antialias=True, autoDraw=False, autoLog=True, bold=False, color=array([-1, -1, -1]), colorSpace='rgb', contrast=1.0, depth=-1.0, flipHoriz=False, flipVert=False, font='Arial', fontFiles=[], height=0.05, italic=False, languageStyle='LTR', name='wth_word_instr', opacity=1.0, ori=0.0, pos=array([0.  , 0.25]), rgb=UNKNOWN, text=str(...), units='height', win=Window(...), wrapWidth=1)
15.4751 	EXP 	window1: mouseVisible = True
16.2355 	EXP 	Created wth_background_3 = ImageStim(__class__=<class 'psychopy.visual.image.ImageStim'>, anchor=('center', 'center'), autoLog=True, color=array([1, 1, 1]), colorSpace='rgb', contrast=1.0, depth=0.0, flipHoriz=False, flipVert=False, image=str(...), interpolate=True, mask=None, maskParams=None, name='wth_background_3', opacity=1.0, ori=0.0, pos=array([0., 0.]), size=array([2., 1.]), texRes=128.0, units='height', win=Window(...))
16.2363 	EXP 	Created wth_word_typed = TextStim(__class__=<class 'psychopy.visual.text.TextStim'>, alignHoriz=method-wrapper(...), alignText='center', alignVert=method-wrapper(...), anchorHoriz='center', anchorVert='center', antialias=True, autoDraw=False, autoLog=True, bold=False, color=array([-1, -1, -1]), colorSpace='rgb', contrast=1.0, depth=-1.0, flipHoriz=False, flipVert=False, font='Arial', fontFiles=[], height=0.1, italic=False, languageStyle='LTR', name='wth_word_typed', opacity=1.0, ori=0.0, pos=array([0. , 0.2]), rgb=UNKNOWN, text='', units='height', win=Window(...), wrapWidth=1)
16.2376 	EXP 	window1: mouseVisible = True
16.2647 	EXP 	Created wth_valence_rating = Slider(__class__=<class 'psychopy.visual.slider.Slider'>, autoDraw=False, autoLog=True, borderColor=None, color=None, colorSpace='rgb', depth=-2, fillColor=None, flip=False, font='Noto Sans KR', granularity=0.0, labelColor=None, labelHeight=0.03, labelWrapWidth=None, labels=('부정', '중립', '긍정'), lineColor=None, markerColor=None, name='wth_valence_rating', opacity=None, ori=0.0, pos=array([-0.5, -0.1]), readOnly=False, self=UNKNOWN, size=array([0.45, 0.05]), startValue=None, style='rating', styleTweaks=[], ticks=array([-1,  0,  1]), units='height', win=Window(...))
16.2664 	EXP 	Created wth_valence_txt = TextStim(__class__=<class 'psychopy.visual.text.TextStim'>, alignHoriz=method-wrapper(...), alignText='center', alignVert=method-wrapper(...), anchorHoriz='center', anchorVert='center', antialias=True, autoDraw=False, autoLog=True, bold=False, color=array([-1, -1, -1]), colorSpace='rgb', contrast=1.0, depth=-3.0, flipHoriz=False, flipVert=False, font='Arial', fontFiles=[], height=0.04, italic=False, languageStyle='LTR', name='wth_valence_txt', opacity=1.0, ori=0.0, pos=array([-0.5 , -0.02]), rgb=UNKNOWN, text='단어에서 느껴지는 감정', units='height', win=Window(...), wrapWidth=1)
16.2681 	EXP 	Created wth_self_txt = TextStim(__class__=<class 'psychopy.visual.text.TextStim'>, alignHoriz=method-wrapper(...), alignText='center', alignVert=method-wrapper(...), anchorHoriz='center', anchorVert='center', antialias=True, autoDraw=False, autoLog=True, bold=False, color=array([-1, -1, -1]), colorSpace='rgb', contrast=1.0, depth=-4.0, flipHoriz=False, flipVert=False, font='Arial', fontFiles=[], height=0.04, italic=False, languageStyle='LTR', name='wth_self_txt', opacity=1.0, ori=0.0, pos=array([ 0.4 , -0.02]), rgb=UNKNOWN, text='단어가 자신과 관련이 있는 정도', units='height', win=Window(...), wrapWidth=1)
16.2693 	EXP 	window1: mouseVisible = True
16.2850 	EXP 	Created wth_self_rating = Slider(__class__=<class 'psychopy.visual.slider.Slider'>, autoDraw=False, autoLog=True, borderColor=None, color=None, colorSpace='rgb', depth=-5, fillColor=None, flip=False, font='Noto Sans KR', granularity=0.0, labelColor=None, labelHeight=0.03, labelWrapWidth=None, labels=('전혀 나와 관련이 없음', '나와 관련이 매우 많음'), lineColor=None, markerColor=None, name='wth_self_rating', opacity=None, ori=0.0, pos=array([ 0.4, -0.1]), readOnly=False, self=UNKNOWN, size=array([0.45, 0.05]), startValue=None, style='rating', styleTweaks=[], ticks=array([0, 1]), units='height', win=Window(...))
16.2876 	EXP 	window1: mouseVisible = True
16.2993 	EXP 	Created exp_end_back = ImageStim(__class__=<class 'psychopy.visual.image.ImageStim'>, anchor=('center', 'center'), autoLog=True, color=array([1, 1, 1]), colorSpace='rgb', contrast=1.0, depth=-1.0, flipHoriz=False, flipVert=False, image='pics/blank.png', interpolate=True, mask=None, maskParams=None, name='exp_end_back', opacity=1.0, ori=0.0, pos=array([0., 0.]), size=array([3., 1.]), texRes=128.0, units='height', win=Window(...))
16.3122 	EXP 	Created exp_end_text = TextStim(__class__=<class 'psychopy.visual.text.TextStim'>, alignHoriz=method-wrapper(...), alignText='center', alignVert=method-wrapper(...), anchorHoriz='center', anchorVert='center', antialias=True, autoDraw=False, autoLog=True, bold=False, color=array([-1, -1, -1]), colorSpace='rgb', contrast=1.0, depth=-2.0, flipHoriz=False, flipVert=False, font='Arial', fontFiles=[], height=0.04, italic=False, languageStyle='LTR', name='exp_end_text', opacity=1.0, ori=0.0, pos=array([0., 0.]), rgb=UNKNOWN, text=str(...), units='height', win=Window(...), wrapWidth=1)
16.3186 	EXP 	Created total_end_text = TextStim(__class__=<class 'psychopy.visual.text.TextStim'>, alignHoriz=method-wrapper(...), alignText='center', alignVert=method-wrapper(...), anchorHoriz='center', anchorVert='center', antialias=True, autoDraw=False, autoLog=True, bold=False, color=array([1, 1, 1]), colorSpace='rgb', contrast=1.0, depth=0.0, flipHoriz=False, flipVert=False, font='Arial', fontFiles=[], height=0.04, italic=False, languageStyle='LTR', name='total_end_text', opacity=1.0, ori=0.0, pos=array([0., 0.]), rgb=UNKNOWN, text='참여해주셔서 감사합니다.\n자동으로 종료됩니다.', units='height', win=Window(...), wrapWidth=1)
16.4305 	EXP 	wth_movie: autoLog = True
16.4305 	EXP 	wth_movie: movie = 'ins/weather_intro.mp4'
16.4305 	EXP 	wth_movie: ori = 0.0
16.4305 	EXP 	wth_valence_rating_2: autoLog = True
16.4305 	EXP 	wth_valence_rating_2: markerPos = None
16.4305 	EXP 	wth_valence_rating_2: styleTweaks = []
16.4305 	EXP 	wth_valence_rating_2: styleTweaks = []
16.4305 	EXP 	wth_valence_rating_2: styleTweaks = []
16.4305 	EXP 	wth_valence_rating_2: styleTweaks = []
16.4305 	EXP 	wth_valence_rating_2: contrast = 1.0
16.4305 	EXP 	wth_valence_rating_2: autoLog = True
16.4305 	EXP 	wth_self_rating_2: autoLog = True
16.4305 	EXP 	wth_self_rating_2: markerPos = None
16.4305 	EXP 	wth_self_rating_2: styleTweaks = []
16.4305 	EXP 	wth_self_rating_2: styleTweaks = []
16.4305 	EXP 	wth_self_rating_2: styleTweaks = []
16.4305 	EXP 	wth_self_rating_2: styleTweaks = []
16.4305 	EXP 	wth_self_rating_2: contrast = 1.0
16.4305 	EXP 	wth_self_rating_2: autoLog = True
16.4305 	EXP 	wth_valence_rating: autoLog = True
16.4305 	EXP 	wth_valence_rating: markerPos = None
16.4305 	EXP 	wth_valence_rating: styleTweaks = []
16.4305 	EXP 	wth_valence_rating: styleTweaks = []
16.4305 	EXP 	wth_valence_rating: styleTweaks = []
16.4305 	EXP 	wth_valence_rating: styleTweaks = []
16.4305 	EXP 	wth_valence_rating: contrast = 1.0
16.4305 	EXP 	wth_valence_rating: autoLog = True
16.4305 	EXP 	wth_self_rating: autoLog = True
16.4305 	EXP 	wth_self_rating: markerPos = None
16.4305 	EXP 	wth_self_rating: styleTweaks = []
16.4305 	EXP 	wth_self_rating: styleTweaks = []
16.4305 	EXP 	wth_self_rating: styleTweaks = []
16.4305 	EXP 	wth_self_rating: styleTweaks = []
16.4305 	EXP 	wth_self_rating: contrast = 1.0
16.4305 	EXP 	wth_self_rating: autoLog = True
16.4305 	EXP 	image: autoDraw = True
17.7077 	EXP 	Created sequence: random, trialTypes=1, nReps=1, seed=None
17.7078 	EXP 	New trial (rep=0, index=0): None
17.7089 	DATA 	Keypress: space
17.7165 	EXP 	image: autoDraw = False
17.7165 	EXP 	text: font = 'exp_font'
19.7072 	EXP 	wth_movie: autoDraw = True
19.7072 	EXP 	text: autoDraw = True
19.7072 	EXP 	text: height = 0.05
19.7072 	EXP 	text: height = 0.05
19.7072 	EXP 	text: height = 0.05
19.7072 	EXP 	text: text = '넘김 SPACE'
20.6733 	EXP 	Created sequence: sequential, trialTypes=1, nReps=10, seed=None
20.6735 	EXP 	New trial (rep=0, index=0): None
20.6858 	DATA 	Keypress: space
20.6870 	EXP 	wth_movie: autoDraw = False
20.6870 	EXP 	text: autoDraw = False
20.6870 	EXP 	wth_text: font = 'exp_font'
20.6870 	EXP 	wth_background_inst: autoDraw = True
20.6870 	EXP 	wth_text: autoDraw = True
20.6870 	EXP 	wth_text: height = 0.07
20.6870 	EXP 	wth_text: height = 0.07
20.6870 	EXP 	wth_text: height = 0.07
20.6870 	EXP 	wth_text: text = '자유단어연상 연습을 시작하겠습니다.\n\n스페이스로 넘어가세요.'
25.7504 	EXP 	window1: mouseVisible = False
25.7559 	DATA 	Keypress: space
25.7637 	EXP 	wth_background_inst: autoDraw = False
25.7637 	EXP 	wth_text: autoDraw = False
25.7637 	EXP 	wth_think_instr_2: font = 'exp_font'
25.7637 	EXP 	wth_background_6: autoDraw = True
25.7637 	EXP 	wth_think_instr_2: autoDraw = True
25.7637 	EXP 	wth_think_cross_2: autoDraw = True
25.7637 	EXP 	wth_think_instr_2: height = 0.07
25.7637 	EXP 	wth_think_instr_2: height = 0.07
25.7637 	EXP 	wth_think_instr_2: height = 0.07
25.7637 	EXP 	wth_think_instr_2: text = '자유롭게 생각하세요.'
30.7580 	EXP 	window1: mouseVisible = True
34.4075 	EXP 	window1: mouseVisible = True
