2.3264 	WARNING 	We strongly recommend you activate the PTB sound engine in PsychoPy prefs as the preferred audio engine. Its timing is vastly superior. Your prefs are currently set to use ['sounddevice', 'PTB', 'pyo', 'pygame'] (in that order).
9.8823 	EXP 	Created window1 = Window(allowGUI=True, allowStencil=False, autoLog=True, backendConf=UNKNOWN, bitsMode=UNKNOWN, blendMode='avg', bpc=(8, 8, 8), color=array([0., 0., 0.]), colorSpace='hsv', depthBits=8, fullscr=<method-wrapper '__getattribute__' of attributeSetter object at 0x000001A80D114E20>, gamma=None, gammaErrorPolicy='raise', lms=UNKNOWN, monitor=<psychopy.monitors.calibTools.Monitor object at 0x000001A80D634370>, multiSample=False, name='window1', numSamples=2, pos=(0, 0), screen=0, size=array([1920, 1080]), stencilBits=0, stereo=False, units='height', useFBO=True, useRetina=False, viewOri=0.0, viewPos=None, viewScale=None, waitBlanking=True, winType='pyglet')
9.8824 	EXP 	window1: mouseVisible = True
9.8824 	EXP 	window1: mouseVisible = True
9.8824 	EXP 	window1: Attempting to measure frame rate of screen (0) ...
9.8824 	EXP 	window1: recordFrameIntervals = False
10.0472 	EXP 	window1: recordFrameIntervals = True
10.3323 	EXP 	Screen (0) actual frame rate measured at 60.24Hz
10.3324 	EXP 	window1: recordFrameIntervals = False
10.3926 	WARNING 	launchHubServer: If using the iohub mouse or eyetracker devices, fullScr should be True.
12.6018 	EXP 	Created image = ImageStim(__class__=<class 'psychopy.visual.image.ImageStim'>, anchor=('center', 'center'), autoLog=True, color=array([1, 1, 1]), colorSpace='rgb', contrast=1.0, depth=0.0, flipHoriz=False, flipVert=False, image='fis_artwork/general_instruction.png', interpolate=True, mask=None, maskParams=None, name='image', opacity=1.0, ori=0.0, pos=array([0., 0.]), size=array([1920., 1080.]), texRes=128.0, units='pix', win=Window(...))
13.8150 	EXP 	Created wth_movie = MovieStim3(__class__=<class 'psychopy.visual.movie3.MovieStim3'>, anchor=('center', 'center'), autoLog=True, color=UNKNOWN, colorSpace=UNKNOWN, depth=0.0, filename='ins/weather_intro.mp4', flipHoriz=False, flipVert=False, fps=UNKNOWN, interpolate=True, loop=False, name='wth_movie', noAudio=False, opacity=1, ori=method-wrapper(...), pos=array([0., 0.]), size=None, units='pix', vframe_callback=UNKNOWN, volume=UNKNOWN, win=Window(...))
16.1832 	WARNING 	2.368126200000006: Video catchup needed, advancing self._nextFrameT from 0.0 to 0.041666666666666664
16.1832 	WARNING 	2.368173000000013: Video catchup needed, advancing self._nextFrameT from 0.041666666666666664 to 0.08333333333333333
16.1832 	WARNING 	2.368196100000006: Video catchup needed, advancing self._nextFrameT from 0.08333333333333333 to 0.125
16.1833 	WARNING 	2.3682169000000215: Video catchup needed, advancing self._nextFrameT from 0.125 to 0.16666666666666666
16.1833 	WARNING 	2.3682366000000172: Video catchup needed, advancing self._nextFrameT from 0.16666666666666666 to 0.20833333333333331
16.1833 	WARNING 	2.3682569000000058: Video catchup needed, advancing self._nextFrameT from 0.20833333333333331 to 0.24999999999999997
16.1833 	WARNING 	2.368277000000006: Video catchup needed, advancing self._nextFrameT from 0.24999999999999997 to 0.29166666666666663
16.1833 	WARNING 	2.3682971000000066: Video catchup needed, advancing self._nextFrameT from 0.29166666666666663 to 0.3333333333333333
16.1834 	WARNING 	2.368316900000025: Video catchup needed, advancing self._nextFrameT from 0.3333333333333333 to 0.375
16.1834 	WARNING 	2.36833630000001: Video catchup needed, advancing self._nextFrameT from 0.375 to 0.4166666666666667
16.1834 	WARNING 	Max reportNDroppedFrames reached, will not log any more dropped frames
16.6102 	EXP 	Created text = TextStim(__class__=<class 'psychopy.visual.text.TextStim'>, alignHoriz=method-wrapper(...), alignText='center', alignVert=method-wrapper(...), anchorHoriz='center', anchorVert='center', antialias=True, autoDraw=False, autoLog=True, bold=False, color=array([-1, -1, -1]), colorSpace='rgb', contrast=1.0, depth=-1.0, flipHoriz=False, flipVert=False, font='Noto Sans KR', fontFiles=[], height=0.05, italic=False, languageStyle='LTR', name='text', opacity=1.0, ori=0.0, pos=array([ 0. , -0.4]), rgb=UNKNOWN, text='스페이스로 넘어가세요', units='height', win=Window(...), wrapWidth=1)
17.1688 	EXP 	Created wth_background_inst = ImageStim(__class__=<class 'psychopy.visual.image.ImageStim'>, anchor=('center', 'center'), autoLog=True, color=array([1, 1, 1]), colorSpace='rgb', contrast=1.0, depth=0.0, flipHoriz=False, flipVert=False, image=str(...), interpolate=True, mask=None, maskParams=None, name='wth_background_inst', opacity=1.0, ori=0.0, pos=array([0., 0.]), size=array([1920., 1080.]), texRes=128.0, units='pix', win=Window(...))
17.1873 	EXP 	Created wth_text = TextStim(__class__=<class 'psychopy.visual.text.TextStim'>, alignHoriz=method-wrapper(...), alignText='center', alignVert=method-wrapper(...), anchorHoriz='center', anchorVert='center', antialias=True, autoDraw=False, autoLog=True, bold=False, color=array([-1, -1, -1]), colorSpace='rgb', contrast=1.0, depth=-1.0, flipHoriz=False, flipVert=False, font='Noto Sans KR', fontFiles=[], height=0.07, italic=False, languageStyle='LTR', name='wth_text', opacity=1.0, ori=0.0, pos=array([0., 0.]), rgb=UNKNOWN, text='단어연상 연습이 시작됩니다.', units='height', win=Window(...), wrapWidth=1)
17.8205 	EXP 	Created wth_background_6 = ImageStim(__class__=<class 'psychopy.visual.image.ImageStim'>, anchor=('center', 'center'), autoLog=True, color=array([1, 1, 1]), colorSpace='rgb', contrast=1.0, depth=0.0, flipHoriz=False, flipVert=False, image=str(...), interpolate=True, mask=None, maskParams=None, name='wth_background_6', opacity=1.0, ori=0.0, pos=array([0., 0.]), size=array([1920., 1080.]), texRes=128.0, units='pix', win=Window(...))
17.8309 	EXP 	Created wth_think_instr_2 = TextStim(__class__=<class 'psychopy.visual.text.TextStim'>, alignHoriz=method-wrapper(...), alignText='center', alignVert=method-wrapper(...), anchorHoriz='center', anchorVert='center', antialias=True, autoDraw=False, autoLog=True, bold=False, color=array([-1, -1, -1]), colorSpace='rgb', contrast=1.0, depth=-2.0, flipHoriz=False, flipVert=False, font='Noto Sans KR', fontFiles=[], height=0.07, italic=False, languageStyle='LTR', name='wth_think_instr_2', opacity=1.0, ori=0.0, pos=array([0. , 0.3]), rgb=UNKNOWN, text='자유롭게 생각하세요.', units='height', win=Window(...), wrapWidth=1)
17.8416 	EXP 	Created wth_think_cross_2 = ShapeStim(__class__=<class 'psychopy.visual.shape.ShapeStim'>, anchor=('center', 'center'), autoDraw=False, autoLog=True, closeShape=True, color=method-wrapper(...), colorSpace='rgb', contrast=None, depth=-3.0, fillColor=array([-1, -1, -1]), fillColorSpace='rgb', fillRGB=array([-1, -1, -1]), interpolate=True, lineColor=array([-1, -1, -1]), lineColorSpace='rgb', lineRGB=array([-1, -1, -1]), lineWidth=0.1, name='wth_think_cross_2', opacity=1.0, ori=0.0, pos=array([0., 0.]), size=array([0.07, 0.07]), units='height', vertices=ndarray(...), win=Window(...), windingRule=None)
18.4787 	EXP 	Created image_2 = ImageStim(__class__=<class 'psychopy.visual.image.ImageStim'>, anchor=('center', 'center'), autoLog=True, color=array([1, 1, 1]), colorSpace='rgb', contrast=1.0, depth=0.0, flipHoriz=False, flipVert=False, image=str(...), interpolate=True, mask=None, maskParams=None, name='image_2', opacity=1.0, ori=0.0, pos=array([0., 0.]), size=array([1920., 1080.]), texRes=128.0, units='pix', win=Window(...))
18.4793 	EXP 	Created wth_word_instr_4 = TextStim(__class__=<class 'psychopy.visual.text.TextStim'>, alignHoriz=method-wrapper(...), alignText='center', alignVert=method-wrapper(...), anchorHoriz='center', anchorVert='center', antialias=True, autoDraw=False, autoLog=True, bold=False, color=array([-1, -1, -1]), colorSpace='rgb', contrast=1.0, depth=-1.0, flipHoriz=False, flipVert=False, font='Noto Sans KR', fontFiles=[], height=0.05, italic=False, languageStyle='LTR', name='wth_word_instr_4', opacity=1.0, ori=0.0, pos=array([0.  , 0.25]), rgb=UNKNOWN, text='', units='height', win=Window(...), wrapWidth=1)
19.1290 	EXP 	Created wth_background_7 = ImageStim(__class__=<class 'psychopy.visual.image.ImageStim'>, anchor=('center', 'center'), autoLog=True, color=array([1, 1, 1]), colorSpace='rgb', contrast=1.0, depth=0.0, flipHoriz=False, flipVert=False, image=str(...), interpolate=True, mask=None, maskParams=None, name='wth_background_7', opacity=1.0, ori=0.0, pos=array([0., 0.]), size=array([1920., 1080.]), texRes=128.0, units='pix', win=Window(...))
19.1305 	EXP 	Created wth_word_typed_2 = TextStim(__class__=<class 'psychopy.visual.text.TextStim'>, alignHoriz=method-wrapper(...), alignText='center', alignVert=method-wrapper(...), anchorHoriz='center', anchorVert='center', antialias=True, autoDraw=False, autoLog=True, bold=False, color=array([-1, -1, -1]), colorSpace='rgb', contrast=1.0, depth=-1.0, flipHoriz=False, flipVert=False, font='Noto Sans KR', fontFiles=[], height=0.1, italic=False, languageStyle='LTR', name='wth_word_typed_2', opacity=1.0, ori=0.0, pos=array([0. , 0.2]), rgb=UNKNOWN, text='', units='height', win=Window(...), wrapWidth=1)
19.1341 	EXP 	window1: mouseVisible = True
19.1942 	EXP 	Created wth_valence_rating_2 = Slider(__class__=<class 'psychopy.visual.slider.Slider'>, autoDraw=False, autoLog=True, borderColor=None, color=None, colorSpace='rgb', depth=-2, fillColor=None, flip=False, font='Noto Sans KR', granularity=0.0, labelColor=None, labelHeight=0.03, labelWrapWidth=None, labels=('부정', '중립', '긍정'), lineColor=None, markerColor=None, name='wth_valence_rating_2', opacity=None, ori=0.0, pos=array([-0.5, -0.1]), readOnly=False, self=UNKNOWN, size=array([0.45, 0.05]), startValue=None, style='rating', styleTweaks=[], ticks=array([-1,  0,  1]), units='height', win=Window(...))
19.2070 	EXP 	Created wth_valence_txt_2 = TextStim(__class__=<class 'psychopy.visual.text.TextStim'>, alignHoriz=method-wrapper(...), alignText='center', alignVert=method-wrapper(...), anchorHoriz='center', anchorVert='center', antialias=True, autoDraw=False, autoLog=True, bold=False, color=array([-1, -1, -1]), colorSpace='rgb', contrast=1.0, depth=-3.0, flipHoriz=False, flipVert=False, font='Noto Sans KR', fontFiles=[], height=0.04, italic=False, languageStyle='LTR', name='wth_valence_txt_2', opacity=1.0, ori=0.0, pos=array([-0.5 , -0.02]), rgb=UNKNOWN, text='단어에서 느껴지는 감정', units='height', win=Window(...), wrapWidth=1)
19.2165 	EXP 	Created wth_self_txt_2 = TextStim(__class__=<class 'psychopy.visual.text.TextStim'>, alignHoriz=method-wrapper(...), alignText='center', alignVert=method-wrapper(...), anchorHoriz='center', anchorVert='center', antialias=True, autoDraw=False, autoLog=True, bold=False, color=array([-1, -1, -1]), colorSpace='rgb', contrast=1.0, depth=-4.0, flipHoriz=False, flipVert=False, font='Noto Sans KR', fontFiles=[], height=0.04, italic=False, languageStyle='LTR', name='wth_self_txt_2', opacity=1.0, ori=0.0, pos=array([ 0.4 , -0.02]), rgb=UNKNOWN, text='단어가 자신과 관련이 있는 정도', units='height', win=Window(...), wrapWidth=1)
19.2179 	EXP 	window1: mouseVisible = True
19.3076 	EXP 	Created wth_self_rating_2 = Slider(__class__=<class 'psychopy.visual.slider.Slider'>, autoDraw=False, autoLog=True, borderColor=None, color=None, colorSpace='rgb', depth=-5, fillColor=None, flip=False, font='Noto Sans KR', granularity=0.0, labelColor=None, labelHeight=0.03, labelWrapWidth=None, labels=('전혀 나와 관련이 없음', '나와 관련이 매우 많음'), lineColor=None, markerColor=None, name='wth_self_rating_2', opacity=None, ori=0.0, pos=array([ 0.4, -0.1]), readOnly=False, self=UNKNOWN, size=array([0.45, 0.05]), startValue=None, style='rating', styleTweaks=[], ticks=array([0, 1]), units='height', win=Window(...))
19.3463 	EXP 	window1: mouseVisible = True
19.9293 	EXP 	Created wth_image_2 = ImageStim(__class__=<class 'psychopy.visual.image.ImageStim'>, anchor=('center', 'center'), autoLog=True, color=array([1, 1, 1]), colorSpace='rgb', contrast=1.0, depth=0.0, flipHoriz=False, flipVert=False, image=str(...), interpolate=True, mask=None, maskParams=None, name='wth_image_2', opacity=1.0, ori=0.0, pos=array([0., 0.]), size=array([1920., 1080.]), texRes=128.0, units='pix', win=Window(...))
19.9503 	EXP 	Created wth_text_4 = TextStim(__class__=<class 'psychopy.visual.text.TextStim'>, alignHoriz=method-wrapper(...), alignText='center', alignVert=method-wrapper(...), anchorHoriz='center', anchorVert='center', antialias=True, autoDraw=False, autoLog=True, bold=False, color=array([-1, -1, -1]), colorSpace='rgb', contrast=1.0, depth=-1.0, flipHoriz=False, flipVert=False, font='Noto Sans KR', fontFiles=[], height=0.05, italic=False, languageStyle='LTR', name='wth_text_4', opacity=1.0, ori=0.0, pos=array([0., 0.]), rgb=UNKNOWN, text='연습을 다시 하시겠습니까?\n\ny 혹은 n을 누르세요.', units='height', win=Window(...), wrapWidth=1)
20.5781 	EXP 	Created wth_background_inst_2 = ImageStim(__class__=<class 'psychopy.visual.image.ImageStim'>, anchor=('center', 'center'), autoLog=True, color=array([1, 1, 1]), colorSpace='rgb', contrast=1.0, depth=0.0, flipHoriz=False, flipVert=False, image=str(...), interpolate=True, mask=None, maskParams=None, name='wth_background_inst_2', opacity=1.0, ori=0.0, pos=array([0., 0.]), size=array([2., 1.]), texRes=128.0, units='height', win=Window(...))
20.6030 	EXP 	Created wth_text_2 = TextStim(__class__=<class 'psychopy.visual.text.TextStim'>, alignHoriz=method-wrapper(...), alignText='center', alignVert=method-wrapper(...), anchorHoriz='center', anchorVert='center', antialias=True, autoDraw=False, autoLog=True, bold=False, color=array([-1, -1, -1]), colorSpace='rgb', contrast=1.0, depth=-1.0, flipHoriz=False, flipVert=False, font='Arial', fontFiles=[], height=0.07, italic=False, languageStyle='LTR', name='wth_text_2', opacity=1.0, ori=0.0, pos=array([0., 0.]), rgb=UNKNOWN, text='실험을 시작합니다.\n\n스페이스로 넘어가세요.', units='height', win=Window(...), wrapWidth=1)
21.1760 	EXP 	Created wth_background = ImageStim(__class__=<class 'psychopy.visual.image.ImageStim'>, anchor=('center', 'center'), autoLog=True, color=array([1, 1, 1]), colorSpace='rgb', contrast=1.0, depth=0.0, flipHoriz=False, flipVert=False, image=str(...), interpolate=True, mask=None, maskParams=None, name='wth_background', opacity=1.0, ori=0.0, pos=array([0., 0.]), size=array([2., 1.]), texRes=128.0, units='height', win=Window(...))
21.1844 	EXP 	Created wth_think_instr = TextStim(__class__=<class 'psychopy.visual.text.TextStim'>, alignHoriz=method-wrapper(...), alignText='center', alignVert=method-wrapper(...), anchorHoriz='center', anchorVert='center', antialias=True, autoDraw=False, autoLog=True, bold=False, color=array([-1, -1, -1]), colorSpace='rgb', contrast=1.0, depth=-2.0, flipHoriz=False, flipVert=False, font='Arial', fontFiles=[], height=0.07, italic=False, languageStyle='LTR', name='wth_think_instr', opacity=1.0, ori=0.0, pos=array([0. , 0.3]), rgb=UNKNOWN, text='자유롭게 생각하세요.', units='height', win=Window(...), wrapWidth=1)
21.1855 	EXP 	Created wth_think_cross = ShapeStim(__class__=<class 'psychopy.visual.shape.ShapeStim'>, anchor=('center', 'center'), autoDraw=False, autoLog=True, closeShape=True, color=method-wrapper(...), colorSpace='rgb', contrast=None, depth=-3.0, fillColor=array([-1, -1, -1]), fillColorSpace='rgb', fillRGB=array([-1, -1, -1]), interpolate=True, lineColor=array([-1, -1, -1]), lineColorSpace='rgb', lineRGB=array([-1, -1, -1]), lineWidth=0.1, name='wth_think_cross', opacity=1.0, ori=0.0, pos=array([0., 0.]), size=array([0.07, 0.07]), units='height', vertices=ndarray(...), win=Window(...), windingRule=None)
21.7685 	EXP 	Created wth_background_2 = ImageStim(__class__=<class 'psychopy.visual.image.ImageStim'>, anchor=('center', 'center'), autoLog=True, color=array([1, 1, 1]), colorSpace='rgb', contrast=1.0, depth=0.0, flipHoriz=False, flipVert=False, image=str(...), interpolate=True, mask=None, maskParams=None, name='wth_background_2', opacity=1.0, ori=0.0, pos=array([0., 0.]), size=array([2., 1.]), texRes=128.0, units='height', win=Window(...))
21.8018 	EXP 	Created wth_word_instr = TextStim(__class__=<class 'psychopy.visual.text.TextStim'>, alignHoriz=method-wrapper(...), alignText='center', alignVert=method-wrapper(...), anchorHoriz='center', anchorVert='center', antialias=True, autoDraw=False, autoLog=True, bold=False, color=array([-1, -1, -1]), colorSpace='rgb', contrast=1.0, depth=-1.0, flipHoriz=False, flipVert=False, font='Arial', fontFiles=[], height=0.05, italic=False, languageStyle='LTR', name='wth_word_instr', opacity=1.0, ori=0.0, pos=array([0.  , 0.25]), rgb=UNKNOWN, text=str(...), units='height', win=Window(...), wrapWidth=1)
21.8104 	EXP 	window1: mouseVisible = True
22.4028 	EXP 	Created wth_background_3 = ImageStim(__class__=<class 'psychopy.visual.image.ImageStim'>, anchor=('center', 'center'), autoLog=True, color=array([1, 1, 1]), colorSpace='rgb', contrast=1.0, depth=0.0, flipHoriz=False, flipVert=False, image=str(...), interpolate=True, mask=None, maskParams=None, name='wth_background_3', opacity=1.0, ori=0.0, pos=array([0., 0.]), size=array([2., 1.]), texRes=128.0, units='height', win=Window(...))
22.4043 	EXP 	Created wth_word_typed = TextStim(__class__=<class 'psychopy.visual.text.TextStim'>, alignHoriz=method-wrapper(...), alignText='center', alignVert=method-wrapper(...), anchorHoriz='center', anchorVert='center', antialias=True, autoDraw=False, autoLog=True, bold=False, color=array([-1, -1, -1]), colorSpace='rgb', contrast=1.0, depth=-1.0, flipHoriz=False, flipVert=False, font='Arial', fontFiles=[], height=0.1, italic=False, languageStyle='LTR', name='wth_word_typed', opacity=1.0, ori=0.0, pos=array([0. , 0.2]), rgb=UNKNOWN, text='', units='height', win=Window(...), wrapWidth=1)
22.4058 	EXP 	window1: mouseVisible = True
22.4293 	EXP 	Created wth_valence_rating = Slider(__class__=<class 'psychopy.visual.slider.Slider'>, autoDraw=False, autoLog=True, borderColor=None, color=None, colorSpace='rgb', depth=-2, fillColor=None, flip=False, font='Noto Sans KR', granularity=0.0, labelColor=None, labelHeight=0.03, labelWrapWidth=None, labels=('부정', '중립', '긍정'), lineColor=None, markerColor=None, name='wth_valence_rating', opacity=None, ori=0.0, pos=array([-0.5, -0.1]), readOnly=False, self=UNKNOWN, size=array([0.45, 0.05]), startValue=None, style='rating', styleTweaks=[], ticks=array([-1,  0,  1]), units='height', win=Window(...))
22.4393 	EXP 	Created wth_valence_txt = TextStim(__class__=<class 'psychopy.visual.text.TextStim'>, alignHoriz=method-wrapper(...), alignText='center', alignVert=method-wrapper(...), anchorHoriz='center', anchorVert='center', antialias=True, autoDraw=False, autoLog=True, bold=False, color=array([-1, -1, -1]), colorSpace='rgb', contrast=1.0, depth=-3.0, flipHoriz=False, flipVert=False, font='Arial', fontFiles=[], height=0.04, italic=False, languageStyle='LTR', name='wth_valence_txt', opacity=1.0, ori=0.0, pos=array([-0.5 , -0.02]), rgb=UNKNOWN, text='단어에서 느껴지는 감정', units='height', win=Window(...), wrapWidth=1)
22.4456 	EXP 	Created wth_self_txt = TextStim(__class__=<class 'psychopy.visual.text.TextStim'>, alignHoriz=method-wrapper(...), alignText='center', alignVert=method-wrapper(...), anchorHoriz='center', anchorVert='center', antialias=True, autoDraw=False, autoLog=True, bold=False, color=array([-1, -1, -1]), colorSpace='rgb', contrast=1.0, depth=-4.0, flipHoriz=False, flipVert=False, font='Arial', fontFiles=[], height=0.04, italic=False, languageStyle='LTR', name='wth_self_txt', opacity=1.0, ori=0.0, pos=array([ 0.4 , -0.02]), rgb=UNKNOWN, text='단어가 자신과 관련이 있는 정도', units='height', win=Window(...), wrapWidth=1)
22.4472 	EXP 	window1: mouseVisible = True
22.4706 	EXP 	Created wth_self_rating = Slider(__class__=<class 'psychopy.visual.slider.Slider'>, autoDraw=False, autoLog=True, borderColor=None, color=None, colorSpace='rgb', depth=-5, fillColor=None, flip=False, font='Noto Sans KR', granularity=0.0, labelColor=None, labelHeight=0.03, labelWrapWidth=None, labels=('전혀 나와 관련이 없음', '나와 관련이 매우 많음'), lineColor=None, markerColor=None, name='wth_self_rating', opacity=None, ori=0.0, pos=array([ 0.4, -0.1]), readOnly=False, self=UNKNOWN, size=array([0.45, 0.05]), startValue=None, style='rating', styleTweaks=[], ticks=array([0, 1]), units='height', win=Window(...))
22.4748 	EXP 	window1: mouseVisible = True
22.4845 	EXP 	Created exp_end_back = ImageStim(__class__=<class 'psychopy.visual.image.ImageStim'>, anchor=('center', 'center'), autoLog=True, color=array([1, 1, 1]), colorSpace='rgb', contrast=1.0, depth=-1.0, flipHoriz=False, flipVert=False, image='pics/blank.png', interpolate=True, mask=None, maskParams=None, name='exp_end_back', opacity=1.0, ori=0.0, pos=array([0., 0.]), size=array([3., 1.]), texRes=128.0, units='height', win=Window(...))
22.5132 	EXP 	Created exp_end_text = TextStim(__class__=<class 'psychopy.visual.text.TextStim'>, alignHoriz=method-wrapper(...), alignText='center', alignVert=method-wrapper(...), anchorHoriz='center', anchorVert='center', antialias=True, autoDraw=False, autoLog=True, bold=False, color=array([-1, -1, -1]), colorSpace='rgb', contrast=1.0, depth=-2.0, flipHoriz=False, flipVert=False, font='Noto Sans KR', fontFiles=[], height=0.04, italic=False, languageStyle='LTR', name='exp_end_text', opacity=1.0, ori=0.0, pos=array([0., 0.]), rgb=UNKNOWN, text=str(...), units='height', win=Window(...), wrapWidth=1)
22.5242 	EXP 	Created total_end_text = TextStim(__class__=<class 'psychopy.visual.text.TextStim'>, alignHoriz=method-wrapper(...), alignText='center', alignVert=method-wrapper(...), anchorHoriz='center', anchorVert='center', antialias=True, autoDraw=False, autoLog=True, bold=False, color=array([1, 1, 1]), colorSpace='rgb', contrast=1.0, depth=0.0, flipHoriz=False, flipVert=False, font='Arial', fontFiles=[], height=0.04, italic=False, languageStyle='LTR', name='total_end_text', opacity=1.0, ori=0.0, pos=array([0., 0.]), rgb=UNKNOWN, text='참여해주셔서 감사합니다.\n자동으로 종료됩니다.', units='height', win=Window(...), wrapWidth=1)
22.5475 	EXP 	wth_movie: autoLog = True
22.5475 	EXP 	wth_movie: movie = 'ins/weather_intro.mp4'
22.5475 	EXP 	wth_movie: ori = 0.0
22.5475 	EXP 	wth_valence_rating_2: autoLog = True
22.5475 	EXP 	wth_valence_rating_2: markerPos = None
22.5475 	EXP 	wth_valence_rating_2: styleTweaks = []
22.5475 	EXP 	wth_valence_rating_2: styleTweaks = []
22.5475 	EXP 	wth_valence_rating_2: styleTweaks = []
22.5475 	EXP 	wth_valence_rating_2: styleTweaks = []
22.5475 	EXP 	wth_valence_rating_2: contrast = 1.0
22.5475 	EXP 	wth_valence_rating_2: autoLog = True
22.5475 	EXP 	wth_self_rating_2: autoLog = True
22.5475 	EXP 	wth_self_rating_2: markerPos = None
22.5475 	EXP 	wth_self_rating_2: styleTweaks = []
22.5475 	EXP 	wth_self_rating_2: styleTweaks = []
22.5475 	EXP 	wth_self_rating_2: styleTweaks = []
22.5475 	EXP 	wth_self_rating_2: styleTweaks = []
22.5475 	EXP 	wth_self_rating_2: contrast = 1.0
22.5475 	EXP 	wth_self_rating_2: autoLog = True
22.5475 	EXP 	wth_valence_rating: autoLog = True
22.5475 	EXP 	wth_valence_rating: markerPos = None
22.5475 	EXP 	wth_valence_rating: styleTweaks = []
22.5475 	EXP 	wth_valence_rating: styleTweaks = []
22.5475 	EXP 	wth_valence_rating: styleTweaks = []
22.5475 	EXP 	wth_valence_rating: styleTweaks = []
22.5475 	EXP 	wth_valence_rating: contrast = 1.0
22.5475 	EXP 	wth_valence_rating: autoLog = True
22.5475 	EXP 	wth_self_rating: autoLog = True
22.5475 	EXP 	wth_self_rating: markerPos = None
22.5475 	EXP 	wth_self_rating: styleTweaks = []
22.5475 	EXP 	wth_self_rating: styleTweaks = []
22.5475 	EXP 	wth_self_rating: styleTweaks = []
22.5475 	EXP 	wth_self_rating: styleTweaks = []
22.5475 	EXP 	wth_self_rating: contrast = 1.0
22.5475 	EXP 	wth_self_rating: autoLog = True
22.5475 	EXP 	image: autoDraw = True
24.1161 	EXP 	Created sequence: random, trialTypes=1, nReps=1, seed=None
24.1163 	EXP 	New trial (rep=0, index=0): None
24.1173 	DATA 	Keypress: space
24.1453 	EXP 	image: autoDraw = False
26.1304 	EXP 	wth_movie: autoDraw = True
26.1304 	EXP 	text: autoDraw = True
31.1309 	EXP 	Created sequence: sequential, trialTypes=1, nReps=10, seed=None
31.1311 	EXP 	New trial (rep=0, index=0): None
31.1836 	DATA 	Keypress: space
31.1962 	EXP 	wth_movie: autoDraw = False
31.1962 	EXP 	text: autoDraw = False
31.1962 	EXP 	wth_background_inst: autoDraw = True
32.1299 	EXP 	wth_text: autoDraw = True
34.1301 	EXP 	wth_text: autoDraw = False
36.1807 	EXP 	window1: mouseVisible = False
36.2125 	EXP 	wth_background_inst: autoDraw = False
36.2125 	EXP 	wth_background_inst: autoDraw = False
36.2125 	EXP 	wth_text: autoDraw = False
36.2125 	EXP 	wth_background_6: autoDraw = True
36.2125 	EXP 	wth_think_instr_2: autoDraw = True
36.2125 	EXP 	wth_think_cross_2: autoDraw = True
41.1969 	EXP 	window1: mouseVisible = True
41.1969 	EXP 	window1: mouseVisible = True
41.2452 	EXP 	wth_background_6: autoDraw = False
41.2452 	EXP 	wth_think_instr_2: autoDraw = False
41.2452 	EXP 	wth_think_cross_2: autoDraw = False
41.2452 	EXP 	wth_background_6: autoDraw = False
41.2452 	EXP 	wth_think_instr_2: autoDraw = False
41.2452 	EXP 	wth_think_cross_2: autoDraw = False
41.2452 	EXP 	image_2: autoDraw = True
41.2452 	EXP 	wth_word_instr_4: autoDraw = True
60.0406 	EXP 	image_2: autoDraw = False
60.0406 	EXP 	wth_word_instr_4: autoDraw = False
60.0406 	EXP 	wth_valence_rating_2: markerPos = None
60.0406 	EXP 	wth_valence_rating_2: markerPos = None
60.0406 	EXP 	wth_self_rating_2: markerPos = None
60.0406 	EXP 	wth_self_rating_2: markerPos = None
60.0406 	EXP 	wth_word_typed_2: height = 0.1
60.0406 	EXP 	wth_word_typed_2: height = 0.1
60.0406 	EXP 	wth_word_typed_2: height = 0.1
60.0406 	EXP 	wth_word_typed_2: text = '이리;어;ㄹ머;이라'
60.0406 	EXP 	wth_background_7: autoDraw = True
60.0406 	EXP 	wth_word_typed_2: autoDraw = True
60.0406 	EXP 	wth_valence_rating_2: autoDraw = True
60.0406 	EXP 	wth_valence_txt_2: autoDraw = True
60.0406 	EXP 	wth_self_txt_2: autoDraw = True
60.0406 	EXP 	wth_self_rating_2: autoDraw = True
61.1997 	DATA 	Mouse: Left button down, pos=(572,418)
61.2246 	EXP 	wth_valence_rating_2: markerPos = 0.6255144032921811
61.2410 	EXP 	wth_valence_rating_2: markerPos = 0.6255144032921811
61.2575 	EXP 	wth_valence_rating_2: markerPos = 0.6255144032921811
61.2745 	EXP 	wth_valence_rating_2: markerPos = 0.6255144032921811
61.2910 	EXP 	wth_valence_rating_2: markerPos = 0.6255144032921811
61.2927 	DATA 	Mouse:  Left button up, pos=(572,418)
61.3079 	EXP 	wth_valence_rating_2: markerPos = 0.6255144032921811
62.1014 	DATA 	Mouse: Left button down, pos=(1329,439)
62.1246 	EXP 	wth_self_rating_2: markerPos = 0.37037037037037035
62.1411 	EXP 	wth_self_rating_2: markerPos = 0.37037037037037035
62.1577 	EXP 	wth_self_rating_2: markerPos = 0.37037037037037035
62.1747 	EXP 	wth_self_rating_2: markerPos = 0.37037037037037035
62.1910 	EXP 	wth_self_rating_2: markerPos = 0.37037037037037035
62.2079 	EXP 	wth_self_rating_2: markerPos = 0.37037037037037035
62.2243 	EXP 	wth_self_rating_2: markerPos = 0.37037037037037035
62.2261 	DATA 	Mouse:  Left button up, pos=(1329,439)
62.2410 	EXP 	wth_self_rating_2: markerPos = 0.37037037037037035
63.2418 	DATA 	Mouse: Left button down, pos=(967,93)
63.2641 	EXP 	window1: fullscr = True
63.3216 	EXP 	wth_background_7: autoDraw = False
63.3216 	EXP 	wth_word_typed_2: autoDraw = False
63.3216 	EXP 	wth_valence_rating_2: autoDraw = False
63.3216 	EXP 	wth_valence_txt_2: autoDraw = False
63.3216 	EXP 	wth_self_txt_2: autoDraw = False
63.3216 	EXP 	wth_self_rating_2: autoDraw = False
63.3216 	EXP 	wth_image_2: autoDraw = True
63.3216 	EXP 	wth_text_4: autoDraw = True
63.3403 	DATA 	Mouse:  Left button up, pos=(967,93)
69.0053 	EXP 	New trial (rep=1, index=0): None
69.0212 	EXP 	wth_image_2: autoDraw = False
69.0212 	EXP 	wth_text_4: autoDraw = False
69.0212 	EXP 	wth_background_inst: autoDraw = True
70.0045 	EXP 	wth_text: autoDraw = True
71.0013 	DATA 	KeyPress: ㅛ
71.0016 	DATA 	Mouse: Left button down, pos=(967,93)
71.1555 	DATA 	Mouse:  Left button up, pos=(967,93)
72.0044 	EXP 	wth_text: autoDraw = False
72.0388 	DATA 	Keypress: space
74.0046 	EXP 	window1: mouseVisible = False
74.0207 	EXP 	wth_background_inst: autoDraw = False
74.0207 	EXP 	wth_background_inst: autoDraw = False
74.0207 	EXP 	wth_text: autoDraw = False
74.0207 	EXP 	wth_background_6: autoDraw = True
74.0207 	EXP 	wth_think_instr_2: autoDraw = True
74.0207 	EXP 	wth_think_cross_2: autoDraw = True
74.9058 	DATA 	Keypress: backspace
75.0894 	DATA 	Keypress: backspace
75.5391 	DATA 	Keypress: space
79.0210 	EXP 	window1: mouseVisible = True
79.0211 	EXP 	window1: mouseVisible = True
79.0369 	EXP 	wth_background_6: autoDraw = False
79.0369 	EXP 	wth_think_instr_2: autoDraw = False
79.0369 	EXP 	wth_think_cross_2: autoDraw = False
79.0369 	EXP 	wth_background_6: autoDraw = False
79.0369 	EXP 	wth_think_instr_2: autoDraw = False
79.0369 	EXP 	wth_think_cross_2: autoDraw = False
79.0369 	EXP 	image_2: autoDraw = True
79.0369 	EXP 	wth_word_instr_4: autoDraw = True
83.4359 	EXP 	image_2: autoDraw = False
83.4359 	EXP 	wth_word_instr_4: autoDraw = False
83.4359 	EXP 	wth_valence_rating_2: markerPos = None
83.4359 	EXP 	wth_valence_rating_2: markerPos = None
83.4359 	EXP 	wth_self_rating_2: markerPos = None
83.4359 	EXP 	wth_self_rating_2: markerPos = None
83.4359 	EXP 	wth_word_typed_2: height = 0.1
83.4359 	EXP 	wth_word_typed_2: height = 0.1
83.4359 	EXP 	wth_word_typed_2: height = 0.1
83.4359 	EXP 	wth_word_typed_2: text = 'ㅣㅇ널;ㅣ마넝ㄹ'
83.4359 	EXP 	wth_background_7: autoDraw = True
83.4359 	EXP 	wth_word_typed_2: autoDraw = True
83.4359 	EXP 	wth_valence_rating_2: autoDraw = True
83.4359 	EXP 	wth_valence_txt_2: autoDraw = True
83.4359 	EXP 	wth_self_txt_2: autoDraw = True
83.4359 	EXP 	wth_self_rating_2: autoDraw = True
84.5210 	DATA 	Mouse: Left button down, pos=(575,426)
84.5359 	EXP 	wth_valence_rating_2: markerPos = 0.6378600823045271
84.5523 	EXP 	wth_valence_rating_2: markerPos = 0.6378600823045271
84.5692 	EXP 	wth_valence_rating_2: markerPos = 0.6378600823045271
84.5858 	EXP 	wth_valence_rating_2: markerPos = 0.6378600823045271
84.6025 	EXP 	wth_valence_rating_2: markerPos = 0.6378600823045271
84.6191 	EXP 	wth_valence_rating_2: markerPos = 0.6378600823045271
84.6267 	DATA 	Mouse:  Left button up, pos=(575,426)
84.6358 	EXP 	wth_valence_rating_2: markerPos = 0.6378600823045271
84.6525 	EXP 	wth_valence_rating_2: markerPos = 0.6378600823045271
85.5708 	DATA 	Mouse: Left button down, pos=(1371,434)
85.5857 	EXP 	wth_self_rating_2: markerPos = 0.45679012345679015
85.6023 	EXP 	wth_self_rating_2: markerPos = 0.45679012345679015
85.6190 	EXP 	wth_self_rating_2: markerPos = 0.45679012345679015
85.6356 	EXP 	wth_self_rating_2: markerPos = 0.45679012345679015
85.6521 	EXP 	wth_self_rating_2: markerPos = 0.45679012345679015
85.6690 	EXP 	wth_self_rating_2: markerPos = 0.45679012345679015
85.6857 	EXP 	wth_self_rating_2: markerPos = 0.45679012345679015
85.6877 	DATA 	Mouse:  Left button up, pos=(1371,434)
85.7023 	EXP 	wth_self_rating_2: markerPos = 0.45679012345679015
86.4194 	DATA 	Mouse: Left button down, pos=(988,92)
86.4211 	EXP 	window1: fullscr = True
86.4356 	EXP 	wth_background_7: autoDraw = False
86.4356 	EXP 	wth_word_typed_2: autoDraw = False
86.4356 	EXP 	wth_valence_rating_2: autoDraw = False
86.4356 	EXP 	wth_valence_txt_2: autoDraw = False
86.4356 	EXP 	wth_self_txt_2: autoDraw = False
86.4356 	EXP 	wth_self_rating_2: autoDraw = False
86.4356 	EXP 	wth_image_2: autoDraw = True
86.4356 	EXP 	wth_text_4: autoDraw = True
86.5198 	DATA 	Mouse:  Left button up, pos=(988,92)
87.8022 	EXP 	wth_image_2: autoDraw = False
87.8022 	EXP 	wth_text_4: autoDraw = False
87.8022 	EXP 	wth_text_2: font = 'exp_font'
87.8022 	EXP 	wth_background_inst_2: autoDraw = True
87.8022 	EXP 	wth_text_2: autoDraw = True
87.8022 	EXP 	wth_text_2: height = 0.07
87.8022 	EXP 	wth_text_2: height = 0.07
87.8022 	EXP 	wth_text_2: height = 0.07
87.8022 	EXP 	wth_text_2: text = '실험을 시작합니다.\n\n스페이스로 넘어가세요.'
89.2032 	EXP 	Created sequence: sequential, trialTypes=1, nReps=4, seed=None
89.2033 	EXP 	New trial (rep=0, index=0): None
89.2035 	EXP 	window1: mouseVisible = False
89.2460 	DATA 	KeyPress: ㅜ
89.2461 	DATA 	Keypress: space
89.2528 	EXP 	wth_background_inst_2: autoDraw = False
89.2528 	EXP 	wth_text_2: autoDraw = False
89.2528 	EXP 	wth_think_instr: font = 'exp_font'
89.2528 	EXP 	wth_background: autoDraw = True
89.2528 	EXP 	wth_think_instr: autoDraw = True
89.2528 	EXP 	wth_think_cross: autoDraw = True
89.2528 	EXP 	wth_think_instr: height = 0.07
89.2528 	EXP 	wth_think_instr: height = 0.07
89.2528 	EXP 	wth_think_instr: height = 0.07
89.2528 	EXP 	wth_think_instr: text = '자유롭게 생각하세요.'
89.9704 	DATA 	Keypress: escape
90.7098 	EXP 	window1: mouseVisible = True
