2.2723 	WARNING 	We strongly recommend you activate the PTB sound engine in PsychoPy prefs as the preferred audio engine. Its timing is vastly superior. Your prefs are currently set to use ['sounddevice', 'PTB', 'pyo', 'pygame'] (in that order).
6.4475 	EXP 	Created window1 = Window(allowGUI=True, allowStencil=False, autoLog=True, backendConf=UNKNOWN, bitsMode=UNKNOWN, blendMode='avg', bpc=(8, 8, 8), color=array([0., 0., 0.]), colorSpace='hsv', depthBits=8, fullscr=<method-wrapper '__getattribute__' of attributeSetter object at 0x000001DED90F4E50>, gamma=None, gammaErrorPolicy='raise', lms=UNKNOWN, monitor=<psychopy.monitors.calibTools.Monitor object at 0x000001DEDA09F370>, multiSample=False, name='window1', numSamples=2, pos=(0, 0), screen=0, size=array([1920, 1080]), stencilBits=0, stereo=False, units='height', useFBO=True, useRetina=False, viewOri=0.0, viewPos=None, viewScale=None, waitBlanking=True, winType='pyglet')
6.4476 	EXP 	window1: mouseVisible = True
6.4476 	EXP 	window1: mouseVisible = True
6.4476 	EXP 	window1: Attempting to measure frame rate of screen (0) ...
6.4476 	EXP 	window1: recordFrameIntervals = False
6.6115 	EXP 	window1: recordFrameIntervals = True
6.7954 	EXP 	Screen (0) actual frame rate measured at 60.08Hz
6.7954 	EXP 	window1: recordFrameIntervals = False
6.8239 	WARNING 	launchHubServer: If using the iohub mouse or eyetracker devices, fullScr should be True.
8.4749 	EXP 	Created image = ImageStim(__class__=<class 'psychopy.visual.image.ImageStim'>, anchor=('center', 'center'), autoLog=True, color=array([1, 1, 1]), colorSpace='rgb', contrast=1.0, depth=0.0, flipHoriz=False, flipVert=False, image='fis_artwork/general_instruction.png', interpolate=True, mask=None, maskParams=None, name='image', opacity=1.0, ori=0.0, pos=array([0., 0.]), size=array([1920., 1080.]), texRes=128.0, units='pix', win=Window(...))
8.6017 	EXP 	Created wth_movie = MovieStim3(__class__=<class 'psychopy.visual.movie3.MovieStim3'>, anchor=('center', 'center'), autoLog=True, color=UNKNOWN, colorSpace=UNKNOWN, depth=0.0, filename='ins/weather_intro.mp4', flipHoriz=False, flipVert=False, fps=UNKNOWN, interpolate=True, loop=False, name='wth_movie', noAudio=False, opacity=1, ori=method-wrapper(...), pos=array([0., 0.]), size=None, units='pix', vframe_callback=UNKNOWN, volume=UNKNOWN, win=Window(...))
10.7623 	WARNING 	2.160546400000385: Video catchup needed, advancing self._nextFrameT from 0.0 to 0.041666666666666664
10.7623 	WARNING 	2.160591600000771: Video catchup needed, advancing self._nextFrameT from 0.041666666666666664 to 0.08333333333333333
10.7623 	WARNING 	2.1606141000002026: Video catchup needed, advancing self._nextFrameT from 0.08333333333333333 to 0.125
10.7623 	WARNING 	2.160634700000628: Video catchup needed, advancing self._nextFrameT from 0.125 to 0.16666666666666666
10.7624 	WARNING 	2.160654300000715: Video catchup needed, advancing self._nextFrameT from 0.16666666666666666 to 0.20833333333333331
10.7624 	WARNING 	2.1606743000002098: Video catchup needed, advancing self._nextFrameT from 0.20833333333333331 to 0.24999999999999997
10.7624 	WARNING 	2.1606938000004448: Video catchup needed, advancing self._nextFrameT from 0.24999999999999997 to 0.29166666666666663
10.7624 	WARNING 	2.1607133000006797: Video catchup needed, advancing self._nextFrameT from 0.29166666666666663 to 0.3333333333333333
10.7624 	WARNING 	2.1607327000001533: Video catchup needed, advancing self._nextFrameT from 0.3333333333333333 to 0.375
10.7625 	WARNING 	2.1607520000006843: Video catchup needed, advancing self._nextFrameT from 0.375 to 0.4166666666666667
10.7625 	WARNING 	Max reportNDroppedFrames reached, will not log any more dropped frames
10.9887 	EXP 	Created text = TextStim(__class__=<class 'psychopy.visual.text.TextStim'>, alignHoriz=method-wrapper(...), alignText='center', alignVert=method-wrapper(...), anchorHoriz='center', anchorVert='center', antialias=True, autoDraw=False, autoLog=True, bold=False, color=array([-1, -1, -1]), colorSpace='rgb', contrast=1.0, depth=-1.0, flipHoriz=False, flipVert=False, font='Noto Sans KR', fontFiles=[], height=0.05, italic=False, languageStyle='LTR', name='text', opacity=1.0, ori=0.0, pos=array([ 0. , -0.4]), rgb=UNKNOWN, text='스페이스로 넘어가세요', units='height', win=Window(...), wrapWidth=1)
11.5554 	EXP 	Created wth_background_inst = ImageStim(__class__=<class 'psychopy.visual.image.ImageStim'>, anchor=('center', 'center'), autoLog=True, color=array([1, 1, 1]), colorSpace='rgb', contrast=1.0, depth=0.0, flipHoriz=False, flipVert=False, image=str(...), interpolate=True, mask=None, maskParams=None, name='wth_background_inst', opacity=1.0, ori=0.0, pos=array([0., 0.]), size=array([1920., 1080.]), texRes=128.0, units='pix', win=Window(...))
11.5736 	EXP 	Created wth_text = TextStim(__class__=<class 'psychopy.visual.text.TextStim'>, alignHoriz=method-wrapper(...), alignText='center', alignVert=method-wrapper(...), anchorHoriz='center', anchorVert='center', antialias=True, autoDraw=False, autoLog=True, bold=False, color=array([-1, -1, -1]), colorSpace='rgb', contrast=1.0, depth=-1.0, flipHoriz=False, flipVert=False, font='Noto Sans KR', fontFiles=[], height=0.07, italic=False, languageStyle='LTR', name='wth_text', opacity=1.0, ori=0.0, pos=array([0., 0.]), rgb=UNKNOWN, text='단어연상 연습이 시작됩니다.', units='height', win=Window(...), wrapWidth=1)
12.2089 	EXP 	Created wth_background_6 = ImageStim(__class__=<class 'psychopy.visual.image.ImageStim'>, anchor=('center', 'center'), autoLog=True, color=array([1, 1, 1]), colorSpace='rgb', contrast=1.0, depth=0.0, flipHoriz=False, flipVert=False, image=str(...), interpolate=True, mask=None, maskParams=None, name='wth_background_6', opacity=1.0, ori=0.0, pos=array([0., 0.]), size=array([1920., 1080.]), texRes=128.0, units='pix', win=Window(...))
12.2187 	EXP 	Created wth_think_instr_2 = TextStim(__class__=<class 'psychopy.visual.text.TextStim'>, alignHoriz=method-wrapper(...), alignText='center', alignVert=method-wrapper(...), anchorHoriz='center', anchorVert='center', antialias=True, autoDraw=False, autoLog=True, bold=False, color=array([-1, -1, -1]), colorSpace='rgb', contrast=1.0, depth=-2.0, flipHoriz=False, flipVert=False, font='Noto Sans KR', fontFiles=[], height=0.07, italic=False, languageStyle='LTR', name='wth_think_instr_2', opacity=1.0, ori=0.0, pos=array([0. , 0.3]), rgb=UNKNOWN, text='자유롭게 생각하세요.', units='height', win=Window(...), wrapWidth=1)
12.2246 	EXP 	Created wth_think_cross_2 = ShapeStim(__class__=<class 'psychopy.visual.shape.ShapeStim'>, anchor=('center', 'center'), autoDraw=False, autoLog=True, closeShape=True, color=method-wrapper(...), colorSpace='rgb', contrast=None, depth=-3.0, fillColor=array([-1, -1, -1]), fillColorSpace='rgb', fillRGB=array([-1, -1, -1]), interpolate=True, lineColor=array([-1, -1, -1]), lineColorSpace='rgb', lineRGB=array([-1, -1, -1]), lineWidth=0.1, name='wth_think_cross_2', opacity=1.0, ori=0.0, pos=array([0., 0.]), size=array([0.07, 0.07]), units='height', vertices=ndarray(...), win=Window(...), windingRule=None)
12.8720 	EXP 	Created image_2 = ImageStim(__class__=<class 'psychopy.visual.image.ImageStim'>, anchor=('center', 'center'), autoLog=True, color=array([1, 1, 1]), colorSpace='rgb', contrast=1.0, depth=0.0, flipHoriz=False, flipVert=False, image=str(...), interpolate=True, mask=None, maskParams=None, name='image_2', opacity=1.0, ori=0.0, pos=array([0., 0.]), size=array([1920., 1080.]), texRes=128.0, units='pix', win=Window(...))
12.8939 	EXP 	Created wth_word_instr_4 = TextStim(__class__=<class 'psychopy.visual.text.TextStim'>, alignHoriz=method-wrapper(...), alignText='center', alignVert=method-wrapper(...), anchorHoriz='center', anchorVert='center', antialias=True, autoDraw=False, autoLog=True, bold=False, color=array([-1, -1, -1]), colorSpace='rgb', contrast=1.0, depth=-1.0, flipHoriz=False, flipVert=False, font='Noto Sans KR', fontFiles=[], height=0.07, italic=False, languageStyle='LTR', name='wth_word_instr_4', opacity=1.0, ori=0.0, pos=array([0.  , 0.25]), rgb=UNKNOWN, text='지금 무슨 생각을 하고 있는지\n단어나 구로 입력해주세요.', units='height', win=Window(...), wrapWidth=1)
13.4937 	EXP 	Created wth_background_7 = ImageStim(__class__=<class 'psychopy.visual.image.ImageStim'>, anchor=('center', 'center'), autoLog=True, color=array([1, 1, 1]), colorSpace='rgb', contrast=1.0, depth=0.0, flipHoriz=False, flipVert=False, image=str(...), interpolate=True, mask=None, maskParams=None, name='wth_background_7', opacity=1.0, ori=0.0, pos=array([0., 0.]), size=array([1920., 1080.]), texRes=128.0, units='pix', win=Window(...))
13.4943 	EXP 	Created wth_word_typed_2 = TextStim(__class__=<class 'psychopy.visual.text.TextStim'>, alignHoriz=method-wrapper(...), alignText='center', alignVert=method-wrapper(...), anchorHoriz='center', anchorVert='center', antialias=True, autoDraw=False, autoLog=True, bold=False, color=array([-1, -1, -1]), colorSpace='rgb', contrast=1.0, depth=-1.0, flipHoriz=False, flipVert=False, font='Noto Sans KR', fontFiles=[], height=0.07, italic=False, languageStyle='LTR', name='wth_word_typed_2', opacity=1.0, ori=0.0, pos=array([0. , 0.2]), rgb=UNKNOWN, text='', units='height', win=Window(...), wrapWidth=1)
13.4977 	EXP 	window1: mouseVisible = True
13.5529 	EXP 	Created wth_valence_rating_2 = Slider(__class__=<class 'psychopy.visual.slider.Slider'>, autoDraw=False, autoLog=True, borderColor=None, color=None, colorSpace='rgb', depth=-2, fillColor=None, flip=False, font='Noto Sans KR', granularity=0.0, labelColor=None, labelHeight=0.03, labelWrapWidth=None, labels=('부정', '중립', '긍정'), lineColor=None, markerColor=None, name='wth_valence_rating_2', opacity=None, ori=0.0, pos=array([-0.5, -0.1]), readOnly=False, self=UNKNOWN, size=array([0.45, 0.05]), startValue=None, style='rating', styleTweaks=[], ticks=array([-1,  0,  1]), units='height', win=Window(...))
13.5646 	EXP 	Created wth_valence_txt_2 = TextStim(__class__=<class 'psychopy.visual.text.TextStim'>, alignHoriz=method-wrapper(...), alignText='center', alignVert=method-wrapper(...), anchorHoriz='center', anchorVert='center', antialias=True, autoDraw=False, autoLog=True, bold=False, color=array([-1, -1, -1]), colorSpace='rgb', contrast=1.0, depth=-3.0, flipHoriz=False, flipVert=False, font='Noto Sans KR', fontFiles=[], height=0.04, italic=False, languageStyle='LTR', name='wth_valence_txt_2', opacity=1.0, ori=0.0, pos=array([-0.5 , -0.02]), rgb=UNKNOWN, text='단어에서 느껴지는 감정', units='height', win=Window(...), wrapWidth=1)
13.5739 	EXP 	Created wth_self_txt_2 = TextStim(__class__=<class 'psychopy.visual.text.TextStim'>, alignHoriz=method-wrapper(...), alignText='center', alignVert=method-wrapper(...), anchorHoriz='center', anchorVert='center', antialias=True, autoDraw=False, autoLog=True, bold=False, color=array([-1, -1, -1]), colorSpace='rgb', contrast=1.0, depth=-4.0, flipHoriz=False, flipVert=False, font='Noto Sans KR', fontFiles=[], height=0.04, italic=False, languageStyle='LTR', name='wth_self_txt_2', opacity=1.0, ori=0.0, pos=array([ 0.5 , -0.02]), rgb=UNKNOWN, text='단어가 자신과 관련이 있는 정도', units='height', win=Window(...), wrapWidth=1)
13.5753 	EXP 	window1: mouseVisible = True
13.6609 	EXP 	Created wth_self_rating_2 = Slider(__class__=<class 'psychopy.visual.slider.Slider'>, autoDraw=False, autoLog=True, borderColor=None, color=None, colorSpace='rgb', depth=-5, fillColor=None, flip=False, font='Noto Sans KR', granularity=0.0, labelColor=None, labelHeight=0.03, labelWrapWidth=None, labels=('전혀 나와 관련 없음', '나와 관련 매우 많음'), lineColor=None, markerColor=None, name='wth_self_rating_2', opacity=None, ori=0.0, pos=array([ 0.5, -0.1]), readOnly=False, self=UNKNOWN, size=array([0.45, 0.05]), startValue=None, style='rating', styleTweaks=[], ticks=array([0, 1]), units='height', win=Window(...))
13.6991 	EXP 	window1: mouseVisible = True
14.2804 	EXP 	Created wth_image_2 = ImageStim(__class__=<class 'psychopy.visual.image.ImageStim'>, anchor=('center', 'center'), autoLog=True, color=array([1, 1, 1]), colorSpace='rgb', contrast=1.0, depth=0.0, flipHoriz=False, flipVert=False, image=str(...), interpolate=True, mask=None, maskParams=None, name='wth_image_2', opacity=1.0, ori=0.0, pos=array([0., 0.]), size=array([1920., 1080.]), texRes=128.0, units='pix', win=Window(...))
14.2964 	EXP 	Created wth_text_4 = TextStim(__class__=<class 'psychopy.visual.text.TextStim'>, alignHoriz=method-wrapper(...), alignText='center', alignVert=method-wrapper(...), anchorHoriz='center', anchorVert='center', antialias=True, autoDraw=False, autoLog=True, bold=False, color=array([-1, -1, -1]), colorSpace='rgb', contrast=1.0, depth=-1.0, flipHoriz=False, flipVert=False, font='Noto Sans KR', fontFiles=[], height=0.07, italic=False, languageStyle='LTR', name='wth_text_4', opacity=1.0, ori=0.0, pos=array([0., 0.]), rgb=UNKNOWN, text='연습을 다시 하시겠습니까?\n\n다시연습 : y\n\n넘어가기 : n', units='height', win=Window(...), wrapWidth=1)
14.8933 	EXP 	Created wth_background_inst_2 = ImageStim(__class__=<class 'psychopy.visual.image.ImageStim'>, anchor=('center', 'center'), autoLog=True, color=array([1, 1, 1]), colorSpace='rgb', contrast=1.0, depth=0.0, flipHoriz=False, flipVert=False, image=str(...), interpolate=True, mask=None, maskParams=None, name='wth_background_inst_2', opacity=1.0, ori=0.0, pos=array([0., 0.]), size=array([1920., 1080.]), texRes=128.0, units='pix', win=Window(...))
14.9156 	EXP 	Created wth_text_2 = TextStim(__class__=<class 'psychopy.visual.text.TextStim'>, alignHoriz=method-wrapper(...), alignText='center', alignVert=method-wrapper(...), anchorHoriz='center', anchorVert='center', antialias=True, autoDraw=False, autoLog=True, bold=False, color=array([-1, -1, -1]), colorSpace='rgb', contrast=1.0, depth=-1.0, flipHoriz=False, flipVert=False, font='Noto Sans KR', fontFiles=[], height=0.07, italic=False, languageStyle='LTR', name='wth_text_2', opacity=1.0, ori=0.0, pos=array([0., 0.]), rgb=UNKNOWN, text=str(...), units='height', win=Window(...), wrapWidth=1)
15.5011 	EXP 	Created image_3 = ImageStim(__class__=<class 'psychopy.visual.image.ImageStim'>, anchor=('center', 'center'), autoLog=True, color=array([1, 1, 1]), colorSpace='rgb', contrast=1.0, depth=0.0, flipHoriz=False, flipVert=False, image=str(...), interpolate=True, mask=None, maskParams=None, name='image_3', opacity=1.0, ori=0.0, pos=array([0., 0.]), size=array([1920., 1080.]), texRes=128.0, units='pix', win=Window(...))
15.5027 	EXP 	Created text_2 = TextStim(__class__=<class 'psychopy.visual.text.TextStim'>, alignHoriz=method-wrapper(...), alignText='center', alignVert=method-wrapper(...), anchorHoriz='center', anchorVert='center', antialias=True, autoDraw=False, autoLog=True, bold=False, color=array([-1, -1, -1]), colorSpace='rgb', contrast=1.0, depth=-1.0, flipHoriz=False, flipVert=False, font='Noto Sans KR', fontFiles=[], height=0.07, italic=False, languageStyle='LTR', name='text_2', opacity=1.0, ori=0.0, pos=array([0., 0.]), rgb=UNKNOWN, text='시작', units='height', win=Window(...), wrapWidth=1)
16.0682 	EXP 	Created wth_background = ImageStim(__class__=<class 'psychopy.visual.image.ImageStim'>, anchor=('center', 'center'), autoLog=True, color=array([1, 1, 1]), colorSpace='rgb', contrast=1.0, depth=0.0, flipHoriz=False, flipVert=False, image=str(...), interpolate=True, mask=None, maskParams=None, name='wth_background', opacity=1.0, ori=0.0, pos=array([0., 0.]), size=array([1920., 1080.]), texRes=128.0, units='pix', win=Window(...))
16.0806 	EXP 	Created wth_think_instr = TextStim(__class__=<class 'psychopy.visual.text.TextStim'>, alignHoriz=method-wrapper(...), alignText='center', alignVert=method-wrapper(...), anchorHoriz='center', anchorVert='center', antialias=True, autoDraw=False, autoLog=True, bold=False, color=array([-1, -1, -1]), colorSpace='rgb', contrast=1.0, depth=-2.0, flipHoriz=False, flipVert=False, font='Noto Sans KR', fontFiles=[], height=0.07, italic=False, languageStyle='LTR', name='wth_think_instr', opacity=1.0, ori=0.0, pos=array([0. , 0.2]), rgb=UNKNOWN, text='자유롭게 생각하세요.', units='height', win=Window(...), wrapWidth=1)
16.0819 	EXP 	Created wth_think_cross = ShapeStim(__class__=<class 'psychopy.visual.shape.ShapeStim'>, anchor=('center', 'center'), autoDraw=False, autoLog=True, closeShape=True, color=method-wrapper(...), colorSpace='rgb', contrast=None, depth=-3.0, fillColor=array([-1, -1, -1]), fillColorSpace='rgb', fillRGB=array([-1, -1, -1]), interpolate=True, lineColor=array([-1, -1, -1]), lineColorSpace='rgb', lineRGB=array([-1, -1, -1]), lineWidth=0.1, name='wth_think_cross', opacity=1.0, ori=0.0, pos=array([0., 0.]), size=array([0.07, 0.07]), units='height', vertices=ndarray(...), win=Window(...), windingRule=None)
16.6614 	EXP 	Created wth_background_2 = ImageStim(__class__=<class 'psychopy.visual.image.ImageStim'>, anchor=('center', 'center'), autoLog=True, color=array([1, 1, 1]), colorSpace='rgb', contrast=1.0, depth=0.0, flipHoriz=False, flipVert=False, image=str(...), interpolate=True, mask=None, maskParams=None, name='wth_background_2', opacity=1.0, ori=0.0, pos=array([0., 0.]), size=array([1920., 1080.]), texRes=128.0, units='pix', win=Window(...))
16.6787 	EXP 	Created wth_word_instr = TextStim(__class__=<class 'psychopy.visual.text.TextStim'>, alignHoriz=method-wrapper(...), alignText='center', alignVert=method-wrapper(...), anchorHoriz='center', anchorVert='center', antialias=True, autoDraw=False, autoLog=True, bold=False, color=array([-1, -1, -1]), colorSpace='rgb', contrast=1.0, depth=-1.0, flipHoriz=False, flipVert=False, font='Arial', fontFiles=[], height=0.07, italic=False, languageStyle='LTR', name='wth_word_instr', opacity=1.0, ori=0.0, pos=array([0.  , 0.25]), rgb=UNKNOWN, text='지금 무슨 생각을 하고 있는지\n단어나 구로 입력해주세요.', units='height', win=Window(...), wrapWidth=1)
17.2925 	EXP 	Created wth_background_3 = ImageStim(__class__=<class 'psychopy.visual.image.ImageStim'>, anchor=('center', 'center'), autoLog=True, color=array([1, 1, 1]), colorSpace='rgb', contrast=1.0, depth=0.0, flipHoriz=False, flipVert=False, image=str(...), interpolate=True, mask=None, maskParams=None, name='wth_background_3', opacity=1.0, ori=0.0, pos=array([0., 0.]), size=array([1920., 1080.]), texRes=128.0, units='pix', win=Window(...))
17.2940 	EXP 	Created wth_word_typed = TextStim(__class__=<class 'psychopy.visual.text.TextStim'>, alignHoriz=method-wrapper(...), alignText='center', alignVert=method-wrapper(...), anchorHoriz='center', anchorVert='center', antialias=True, autoDraw=False, autoLog=True, bold=False, color=array([-1, -1, -1]), colorSpace='rgb', contrast=1.0, depth=-1.0, flipHoriz=False, flipVert=False, font='Noto Sans KR', fontFiles=[], height=0.1, italic=False, languageStyle='LTR', name='wth_word_typed', opacity=1.0, ori=0.0, pos=array([0. , 0.2]), rgb=UNKNOWN, text='', units='height', win=Window(...), wrapWidth=1)
17.2954 	EXP 	window1: mouseVisible = True
17.3297 	EXP 	Created wth_valence_rating = Slider(__class__=<class 'psychopy.visual.slider.Slider'>, autoDraw=False, autoLog=True, borderColor=None, color=None, colorSpace='rgb', depth=-2, fillColor=None, flip=False, font='Noto Sans KR', granularity=0.0, labelColor=None, labelHeight=0.03, labelWrapWidth=None, labels=('부정', '중립', '긍정'), lineColor=None, markerColor=None, name='wth_valence_rating', opacity=None, ori=0.0, pos=array([-0.5, -0.1]), readOnly=False, self=UNKNOWN, size=array([0.45, 0.05]), startValue=None, style='rating', styleTweaks=[], ticks=array([-1,  0,  1]), units='height', win=Window(...))
17.3388 	EXP 	Created wth_valence_txt = TextStim(__class__=<class 'psychopy.visual.text.TextStim'>, alignHoriz=method-wrapper(...), alignText='center', alignVert=method-wrapper(...), anchorHoriz='center', anchorVert='center', antialias=True, autoDraw=False, autoLog=True, bold=False, color=array([-1, -1, -1]), colorSpace='rgb', contrast=1.0, depth=-3.0, flipHoriz=False, flipVert=False, font='Noto Sans KR', fontFiles=[], height=0.04, italic=False, languageStyle='LTR', name='wth_valence_txt', opacity=1.0, ori=0.0, pos=array([-0.5 , -0.02]), rgb=UNKNOWN, text='단어에서 느껴지는 감정', units='height', win=Window(...), wrapWidth=1)
17.3451 	EXP 	Created wth_self_txt = TextStim(__class__=<class 'psychopy.visual.text.TextStim'>, alignHoriz=method-wrapper(...), alignText='center', alignVert=method-wrapper(...), anchorHoriz='center', anchorVert='center', antialias=True, autoDraw=False, autoLog=True, bold=False, color=array([-1, -1, -1]), colorSpace='rgb', contrast=1.0, depth=-4.0, flipHoriz=False, flipVert=False, font='Noto Sans KR', fontFiles=[], height=0.04, italic=False, languageStyle='LTR', name='wth_self_txt', opacity=1.0, ori=0.0, pos=array([ 0.5 , -0.02]), rgb=UNKNOWN, text='단어가 자신과 관련이 있는 정도', units='height', win=Window(...), wrapWidth=1)
17.3466 	EXP 	window1: mouseVisible = True
17.3724 	EXP 	Created wth_self_rating = Slider(__class__=<class 'psychopy.visual.slider.Slider'>, autoDraw=False, autoLog=True, borderColor=None, color=None, colorSpace='rgb', depth=-5, fillColor=None, flip=False, font='Noto Sans KR', granularity=0.0, labelColor=None, labelHeight=0.03, labelWrapWidth=None, labels=('전혀 나와 관련이 없음', '나와 관련이 매우 많음'), lineColor=None, markerColor=None, name='wth_self_rating', opacity=None, ori=0.0, pos=array([ 0.4, -0.1]), readOnly=False, self=UNKNOWN, size=array([0.45, 0.05]), startValue=None, style='rating', styleTweaks=[], ticks=array([0, 1]), units='height', win=Window(...))
17.3764 	EXP 	window1: mouseVisible = True
17.3852 	EXP 	Created exp_end_back = ImageStim(__class__=<class 'psychopy.visual.image.ImageStim'>, anchor=('center', 'center'), autoLog=True, color=array([1, 1, 1]), colorSpace='rgb', contrast=1.0, depth=-1.0, flipHoriz=False, flipVert=False, image='pics/blank.png', interpolate=True, mask=None, maskParams=None, name='exp_end_back', opacity=1.0, ori=0.0, pos=array([0., 0.]), size=array([3., 1.]), texRes=128.0, units='height', win=Window(...))
17.4115 	EXP 	Created exp_end_text = TextStim(__class__=<class 'psychopy.visual.text.TextStim'>, alignHoriz=method-wrapper(...), alignText='center', alignVert=method-wrapper(...), anchorHoriz='center', anchorVert='center', antialias=True, autoDraw=False, autoLog=True, bold=False, color=array([-1, -1, -1]), colorSpace='rgb', contrast=1.0, depth=-2.0, flipHoriz=False, flipVert=False, font='Noto Sans KR', fontFiles=[], height=0.04, italic=False, languageStyle='LTR', name='exp_end_text', opacity=1.0, ori=0.0, pos=array([0., 0.]), rgb=UNKNOWN, text=str(...), units='height', win=Window(...), wrapWidth=1)
17.4245 	EXP 	Created total_end_text = TextStim(__class__=<class 'psychopy.visual.text.TextStim'>, alignHoriz=method-wrapper(...), alignText='center', alignVert=method-wrapper(...), anchorHoriz='center', anchorVert='center', antialias=True, autoDraw=False, autoLog=True, bold=False, color=array([1, 1, 1]), colorSpace='rgb', contrast=1.0, depth=0.0, flipHoriz=False, flipVert=False, font='Arial', fontFiles=[], height=0.04, italic=False, languageStyle='LTR', name='total_end_text', opacity=1.0, ori=0.0, pos=array([0., 0.]), rgb=UNKNOWN, text='참여해주셔서 감사합니다.\n자동으로 종료됩니다.', units='height', win=Window(...), wrapWidth=1)
17.4448 	EXP 	wth_movie: autoLog = True
17.4448 	EXP 	wth_movie: movie = 'ins/weather_intro.mp4'
17.4448 	EXP 	wth_movie: ori = 0.0
17.4448 	EXP 	wth_valence_rating_2: autoLog = True
17.4448 	EXP 	wth_valence_rating_2: markerPos = None
17.4448 	EXP 	wth_valence_rating_2: styleTweaks = []
17.4448 	EXP 	wth_valence_rating_2: styleTweaks = []
17.4448 	EXP 	wth_valence_rating_2: styleTweaks = []
17.4448 	EXP 	wth_valence_rating_2: styleTweaks = []
17.4448 	EXP 	wth_valence_rating_2: contrast = 1.0
17.4448 	EXP 	wth_valence_rating_2: autoLog = True
17.4448 	EXP 	wth_self_rating_2: autoLog = True
17.4448 	EXP 	wth_self_rating_2: markerPos = None
17.4448 	EXP 	wth_self_rating_2: styleTweaks = []
17.4448 	EXP 	wth_self_rating_2: styleTweaks = []
17.4448 	EXP 	wth_self_rating_2: styleTweaks = []
17.4448 	EXP 	wth_self_rating_2: styleTweaks = []
17.4448 	EXP 	wth_self_rating_2: contrast = 1.0
17.4448 	EXP 	wth_self_rating_2: autoLog = True
17.4448 	EXP 	wth_valence_rating: autoLog = True
17.4448 	EXP 	wth_valence_rating: markerPos = None
17.4448 	EXP 	wth_valence_rating: styleTweaks = []
17.4448 	EXP 	wth_valence_rating: styleTweaks = []
17.4448 	EXP 	wth_valence_rating: styleTweaks = []
17.4448 	EXP 	wth_valence_rating: styleTweaks = []
17.4448 	EXP 	wth_valence_rating: contrast = 1.0
17.4448 	EXP 	wth_valence_rating: autoLog = True
17.4448 	EXP 	wth_self_rating: autoLog = True
17.4448 	EXP 	wth_self_rating: markerPos = None
17.4448 	EXP 	wth_self_rating: styleTweaks = []
17.4448 	EXP 	wth_self_rating: styleTweaks = []
17.4448 	EXP 	wth_self_rating: styleTweaks = []
17.4448 	EXP 	wth_self_rating: styleTweaks = []
17.4448 	EXP 	wth_self_rating: contrast = 1.0
17.4448 	EXP 	wth_self_rating: autoLog = True
17.4448 	EXP 	image: autoDraw = True
18.1633 	EXP 	Created sequence: random, trialTypes=1, nReps=1, seed=None
18.1635 	EXP 	New trial (rep=0, index=0): None
18.1646 	DATA 	Keypress: space
18.1767 	EXP 	image: autoDraw = False
20.1785 	EXP 	wth_movie: autoDraw = True
20.1785 	EXP 	text: autoDraw = True
20.8461 	EXP 	Created sequence: sequential, trialTypes=1, nReps=99, seed=None
20.8464 	EXP 	New trial (rep=0, index=0): None
20.9183 	DATA 	Keypress: space
20.9280 	EXP 	wth_movie: autoDraw = False
20.9280 	EXP 	text: autoDraw = False
20.9280 	EXP 	wth_background_inst: autoDraw = True
21.8453 	EXP 	wth_text: autoDraw = True
23.8448 	EXP 	wth_text: autoDraw = False
25.9122 	EXP 	window1: mouseVisible = False
25.9440 	EXP 	wth_background_inst: autoDraw = False
25.9440 	EXP 	wth_background_inst: autoDraw = False
25.9440 	EXP 	wth_text: autoDraw = False
25.9440 	EXP 	wth_background_6: autoDraw = True
25.9440 	EXP 	wth_think_instr_2: autoDraw = True
25.9440 	EXP 	wth_think_cross_2: autoDraw = True
26.8132 	DATA 	Keypress: space
30.9286 	EXP 	window1: mouseVisible = True
30.9286 	EXP 	window1: mouseVisible = True
30.9769 	EXP 	wth_background_6: autoDraw = False
30.9769 	EXP 	wth_think_instr_2: autoDraw = False
30.9769 	EXP 	wth_think_cross_2: autoDraw = False
30.9769 	EXP 	wth_background_6: autoDraw = False
30.9769 	EXP 	wth_think_instr_2: autoDraw = False
30.9769 	EXP 	wth_think_cross_2: autoDraw = False
30.9769 	EXP 	image_2: autoDraw = True
30.9769 	EXP 	wth_word_instr_4: autoDraw = True
31.8790 	DATA 	Keypress: space
35.3909 	EXP 	image_2: autoDraw = False
35.3909 	EXP 	wth_word_instr_4: autoDraw = False
35.3909 	EXP 	wth_word_typed_2: height = 0.07
35.3909 	EXP 	wth_word_typed_2: height = 0.07
35.3909 	EXP 	wth_word_typed_2: height = 0.07
35.3909 	EXP 	wth_word_typed_2: text = 'jljk'
35.3909 	EXP 	wth_valence_rating_2: markerPos = None
35.3909 	EXP 	wth_valence_rating_2: markerPos = None
35.3909 	EXP 	wth_self_rating_2: markerPos = None
35.3909 	EXP 	wth_self_rating_2: markerPos = None
35.3909 	EXP 	wth_background_7: autoDraw = True
35.3909 	EXP 	wth_word_typed_2: autoDraw = True
35.3909 	EXP 	wth_valence_rating_2: autoDraw = True
35.3909 	EXP 	wth_valence_txt_2: autoDraw = True
35.3909 	EXP 	wth_self_txt_2: autoDraw = True
35.3909 	EXP 	wth_self_rating_2: autoDraw = True
36.2501 	DATA 	Mouse: Left button down, pos=(577,436)
36.2747 	EXP 	wth_valence_rating_2: markerPos = 0.6460905349794239
36.2916 	EXP 	wth_valence_rating_2: markerPos = 0.6460905349794239
36.3079 	EXP 	wth_valence_rating_2: markerPos = 0.6460905349794239
36.3247 	EXP 	wth_valence_rating_2: markerPos = 0.6460905349794239
36.3410 	EXP 	wth_valence_rating_2: markerPos = 0.6460905349794239
36.3475 	DATA 	Mouse:  Left button up, pos=(577,436)
36.3581 	EXP 	wth_valence_rating_2: markerPos = 0.6460905349794239
36.3748 	EXP 	wth_valence_rating_2: markerPos = 0.6460905349794239
37.1803 	DATA 	Mouse: Left button down, pos=(1433,427)
37.1914 	EXP 	wth_self_rating_2: markerPos = 0.36213991769547327
37.2078 	EXP 	wth_self_rating_2: markerPos = 0.36213991769547327
37.2247 	EXP 	wth_self_rating_2: markerPos = 0.36213991769547327
37.2409 	EXP 	wth_self_rating_2: markerPos = 0.36213991769547327
37.2582 	EXP 	wth_self_rating_2: markerPos = 0.36213991769547327
37.2745 	EXP 	wth_self_rating_2: markerPos = 0.36213991769547327
37.2913 	EXP 	wth_self_rating_2: markerPos = 0.36213991769547327
37.3080 	EXP 	wth_self_rating_2: markerPos = 0.36213991769547327
37.3245 	EXP 	wth_self_rating_2: markerPos = 0.36213991769547327
37.3262 	DATA 	Mouse:  Left button up, pos=(1433,427)
37.3412 	EXP 	wth_self_rating_2: markerPos = 0.36213991769547327
38.1754 	DATA 	Mouse: Left button down, pos=(937,71)
38.2092 	EXP 	wth_background_7: autoDraw = False
38.2092 	EXP 	wth_word_typed_2: autoDraw = False
38.2092 	EXP 	wth_valence_rating_2: autoDraw = False
38.2092 	EXP 	wth_valence_txt_2: autoDraw = False
38.2092 	EXP 	wth_self_txt_2: autoDraw = False
38.2092 	EXP 	wth_self_rating_2: autoDraw = False
38.2092 	EXP 	wth_image_2: autoDraw = True
38.2092 	EXP 	wth_text_4: autoDraw = True
38.3450 	DATA 	Mouse:  Left button up, pos=(937,71)
39.3656 	DATA 	Keypress: n
39.3758 	EXP 	wth_image_2: autoDraw = False
39.3758 	EXP 	wth_text_4: autoDraw = False
39.3758 	EXP 	wth_background_inst_2: autoDraw = True
39.3758 	EXP 	wth_text_2: autoDraw = True
40.0488 	DATA 	Keypress: space
40.0589 	EXP 	wth_background_inst_2: autoDraw = False
40.0589 	EXP 	wth_text_2: autoDraw = False
40.0589 	EXP 	image_3: autoDraw = True
41.0261 	EXP 	text_2: autoDraw = True
43.0260 	EXP 	text_2: autoDraw = False
44.0433 	EXP 	Created sequence: sequential, trialTypes=1, nReps=4, seed=None
44.0435 	EXP 	New trial (rep=0, index=0): None
44.0436 	EXP 	window1: mouseVisible = False
44.0750 	EXP 	image_3: autoDraw = False
44.0750 	EXP 	text_2: autoDraw = False
44.0750 	EXP 	wth_background: autoDraw = True
44.0750 	EXP 	wth_think_instr: autoDraw = True
44.0750 	EXP 	wth_think_cross: autoDraw = True
49.0593 	EXP 	window1: mouseVisible = True
49.1229 	EXP 	wth_background: autoDraw = False
49.1229 	EXP 	wth_think_instr: autoDraw = False
49.1229 	EXP 	wth_think_cross: autoDraw = False
49.1229 	EXP 	wth_background: autoDraw = False
49.1229 	EXP 	wth_think_instr: autoDraw = False
49.1229 	EXP 	wth_think_cross: autoDraw = False
49.1229 	EXP 	wth_word_instr: font = 'Noto Sans KR'
49.1229 	EXP 	wth_background_2: autoDraw = True
49.1229 	EXP 	wth_word_instr: autoDraw = True
49.1229 	EXP 	wth_word_instr: height = 0.07
49.1229 	EXP 	wth_word_instr: height = 0.07
49.1229 	EXP 	wth_word_instr: height = 0.07
49.1229 	EXP 	wth_word_instr: text = '지금 무슨 생각을 하고 있는지\n단어나 구로 입력해주세요.'
53.6385 	EXP 	wth_background_2: autoDraw = False
53.6385 	EXP 	wth_word_instr: autoDraw = False
53.6385 	EXP 	wth_word_typed: height = 0.1
53.6385 	EXP 	wth_word_typed: height = 0.1
53.6385 	EXP 	wth_word_typed: height = 0.1
53.6385 	EXP 	wth_word_typed: text = 'jj'
53.6385 	EXP 	wth_valence_rating: markerPos = None
53.6385 	EXP 	wth_valence_rating: markerPos = None
53.6385 	EXP 	wth_self_rating: markerPos = None
53.6385 	EXP 	wth_self_rating: markerPos = None
53.6385 	EXP 	wth_background_3: autoDraw = True
53.6385 	EXP 	wth_word_typed: autoDraw = True
53.6385 	EXP 	wth_valence_rating: autoDraw = True
53.6385 	EXP 	wth_valence_txt: autoDraw = True
53.6385 	EXP 	wth_self_txt: autoDraw = True
53.6385 	EXP 	wth_self_rating: autoDraw = True
54.9645 	DATA 	Mouse: Left button down, pos=(561,434)
54.9887 	EXP 	wth_valence_rating: markerPos = 0.5802469135802468
55.0055 	EXP 	wth_valence_rating: markerPos = 0.5802469135802468
55.0224 	EXP 	wth_valence_rating: markerPos = 0.5802469135802468
55.0390 	EXP 	wth_valence_rating: markerPos = 0.5802469135802468
55.0456 	DATA 	Mouse:  Left button up, pos=(561,434)
55.0557 	EXP 	wth_valence_rating: markerPos = 0.5802469135802468
55.0721 	EXP 	wth_valence_rating: markerPos = 0.5802469135802468
56.0351 	DATA 	Mouse: Left button down, pos=(1380,435)
56.0549 	EXP 	wth_self_rating: markerPos = 0.47530864197530864
56.0719 	EXP 	wth_self_rating: markerPos = 0.47530864197530864
56.0886 	EXP 	wth_self_rating: markerPos = 0.47530864197530864
56.1051 	EXP 	wth_self_rating: markerPos = 0.47530864197530864
56.1222 	EXP 	wth_self_rating: markerPos = 0.47530864197530864
56.1387 	EXP 	wth_self_rating: markerPos = 0.47530864197530864
56.1555 	EXP 	wth_self_rating: markerPos = 0.47530864197530864
56.1720 	EXP 	wth_self_rating: markerPos = 0.47530864197530864
56.1891 	EXP 	wth_self_rating: markerPos = 0.47530864197530864
56.2051 	EXP 	wth_self_rating: markerPos = 0.47530864197530864
56.2107 	DATA 	Mouse:  Left button up, pos=(1380,435)
56.2221 	EXP 	wth_self_rating: markerPos = 0.47530864197530864
57.6394 	DATA 	Mouse: Left button down, pos=(949,91)
57.6413 	EXP 	New trial (rep=1, index=0): None
57.6415 	EXP 	window1: mouseVisible = False
57.6574 	EXP 	wth_background_3: autoDraw = False
57.6574 	EXP 	wth_word_typed: autoDraw = False
57.6574 	EXP 	wth_valence_rating: autoDraw = False
57.6574 	EXP 	wth_valence_txt: autoDraw = False
57.6574 	EXP 	wth_self_txt: autoDraw = False
57.6574 	EXP 	wth_self_rating: autoDraw = False
57.6574 	EXP 	wth_background: autoDraw = True
57.6574 	EXP 	wth_think_instr: autoDraw = True
57.6574 	EXP 	wth_think_cross: autoDraw = True
57.7592 	DATA 	Mouse:  Left button up, pos=(949,91)
61.0932 	EXP 	window1: mouseVisible = True
