2.2510 	WARNING 	We strongly recommend you activate the PTB sound engine in PsychoPy prefs as the preferred audio engine. Its timing is vastly superior. Your prefs are currently set to use ['sounddevice', 'PTB', 'pyo', 'pygame'] (in that order).
7.4355 	EXP 	Created window1 = Window(allowGUI=True, allowStencil=False, autoLog=True, backendConf=UNKNOWN, bitsMode=UNKNOWN, blendMode='avg', bpc=(8, 8, 8), color=array([0., 0., 0.]), colorSpace='hsv', depthBits=8, fullscr=<method-wrapper '__getattribute__' of attributeSetter object at 0x000001F595931D30>, gamma=None, gammaErrorPolicy='raise', lms=UNKNOWN, monitor=<psychopy.monitors.calibTools.Monitor object at 0x000001F59690C1F0>, multiSample=False, name='window1', numSamples=2, pos=(0, 0), screen=0, size=array([1920, 1080]), stencilBits=0, stereo=False, units='height', useFBO=True, useRetina=False, viewOri=0.0, viewPos=None, viewScale=None, waitBlanking=True, winType='pyglet')
7.4356 	EXP 	window1: mouseVisible = True
7.4356 	EXP 	window1: mouseVisible = True
7.4356 	EXP 	window1: Attempting to measure frame rate of screen (0) ...
7.4357 	EXP 	window1: recordFrameIntervals = False
7.6007 	EXP 	window1: recordFrameIntervals = True
7.7841 	EXP 	Screen (0) actual frame rate measured at 60.02Hz
7.7841 	EXP 	window1: recordFrameIntervals = False
7.8121 	WARNING 	launchHubServer: If using the iohub mouse or eyetracker devices, fullScr should be True.
9.4532 	EXP 	Created image = ImageStim(__class__=<class 'psychopy.visual.image.ImageStim'>, anchor=('center', 'center'), autoLog=True, color=array([1, 1, 1]), colorSpace='rgb', contrast=1.0, depth=0.0, flipHoriz=False, flipVert=False, image='fis_artwork/general_instruction.png', interpolate=True, mask=None, maskParams=None, name='image', opacity=1.0, ori=0.0, pos=array([0., 0.]), size=array([1920., 1080.]), texRes=128.0, units='pix', win=Window(...))
9.5816 	EXP 	Created wth_movie = MovieStim3(__class__=<class 'psychopy.visual.movie3.MovieStim3'>, anchor=('center', 'center'), autoLog=True, color=UNKNOWN, colorSpace=UNKNOWN, depth=0.0, filename='ins/weather_intro.mp4', flipHoriz=False, flipVert=False, fps=UNKNOWN, interpolate=True, loop=False, name='wth_movie', noAudio=False, opacity=1, ori=method-wrapper(...), pos=array([0., 0.]), size=None, units='pix', vframe_callback=UNKNOWN, volume=UNKNOWN, win=Window(...))
11.8564 	WARNING 	2.274792400000024: Video catchup needed, advancing self._nextFrameT from 0.0 to 0.041666666666666664
11.8564 	WARNING 	2.2748359000001983: Video catchup needed, advancing self._nextFrameT from 0.041666666666666664 to 0.08333333333333333
11.8565 	WARNING 	2.2748583000002327: Video catchup needed, advancing self._nextFrameT from 0.08333333333333333 to 0.125
11.8565 	WARNING 	2.2748781000000236: Video catchup needed, advancing self._nextFrameT from 0.125 to 0.16666666666666666
11.8565 	WARNING 	2.2748977000001105: Video catchup needed, advancing self._nextFrameT from 0.16666666666666666 to 0.20833333333333331
11.8565 	WARNING 	2.27491770000006: Video catchup needed, advancing self._nextFrameT from 0.20833333333333331 to 0.24999999999999997
11.8565 	WARNING 	2.274937399999999: Video catchup needed, advancing self._nextFrameT from 0.24999999999999997 to 0.29166666666666663
11.8566 	WARNING 	2.274956800000382: Video catchup needed, advancing self._nextFrameT from 0.29166666666666663 to 0.3333333333333333
11.8566 	WARNING 	2.274984399999994: Video catchup needed, advancing self._nextFrameT from 0.3333333333333333 to 0.375
11.8566 	WARNING 	2.2750080000000708: Video catchup needed, advancing self._nextFrameT from 0.375 to 0.4166666666666667
11.8566 	WARNING 	Max reportNDroppedFrames reached, will not log any more dropped frames
12.1468 	EXP 	Created text = TextStim(__class__=<class 'psychopy.visual.text.TextStim'>, alignHoriz=method-wrapper(...), alignText='center', alignVert=method-wrapper(...), anchorHoriz='center', anchorVert='center', antialias=True, autoDraw=False, autoLog=True, bold=False, color=array([-1, -1, -1]), colorSpace='rgb', contrast=1.0, depth=-1.0, flipHoriz=False, flipVert=False, font='Noto Sans KR', fontFiles=[], height=0.05, italic=False, languageStyle='LTR', name='text', opacity=1.0, ori=0.0, pos=array([ 0. , -0.4]), rgb=UNKNOWN, text='스페이스로 넘어가세요', units='height', win=Window(...), wrapWidth=1)
12.7618 	EXP 	Created wth_background_inst = ImageStim(__class__=<class 'psychopy.visual.image.ImageStim'>, anchor=('center', 'center'), autoLog=True, color=array([1, 1, 1]), colorSpace='rgb', contrast=1.0, depth=0.0, flipHoriz=False, flipVert=False, image=str(...), interpolate=True, mask=None, maskParams=None, name='wth_background_inst', opacity=1.0, ori=0.0, pos=array([0., 0.]), size=array([1920., 1080.]), texRes=128.0, units='pix', win=Window(...))
12.7908 	EXP 	Created wth_text = TextStim(__class__=<class 'psychopy.visual.text.TextStim'>, alignHoriz=method-wrapper(...), alignText='center', alignVert=method-wrapper(...), anchorHoriz='center', anchorVert='center', antialias=True, autoDraw=False, autoLog=True, bold=False, color=array([-1, -1, -1]), colorSpace='rgb', contrast=1.0, depth=-1.0, flipHoriz=False, flipVert=False, font='Noto Sans KR', fontFiles=[], height=0.07, italic=False, languageStyle='LTR', name='wth_text', opacity=1.0, ori=0.0, pos=array([0., 0.]), rgb=UNKNOWN, text='단어연상 연습이 시작됩니다.', units='height', win=Window(...), wrapWidth=1)
13.4294 	EXP 	Created wth_background_6 = ImageStim(__class__=<class 'psychopy.visual.image.ImageStim'>, anchor=('center', 'center'), autoLog=True, color=array([1, 1, 1]), colorSpace='rgb', contrast=1.0, depth=0.0, flipHoriz=False, flipVert=False, image=str(...), interpolate=True, mask=None, maskParams=None, name='wth_background_6', opacity=1.0, ori=0.0, pos=array([0., 0.]), size=array([1920., 1080.]), texRes=128.0, units='pix', win=Window(...))
13.4397 	EXP 	Created wth_think_instr_2 = TextStim(__class__=<class 'psychopy.visual.text.TextStim'>, alignHoriz=method-wrapper(...), alignText='center', alignVert=method-wrapper(...), anchorHoriz='center', anchorVert='center', antialias=True, autoDraw=False, autoLog=True, bold=False, color=array([-1, -1, -1]), colorSpace='rgb', contrast=1.0, depth=-2.0, flipHoriz=False, flipVert=False, font='Noto Sans KR', fontFiles=[], height=0.07, italic=False, languageStyle='LTR', name='wth_think_instr_2', opacity=1.0, ori=0.0, pos=array([0. , 0.3]), rgb=UNKNOWN, text='자유롭게 생각하세요.', units='height', win=Window(...), wrapWidth=1)
13.4547 	EXP 	Created wth_think_cross_2 = ShapeStim(__class__=<class 'psychopy.visual.shape.ShapeStim'>, anchor=('center', 'center'), autoDraw=False, autoLog=True, closeShape=True, color=method-wrapper(...), colorSpace='rgb', contrast=None, depth=-3.0, fillColor=array([-1, -1, -1]), fillColorSpace='rgb', fillRGB=array([-1, -1, -1]), interpolate=True, lineColor=array([-1, -1, -1]), lineColorSpace='rgb', lineRGB=array([-1, -1, -1]), lineWidth=0.1, name='wth_think_cross_2', opacity=1.0, ori=0.0, pos=array([0., 0.]), size=array([0.07, 0.07]), units='height', vertices=ndarray(...), win=Window(...), windingRule=None)
14.1014 	EXP 	Created image_2 = ImageStim(__class__=<class 'psychopy.visual.image.ImageStim'>, anchor=('center', 'center'), autoLog=True, color=array([1, 1, 1]), colorSpace='rgb', contrast=1.0, depth=0.0, flipHoriz=False, flipVert=False, image=str(...), interpolate=True, mask=None, maskParams=None, name='image_2', opacity=1.0, ori=0.0, pos=array([0., 0.]), size=array([1920., 1080.]), texRes=128.0, units='pix', win=Window(...))
14.1294 	EXP 	Created wth_word_instr_4 = TextStim(__class__=<class 'psychopy.visual.text.TextStim'>, alignHoriz=method-wrapper(...), alignText='center', alignVert=method-wrapper(...), anchorHoriz='center', anchorVert='center', antialias=True, autoDraw=False, autoLog=True, bold=False, color=array([-1, -1, -1]), colorSpace='rgb', contrast=1.0, depth=-1.0, flipHoriz=False, flipVert=False, font='Noto Sans KR', fontFiles=[], height=0.05, italic=False, languageStyle='LTR', name='wth_word_instr_4', opacity=1.0, ori=0.0, pos=array([0.  , 0.25]), rgb=UNKNOWN, text='지금 무슨 생각을 하고 있는지\n단어나 구로 입력해주세요.', units='height', win=Window(...), wrapWidth=1)
14.8068 	EXP 	Created wth_background_7 = ImageStim(__class__=<class 'psychopy.visual.image.ImageStim'>, anchor=('center', 'center'), autoLog=True, color=array([1, 1, 1]), colorSpace='rgb', contrast=1.0, depth=0.0, flipHoriz=False, flipVert=False, image=str(...), interpolate=True, mask=None, maskParams=None, name='wth_background_7', opacity=1.0, ori=0.0, pos=array([0., 0.]), size=array([1920., 1080.]), texRes=128.0, units='pix', win=Window(...))
14.8087 	EXP 	Created wth_word_typed_2 = TextStim(__class__=<class 'psychopy.visual.text.TextStim'>, alignHoriz=method-wrapper(...), alignText='center', alignVert=method-wrapper(...), anchorHoriz='center', anchorVert='center', antialias=True, autoDraw=False, autoLog=True, bold=False, color=array([-1, -1, -1]), colorSpace='rgb', contrast=1.0, depth=-1.0, flipHoriz=False, flipVert=False, font='Noto Sans KR', fontFiles=[], height=0.1, italic=False, languageStyle='LTR', name='wth_word_typed_2', opacity=1.0, ori=0.0, pos=array([0. , 0.2]), rgb=UNKNOWN, text='', units='height', win=Window(...), wrapWidth=1)
14.8230 	EXP 	window1: mouseVisible = True
14.8795 	EXP 	Created wth_valence_rating_2 = Slider(__class__=<class 'psychopy.visual.slider.Slider'>, autoDraw=False, autoLog=True, borderColor=None, color=None, colorSpace='rgb', depth=-2, fillColor=None, flip=False, font='Noto Sans KR', granularity=0.0, labelColor=None, labelHeight=0.03, labelWrapWidth=None, labels=('부정', '중립', '긍정'), lineColor=None, markerColor=None, name='wth_valence_rating_2', opacity=None, ori=0.0, pos=array([-0.5, -0.1]), readOnly=False, self=UNKNOWN, size=array([0.45, 0.05]), startValue=None, style='rating', styleTweaks=[], ticks=array([-1,  0,  1]), units='height', win=Window(...))
14.8925 	EXP 	Created wth_valence_txt_2 = TextStim(__class__=<class 'psychopy.visual.text.TextStim'>, alignHoriz=method-wrapper(...), alignText='center', alignVert=method-wrapper(...), anchorHoriz='center', anchorVert='center', antialias=True, autoDraw=False, autoLog=True, bold=False, color=array([-1, -1, -1]), colorSpace='rgb', contrast=1.0, depth=-3.0, flipHoriz=False, flipVert=False, font='Noto Sans KR', fontFiles=[], height=0.04, italic=False, languageStyle='LTR', name='wth_valence_txt_2', opacity=1.0, ori=0.0, pos=array([-0.5 , -0.02]), rgb=UNKNOWN, text='단어에서 느껴지는 감정', units='height', win=Window(...), wrapWidth=1)
14.9015 	EXP 	Created wth_self_txt_2 = TextStim(__class__=<class 'psychopy.visual.text.TextStim'>, alignHoriz=method-wrapper(...), alignText='center', alignVert=method-wrapper(...), anchorHoriz='center', anchorVert='center', antialias=True, autoDraw=False, autoLog=True, bold=False, color=array([-1, -1, -1]), colorSpace='rgb', contrast=1.0, depth=-4.0, flipHoriz=False, flipVert=False, font='Noto Sans KR', fontFiles=[], height=0.04, italic=False, languageStyle='LTR', name='wth_self_txt_2', opacity=1.0, ori=0.0, pos=array([ 0.4 , -0.02]), rgb=UNKNOWN, text='단어가 자신과 관련이 있는 정도', units='height', win=Window(...), wrapWidth=1)
14.9032 	EXP 	window1: mouseVisible = True
14.9947 	EXP 	Created wth_self_rating_2 = Slider(__class__=<class 'psychopy.visual.slider.Slider'>, autoDraw=False, autoLog=True, borderColor=None, color=None, colorSpace='rgb', depth=-5, fillColor=None, flip=False, font='Noto Sans KR', granularity=0.0, labelColor=None, labelHeight=0.03, labelWrapWidth=None, labels=('전혀 나와 관련이 없음', '나와 관련이 매우 많음'), lineColor=None, markerColor=None, name='wth_self_rating_2', opacity=None, ori=0.0, pos=array([ 0.4, -0.1]), readOnly=False, self=UNKNOWN, size=array([0.45, 0.05]), startValue=None, style='rating', styleTweaks=[], ticks=array([0, 1]), units='height', win=Window(...))
15.0334 	EXP 	window1: mouseVisible = True
15.6255 	EXP 	Created wth_image_2 = ImageStim(__class__=<class 'psychopy.visual.image.ImageStim'>, anchor=('center', 'center'), autoLog=True, color=array([1, 1, 1]), colorSpace='rgb', contrast=1.0, depth=0.0, flipHoriz=False, flipVert=False, image=str(...), interpolate=True, mask=None, maskParams=None, name='wth_image_2', opacity=1.0, ori=0.0, pos=array([0., 0.]), size=array([1920., 1080.]), texRes=128.0, units='pix', win=Window(...))
15.6424 	EXP 	Created wth_text_4 = TextStim(__class__=<class 'psychopy.visual.text.TextStim'>, alignHoriz=method-wrapper(...), alignText='center', alignVert=method-wrapper(...), anchorHoriz='center', anchorVert='center', antialias=True, autoDraw=False, autoLog=True, bold=False, color=array([-1, -1, -1]), colorSpace='rgb', contrast=1.0, depth=-1.0, flipHoriz=False, flipVert=False, font='Noto Sans KR', fontFiles=[], height=0.05, italic=False, languageStyle='LTR', name='wth_text_4', opacity=1.0, ori=0.0, pos=array([0., 0.]), rgb=UNKNOWN, text='연습을 다시 하시겠습니까?\n\ny 혹은 n을 누르세요.', units='height', win=Window(...), wrapWidth=1)
16.2731 	EXP 	Created wth_background_inst_2 = ImageStim(__class__=<class 'psychopy.visual.image.ImageStim'>, anchor=('center', 'center'), autoLog=True, color=array([1, 1, 1]), colorSpace='rgb', contrast=1.0, depth=0.0, flipHoriz=False, flipVert=False, image=str(...), interpolate=True, mask=None, maskParams=None, name='wth_background_inst_2', opacity=1.0, ori=0.0, pos=array([0., 0.]), size=array([2., 1.]), texRes=128.0, units='height', win=Window(...))
16.2909 	EXP 	Created wth_text_2 = TextStim(__class__=<class 'psychopy.visual.text.TextStim'>, alignHoriz=method-wrapper(...), alignText='center', alignVert=method-wrapper(...), anchorHoriz='center', anchorVert='center', antialias=True, autoDraw=False, autoLog=True, bold=False, color=array([-1, -1, -1]), colorSpace='rgb', contrast=1.0, depth=-1.0, flipHoriz=False, flipVert=False, font='Arial', fontFiles=[], height=0.07, italic=False, languageStyle='LTR', name='wth_text_2', opacity=1.0, ori=0.0, pos=array([0., 0.]), rgb=UNKNOWN, text='실험을 시작합니다.\n\n스페이스로 넘어가세요.', units='height', win=Window(...), wrapWidth=1)
16.8720 	EXP 	Created wth_background = ImageStim(__class__=<class 'psychopy.visual.image.ImageStim'>, anchor=('center', 'center'), autoLog=True, color=array([1, 1, 1]), colorSpace='rgb', contrast=1.0, depth=0.0, flipHoriz=False, flipVert=False, image=str(...), interpolate=True, mask=None, maskParams=None, name='wth_background', opacity=1.0, ori=0.0, pos=array([0., 0.]), size=array([2., 1.]), texRes=128.0, units='height', win=Window(...))
16.8816 	EXP 	Created wth_think_instr = TextStim(__class__=<class 'psychopy.visual.text.TextStim'>, alignHoriz=method-wrapper(...), alignText='center', alignVert=method-wrapper(...), anchorHoriz='center', anchorVert='center', antialias=True, autoDraw=False, autoLog=True, bold=False, color=array([-1, -1, -1]), colorSpace='rgb', contrast=1.0, depth=-2.0, flipHoriz=False, flipVert=False, font='Arial', fontFiles=[], height=0.07, italic=False, languageStyle='LTR', name='wth_think_instr', opacity=1.0, ori=0.0, pos=array([0. , 0.3]), rgb=UNKNOWN, text='자유롭게 생각하세요.', units='height', win=Window(...), wrapWidth=1)
16.8828 	EXP 	Created wth_think_cross = ShapeStim(__class__=<class 'psychopy.visual.shape.ShapeStim'>, anchor=('center', 'center'), autoDraw=False, autoLog=True, closeShape=True, color=method-wrapper(...), colorSpace='rgb', contrast=None, depth=-3.0, fillColor=array([-1, -1, -1]), fillColorSpace='rgb', fillRGB=array([-1, -1, -1]), interpolate=True, lineColor=array([-1, -1, -1]), lineColorSpace='rgb', lineRGB=array([-1, -1, -1]), lineWidth=0.1, name='wth_think_cross', opacity=1.0, ori=0.0, pos=array([0., 0.]), size=array([0.07, 0.07]), units='height', vertices=ndarray(...), win=Window(...), windingRule=None)
17.4820 	EXP 	Created wth_background_2 = ImageStim(__class__=<class 'psychopy.visual.image.ImageStim'>, anchor=('center', 'center'), autoLog=True, color=array([1, 1, 1]), colorSpace='rgb', contrast=1.0, depth=0.0, flipHoriz=False, flipVert=False, image=str(...), interpolate=True, mask=None, maskParams=None, name='wth_background_2', opacity=1.0, ori=0.0, pos=array([0., 0.]), size=array([2., 1.]), texRes=128.0, units='height', win=Window(...))
17.5327 	EXP 	Created wth_word_instr = TextStim(__class__=<class 'psychopy.visual.text.TextStim'>, alignHoriz=method-wrapper(...), alignText='center', alignVert=method-wrapper(...), anchorHoriz='center', anchorVert='center', antialias=True, autoDraw=False, autoLog=True, bold=False, color=array([-1, -1, -1]), colorSpace='rgb', contrast=1.0, depth=-1.0, flipHoriz=False, flipVert=False, font='Arial', fontFiles=[], height=0.05, italic=False, languageStyle='LTR', name='wth_word_instr', opacity=1.0, ori=0.0, pos=array([0.  , 0.25]), rgb=UNKNOWN, text=str(...), units='height', win=Window(...), wrapWidth=1)
17.5416 	EXP 	window1: mouseVisible = True
18.1247 	EXP 	Created wth_background_3 = ImageStim(__class__=<class 'psychopy.visual.image.ImageStim'>, anchor=('center', 'center'), autoLog=True, color=array([1, 1, 1]), colorSpace='rgb', contrast=1.0, depth=0.0, flipHoriz=False, flipVert=False, image=str(...), interpolate=True, mask=None, maskParams=None, name='wth_background_3', opacity=1.0, ori=0.0, pos=array([0., 0.]), size=array([2., 1.]), texRes=128.0, units='height', win=Window(...))
18.1269 	EXP 	Created wth_word_typed = TextStim(__class__=<class 'psychopy.visual.text.TextStim'>, alignHoriz=method-wrapper(...), alignText='center', alignVert=method-wrapper(...), anchorHoriz='center', anchorVert='center', antialias=True, autoDraw=False, autoLog=True, bold=False, color=array([-1, -1, -1]), colorSpace='rgb', contrast=1.0, depth=-1.0, flipHoriz=False, flipVert=False, font='Arial', fontFiles=[], height=0.1, italic=False, languageStyle='LTR', name='wth_word_typed', opacity=1.0, ori=0.0, pos=array([0. , 0.2]), rgb=UNKNOWN, text='', units='height', win=Window(...), wrapWidth=1)
18.1287 	EXP 	window1: mouseVisible = True
18.1673 	EXP 	Created wth_valence_rating = Slider(__class__=<class 'psychopy.visual.slider.Slider'>, autoDraw=False, autoLog=True, borderColor=None, color=None, colorSpace='rgb', depth=-2, fillColor=None, flip=False, font='Noto Sans KR', granularity=0.0, labelColor=None, labelHeight=0.03, labelWrapWidth=None, labels=('부정', '중립', '긍정'), lineColor=None, markerColor=None, name='wth_valence_rating', opacity=None, ori=0.0, pos=array([-0.5, -0.1]), readOnly=False, self=UNKNOWN, size=array([0.45, 0.05]), startValue=None, style='rating', styleTweaks=[], ticks=array([-1,  0,  1]), units='height', win=Window(...))
18.1766 	EXP 	Created wth_valence_txt = TextStim(__class__=<class 'psychopy.visual.text.TextStim'>, alignHoriz=method-wrapper(...), alignText='center', alignVert=method-wrapper(...), anchorHoriz='center', anchorVert='center', antialias=True, autoDraw=False, autoLog=True, bold=False, color=array([-1, -1, -1]), colorSpace='rgb', contrast=1.0, depth=-3.0, flipHoriz=False, flipVert=False, font='Arial', fontFiles=[], height=0.04, italic=False, languageStyle='LTR', name='wth_valence_txt', opacity=1.0, ori=0.0, pos=array([-0.5 , -0.02]), rgb=UNKNOWN, text='단어에서 느껴지는 감정', units='height', win=Window(...), wrapWidth=1)
18.1830 	EXP 	Created wth_self_txt = TextStim(__class__=<class 'psychopy.visual.text.TextStim'>, alignHoriz=method-wrapper(...), alignText='center', alignVert=method-wrapper(...), anchorHoriz='center', anchorVert='center', antialias=True, autoDraw=False, autoLog=True, bold=False, color=array([-1, -1, -1]), colorSpace='rgb', contrast=1.0, depth=-4.0, flipHoriz=False, flipVert=False, font='Arial', fontFiles=[], height=0.04, italic=False, languageStyle='LTR', name='wth_self_txt', opacity=1.0, ori=0.0, pos=array([ 0.4 , -0.02]), rgb=UNKNOWN, text='단어가 자신과 관련이 있는 정도', units='height', win=Window(...), wrapWidth=1)
18.1844 	EXP 	window1: mouseVisible = True
18.2048 	EXP 	Created wth_self_rating = Slider(__class__=<class 'psychopy.visual.slider.Slider'>, autoDraw=False, autoLog=True, borderColor=None, color=None, colorSpace='rgb', depth=-5, fillColor=None, flip=False, font='Noto Sans KR', granularity=0.0, labelColor=None, labelHeight=0.03, labelWrapWidth=None, labels=('전혀 나와 관련이 없음', '나와 관련이 매우 많음'), lineColor=None, markerColor=None, name='wth_self_rating', opacity=None, ori=0.0, pos=array([ 0.4, -0.1]), readOnly=False, self=UNKNOWN, size=array([0.45, 0.05]), startValue=None, style='rating', styleTweaks=[], ticks=array([0, 1]), units='height', win=Window(...))
18.2088 	EXP 	window1: mouseVisible = True
18.2181 	EXP 	Created exp_end_back = ImageStim(__class__=<class 'psychopy.visual.image.ImageStim'>, anchor=('center', 'center'), autoLog=True, color=array([1, 1, 1]), colorSpace='rgb', contrast=1.0, depth=-1.0, flipHoriz=False, flipVert=False, image='pics/blank.png', interpolate=True, mask=None, maskParams=None, name='exp_end_back', opacity=1.0, ori=0.0, pos=array([0., 0.]), size=array([3., 1.]), texRes=128.0, units='height', win=Window(...))
18.2461 	EXP 	Created exp_end_text = TextStim(__class__=<class 'psychopy.visual.text.TextStim'>, alignHoriz=method-wrapper(...), alignText='center', alignVert=method-wrapper(...), anchorHoriz='center', anchorVert='center', antialias=True, autoDraw=False, autoLog=True, bold=False, color=array([-1, -1, -1]), colorSpace='rgb', contrast=1.0, depth=-2.0, flipHoriz=False, flipVert=False, font='Noto Sans KR', fontFiles=[], height=0.04, italic=False, languageStyle='LTR', name='exp_end_text', opacity=1.0, ori=0.0, pos=array([0., 0.]), rgb=UNKNOWN, text=str(...), units='height', win=Window(...), wrapWidth=1)
18.2580 	EXP 	Created total_end_text = TextStim(__class__=<class 'psychopy.visual.text.TextStim'>, alignHoriz=method-wrapper(...), alignText='center', alignVert=method-wrapper(...), anchorHoriz='center', anchorVert='center', antialias=True, autoDraw=False, autoLog=True, bold=False, color=array([1, 1, 1]), colorSpace='rgb', contrast=1.0, depth=0.0, flipHoriz=False, flipVert=False, font='Arial', fontFiles=[], height=0.04, italic=False, languageStyle='LTR', name='total_end_text', opacity=1.0, ori=0.0, pos=array([0., 0.]), rgb=UNKNOWN, text='참여해주셔서 감사합니다.\n자동으로 종료됩니다.', units='height', win=Window(...), wrapWidth=1)
18.3003 	EXP 	wth_movie: autoLog = True
18.3003 	EXP 	wth_movie: movie = 'ins/weather_intro.mp4'
18.3003 	EXP 	wth_movie: ori = 0.0
18.3003 	EXP 	wth_valence_rating_2: autoLog = True
18.3003 	EXP 	wth_valence_rating_2: markerPos = None
18.3003 	EXP 	wth_valence_rating_2: styleTweaks = []
18.3003 	EXP 	wth_valence_rating_2: styleTweaks = []
18.3003 	EXP 	wth_valence_rating_2: styleTweaks = []
18.3003 	EXP 	wth_valence_rating_2: styleTweaks = []
18.3003 	EXP 	wth_valence_rating_2: contrast = 1.0
18.3003 	EXP 	wth_valence_rating_2: autoLog = True
18.3003 	EXP 	wth_self_rating_2: autoLog = True
18.3003 	EXP 	wth_self_rating_2: markerPos = None
18.3003 	EXP 	wth_self_rating_2: styleTweaks = []
18.3003 	EXP 	wth_self_rating_2: styleTweaks = []
18.3003 	EXP 	wth_self_rating_2: styleTweaks = []
18.3003 	EXP 	wth_self_rating_2: styleTweaks = []
18.3003 	EXP 	wth_self_rating_2: contrast = 1.0
18.3003 	EXP 	wth_self_rating_2: autoLog = True
18.3003 	EXP 	wth_valence_rating: autoLog = True
18.3003 	EXP 	wth_valence_rating: markerPos = None
18.3003 	EXP 	wth_valence_rating: styleTweaks = []
18.3003 	EXP 	wth_valence_rating: styleTweaks = []
18.3003 	EXP 	wth_valence_rating: styleTweaks = []
18.3003 	EXP 	wth_valence_rating: styleTweaks = []
18.3003 	EXP 	wth_valence_rating: contrast = 1.0
18.3003 	EXP 	wth_valence_rating: autoLog = True
18.3003 	EXP 	wth_self_rating: autoLog = True
18.3003 	EXP 	wth_self_rating: markerPos = None
18.3003 	EXP 	wth_self_rating: styleTweaks = []
18.3003 	EXP 	wth_self_rating: styleTweaks = []
18.3003 	EXP 	wth_self_rating: styleTweaks = []
18.3003 	EXP 	wth_self_rating: styleTweaks = []
18.3003 	EXP 	wth_self_rating: contrast = 1.0
18.3003 	EXP 	wth_self_rating: autoLog = True
18.3003 	EXP 	image: autoDraw = True
19.1182 	EXP 	Created sequence: random, trialTypes=1, nReps=1, seed=None
19.1183 	EXP 	New trial (rep=0, index=0): None
19.1192 	DATA 	Keypress: space
19.1481 	EXP 	image: autoDraw = False
21.1335 	EXP 	wth_movie: autoDraw = True
21.1335 	EXP 	text: autoDraw = True
22.1187 	EXP 	Created sequence: sequential, trialTypes=1, nReps=10, seed=None
22.1189 	EXP 	New trial (rep=0, index=0): None
22.1699 	DATA 	Keypress: space
22.1832 	EXP 	wth_movie: autoDraw = False
22.1832 	EXP 	text: autoDraw = False
22.1832 	EXP 	wth_background_inst: autoDraw = True
23.1339 	EXP 	wth_text: autoDraw = True
25.1338 	EXP 	wth_text: autoDraw = False
27.1676 	EXP 	window1: mouseVisible = False
27.1992 	EXP 	wth_background_inst: autoDraw = False
27.1992 	EXP 	wth_background_inst: autoDraw = False
27.1992 	EXP 	wth_text: autoDraw = False
27.1992 	EXP 	wth_background_6: autoDraw = True
27.1992 	EXP 	wth_think_instr_2: autoDraw = True
27.1992 	EXP 	wth_think_cross_2: autoDraw = True
32.1839 	EXP 	window1: mouseVisible = True
32.1840 	EXP 	window1: mouseVisible = True
32.2320 	EXP 	wth_background_6: autoDraw = False
32.2320 	EXP 	wth_think_instr_2: autoDraw = False
32.2320 	EXP 	wth_think_cross_2: autoDraw = False
32.2320 	EXP 	wth_background_6: autoDraw = False
32.2320 	EXP 	wth_think_instr_2: autoDraw = False
32.2320 	EXP 	wth_think_cross_2: autoDraw = False
32.2320 	EXP 	image_2: autoDraw = True
32.2320 	EXP 	wth_word_instr_4: autoDraw = True
38.8795 	EXP 	image_2: autoDraw = False
38.8795 	EXP 	wth_word_instr_4: autoDraw = False
38.8795 	EXP 	wth_valence_rating_2: markerPos = None
38.8795 	EXP 	wth_valence_rating_2: markerPos = None
38.8795 	EXP 	wth_self_rating_2: markerPos = None
38.8795 	EXP 	wth_self_rating_2: markerPos = None
38.8795 	EXP 	wth_word_typed_2: height = 0.1
38.8795 	EXP 	wth_word_typed_2: height = 0.1
38.8795 	EXP 	wth_word_typed_2: height = 0.1
38.8795 	EXP 	wth_word_typed_2: text = 'jjj'
38.8795 	EXP 	wth_background_7: autoDraw = True
38.8795 	EXP 	wth_word_typed_2: autoDraw = True
38.8795 	EXP 	wth_valence_rating_2: autoDraw = True
38.8795 	EXP 	wth_valence_txt_2: autoDraw = True
38.8795 	EXP 	wth_self_txt_2: autoDraw = True
38.8795 	EXP 	wth_self_rating_2: autoDraw = True
41.2811 	DATA 	Mouse: Left button down, pos=(1360,428)
41.2960 	EXP 	wth_self_rating_2: markerPos = 0.434156378600823
41.3130 	EXP 	wth_self_rating_2: markerPos = 0.434156378600823
41.3295 	EXP 	wth_self_rating_2: markerPos = 0.434156378600823
41.3465 	EXP 	wth_self_rating_2: markerPos = 0.434156378600823
41.3628 	EXP 	wth_self_rating_2: markerPos = 0.434156378600823
41.3793 	EXP 	wth_self_rating_2: markerPos = 0.434156378600823
41.3964 	EXP 	wth_self_rating_2: markerPos = 0.434156378600823
41.4127 	EXP 	wth_self_rating_2: markerPos = 0.434156378600823
41.4295 	EXP 	wth_self_rating_2: markerPos = 0.434156378600823
41.4463 	EXP 	wth_self_rating_2: markerPos = 0.434156378600823
41.4627 	EXP 	wth_self_rating_2: markerPos = 0.434156378600823
41.4688 	DATA 	Mouse:  Left button up, pos=(1360,428)
41.4796 	EXP 	wth_self_rating_2: markerPos = 0.434156378600823
42.4370 	DATA 	Mouse: Left button down, pos=(480,427)
42.4626 	EXP 	wth_valence_rating_2: markerPos = 0.24691358024691357
42.4793 	EXP 	wth_valence_rating_2: markerPos = 0.24691358024691357
42.4958 	EXP 	wth_valence_rating_2: markerPos = 0.24691358024691357
42.5125 	EXP 	wth_valence_rating_2: markerPos = 0.24691358024691357
42.5297 	EXP 	wth_valence_rating_2: markerPos = 0.24691358024691357
42.5457 	EXP 	wth_valence_rating_2: markerPos = 0.24691358024691357
42.5627 	EXP 	wth_valence_rating_2: markerPos = 0.24691358024691357
42.5795 	EXP 	wth_valence_rating_2: markerPos = 0.24691358024691357
42.5961 	EXP 	wth_valence_rating_2: markerPos = 0.24691358024691357
42.6064 	DATA 	Mouse:  Left button up, pos=(480,427)
42.6130 	EXP 	wth_valence_rating_2: markerPos = 0.24691358024691357
42.6292 	EXP 	wth_valence_rating_2: markerPos = 0.24691358024691357
43.5359 	DATA 	Mouse: Left button down, pos=(883,110)
43.6869 	DATA 	Mouse:  Left button up, pos=(883,110)
44.3295 	DATA 	Mouse: Left button down, pos=(903,90)
44.3552 	EXP 	window1: fullscr = True
44.4262 	EXP 	wth_background_7: autoDraw = False
44.4262 	EXP 	wth_word_typed_2: autoDraw = False
44.4262 	EXP 	wth_valence_rating_2: autoDraw = False
44.4262 	EXP 	wth_valence_txt_2: autoDraw = False
44.4262 	EXP 	wth_self_txt_2: autoDraw = False
44.4262 	EXP 	wth_self_rating_2: autoDraw = False
44.4262 	EXP 	wth_image_2: autoDraw = True
44.4262 	EXP 	wth_text_4: autoDraw = True
44.4458 	DATA 	Mouse:  Left button up, pos=(903,90)
47.6617 	EXP 	New trial (rep=1, index=0): None
47.6625 	DATA 	Keypress: y
47.6755 	EXP 	wth_image_2: autoDraw = False
47.6755 	EXP 	wth_text_4: autoDraw = False
47.6755 	EXP 	wth_background_inst: autoDraw = True
48.6768 	EXP 	wth_text: autoDraw = True
50.6765 	EXP 	wth_text: autoDraw = False
52.6605 	EXP 	window1: mouseVisible = False
52.6763 	EXP 	wth_background_inst: autoDraw = False
52.6763 	EXP 	wth_background_inst: autoDraw = False
52.6763 	EXP 	wth_text: autoDraw = False
52.6763 	EXP 	wth_background_6: autoDraw = True
52.6763 	EXP 	wth_think_instr_2: autoDraw = True
52.6763 	EXP 	wth_think_cross_2: autoDraw = True
57.6598 	EXP 	window1: mouseVisible = True
57.6599 	EXP 	window1: mouseVisible = True
57.6758 	EXP 	wth_background_6: autoDraw = False
57.6758 	EXP 	wth_think_instr_2: autoDraw = False
57.6758 	EXP 	wth_think_cross_2: autoDraw = False
57.6758 	EXP 	wth_background_6: autoDraw = False
57.6758 	EXP 	wth_think_instr_2: autoDraw = False
57.6758 	EXP 	wth_think_cross_2: autoDraw = False
57.6758 	EXP 	image_2: autoDraw = True
57.6758 	EXP 	wth_word_instr_4: autoDraw = True
62.8934 	DATA 	Mouse: Left button down, pos=(917,498)
63.0425 	DATA 	Mouse:  Left button up, pos=(917,498)
63.2265 	DATA 	Mouse: Left button down, pos=(916,497)
63.3761 	DATA 	Mouse:  Left button up, pos=(916,497)
65.5427 	DATA 	Keypress: space
66.3930 	DATA 	Mouse: Left button down, pos=(899,472)
66.5425 	DATA 	Mouse:  Left button up, pos=(899,472)
66.9267 	DATA 	Mouse: Right button down, pos=(899,472)
67.0592 	DATA 	Mouse:  Right button up, pos=(899,472)
67.7091 	DATA 	Keypress: escape
68.0412 	EXP 	window1: mouseVisible = True
