1.8336 	WARNING 	We strongly recommend you activate the PTB sound engine in PsychoPy prefs as the preferred audio engine. Its timing is vastly superior. Your prefs are currently set to use ['sounddevice', 'PTB', 'pyo', 'pygame'] (in that order).
3.0094 	WARNING 	Font Manager failed to load file C:\Windows\Fonts\경기천년바탕_Regular.ttf
3.0219 	WARNING 	Font Manager failed to load file C:\Windows\Fonts\전주완판본 각L.ttf
3.0363 	WARNING 	Font Manager failed to load file C:\Windows\Fonts\전주완판본 순B.ttf
3.0431 	WARNING 	Font Manager failed to load file C:\Windows\Fonts\경기천년제목_Medium.ttf
3.0443 	WARNING 	Font Manager failed to load file C:\Windows\Fonts\경기천년제목_Bold.ttf
3.0960 	WARNING 	Font Manager failed to load file C:\Windows\Fonts\경기천년바탕_Bold.ttf
3.0969 	WARNING 	Font Manager failed to load file C:\Windows\Fonts\전주완판본 각R.ttf
3.0974 	WARNING 	Font Manager failed to load file C:\Windows\Fonts\경기천년제목V_Bold.ttf
3.1070 	WARNING 	Font Manager failed to load file C:\Windows\Fonts\경기천년제목_Light.ttf
3.1112 	WARNING 	Font Manager failed to load file C:\Windows\Fonts\전주완판본 각B.ttf
3.1343 	WARNING 	Font Manager failed to load file C:\Windows\Fonts\전주완판본 순L.ttf
3.1437 	WARNING 	Font Manager failed to load file C:\Windows\Fonts\전주완판본 순R.ttf
3.1495 	WARNING 	C:\Users\Minu Kim\AppData\Roaming\psychopy3\fonts\Times.truetype doesn't have valid font family name
3.2380 	WARNING 	Font Manager failed to load file C:\Windows\Fonts\경기천년바탕_Regular.ttf
3.2498 	WARNING 	Font Manager failed to load file C:\Windows\Fonts\전주완판본 각L.ttf
3.2633 	WARNING 	Font Manager failed to load file C:\Windows\Fonts\전주완판본 순B.ttf
3.2699 	WARNING 	Font Manager failed to load file C:\Windows\Fonts\경기천년제목_Medium.ttf
3.2711 	WARNING 	Font Manager failed to load file C:\Windows\Fonts\경기천년제목_Bold.ttf
3.3205 	WARNING 	Font Manager failed to load file C:\Windows\Fonts\경기천년바탕_Bold.ttf
3.3213 	WARNING 	Font Manager failed to load file C:\Windows\Fonts\전주완판본 각R.ttf
3.3219 	WARNING 	Font Manager failed to load file C:\Windows\Fonts\경기천년제목V_Bold.ttf
3.3314 	WARNING 	Font Manager failed to load file C:\Windows\Fonts\경기천년제목_Light.ttf
3.3356 	WARNING 	Font Manager failed to load file C:\Windows\Fonts\전주완판본 각B.ttf
3.3584 	WARNING 	Font Manager failed to load file C:\Windows\Fonts\전주완판본 순L.ttf
3.3674 	WARNING 	Font Manager failed to load file C:\Windows\Fonts\전주완판본 순R.ttf
3.3730 	WARNING 	C:\Users\Minu Kim\AppData\Roaming\psychopy3\fonts\Times.truetype doesn't have valid font family name
5.4862 	EXP 	Created window1 = Window(allowGUI=True, allowStencil=False, autoLog=True, backendConf=UNKNOWN, bitsMode=UNKNOWN, blendMode='avg', bpc=(8, 8, 8), color=array([0., 0., 0.]), colorSpace='hsv', depthBits=8, fullscr=<method-wrapper '__getattribute__' of attributeSetter object at 0x0000023AC982B0D0>, gamma=None, gammaErrorPolicy='raise', lms=UNKNOWN, monitor=<psychopy.monitors.calibTools.Monitor object at 0x0000023ACFD62370>, multiSample=False, name='window1', numSamples=2, pos=(0, 0), screen=1, size=array([1920, 1080]), stencilBits=0, stereo=False, units='height', useFBO=True, useRetina=False, viewOri=0.0, viewPos=None, viewScale=None, waitBlanking=True, winType='pyglet')
5.4863 	EXP 	window1: mouseVisible = True
5.4863 	EXP 	window1: mouseVisible = True
5.4863 	EXP 	window1: Attempting to measure frame rate of screen (1) ...
5.4863 	EXP 	window1: recordFrameIntervals = False
5.6525 	EXP 	window1: recordFrameIntervals = True
5.8355 	EXP 	Screen (1) actual frame rate measured at 60.17Hz
5.8356 	EXP 	window1: recordFrameIntervals = False
5.8587 	WARNING 	launchHubServer: If using the iohub mouse or eyetracker devices, fullScr should be True.
7.4690 	EXP 	Created image = ImageStim(__class__=<class 'psychopy.visual.image.ImageStim'>, anchor=('center', 'center'), autoLog=True, color=array([1, 1, 1]), colorSpace='rgb', contrast=1.0, depth=0.0, flipHoriz=False, flipVert=False, image='fis_artwork/general_instruction.png', interpolate=True, mask=None, maskParams=None, name='image', opacity=1.0, ori=0.0, pos=array([0., 0.]), size=array([1920., 1080.]), texRes=128.0, units='pix', win=Window(...))
7.5992 	EXP 	Created wth_movie = MovieStim3(__class__=<class 'psychopy.visual.movie3.MovieStim3'>, anchor=('center', 'center'), autoLog=True, color=UNKNOWN, colorSpace=UNKNOWN, depth=0.0, filename='ins/weather_intro.mp4', flipHoriz=False, flipVert=False, fps=UNKNOWN, interpolate=True, loop=False, name='wth_movie', noAudio=False, opacity=1, ori=method-wrapper(...), pos=array([0., 0.]), size=None, units='pix', vframe_callback=UNKNOWN, volume=UNKNOWN, win=Window(...))
8.6002 	WARNING 	1.0009725999552757: Video catchup needed, advancing self._nextFrameT from 0.0 to 0.041666666666666664
8.6003 	WARNING 	1.000998199917376: Video catchup needed, advancing self._nextFrameT from 0.041666666666666664 to 0.08333333333333333
8.6003 	WARNING 	1.0010090998839587: Video catchup needed, advancing self._nextFrameT from 0.08333333333333333 to 0.125
8.6003 	WARNING 	1.001016599824652: Video catchup needed, advancing self._nextFrameT from 0.125 to 0.16666666666666666
8.6003 	WARNING 	1.0010239998809993: Video catchup needed, advancing self._nextFrameT from 0.16666666666666666 to 0.20833333333333331
8.6003 	WARNING 	1.0010312998201698: Video catchup needed, advancing self._nextFrameT from 0.20833333333333331 to 0.24999999999999997
8.6003 	WARNING 	1.001038399990648: Video catchup needed, advancing self._nextFrameT from 0.24999999999999997 to 0.29166666666666663
8.6003 	WARNING 	1.0010455998126417: Video catchup needed, advancing self._nextFrameT from 0.29166666666666663 to 0.3333333333333333
8.6003 	WARNING 	1.0010528999846429: Video catchup needed, advancing self._nextFrameT from 0.3333333333333333 to 0.375
8.6003 	WARNING 	1.0010599999222904: Video catchup needed, advancing self._nextFrameT from 0.375 to 0.4166666666666667
8.6003 	WARNING 	Max reportNDroppedFrames reached, will not log any more dropped frames
8.7041 	EXP 	Created text = TextStim(__class__=<class 'psychopy.visual.text.TextStim'>, alignHoriz=method-wrapper(...), alignText='center', alignVert=method-wrapper(...), anchorHoriz='center', anchorVert='center', antialias=True, autoDraw=False, autoLog=True, bold=False, color=array([-1, -1, -1]), colorSpace='rgb', contrast=1.0, depth=-1.0, flipHoriz=False, flipVert=False, font='Arial', fontFiles=[], height=0.05, italic=False, languageStyle='LTR', name='text', opacity=1.0, ori=0.0, pos=array([ 0. , -0.4]), rgb=UNKNOWN, text='넘김 SPACE', units='height', win=Window(...), wrapWidth=1)
8.7042 	EXP 	window1: mouseVisible = True
9.4074 	EXP 	Created wth_background_inst = ImageStim(__class__=<class 'psychopy.visual.image.ImageStim'>, anchor=('center', 'center'), autoLog=True, color=array([1, 1, 1]), colorSpace='rgb', contrast=1.0, depth=-1.0, flipHoriz=False, flipVert=False, image=str(...), interpolate=True, mask=None, maskParams=None, name='wth_background_inst', opacity=1.0, ori=0.0, pos=array([0., 0.]), size=array([1920., 1080.]), texRes=128.0, units='pix', win=Window(...))
9.4197 	EXP 	Created wth_text = TextStim(__class__=<class 'psychopy.visual.text.TextStim'>, alignHoriz=method-wrapper(...), alignText='center', alignVert=method-wrapper(...), anchorHoriz='center', anchorVert='center', antialias=True, autoDraw=False, autoLog=True, bold=False, color=array([-1, -1, -1]), colorSpace='rgb', contrast=1.0, depth=-2.0, flipHoriz=False, flipVert=False, font='Arial', fontFiles=[], height=0.07, italic=False, languageStyle='LTR', name='wth_text', opacity=1.0, ori=0.0, pos=array([0., 0.]), rgb=UNKNOWN, text='단어연상 연습이 시작됩니다.', units='height', win=Window(...), wrapWidth=1)
10.1645 	EXP 	Created wth_background_6 = ImageStim(__class__=<class 'psychopy.visual.image.ImageStim'>, anchor=('center', 'center'), autoLog=True, color=array([1, 1, 1]), colorSpace='rgb', contrast=1.0, depth=0.0, flipHoriz=False, flipVert=False, image=str(...), interpolate=True, mask=None, maskParams=None, name='wth_background_6', opacity=1.0, ori=0.0, pos=array([0., 0.]), size=array([2., 1.]), texRes=128.0, units='height', win=Window(...))
10.1711 	EXP 	Created wth_think_instr_2 = TextStim(__class__=<class 'psychopy.visual.text.TextStim'>, alignHoriz=method-wrapper(...), alignText='center', alignVert=method-wrapper(...), anchorHoriz='center', anchorVert='center', antialias=True, autoDraw=False, autoLog=True, bold=False, color=array([-1, -1, -1]), colorSpace='rgb', contrast=1.0, depth=-2.0, flipHoriz=False, flipVert=False, font='Arial', fontFiles=[], height=0.07, italic=False, languageStyle='LTR', name='wth_think_instr_2', opacity=1.0, ori=0.0, pos=array([0. , 0.3]), rgb=UNKNOWN, text='자유롭게 생각하세요.', units='height', win=Window(...), wrapWidth=1)
10.1750 	EXP 	Created wth_think_cross_2 = ShapeStim(__class__=<class 'psychopy.visual.shape.ShapeStim'>, anchor=('center', 'center'), autoDraw=False, autoLog=True, closeShape=True, color=method-wrapper(...), colorSpace='rgb', contrast=None, depth=-3.0, fillColor=array([-1, -1, -1]), fillColorSpace='rgb', fillRGB=array([-1, -1, -1]), interpolate=True, lineColor=array([-1, -1, -1]), lineColorSpace='rgb', lineRGB=array([-1, -1, -1]), lineWidth=0.1, name='wth_think_cross_2', opacity=1.0, ori=0.0, pos=array([0., 0.]), size=array([0.07, 0.07]), units='height', vertices=ndarray(...), win=Window(...), windingRule=None)
10.1914 	EXP 	Created wth_word_instr_3 = TextStim(__class__=<class 'psychopy.visual.text.TextStim'>, alignHoriz=method-wrapper(...), alignText='center', alignVert=method-wrapper(...), anchorHoriz='center', anchorVert='center', antialias=True, autoDraw=False, autoLog=True, bold=False, color=array([-1, -1, -1]), colorSpace='rgb', contrast=1.0, depth=-4.0, flipHoriz=False, flipVert=False, font='Arial', fontFiles=[], height=0.05, italic=False, languageStyle='LTR', name='wth_word_instr_3', opacity=1.0, ori=0.0, pos=array([0.  , 0.25]), rgb=UNKNOWN, text=str(...), units='height', win=Window(...), wrapWidth=1)
10.9378 	EXP 	Created wth_background_7 = ImageStim(__class__=<class 'psychopy.visual.image.ImageStim'>, anchor=('center', 'center'), autoLog=True, color=array([1, 1, 1]), colorSpace='rgb', contrast=1.0, depth=0.0, flipHoriz=False, flipVert=False, image=str(...), interpolate=True, mask=None, maskParams=None, name='wth_background_7', opacity=1.0, ori=0.0, pos=array([0., 0.]), size=array([2., 1.]), texRes=128.0, units='height', win=Window(...))
10.9390 	EXP 	Created wth_word_typed_2 = TextStim(__class__=<class 'psychopy.visual.text.TextStim'>, alignHoriz=method-wrapper(...), alignText='center', alignVert=method-wrapper(...), anchorHoriz='center', anchorVert='center', antialias=True, autoDraw=False, autoLog=True, bold=False, color=array([-1, -1, -1]), colorSpace='rgb', contrast=1.0, depth=-1.0, flipHoriz=False, flipVert=False, font='Arial', fontFiles=[], height=0.1, italic=False, languageStyle='LTR', name='wth_word_typed_2', opacity=1.0, ori=0.0, pos=array([0. , 0.2]), rgb=UNKNOWN, text='', units='height', win=Window(...), wrapWidth=1)
10.9421 	EXP 	window1: mouseVisible = True
10.9884 	EXP 	Created wth_valence_rating_2 = Slider(__class__=<class 'psychopy.visual.slider.Slider'>, autoDraw=False, autoLog=True, borderColor=None, color=None, colorSpace='rgb', depth=-2, fillColor=None, flip=False, font='Noto Sans KR', granularity=0.0, labelColor=None, labelHeight=0.03, labelWrapWidth=None, labels=('부정', '중립', '긍정'), lineColor=None, markerColor=None, name='wth_valence_rating_2', opacity=None, ori=0.0, pos=array([-0.5, -0.1]), readOnly=False, self=UNKNOWN, size=array([0.45, 0.05]), startValue=None, style='rating', styleTweaks=[], ticks=array([-1,  0,  1]), units='height', win=Window(...))
10.9956 	EXP 	Created wth_valence_txt_2 = TextStim(__class__=<class 'psychopy.visual.text.TextStim'>, alignHoriz=method-wrapper(...), alignText='center', alignVert=method-wrapper(...), anchorHoriz='center', anchorVert='center', antialias=True, autoDraw=False, autoLog=True, bold=False, color=array([-1, -1, -1]), colorSpace='rgb', contrast=1.0, depth=-3.0, flipHoriz=False, flipVert=False, font='Arial', fontFiles=[], height=0.04, italic=False, languageStyle='LTR', name='wth_valence_txt_2', opacity=1.0, ori=0.0, pos=array([-0.5 , -0.02]), rgb=UNKNOWN, text='단어에서 느껴지는 감정', units='height', win=Window(...), wrapWidth=1)
11.0015 	EXP 	Created wth_self_txt_2 = TextStim(__class__=<class 'psychopy.visual.text.TextStim'>, alignHoriz=method-wrapper(...), alignText='center', alignVert=method-wrapper(...), anchorHoriz='center', anchorVert='center', antialias=True, autoDraw=False, autoLog=True, bold=False, color=array([-1, -1, -1]), colorSpace='rgb', contrast=1.0, depth=-4.0, flipHoriz=False, flipVert=False, font='Arial', fontFiles=[], height=0.04, italic=False, languageStyle='LTR', name='wth_self_txt_2', opacity=1.0, ori=0.0, pos=array([ 0.4 , -0.02]), rgb=UNKNOWN, text='단어가 자신과 관련이 있는 정도', units='height', win=Window(...), wrapWidth=1)
11.0026 	EXP 	window1: mouseVisible = True
11.0721 	EXP 	Created wth_self_rating_2 = Slider(__class__=<class 'psychopy.visual.slider.Slider'>, autoDraw=False, autoLog=True, borderColor=None, color=None, colorSpace='rgb', depth=-5, fillColor=None, flip=False, font='Noto Sans KR', granularity=0.0, labelColor=None, labelHeight=0.03, labelWrapWidth=None, labels=('전혀 나와 관련이 없음', '나와 관련이 매우 많음'), lineColor=None, markerColor=None, name='wth_self_rating_2', opacity=None, ori=0.0, pos=array([ 0.4, -0.1]), readOnly=False, self=UNKNOWN, size=array([0.45, 0.05]), startValue=None, style='rating', styleTweaks=[], ticks=array([0, 1]), units='height', win=Window(...))
11.1014 	EXP 	window1: mouseVisible = True
11.8128 	EXP 	Created wth_image_2 = ImageStim(__class__=<class 'psychopy.visual.image.ImageStim'>, anchor=('center', 'center'), autoLog=True, color=array([1, 1, 1]), colorSpace='rgb', contrast=1.0, depth=0.0, flipHoriz=False, flipVert=False, image=str(...), interpolate=True, mask=None, maskParams=None, name='wth_image_2', opacity=1.0, ori=0.0, pos=array([0., 0.]), size=array([2., 1.]), texRes=128.0, units='height', win=Window(...))
11.8236 	EXP 	Created wth_text_4 = TextStim(__class__=<class 'psychopy.visual.text.TextStim'>, alignHoriz=method-wrapper(...), alignText='center', alignVert=method-wrapper(...), anchorHoriz='center', anchorVert='center', antialias=True, autoDraw=False, autoLog=True, bold=False, color=array([-1, -1, -1]), colorSpace='rgb', contrast=1.0, depth=-1.0, flipHoriz=False, flipVert=False, font='Arial', fontFiles=[], height=0.05, italic=False, languageStyle='LTR', name='wth_text_4', opacity=1.0, ori=0.0, pos=array([0., 0.]), rgb=UNKNOWN, text='연습을 다시 하시겠습니까?\n\ny 혹은 n을 누르세요.', units='height', win=Window(...), wrapWidth=1)
12.4916 	EXP 	Created wth_background_inst_2 = ImageStim(__class__=<class 'psychopy.visual.image.ImageStim'>, anchor=('center', 'center'), autoLog=True, color=array([1, 1, 1]), colorSpace='rgb', contrast=1.0, depth=0.0, flipHoriz=False, flipVert=False, image=str(...), interpolate=True, mask=None, maskParams=None, name='wth_background_inst_2', opacity=1.0, ori=0.0, pos=array([0., 0.]), size=array([2., 1.]), texRes=128.0, units='height', win=Window(...))
12.5059 	EXP 	Created wth_text_2 = TextStim(__class__=<class 'psychopy.visual.text.TextStim'>, alignHoriz=method-wrapper(...), alignText='center', alignVert=method-wrapper(...), anchorHoriz='center', anchorVert='center', antialias=True, autoDraw=False, autoLog=True, bold=False, color=array([-1, -1, -1]), colorSpace='rgb', contrast=1.0, depth=-1.0, flipHoriz=False, flipVert=False, font='Arial', fontFiles=[], height=0.07, italic=False, languageStyle='LTR', name='wth_text_2', opacity=1.0, ori=0.0, pos=array([0., 0.]), rgb=UNKNOWN, text='실험을 시작합니다.\n\n스페이스로 넘어가세요.', units='height', win=Window(...), wrapWidth=1)
13.2094 	EXP 	Created wth_background = ImageStim(__class__=<class 'psychopy.visual.image.ImageStim'>, anchor=('center', 'center'), autoLog=True, color=array([1, 1, 1]), colorSpace='rgb', contrast=1.0, depth=0.0, flipHoriz=False, flipVert=False, image=str(...), interpolate=True, mask=None, maskParams=None, name='wth_background', opacity=1.0, ori=0.0, pos=array([0., 0.]), size=array([2., 1.]), texRes=128.0, units='height', win=Window(...))
13.2141 	EXP 	Created wth_think_instr = TextStim(__class__=<class 'psychopy.visual.text.TextStim'>, alignHoriz=method-wrapper(...), alignText='center', alignVert=method-wrapper(...), anchorHoriz='center', anchorVert='center', antialias=True, autoDraw=False, autoLog=True, bold=False, color=array([-1, -1, -1]), colorSpace='rgb', contrast=1.0, depth=-2.0, flipHoriz=False, flipVert=False, font='Arial', fontFiles=[], height=0.07, italic=False, languageStyle='LTR', name='wth_think_instr', opacity=1.0, ori=0.0, pos=array([0. , 0.3]), rgb=UNKNOWN, text='자유롭게 생각하세요.', units='height', win=Window(...), wrapWidth=1)
13.2151 	EXP 	Created wth_think_cross = ShapeStim(__class__=<class 'psychopy.visual.shape.ShapeStim'>, anchor=('center', 'center'), autoDraw=False, autoLog=True, closeShape=True, color=method-wrapper(...), colorSpace='rgb', contrast=None, depth=-3.0, fillColor=array([-1, -1, -1]), fillColorSpace='rgb', fillRGB=array([-1, -1, -1]), interpolate=True, lineColor=array([-1, -1, -1]), lineColorSpace='rgb', lineRGB=array([-1, -1, -1]), lineWidth=0.1, name='wth_think_cross', opacity=1.0, ori=0.0, pos=array([0., 0.]), size=array([0.07, 0.07]), units='height', vertices=ndarray(...), win=Window(...), windingRule=None)
13.9017 	EXP 	Created wth_background_2 = ImageStim(__class__=<class 'psychopy.visual.image.ImageStim'>, anchor=('center', 'center'), autoLog=True, color=array([1, 1, 1]), colorSpace='rgb', contrast=1.0, depth=0.0, flipHoriz=False, flipVert=False, image=str(...), interpolate=True, mask=None, maskParams=None, name='wth_background_2', opacity=1.0, ori=0.0, pos=array([0., 0.]), size=array([2., 1.]), texRes=128.0, units='height', win=Window(...))
13.9152 	EXP 	Created wth_word_instr = TextStim(__class__=<class 'psychopy.visual.text.TextStim'>, alignHoriz=method-wrapper(...), alignText='center', alignVert=method-wrapper(...), anchorHoriz='center', anchorVert='center', antialias=True, autoDraw=False, autoLog=True, bold=False, color=array([-1, -1, -1]), colorSpace='rgb', contrast=1.0, depth=-1.0, flipHoriz=False, flipVert=False, font='Arial', fontFiles=[], height=0.05, italic=False, languageStyle='LTR', name='wth_word_instr', opacity=1.0, ori=0.0, pos=array([0.  , 0.25]), rgb=UNKNOWN, text=str(...), units='height', win=Window(...), wrapWidth=1)
13.9214 	EXP 	window1: mouseVisible = True
14.6060 	EXP 	Created wth_background_3 = ImageStim(__class__=<class 'psychopy.visual.image.ImageStim'>, anchor=('center', 'center'), autoLog=True, color=array([1, 1, 1]), colorSpace='rgb', contrast=1.0, depth=0.0, flipHoriz=False, flipVert=False, image=str(...), interpolate=True, mask=None, maskParams=None, name='wth_background_3', opacity=1.0, ori=0.0, pos=array([0., 0.]), size=array([2., 1.]), texRes=128.0, units='height', win=Window(...))
14.6069 	EXP 	Created wth_word_typed = TextStim(__class__=<class 'psychopy.visual.text.TextStim'>, alignHoriz=method-wrapper(...), alignText='center', alignVert=method-wrapper(...), anchorHoriz='center', anchorVert='center', antialias=True, autoDraw=False, autoLog=True, bold=False, color=array([-1, -1, -1]), colorSpace='rgb', contrast=1.0, depth=-1.0, flipHoriz=False, flipVert=False, font='Arial', fontFiles=[], height=0.1, italic=False, languageStyle='LTR', name='wth_word_typed', opacity=1.0, ori=0.0, pos=array([0. , 0.2]), rgb=UNKNOWN, text='', units='height', win=Window(...), wrapWidth=1)
14.6081 	EXP 	window1: mouseVisible = True
14.6365 	EXP 	Created wth_valence_rating = Slider(__class__=<class 'psychopy.visual.slider.Slider'>, autoDraw=False, autoLog=True, borderColor=None, color=None, colorSpace='rgb', depth=-2, fillColor=None, flip=False, font='Noto Sans KR', granularity=0.0, labelColor=None, labelHeight=0.03, labelWrapWidth=None, labels=('부정', '중립', '긍정'), lineColor=None, markerColor=None, name='wth_valence_rating', opacity=None, ori=0.0, pos=array([-0.5, -0.1]), readOnly=False, self=UNKNOWN, size=array([0.45, 0.05]), startValue=None, style='rating', styleTweaks=[], ticks=array([-1,  0,  1]), units='height', win=Window(...))
14.6388 	EXP 	Created wth_valence_txt = TextStim(__class__=<class 'psychopy.visual.text.TextStim'>, alignHoriz=method-wrapper(...), alignText='center', alignVert=method-wrapper(...), anchorHoriz='center', anchorVert='center', antialias=True, autoDraw=False, autoLog=True, bold=False, color=array([-1, -1, -1]), colorSpace='rgb', contrast=1.0, depth=-3.0, flipHoriz=False, flipVert=False, font='Arial', fontFiles=[], height=0.04, italic=False, languageStyle='LTR', name='wth_valence_txt', opacity=1.0, ori=0.0, pos=array([-0.5 , -0.02]), rgb=UNKNOWN, text='단어에서 느껴지는 감정', units='height', win=Window(...), wrapWidth=1)
14.6413 	EXP 	Created wth_self_txt = TextStim(__class__=<class 'psychopy.visual.text.TextStim'>, alignHoriz=method-wrapper(...), alignText='center', alignVert=method-wrapper(...), anchorHoriz='center', anchorVert='center', antialias=True, autoDraw=False, autoLog=True, bold=False, color=array([-1, -1, -1]), colorSpace='rgb', contrast=1.0, depth=-4.0, flipHoriz=False, flipVert=False, font='Arial', fontFiles=[], height=0.04, italic=False, languageStyle='LTR', name='wth_self_txt', opacity=1.0, ori=0.0, pos=array([ 0.4 , -0.02]), rgb=UNKNOWN, text='단어가 자신과 관련이 있는 정도', units='height', win=Window(...), wrapWidth=1)
14.6430 	EXP 	window1: mouseVisible = True
14.6643 	EXP 	Created wth_self_rating = Slider(__class__=<class 'psychopy.visual.slider.Slider'>, autoDraw=False, autoLog=True, borderColor=None, color=None, colorSpace='rgb', depth=-5, fillColor=None, flip=False, font='Noto Sans KR', granularity=0.0, labelColor=None, labelHeight=0.03, labelWrapWidth=None, labels=('전혀 나와 관련이 없음', '나와 관련이 매우 많음'), lineColor=None, markerColor=None, name='wth_self_rating', opacity=None, ori=0.0, pos=array([ 0.4, -0.1]), readOnly=False, self=UNKNOWN, size=array([0.45, 0.05]), startValue=None, style='rating', styleTweaks=[], ticks=array([0, 1]), units='height', win=Window(...))
14.6677 	EXP 	window1: mouseVisible = True
14.6803 	EXP 	Created exp_end_back = ImageStim(__class__=<class 'psychopy.visual.image.ImageStim'>, anchor=('center', 'center'), autoLog=True, color=array([1, 1, 1]), colorSpace='rgb', contrast=1.0, depth=-1.0, flipHoriz=False, flipVert=False, image='pics/blank.png', interpolate=True, mask=None, maskParams=None, name='exp_end_back', opacity=1.0, ori=0.0, pos=array([0., 0.]), size=array([3., 1.]), texRes=128.0, units='height', win=Window(...))
14.6932 	EXP 	Created exp_end_text = TextStim(__class__=<class 'psychopy.visual.text.TextStim'>, alignHoriz=method-wrapper(...), alignText='center', alignVert=method-wrapper(...), anchorHoriz='center', anchorVert='center', antialias=True, autoDraw=False, autoLog=True, bold=False, color=array([-1, -1, -1]), colorSpace='rgb', contrast=1.0, depth=-2.0, flipHoriz=False, flipVert=False, font='Arial', fontFiles=[], height=0.04, italic=False, languageStyle='LTR', name='exp_end_text', opacity=1.0, ori=0.0, pos=array([0., 0.]), rgb=UNKNOWN, text=str(...), units='height', win=Window(...), wrapWidth=1)
14.6994 	EXP 	Created total_end_text = TextStim(__class__=<class 'psychopy.visual.text.TextStim'>, alignHoriz=method-wrapper(...), alignText='center', alignVert=method-wrapper(...), anchorHoriz='center', anchorVert='center', antialias=True, autoDraw=False, autoLog=True, bold=False, color=array([1, 1, 1]), colorSpace='rgb', contrast=1.0, depth=0.0, flipHoriz=False, flipVert=False, font='Arial', fontFiles=[], height=0.04, italic=False, languageStyle='LTR', name='total_end_text', opacity=1.0, ori=0.0, pos=array([0., 0.]), rgb=UNKNOWN, text='참여해주셔서 감사합니다.\n자동으로 종료됩니다.', units='height', win=Window(...), wrapWidth=1)
14.7644 	EXP 	wth_movie: autoLog = True
14.7644 	EXP 	wth_movie: movie = 'ins/weather_intro.mp4'
14.7644 	EXP 	wth_movie: ori = 0.0
14.7644 	EXP 	wth_valence_rating_2: autoLog = True
14.7644 	EXP 	wth_valence_rating_2: markerPos = None
14.7644 	EXP 	wth_valence_rating_2: styleTweaks = []
14.7644 	EXP 	wth_valence_rating_2: styleTweaks = []
14.7644 	EXP 	wth_valence_rating_2: styleTweaks = []
14.7644 	EXP 	wth_valence_rating_2: styleTweaks = []
14.7644 	EXP 	wth_valence_rating_2: contrast = 1.0
14.7644 	EXP 	wth_valence_rating_2: autoLog = True
14.7644 	EXP 	wth_self_rating_2: autoLog = True
14.7644 	EXP 	wth_self_rating_2: markerPos = None
14.7644 	EXP 	wth_self_rating_2: styleTweaks = []
14.7644 	EXP 	wth_self_rating_2: styleTweaks = []
14.7644 	EXP 	wth_self_rating_2: styleTweaks = []
14.7644 	EXP 	wth_self_rating_2: styleTweaks = []
14.7644 	EXP 	wth_self_rating_2: contrast = 1.0
14.7644 	EXP 	wth_self_rating_2: autoLog = True
14.7644 	EXP 	wth_valence_rating: autoLog = True
14.7644 	EXP 	wth_valence_rating: markerPos = None
14.7644 	EXP 	wth_valence_rating: styleTweaks = []
14.7644 	EXP 	wth_valence_rating: styleTweaks = []
14.7644 	EXP 	wth_valence_rating: styleTweaks = []
14.7644 	EXP 	wth_valence_rating: styleTweaks = []
14.7644 	EXP 	wth_valence_rating: contrast = 1.0
14.7644 	EXP 	wth_valence_rating: autoLog = True
14.7644 	EXP 	wth_self_rating: autoLog = True
14.7644 	EXP 	wth_self_rating: markerPos = None
14.7644 	EXP 	wth_self_rating: styleTweaks = []
14.7644 	EXP 	wth_self_rating: styleTweaks = []
14.7644 	EXP 	wth_self_rating: styleTweaks = []
14.7644 	EXP 	wth_self_rating: styleTweaks = []
14.7644 	EXP 	wth_self_rating: contrast = 1.0
14.7644 	EXP 	wth_self_rating: autoLog = True
14.7644 	EXP 	image: autoDraw = True
16.0697 	EXP 	Created sequence: random, trialTypes=1, nReps=1, seed=None
16.0699 	EXP 	New trial (rep=0, index=0): None
16.0730 	DATA 	Keypress: space
16.0857 	EXP 	image: autoDraw = False
16.0857 	EXP 	text: font = 'Noto Sans KR'
18.0853 	EXP 	wth_movie: autoDraw = True
18.0853 	EXP 	text: autoDraw = True
18.0853 	EXP 	text: height = 0.05
18.0853 	EXP 	text: height = 0.05
18.0853 	EXP 	text: height = 0.05
18.0853 	EXP 	text: text = '넘김 SPACE'
18.9030 	EXP 	Created sequence: sequential, trialTypes=1, nReps=10, seed=None
18.9031 	EXP 	New trial (rep=0, index=0): None
18.9033 	EXP 	window1: fullscr = False
18.9044 	DATA 	Keypress: space
18.9195 	EXP 	wth_movie: autoDraw = False
18.9195 	EXP 	text: autoDraw = False
18.9195 	EXP 	wth_text: font = 'Noto Sans KR'
18.9195 	EXP 	wth_background_inst: autoDraw = True
19.9013 	EXP 	wth_text: autoDraw = True
19.9013 	EXP 	wth_text: height = 0.07
19.9013 	EXP 	wth_text: height = 0.07
19.9013 	EXP 	wth_text: height = 0.07
19.9013 	EXP 	wth_text: text = '단어연상 연습이 시작됩니다.'
20.1693 	EXP 	window1: mouseVisible = False
20.1774 	DATA 	Keypress: space
20.1850 	EXP 	wth_background_inst: autoDraw = False
20.1850 	EXP 	wth_text: autoDraw = False
20.1850 	EXP 	wth_think_instr_2: font = 'Noto Sans KR'
20.1850 	EXP 	wth_word_instr_3: font = 'Noto Sans KR'
20.1850 	EXP 	wth_background_6: autoDraw = True
20.1850 	EXP 	wth_think_instr_2: autoDraw = True
20.1850 	EXP 	wth_think_cross_2: autoDraw = True
20.1850 	EXP 	wth_think_instr_2: height = 0.07
20.1850 	EXP 	wth_think_instr_2: height = 0.07
20.1850 	EXP 	wth_think_instr_2: height = 0.07
20.1850 	EXP 	wth_think_instr_2: text = '자유롭게 생각하세요.'
25.1838 	EXP 	wth_word_instr_3: autoDraw = True
25.1838 	EXP 	wth_word_instr_3: height = 0.05
25.1838 	EXP 	wth_word_instr_3: height = 0.05
25.1838 	EXP 	wth_word_instr_3: height = 0.05
25.1838 	EXP 	wth_word_instr_3: text = '지금 무슨 생각을 하고 있는지\n단어나 구로 입력해주세요.\n입력 후 스페이스바와 클릭 버튼을 눌러주세요.'
25.2026 	EXP 	wth_think_instr_2: autoDraw = False
25.2026 	EXP 	wth_think_cross_2: autoDraw = False
56.7169 	EXP 	window1: mouseVisible = True
56.7255 	DATA 	Mouse: Left button down, pos=(1368,100)
56.7257 	DATA 	Mouse:  Left button up, pos=(1368,100)
56.7264 	DATA 	Mouse: Left button down, pos=(922,479)
56.7266 	DATA 	Mouse:  Left button up, pos=(922,479)
56.7266 	DATA 	Keypress: lalt
56.7269 	DATA 	Keypress: lalt
56.7271 	DATA 	Keypress: lalt
56.7272 	DATA 	Keypress: lalt
56.7274 	DATA 	Mouse: Left button down, pos=(1241,551)
56.7276 	DATA 	Mouse:  Left button up, pos=(1241,551)
56.7276 	DATA 	Keypress: lctrl
56.7281 	DATA 	Keypress: d
56.7281 	DATA 	Keypress: lwindows
56.7285 	DATA 	Keypress: lalt
56.8117 	EXP 	wth_background_6: autoDraw = False
56.8117 	EXP 	wth_think_instr_2: autoDraw = False
56.8117 	EXP 	wth_think_cross_2: autoDraw = False
56.8117 	EXP 	wth_word_instr_3: autoDraw = False
56.8117 	EXP 	wth_word_typed_2: font = 'exp_font'
56.8117 	EXP 	wth_valence_rating_2: markerPos = None
56.8117 	EXP 	wth_valence_rating_2: markerPos = None
56.8117 	EXP 	wth_valence_txt_2: font = 'exp_font'
56.8117 	EXP 	wth_self_txt_2: font = 'exp_font'
56.8117 	EXP 	wth_self_rating_2: markerPos = None
56.8117 	EXP 	wth_self_rating_2: markerPos = None
56.8117 	EXP 	wth_word_typed_2: height = 0.1
56.8117 	EXP 	wth_word_typed_2: height = 0.1
56.8117 	EXP 	wth_word_typed_2: height = 0.1
56.8117 	EXP 	wth_word_typed_2: text = 'sdfasd'
56.8117 	EXP 	wth_background_7: autoDraw = True
56.8117 	EXP 	wth_word_typed_2: autoDraw = True
56.8117 	EXP 	wth_valence_rating_2: autoDraw = True
56.8117 	EXP 	wth_valence_txt_2: autoDraw = True
56.8117 	EXP 	wth_self_txt_2: autoDraw = True
56.8117 	EXP 	wth_self_rating_2: autoDraw = True
56.8117 	EXP 	wth_valence_txt_2: height = 0.04
56.8117 	EXP 	wth_valence_txt_2: height = 0.04
56.8117 	EXP 	wth_valence_txt_2: height = 0.04
56.8117 	EXP 	wth_valence_txt_2: text = '단어에서 느껴지는 감정'
56.8117 	EXP 	wth_self_txt_2: height = 0.04
56.8117 	EXP 	wth_self_txt_2: height = 0.04
56.8117 	EXP 	wth_self_txt_2: height = 0.04
56.8117 	EXP 	wth_self_txt_2: text = '단어가 자신과 관련이 있는 정도'
60.1510 	DATA 	Mouse: Left button down, pos=(1340,538)
60.2508 	DATA 	Mouse:  Left button up, pos=(1344,532)
60.3841 	DATA 	Mouse: Left button down, pos=(1337,455)
60.3994 	EXP 	wth_self_rating_2: markerPos = 0.3868312757201646
60.4168 	EXP 	wth_self_rating_2: markerPos = 0.3868312757201646
60.4329 	EXP 	wth_self_rating_2: markerPos = 0.3847736625514403
60.4499 	EXP 	wth_self_rating_2: markerPos = 0.3847736625514403
60.4661 	EXP 	wth_self_rating_2: markerPos = 0.3847736625514403
60.4832 	EXP 	wth_self_rating_2: markerPos = 0.3847736625514403
60.4841 	DATA 	Mouse:  Left button up, pos=(1336,449)
60.4995 	EXP 	wth_self_rating_2: markerPos = 0.3847736625514403
61.1219 	DATA 	Mouse: Left button down, pos=(424,443)
61.1500 	EXP 	wth_valence_rating_2: markerPos = 0.012345679012345734
61.1660 	EXP 	wth_valence_rating_2: markerPos = 0.012345679012345734
61.1830 	EXP 	wth_valence_rating_2: markerPos = 0.012345679012345734
61.1993 	EXP 	wth_valence_rating_2: markerPos = 0.012345679012345734
61.2164 	EXP 	wth_valence_rating_2: markerPos = 0.012345679012345734
61.2329 	EXP 	wth_valence_rating_2: markerPos = 0.012345679012345734
61.2333 	DATA 	Mouse:  Left button up, pos=(423,441)
61.2500 	EXP 	wth_valence_rating_2: markerPos = 0.012345679012345734
61.5883 	DATA 	Mouse: Left button down, pos=(432,430)
61.6164 	EXP 	wth_valence_rating_2: markerPos = 0.06584362139917688
61.6326 	EXP 	wth_valence_rating_2: markerPos = 0.07407407407407396
61.6498 	EXP 	wth_valence_rating_2: markerPos = 0.07818930041152261
61.6660 	EXP 	wth_valence_rating_2: markerPos = 0.08230452674897126
61.6831 	EXP 	wth_valence_rating_2: markerPos = 0.08230452674897126
61.6994 	EXP 	wth_valence_rating_2: markerPos = 0.09876543209876543
61.7165 	EXP 	wth_valence_rating_2: markerPos = 0.11934156378600824
61.7329 	EXP 	wth_valence_rating_2: markerPos = 0.16049382716049387
61.7499 	EXP 	wth_valence_rating_2: markerPos = 0.21399176954732502
61.7660 	EXP 	wth_valence_rating_2: markerPos = 0.2674897119341564
61.7830 	EXP 	wth_valence_rating_2: markerPos = 0.3168724279835391
61.7993 	EXP 	wth_valence_rating_2: markerPos = 0.3580246913580247
61.8165 	EXP 	wth_valence_rating_2: markerPos = 0.3868312757201646
61.8327 	EXP 	wth_valence_rating_2: markerPos = 0.40740740740740744
61.8498 	EXP 	wth_valence_rating_2: markerPos = 0.4238683127572016
61.8660 	EXP 	wth_valence_rating_2: markerPos = 0.44032921810699577
61.8665 	DATA 	Mouse:  Left button up, pos=(530,417)
61.8830 	EXP 	wth_valence_rating_2: markerPos = 0.44032921810699577
62.4664 	DATA 	Mouse: Left button down, pos=(996,83)
62.4837 	EXP 	window1: fullscr = True
62.5099 	EXP 	wth_background_7: autoDraw = False
62.5099 	EXP 	wth_word_typed_2: autoDraw = False
62.5099 	EXP 	wth_valence_rating_2: autoDraw = False
62.5099 	EXP 	wth_valence_txt_2: autoDraw = False
62.5099 	EXP 	wth_self_txt_2: autoDraw = False
62.5099 	EXP 	wth_self_rating_2: autoDraw = False
62.5099 	EXP 	wth_text_4: font = 'Noto Sans KR'
62.5099 	EXP 	wth_image_2: autoDraw = True
62.5099 	EXP 	wth_text_4: autoDraw = True
62.5099 	EXP 	wth_text_4: height = 0.05
62.5099 	EXP 	wth_text_4: height = 0.05
62.5099 	EXP 	wth_text_4: height = 0.05
62.5099 	EXP 	wth_text_4: text = '연습을 다시 하시겠습니까?\n\ny 혹은 n을 누르세요.'
62.5669 	DATA 	Mouse:  Left button up, pos=(995,102)
68.6152 	DATA 	Keypress: escape
68.9356 	EXP 	window1: mouseVisible = True
