2.2961 	WARNING 	We strongly recommend you activate the PTB sound engine in PsychoPy prefs as the preferred audio engine. Its timing is vastly superior. Your prefs are currently set to use ['sounddevice', 'PTB', 'pyo', 'pygame'] (in that order).
7.0388 	EXP 	Created window1 = Window(allowGUI=True, allowStencil=False, autoLog=True, backendConf=UNKNOWN, bitsMode=UNKNOWN, blendMode='avg', bpc=(8, 8, 8), color=array([0.0039, 0.0039, 0.0039]), colorSpace='rgb', depthBits=8, fullscr=<method-wrapper '__getattribute__' of attributeSetter object at 0x000001CBEF573EB0>, gamma=None, gammaErrorPolicy='raise', lms=UNKNOWN, monitor=<psychopy.monitors.calibTools.Monitor object at 0x000001CBF08543A0>, multiSample=False, name='window1', numSamples=2, pos=(0, 0), screen=0, size=array([1920, 1080]), stencilBits=0, stereo=False, units='height', useFBO=True, useRetina=False, viewOri=0.0, viewPos=None, viewScale=None, waitBlanking=True, winType='pyglet')
7.0389 	EXP 	window1: mouseVisible = True
7.0389 	EXP 	window1: mouseVisible = True
7.0390 	EXP 	window1: Attempting to measure frame rate of screen (0) ...
7.0390 	EXP 	window1: recordFrameIntervals = False
7.2036 	EXP 	window1: recordFrameIntervals = True
7.3888 	EXP 	Screen (0) actual frame rate measured at 59.32Hz
7.3888 	EXP 	window1: recordFrameIntervals = False
7.4164 	WARNING 	launchHubServer: If using the iohub mouse or eyetracker devices, fullScr should be True.
9.0525 	EXP 	Created wth_inst_image = ImageStim(__class__=<class 'psychopy.visual.image.ImageStim'>, anchor=('center', 'center'), autoLog=True, color=array([1, 1, 1]), colorSpace='rgb', contrast=1.0, depth=0.0, flipHoriz=False, flipVert=False, image='fis_artwork/general_instruction.png', interpolate=True, mask=None, maskParams=None, name='wth_inst_image', opacity=1.0, ori=0.0, pos=array([0., 0.]), size=array([1920., 1080.]), texRes=128.0, units='pix', win=Window(...))
9.1812 	EXP 	Created wth_movie = MovieStim3(__class__=<class 'psychopy.visual.movie3.MovieStim3'>, anchor=('center', 'center'), autoLog=True, color=UNKNOWN, colorSpace=UNKNOWN, depth=0.0, filename='ins/weather_intro.mp4', flipHoriz=False, flipVert=False, fps=UNKNOWN, interpolate=True, loop=False, name='wth_movie', noAudio=False, opacity=1, ori=method-wrapper(...), pos=array([0., 0.]), size=None, units='pix', vframe_callback=UNKNOWN, volume=UNKNOWN, win=Window(...))
11.3215 	WARNING 	2.140274999999747: Video catchup needed, advancing self._nextFrameT from 0.0 to 0.041666666666666664
11.3215 	WARNING 	2.140301499999623: Video catchup needed, advancing self._nextFrameT from 0.041666666666666664 to 0.08333333333333333
11.3216 	WARNING 	2.1403119000005972: Video catchup needed, advancing self._nextFrameT from 0.08333333333333333 to 0.125
11.3216 	WARNING 	2.1403214000001753: Video catchup needed, advancing self._nextFrameT from 0.125 to 0.16666666666666666
11.3216 	WARNING 	2.1403305000003456: Video catchup needed, advancing self._nextFrameT from 0.16666666666666666 to 0.20833333333333331
11.3216 	WARNING 	2.14033980000022: Video catchup needed, advancing self._nextFrameT from 0.20833333333333331 to 0.24999999999999997
11.3216 	WARNING 	2.14034890000039: Video catchup needed, advancing self._nextFrameT from 0.24999999999999997 to 0.29166666666666663
11.3216 	WARNING 	2.140357899999799: Video catchup needed, advancing self._nextFrameT from 0.29166666666666663 to 0.3333333333333333
11.3216 	WARNING 	2.140366899999208: Video catchup needed, advancing self._nextFrameT from 0.3333333333333333 to 0.375
11.3216 	WARNING 	2.1403757000007317: Video catchup needed, advancing self._nextFrameT from 0.375 to 0.4166666666666667
11.3216 	WARNING 	Max reportNDroppedFrames reached, will not log any more dropped frames
11.5573 	EXP 	Created text = TextStim(__class__=<class 'psychopy.visual.text.TextStim'>, alignHoriz=method-wrapper(...), alignText='center', alignVert=method-wrapper(...), anchorHoriz='center', anchorVert='center', antialias=True, autoDraw=False, autoLog=True, bold=False, color=array([-1, -1, -1]), colorSpace='rgb', contrast=1.0, depth=-1.0, flipHoriz=False, flipVert=False, font='Noto Sans KR', fontFiles=[], height=0.05, italic=False, languageStyle='LTR', name='text', opacity=1.0, ori=0.0, pos=array([ 0. , -0.4]), rgb=UNKNOWN, text='스페이스로 넘어가세요', units='height', win=Window(...), wrapWidth=1)
12.1275 	EXP 	Created wth_background_inst = ImageStim(__class__=<class 'psychopy.visual.image.ImageStim'>, anchor=('center', 'center'), autoLog=True, color=array([1, 1, 1]), colorSpace='rgb', contrast=1.0, depth=0.0, flipHoriz=False, flipVert=False, image=str(...), interpolate=True, mask=None, maskParams=None, name='wth_background_inst', opacity=1.0, ori=0.0, pos=array([0., 0.]), size=array([1920., 1080.]), texRes=128.0, units='pix', win=Window(...))
12.1494 	EXP 	Created wth_text = TextStim(__class__=<class 'psychopy.visual.text.TextStim'>, alignHoriz=method-wrapper(...), alignText='center', alignVert=method-wrapper(...), anchorHoriz='center', anchorVert='center', antialias=True, autoDraw=False, autoLog=True, bold=False, color=array([-1, -1, -1]), colorSpace='rgb', contrast=1.0, depth=-1.0, flipHoriz=False, flipVert=False, font='Noto Sans KR', fontFiles=[], height=0.07, italic=False, languageStyle='LTR', name='wth_text', opacity=1.0, ori=0.0, pos=array([0., 0.]), rgb=UNKNOWN, text='단어연상 연습이 시작됩니다.', units='height', win=Window(...), wrapWidth=1)
12.7692 	EXP 	Created wth_background_6 = ImageStim(__class__=<class 'psychopy.visual.image.ImageStim'>, anchor=('center', 'center'), autoLog=True, color=array([1, 1, 1]), colorSpace='rgb', contrast=1.0, depth=0.0, flipHoriz=False, flipVert=False, image=str(...), interpolate=True, mask=None, maskParams=None, name='wth_background_6', opacity=1.0, ori=0.0, pos=array([0., 0.]), size=array([1920., 1080.]), texRes=128.0, units='pix', win=Window(...))
12.7798 	EXP 	Created wth_think_instr_2 = TextStim(__class__=<class 'psychopy.visual.text.TextStim'>, alignHoriz=method-wrapper(...), alignText='center', alignVert=method-wrapper(...), anchorHoriz='center', anchorVert='center', antialias=True, autoDraw=False, autoLog=True, bold=False, color=array([-1, -1, -1]), colorSpace='rgb', contrast=1.0, depth=-2.0, flipHoriz=False, flipVert=False, font='Noto Sans KR', fontFiles=[], height=0.07, italic=False, languageStyle='LTR', name='wth_think_instr_2', opacity=1.0, ori=0.0, pos=array([0. , 0.3]), rgb=UNKNOWN, text='자유롭게 생각하세요.', units='height', win=Window(...), wrapWidth=1)
12.7870 	EXP 	Created wth_think_cross_2 = ShapeStim(__class__=<class 'psychopy.visual.shape.ShapeStim'>, anchor=('center', 'center'), autoDraw=False, autoLog=True, closeShape=True, color=method-wrapper(...), colorSpace='rgb', contrast=None, depth=-3.0, fillColor=array([-1, -1, -1]), fillColorSpace='rgb', fillRGB=array([-1, -1, -1]), interpolate=True, lineColor=array([-1, -1, -1]), lineColorSpace='rgb', lineRGB=array([-1, -1, -1]), lineWidth=0.1, name='wth_think_cross_2', opacity=1.0, ori=0.0, pos=array([0., 0.]), size=array([0.07, 0.07]), units='height', vertices=ndarray(...), win=Window(...), windingRule=None)
13.4003 	EXP 	Created image_2 = ImageStim(__class__=<class 'psychopy.visual.image.ImageStim'>, anchor=('center', 'center'), autoLog=True, color=array([1, 1, 1]), colorSpace='rgb', contrast=1.0, depth=0.0, flipHoriz=False, flipVert=False, image=str(...), interpolate=True, mask=None, maskParams=None, name='image_2', opacity=1.0, ori=0.0, pos=array([0., 0.]), size=array([1920., 1080.]), texRes=128.0, units='pix', win=Window(...))
13.4232 	EXP 	Created wth_word_instr_4 = TextStim(__class__=<class 'psychopy.visual.text.TextStim'>, alignHoriz=method-wrapper(...), alignText='center', alignVert=method-wrapper(...), anchorHoriz='center', anchorVert='center', antialias=True, autoDraw=False, autoLog=True, bold=False, color=array([-1, -1, -1]), colorSpace='rgb', contrast=1.0, depth=-1.0, flipHoriz=False, flipVert=False, font='Noto Sans KR', fontFiles=[], height=0.07, italic=False, languageStyle='LTR', name='wth_word_instr_4', opacity=1.0, ori=0.0, pos=array([0.  , 0.25]), rgb=UNKNOWN, text='지금 무슨 생각을 하고 있는지\n단어나 구로 입력해주세요.', units='height', win=Window(...), wrapWidth=1)
14.0067 	EXP 	Created wth_background_7 = ImageStim(__class__=<class 'psychopy.visual.image.ImageStim'>, anchor=('center', 'center'), autoLog=True, color=array([1, 1, 1]), colorSpace='rgb', contrast=1.0, depth=0.0, flipHoriz=False, flipVert=False, image=str(...), interpolate=True, mask=None, maskParams=None, name='wth_background_7', opacity=1.0, ori=0.0, pos=array([0., 0.]), size=array([1920., 1080.]), texRes=128.0, units='pix', win=Window(...))
14.0074 	EXP 	Created wth_word_typed_2 = TextStim(__class__=<class 'psychopy.visual.text.TextStim'>, alignHoriz=method-wrapper(...), alignText='center', alignVert=method-wrapper(...), anchorHoriz='center', anchorVert='center', antialias=True, autoDraw=False, autoLog=True, bold=False, color=array([-1, -1, -1]), colorSpace='rgb', contrast=1.0, depth=-1.0, flipHoriz=False, flipVert=False, font='Noto Sans KR', fontFiles=[], height=0.07, italic=False, languageStyle='LTR', name='wth_word_typed_2', opacity=1.0, ori=0.0, pos=array([0. , 0.2]), rgb=UNKNOWN, text='', units='height', win=Window(...), wrapWidth=1)
14.0110 	EXP 	window1: mouseVisible = True
14.0692 	EXP 	Created wth_valence_rating_2 = Slider(__class__=<class 'psychopy.visual.slider.Slider'>, autoDraw=False, autoLog=True, borderColor=None, color=None, colorSpace='rgb', depth=-2, fillColor=None, flip=False, font='Noto Sans KR', granularity=0.0, labelColor=None, labelHeight=0.03, labelWrapWidth=None, labels=('부정', '중립', '긍정'), lineColor=None, markerColor=None, name='wth_valence_rating_2', opacity=None, ori=0.0, pos=array([-0.5, -0.1]), readOnly=False, self=UNKNOWN, size=array([0.45, 0.05]), startValue=None, style='rating', styleTweaks=[], ticks=array([-1,  0,  1]), units='height', win=Window(...))
14.0815 	EXP 	Created wth_valence_txt_2 = TextStim(__class__=<class 'psychopy.visual.text.TextStim'>, alignHoriz=method-wrapper(...), alignText='center', alignVert=method-wrapper(...), anchorHoriz='center', anchorVert='center', antialias=True, autoDraw=False, autoLog=True, bold=False, color=array([-1, -1, -1]), colorSpace='rgb', contrast=1.0, depth=-3.0, flipHoriz=False, flipVert=False, font='Noto Sans KR', fontFiles=[], height=0.04, italic=False, languageStyle='LTR', name='wth_valence_txt_2', opacity=1.0, ori=0.0, pos=array([-0.5 , -0.02]), rgb=UNKNOWN, text='단어에서 느껴지는 감정', units='height', win=Window(...), wrapWidth=1)
14.0915 	EXP 	Created wth_self_txt_2 = TextStim(__class__=<class 'psychopy.visual.text.TextStim'>, alignHoriz=method-wrapper(...), alignText='center', alignVert=method-wrapper(...), anchorHoriz='center', anchorVert='center', antialias=True, autoDraw=False, autoLog=True, bold=False, color=array([-1, -1, -1]), colorSpace='rgb', contrast=1.0, depth=-4.0, flipHoriz=False, flipVert=False, font='Noto Sans KR', fontFiles=[], height=0.04, italic=False, languageStyle='LTR', name='wth_self_txt_2', opacity=1.0, ori=0.0, pos=array([ 0.5 , -0.02]), rgb=UNKNOWN, text='단어가 자신과 관련이 있는 정도', units='height', win=Window(...), wrapWidth=1)
14.0932 	EXP 	window1: mouseVisible = True
14.1789 	EXP 	Created wth_self_rating_2 = Slider(__class__=<class 'psychopy.visual.slider.Slider'>, autoDraw=False, autoLog=True, borderColor=None, color=None, colorSpace='rgb', depth=-5, fillColor=None, flip=False, font='Noto Sans KR', granularity=0.0, labelColor=None, labelHeight=0.03, labelWrapWidth=None, labels=('전혀 나와 관련 없음', '나와 관련 매우 많음'), lineColor=None, markerColor=None, name='wth_self_rating_2', opacity=None, ori=0.0, pos=array([ 0.5, -0.1]), readOnly=False, self=UNKNOWN, size=array([0.45, 0.05]), startValue=None, style='rating', styleTweaks=[], ticks=array([0, 1]), units='height', win=Window(...))
14.2178 	EXP 	window1: mouseVisible = True
14.7940 	EXP 	Created wth_image_2 = ImageStim(__class__=<class 'psychopy.visual.image.ImageStim'>, anchor=('center', 'center'), autoLog=True, color=array([1, 1, 1]), colorSpace='rgb', contrast=1.0, depth=0.0, flipHoriz=False, flipVert=False, image=str(...), interpolate=True, mask=None, maskParams=None, name='wth_image_2', opacity=1.0, ori=0.0, pos=array([0., 0.]), size=array([1920., 1080.]), texRes=128.0, units='pix', win=Window(...))
14.8131 	EXP 	Created wth_text_4 = TextStim(__class__=<class 'psychopy.visual.text.TextStim'>, alignHoriz=method-wrapper(...), alignText='center', alignVert=method-wrapper(...), anchorHoriz='center', anchorVert='center', antialias=True, autoDraw=False, autoLog=True, bold=False, color=array([-1, -1, -1]), colorSpace='rgb', contrast=1.0, depth=-1.0, flipHoriz=False, flipVert=False, font='Noto Sans KR', fontFiles=[], height=0.07, italic=False, languageStyle='LTR', name='wth_text_4', opacity=1.0, ori=0.0, pos=array([0., 0.]), rgb=UNKNOWN, text='연습을 다시 하시겠습니까?\n\n다시연습 : y\n\n넘어가기 : n', units='height', win=Window(...), wrapWidth=1)
15.3801 	EXP 	Created wth_background_inst_2 = ImageStim(__class__=<class 'psychopy.visual.image.ImageStim'>, anchor=('center', 'center'), autoLog=True, color=array([1, 1, 1]), colorSpace='rgb', contrast=1.0, depth=0.0, flipHoriz=False, flipVert=False, image=str(...), interpolate=True, mask=None, maskParams=None, name='wth_background_inst_2', opacity=1.0, ori=0.0, pos=array([0., 0.]), size=array([1920., 1080.]), texRes=128.0, units='pix', win=Window(...))
15.4053 	EXP 	Created wth_text_2 = TextStim(__class__=<class 'psychopy.visual.text.TextStim'>, alignHoriz=method-wrapper(...), alignText='center', alignVert=method-wrapper(...), anchorHoriz='center', anchorVert='center', antialias=True, autoDraw=False, autoLog=True, bold=False, color=array([-1, -1, -1]), colorSpace='rgb', contrast=1.0, depth=-1.0, flipHoriz=False, flipVert=False, font='Noto Sans KR', fontFiles=[], height=0.07, italic=False, languageStyle='LTR', name='wth_text_2', opacity=1.0, ori=0.0, pos=array([0., 0.]), rgb=UNKNOWN, text=str(...), units='height', win=Window(...), wrapWidth=1)
15.9733 	EXP 	Created image_3 = ImageStim(__class__=<class 'psychopy.visual.image.ImageStim'>, anchor=('center', 'center'), autoLog=True, color=array([1, 1, 1]), colorSpace='rgb', contrast=1.0, depth=0.0, flipHoriz=False, flipVert=False, image=str(...), interpolate=True, mask=None, maskParams=None, name='image_3', opacity=1.0, ori=0.0, pos=array([0., 0.]), size=array([1920., 1080.]), texRes=128.0, units='pix', win=Window(...))
15.9764 	EXP 	Created text_2 = TextStim(__class__=<class 'psychopy.visual.text.TextStim'>, alignHoriz=method-wrapper(...), alignText='center', alignVert=method-wrapper(...), anchorHoriz='center', anchorVert='center', antialias=True, autoDraw=False, autoLog=True, bold=False, color=array([-1, -1, -1]), colorSpace='rgb', contrast=1.0, depth=-1.0, flipHoriz=False, flipVert=False, font='Noto Sans KR', fontFiles=[], height=0.07, italic=False, languageStyle='LTR', name='text_2', opacity=1.0, ori=0.0, pos=array([0., 0.]), rgb=UNKNOWN, text='시작', units='height', win=Window(...), wrapWidth=1)
16.5474 	EXP 	Created wth_background = ImageStim(__class__=<class 'psychopy.visual.image.ImageStim'>, anchor=('center', 'center'), autoLog=True, color=array([1, 1, 1]), colorSpace='rgb', contrast=1.0, depth=0.0, flipHoriz=False, flipVert=False, image=str(...), interpolate=True, mask=None, maskParams=None, name='wth_background', opacity=1.0, ori=0.0, pos=array([0., 0.]), size=array([1920., 1080.]), texRes=128.0, units='pix', win=Window(...))
16.5608 	EXP 	Created wth_think_instr = TextStim(__class__=<class 'psychopy.visual.text.TextStim'>, alignHoriz=method-wrapper(...), alignText='center', alignVert=method-wrapper(...), anchorHoriz='center', anchorVert='center', antialias=True, autoDraw=False, autoLog=True, bold=False, color=array([-1, -1, -1]), colorSpace='rgb', contrast=1.0, depth=-2.0, flipHoriz=False, flipVert=False, font='Noto Sans KR', fontFiles=[], height=0.07, italic=False, languageStyle='LTR', name='wth_think_instr', opacity=1.0, ori=0.0, pos=array([0. , 0.2]), rgb=UNKNOWN, text='자유롭게 생각하세요.', units='height', win=Window(...), wrapWidth=1)
16.5622 	EXP 	Created wth_think_cross = ShapeStim(__class__=<class 'psychopy.visual.shape.ShapeStim'>, anchor=('center', 'center'), autoDraw=False, autoLog=True, closeShape=True, color=method-wrapper(...), colorSpace='rgb', contrast=None, depth=-3.0, fillColor=array([-1, -1, -1]), fillColorSpace='rgb', fillRGB=array([-1, -1, -1]), interpolate=True, lineColor=array([-1, -1, -1]), lineColorSpace='rgb', lineRGB=array([-1, -1, -1]), lineWidth=0.1, name='wth_think_cross', opacity=1.0, ori=0.0, pos=array([0., 0.]), size=array([0.07, 0.07]), units='height', vertices=ndarray(...), win=Window(...), windingRule=None)
17.1297 	EXP 	Created wth_background_2 = ImageStim(__class__=<class 'psychopy.visual.image.ImageStim'>, anchor=('center', 'center'), autoLog=True, color=array([1, 1, 1]), colorSpace='rgb', contrast=1.0, depth=0.0, flipHoriz=False, flipVert=False, image=str(...), interpolate=True, mask=None, maskParams=None, name='wth_background_2', opacity=1.0, ori=0.0, pos=array([0., 0.]), size=array([1920., 1080.]), texRes=128.0, units='pix', win=Window(...))
17.1479 	EXP 	Created wth_word_instr = TextStim(__class__=<class 'psychopy.visual.text.TextStim'>, alignHoriz=method-wrapper(...), alignText='center', alignVert=method-wrapper(...), anchorHoriz='center', anchorVert='center', antialias=True, autoDraw=False, autoLog=True, bold=False, color=array([-1, -1, -1]), colorSpace='rgb', contrast=1.0, depth=-1.0, flipHoriz=False, flipVert=False, font='Arial', fontFiles=[], height=0.07, italic=False, languageStyle='LTR', name='wth_word_instr', opacity=1.0, ori=0.0, pos=array([0.  , 0.25]), rgb=UNKNOWN, text='지금 무슨 생각을 하고 있는지\n단어나 구로 입력해주세요.', units='height', win=Window(...), wrapWidth=1)
17.7652 	EXP 	Created wth_background_3 = ImageStim(__class__=<class 'psychopy.visual.image.ImageStim'>, anchor=('center', 'center'), autoLog=True, color=array([1, 1, 1]), colorSpace='rgb', contrast=1.0, depth=0.0, flipHoriz=False, flipVert=False, image=str(...), interpolate=True, mask=None, maskParams=None, name='wth_background_3', opacity=1.0, ori=0.0, pos=array([0., 0.]), size=array([1920., 1080.]), texRes=128.0, units='pix', win=Window(...))
17.7667 	EXP 	Created wth_word_typed = TextStim(__class__=<class 'psychopy.visual.text.TextStim'>, alignHoriz=method-wrapper(...), alignText='center', alignVert=method-wrapper(...), anchorHoriz='center', anchorVert='center', antialias=True, autoDraw=False, autoLog=True, bold=False, color=array([-1, -1, -1]), colorSpace='rgb', contrast=1.0, depth=-1.0, flipHoriz=False, flipVert=False, font='Noto Sans KR', fontFiles=[], height=0.1, italic=False, languageStyle='LTR', name='wth_word_typed', opacity=1.0, ori=0.0, pos=array([0. , 0.2]), rgb=UNKNOWN, text='', units='height', win=Window(...), wrapWidth=1)
17.7683 	EXP 	window1: mouseVisible = True
17.8030 	EXP 	Created wth_valence_rating = Slider(__class__=<class 'psychopy.visual.slider.Slider'>, autoDraw=False, autoLog=True, borderColor=None, color=None, colorSpace='rgb', depth=-2, fillColor=None, flip=False, font='Noto Sans KR', granularity=0.0, labelColor=None, labelHeight=0.03, labelWrapWidth=None, labels=('부정', '중립', '긍정'), lineColor=None, markerColor=None, name='wth_valence_rating', opacity=None, ori=0.0, pos=array([-0.5, -0.1]), readOnly=False, self=UNKNOWN, size=array([0.45, 0.05]), startValue=None, style='rating', styleTweaks=[], ticks=array([-1,  0,  1]), units='height', win=Window(...))
17.8113 	EXP 	Created wth_valence_txt = TextStim(__class__=<class 'psychopy.visual.text.TextStim'>, alignHoriz=method-wrapper(...), alignText='center', alignVert=method-wrapper(...), anchorHoriz='center', anchorVert='center', antialias=True, autoDraw=False, autoLog=True, bold=False, color=array([-1, -1, -1]), colorSpace='rgb', contrast=1.0, depth=-3.0, flipHoriz=False, flipVert=False, font='Noto Sans KR', fontFiles=[], height=0.04, italic=False, languageStyle='LTR', name='wth_valence_txt', opacity=1.0, ori=0.0, pos=array([-0.5 , -0.02]), rgb=UNKNOWN, text='단어에서 느껴지는 감정', units='height', win=Window(...), wrapWidth=1)
17.8176 	EXP 	Created wth_self_txt = TextStim(__class__=<class 'psychopy.visual.text.TextStim'>, alignHoriz=method-wrapper(...), alignText='center', alignVert=method-wrapper(...), anchorHoriz='center', anchorVert='center', antialias=True, autoDraw=False, autoLog=True, bold=False, color=array([-1, -1, -1]), colorSpace='rgb', contrast=1.0, depth=-4.0, flipHoriz=False, flipVert=False, font='Noto Sans KR', fontFiles=[], height=0.04, italic=False, languageStyle='LTR', name='wth_self_txt', opacity=1.0, ori=0.0, pos=array([ 0.5 , -0.02]), rgb=UNKNOWN, text='단어가 자신과 관련이 있는 정도', units='height', win=Window(...), wrapWidth=1)
17.8191 	EXP 	window1: mouseVisible = True
17.8393 	EXP 	Created wth_self_rating = Slider(__class__=<class 'psychopy.visual.slider.Slider'>, autoDraw=False, autoLog=True, borderColor=None, color=None, colorSpace='rgb', depth=-5, fillColor=None, flip=False, font='Noto Sans KR', granularity=0.0, labelColor=None, labelHeight=0.03, labelWrapWidth=None, labels=('전혀 나와 관련 없음', '나와 관련 매우 많음'), lineColor=None, markerColor=None, name='wth_self_rating', opacity=None, ori=0.0, pos=array([ 0.5, -0.1]), readOnly=False, self=UNKNOWN, size=array([0.45, 0.05]), startValue=None, style='rating', styleTweaks=[], ticks=array([0, 1]), units='height', win=Window(...))
17.8443 	EXP 	window1: mouseVisible = True
17.8669 	EXP 	Created exp_end_text = TextStim(__class__=<class 'psychopy.visual.text.TextStim'>, alignHoriz=method-wrapper(...), alignText='center', alignVert=method-wrapper(...), anchorHoriz='center', anchorVert='center', antialias=True, autoDraw=False, autoLog=True, bold=False, color=array([-1, -1, -1]), colorSpace='rgb', contrast=1.0, depth=0.0, flipHoriz=False, flipVert=False, font='Noto Sans KR', fontFiles=[], height=0.04, italic=False, languageStyle='LTR', name='exp_end_text', opacity=1.0, ori=0.0, pos=array([0., 0.]), rgb=UNKNOWN, text=str(...), units='height', win=Window(...), wrapWidth=1)
17.8858 	EXP 	wth_movie: autoLog = True
17.8858 	EXP 	wth_movie: movie = 'ins/weather_intro.mp4'
17.8858 	EXP 	wth_movie: ori = 0.0
17.8858 	EXP 	wth_valence_rating_2: autoLog = True
17.8858 	EXP 	wth_valence_rating_2: markerPos = None
17.8858 	EXP 	wth_valence_rating_2: styleTweaks = []
17.8858 	EXP 	wth_valence_rating_2: styleTweaks = []
17.8858 	EXP 	wth_valence_rating_2: styleTweaks = []
17.8858 	EXP 	wth_valence_rating_2: styleTweaks = []
17.8858 	EXP 	wth_valence_rating_2: contrast = 1.0
17.8858 	EXP 	wth_valence_rating_2: autoLog = True
17.8858 	EXP 	wth_self_rating_2: autoLog = True
17.8858 	EXP 	wth_self_rating_2: markerPos = None
17.8858 	EXP 	wth_self_rating_2: styleTweaks = []
17.8858 	EXP 	wth_self_rating_2: styleTweaks = []
17.8858 	EXP 	wth_self_rating_2: styleTweaks = []
17.8858 	EXP 	wth_self_rating_2: styleTweaks = []
17.8858 	EXP 	wth_self_rating_2: contrast = 1.0
17.8858 	EXP 	wth_self_rating_2: autoLog = True
17.8858 	EXP 	wth_valence_rating: autoLog = True
17.8858 	EXP 	wth_valence_rating: markerPos = None
17.8858 	EXP 	wth_valence_rating: styleTweaks = []
17.8858 	EXP 	wth_valence_rating: styleTweaks = []
17.8858 	EXP 	wth_valence_rating: styleTweaks = []
17.8858 	EXP 	wth_valence_rating: styleTweaks = []
17.8858 	EXP 	wth_valence_rating: contrast = 1.0
17.8858 	EXP 	wth_valence_rating: autoLog = True
17.8858 	EXP 	wth_self_rating: autoLog = True
17.8858 	EXP 	wth_self_rating: markerPos = None
17.8858 	EXP 	wth_self_rating: styleTweaks = []
17.8858 	EXP 	wth_self_rating: styleTweaks = []
17.8858 	EXP 	wth_self_rating: styleTweaks = []
17.8858 	EXP 	wth_self_rating: styleTweaks = []
17.8858 	EXP 	wth_self_rating: contrast = 1.0
17.8858 	EXP 	wth_self_rating: autoLog = True
17.8858 	EXP 	wth_inst_image: autoDraw = True
18.8540 	EXP 	Created sequence: random, trialTypes=1, nReps=1, seed=None
18.8541 	EXP 	New trial (rep=0, index=0): None
18.8552 	DATA 	Keypress: space
18.8683 	EXP 	wth_inst_image: autoDraw = False
20.8699 	EXP 	wth_movie: autoDraw = True
20.8699 	EXP 	text: autoDraw = True
22.0542 	EXP 	Created sequence: sequential, trialTypes=1, nReps=99, seed=None
22.0545 	EXP 	New trial (rep=0, index=0): None
22.1097 	DATA 	Keypress: space
22.1192 	EXP 	wth_movie: autoDraw = False
22.1192 	EXP 	text: autoDraw = False
22.1192 	EXP 	wth_background_inst: autoDraw = True
23.0532 	EXP 	wth_text: autoDraw = True
23.8878 	DATA 	Keypress: space
25.0529 	EXP 	wth_text: autoDraw = False
27.1028 	EXP 	window1: mouseVisible = False
27.1518 	EXP 	wth_background_inst: autoDraw = False
27.1518 	EXP 	wth_background_inst: autoDraw = False
27.1518 	EXP 	wth_text: autoDraw = False
27.1518 	EXP 	wth_background_6: autoDraw = True
27.1518 	EXP 	wth_think_instr_2: autoDraw = True
27.1518 	EXP 	wth_think_cross_2: autoDraw = True
32.1362 	EXP 	window1: mouseVisible = True
32.1363 	EXP 	window1: mouseVisible = True
32.1679 	EXP 	wth_background_6: autoDraw = False
32.1679 	EXP 	wth_think_instr_2: autoDraw = False
32.1679 	EXP 	wth_think_cross_2: autoDraw = False
32.1679 	EXP 	wth_background_6: autoDraw = False
32.1679 	EXP 	wth_think_instr_2: autoDraw = False
32.1679 	EXP 	wth_think_cross_2: autoDraw = False
32.1679 	EXP 	image_2: autoDraw = True
32.1679 	EXP 	wth_word_instr_4: autoDraw = True
35.6155 	EXP 	image_2: autoDraw = False
35.6155 	EXP 	wth_word_instr_4: autoDraw = False
35.6155 	EXP 	wth_word_typed_2: height = 0.07
35.6155 	EXP 	wth_word_typed_2: height = 0.07
35.6155 	EXP 	wth_word_typed_2: height = 0.07
35.6155 	EXP 	wth_word_typed_2: text = 'nkm'
35.6155 	EXP 	wth_valence_rating_2: markerPos = None
35.6155 	EXP 	wth_valence_rating_2: markerPos = None
35.6155 	EXP 	wth_self_rating_2: markerPos = None
35.6155 	EXP 	wth_self_rating_2: markerPos = None
35.6155 	EXP 	wth_background_7: autoDraw = True
35.6155 	EXP 	wth_word_typed_2: autoDraw = True
35.6155 	EXP 	wth_valence_rating_2: autoDraw = True
35.6155 	EXP 	wth_valence_txt_2: autoDraw = True
35.6155 	EXP 	wth_self_txt_2: autoDraw = True
35.6155 	EXP 	wth_self_rating_2: autoDraw = True
36.5741 	DATA 	Mouse: Left button down, pos=(598,449)
36.5989 	EXP 	wth_valence_rating_2: markerPos = 0.7325102880658436
36.6160 	EXP 	wth_valence_rating_2: markerPos = 0.7325102880658436
36.6326 	EXP 	wth_valence_rating_2: markerPos = 0.7325102880658436
36.6492 	EXP 	wth_valence_rating_2: markerPos = 0.7325102880658436
36.6660 	EXP 	wth_valence_rating_2: markerPos = 0.7325102880658436
36.6825 	EXP 	wth_valence_rating_2: markerPos = 0.7325102880658436
36.6996 	EXP 	wth_valence_rating_2: markerPos = 0.7325102880658436
36.7166 	EXP 	wth_valence_rating_2: markerPos = 0.7325102880658436
36.7325 	EXP 	wth_valence_rating_2: markerPos = 0.7325102880658436
36.7340 	DATA 	Mouse:  Left button up, pos=(598,449)
36.7495 	EXP 	wth_valence_rating_2: markerPos = 0.7325102880658436
37.4094 	DATA 	Mouse: Left button down, pos=(1378,437)
37.4327 	EXP 	wth_self_rating_2: markerPos = 0.24897119341563784
37.4494 	EXP 	wth_self_rating_2: markerPos = 0.24897119341563784
37.4659 	EXP 	wth_self_rating_2: markerPos = 0.24897119341563784
37.4991 	EXP 	wth_self_rating_2: markerPos = 0.24897119341563784
37.5159 	EXP 	wth_self_rating_2: markerPos = 0.24897119341563784
37.5177 	DATA 	Mouse:  Left button up, pos=(1378,437)
37.5323 	EXP 	wth_self_rating_2: markerPos = 0.24897119341563784
38.2257 	DATA 	Mouse: Left button down, pos=(989,85)
38.2839 	EXP 	wth_background_7: autoDraw = False
38.2839 	EXP 	wth_word_typed_2: autoDraw = False
38.2839 	EXP 	wth_valence_rating_2: autoDraw = False
38.2839 	EXP 	wth_valence_txt_2: autoDraw = False
38.2839 	EXP 	wth_self_txt_2: autoDraw = False
38.2839 	EXP 	wth_self_rating_2: autoDraw = False
38.2839 	EXP 	wth_image_2: autoDraw = True
38.2839 	EXP 	wth_text_4: autoDraw = True
38.3367 	DATA 	Mouse:  Left button up, pos=(989,85)
41.7360 	EXP 	New trial (rep=1, index=0): None
41.7368 	DATA 	Keypress: y
41.7507 	EXP 	wth_image_2: autoDraw = False
41.7507 	EXP 	wth_text_4: autoDraw = False
41.7507 	EXP 	wth_background_inst: autoDraw = True
42.7506 	EXP 	wth_text: autoDraw = True
44.7500 	EXP 	wth_text: autoDraw = False
46.7342 	EXP 	window1: mouseVisible = False
46.7498 	EXP 	wth_background_inst: autoDraw = False
46.7498 	EXP 	wth_background_inst: autoDraw = False
46.7498 	EXP 	wth_text: autoDraw = False
46.7498 	EXP 	wth_background_6: autoDraw = True
46.7498 	EXP 	wth_think_instr_2: autoDraw = True
46.7498 	EXP 	wth_think_cross_2: autoDraw = True
48.6683 	DATA 	Mouse: Left button down, pos=(977,178)
48.8185 	DATA 	Mouse:  Left button up, pos=(977,178)
49.1023 	DATA 	Keypress: space
51.7337 	EXP 	window1: mouseVisible = True
51.7338 	EXP 	window1: mouseVisible = True
51.7493 	EXP 	wth_background_6: autoDraw = False
51.7493 	EXP 	wth_think_instr_2: autoDraw = False
51.7493 	EXP 	wth_think_cross_2: autoDraw = False
51.7493 	EXP 	wth_background_6: autoDraw = False
51.7493 	EXP 	wth_think_instr_2: autoDraw = False
51.7493 	EXP 	wth_think_cross_2: autoDraw = False
51.7493 	EXP 	image_2: autoDraw = True
51.7493 	EXP 	wth_word_instr_4: autoDraw = True
57.1462 	EXP 	image_2: autoDraw = False
57.1462 	EXP 	wth_word_instr_4: autoDraw = False
57.1462 	EXP 	wth_word_typed_2: height = 0.07
57.1462 	EXP 	wth_word_typed_2: height = 0.07
57.1462 	EXP 	wth_word_typed_2: height = 0.07
57.1462 	EXP 	wth_word_typed_2: text = 'njnj'
57.1462 	EXP 	wth_valence_rating_2: markerPos = None
57.1462 	EXP 	wth_valence_rating_2: markerPos = None
57.1462 	EXP 	wth_self_rating_2: markerPos = None
57.1462 	EXP 	wth_self_rating_2: markerPos = None
57.1462 	EXP 	wth_background_7: autoDraw = True
57.1462 	EXP 	wth_word_typed_2: autoDraw = True
57.1462 	EXP 	wth_valence_rating_2: autoDraw = True
57.1462 	EXP 	wth_valence_txt_2: autoDraw = True
57.1462 	EXP 	wth_self_txt_2: autoDraw = True
57.1462 	EXP 	wth_self_rating_2: autoDraw = True
66.0482 	DATA 	Mouse: Left button down, pos=(568,430)
66.0620 	EXP 	wth_valence_rating_2: markerPos = 0.6090534979423867
66.0787 	EXP 	wth_valence_rating_2: markerPos = 0.6090534979423867
66.1114 	EXP 	wth_valence_rating_2: markerPos = 0.6090534979423867
66.1287 	EXP 	wth_valence_rating_2: markerPos = 0.6090534979423867
66.1458 	EXP 	wth_valence_rating_2: markerPos = 0.6090534979423867
66.1620 	EXP 	wth_valence_rating_2: markerPos = 0.6090534979423867
66.1685 	DATA 	Mouse:  Left button up, pos=(568,430)
66.1791 	EXP 	wth_valence_rating_2: markerPos = 0.6090534979423867
66.1956 	EXP 	wth_valence_rating_2: markerPos = 0.6090534979423867
67.0355 	DATA 	Mouse: Left button down, pos=(1461,385)
67.2178 	DATA 	Mouse:  Left button up, pos=(1461,385)
68.0559 	DATA 	Mouse: Left button down, pos=(1456,422)
68.0779 	EXP 	wth_self_rating_2: markerPos = 0.40946502057613166
68.0953 	EXP 	wth_self_rating_2: markerPos = 0.40946502057613166
68.1117 	EXP 	wth_self_rating_2: markerPos = 0.40946502057613166
68.1286 	EXP 	wth_self_rating_2: markerPos = 0.40946502057613166
68.1453 	EXP 	wth_self_rating_2: markerPos = 0.40946502057613166
68.1617 	EXP 	wth_self_rating_2: markerPos = 0.40946502057613166
68.1785 	EXP 	wth_self_rating_2: markerPos = 0.40946502057613166
68.1951 	EXP 	wth_self_rating_2: markerPos = 0.40946502057613166
68.2120 	EXP 	wth_self_rating_2: markerPos = 0.40946502057613166
68.2213 	DATA 	Mouse:  Left button up, pos=(1456,422)
68.2287 	EXP 	wth_self_rating_2: markerPos = 0.40946502057613166
68.2450 	EXP 	wth_self_rating_2: markerPos = 0.40946502057613166
68.9967 	DATA 	Mouse: Left button down, pos=(942,84)
69.0139 	EXP 	wth_background_7: autoDraw = False
69.0139 	EXP 	wth_word_typed_2: autoDraw = False
69.0139 	EXP 	wth_valence_rating_2: autoDraw = False
69.0139 	EXP 	wth_valence_txt_2: autoDraw = False
69.0139 	EXP 	wth_self_txt_2: autoDraw = False
69.0139 	EXP 	wth_self_rating_2: autoDraw = False
69.0139 	EXP 	wth_image_2: autoDraw = True
69.0139 	EXP 	wth_text_4: autoDraw = True
69.1156 	DATA 	Mouse:  Left button up, pos=(942,84)
70.6372 	DATA 	Keypress: n
70.6461 	EXP 	wth_image_2: autoDraw = False
70.6461 	EXP 	wth_text_4: autoDraw = False
70.6461 	EXP 	wth_background_inst_2: autoDraw = True
70.6461 	EXP 	wth_text_2: autoDraw = True
71.5322 	DATA 	Mouse: Left button down, pos=(945,186)
71.7015 	DATA 	Keypress: space
71.7125 	EXP 	wth_background_inst_2: autoDraw = False
71.7125 	EXP 	wth_text_2: autoDraw = False
71.7125 	EXP 	image_3: autoDraw = True
71.7651 	DATA 	Mouse:  Left button up, pos=(945,186)
72.6967 	EXP 	text_2: autoDraw = True
74.6962 	EXP 	text_2: autoDraw = False
75.6970 	EXP 	Created sequence: sequential, trialTypes=1, nReps=4, seed=None
75.6973 	EXP 	New trial (rep=0, index=0): None
75.6974 	EXP 	window1: mouseVisible = False
75.7291 	EXP 	image_3: autoDraw = False
75.7291 	EXP 	text_2: autoDraw = False
75.7291 	EXP 	wth_background: autoDraw = True
75.7291 	EXP 	wth_think_instr: autoDraw = True
75.7291 	EXP 	wth_think_cross: autoDraw = True
76.6316 	DATA 	Keypress: space
80.7134 	EXP 	window1: mouseVisible = True
80.7601 	EXP 	wth_background: autoDraw = False
80.7601 	EXP 	wth_think_instr: autoDraw = False
80.7601 	EXP 	wth_think_cross: autoDraw = False
80.7601 	EXP 	wth_background: autoDraw = False
80.7601 	EXP 	wth_think_instr: autoDraw = False
80.7601 	EXP 	wth_think_cross: autoDraw = False
80.7601 	EXP 	wth_word_instr: font = 'Noto Sans KR'
80.7601 	EXP 	wth_background_2: autoDraw = True
80.7601 	EXP 	wth_word_instr: autoDraw = True
80.7601 	EXP 	wth_word_instr: height = 0.07
80.7601 	EXP 	wth_word_instr: height = 0.07
80.7601 	EXP 	wth_word_instr: height = 0.07
80.7601 	EXP 	wth_word_instr: text = '지금 무슨 생각을 하고 있는지\n단어나 구로 입력해주세요.'
81.8955 	EXP 	window1: mouseVisible = True
