2.5410 	WARNING 	We strongly recommend you activate the PTB sound engine in PsychoPy prefs as the preferred audio engine. Its timing is vastly superior. Your prefs are currently set to use ['sounddevice', 'PTB', 'pyo', 'pygame'] (in that order).
7.1178 	EXP 	Created window1 = Window(allowGUI=True, allowStencil=False, autoLog=True, backendConf=UNKNOWN, bitsMode=UNKNOWN, blendMode='avg', bpc=(8, 8, 8), color=array([0.0039, 0.0039, 0.0039]), colorSpace='rgb', depthBits=8, fullscr=<method-wrapper '__getattribute__' of attributeSetter object at 0x000002298A2D3EB0>, gamma=None, gammaErrorPolicy='raise', lms=UNKNOWN, monitor=<psychopy.monitors.calibTools.Monitor object at 0x000002298B270370>, multiSample=False, name='window1', numSamples=2, pos=(0, 0), screen=0, size=array([1920, 1080]), stencilBits=0, stereo=False, units='height', useFBO=True, useRetina=False, viewOri=0.0, viewPos=None, viewScale=None, waitBlanking=True, winType='pyglet')
7.1180 	EXP 	window1: mouseVisible = True
7.1180 	EXP 	window1: mouseVisible = True
7.1181 	EXP 	window1: Attempting to measure frame rate of screen (0) ...
7.1181 	EXP 	window1: recordFrameIntervals = False
7.2836 	EXP 	window1: recordFrameIntervals = True
7.4670 	EXP 	Screen (0) actual frame rate measured at 60.34Hz
7.4670 	EXP 	window1: recordFrameIntervals = False
7.4958 	WARNING 	launchHubServer: If using the iohub mouse or eyetracker devices, fullScr should be True.
9.1358 	EXP 	Created wth_inst_image = ImageStim(__class__=<class 'psychopy.visual.image.ImageStim'>, anchor=('center', 'center'), autoLog=True, color=array([1, 1, 1]), colorSpace='rgb', contrast=1.0, depth=0.0, flipHoriz=False, flipVert=False, image='fis_artwork/general_instruction.png', interpolate=True, mask=None, maskParams=None, name='wth_inst_image', opacity=1.0, ori=0.0, pos=array([0., 0.]), size=array([1920., 1080.]), texRes=128.0, units='pix', win=Window(...))
9.2742 	EXP 	Created wth_movie = MovieStim3(__class__=<class 'psychopy.visual.movie3.MovieStim3'>, anchor=('center', 'center'), autoLog=True, color=UNKNOWN, colorSpace=UNKNOWN, depth=0.0, filename='ins/weather_intro.mp4', flipHoriz=False, flipVert=False, fps=UNKNOWN, interpolate=True, loop=False, name='wth_movie', noAudio=False, opacity=1, ori=method-wrapper(...), pos=array([0., 0.]), size=None, units='pix', vframe_callback=UNKNOWN, volume=UNKNOWN, win=Window(...))
11.5127 	WARNING 	2.2384122000003117: Video catchup needed, advancing self._nextFrameT from 0.0 to 0.041666666666666664
11.5127 	WARNING 	2.2384431999998924: Video catchup needed, advancing self._nextFrameT from 0.041666666666666664 to 0.08333333333333333
11.5127 	WARNING 	2.2384534000011627: Video catchup needed, advancing self._nextFrameT from 0.08333333333333333 to 0.125
11.5127 	WARNING 	2.2384626000020944: Video catchup needed, advancing self._nextFrameT from 0.125 to 0.16666666666666666
11.5127 	WARNING 	2.2384716000015032: Video catchup needed, advancing self._nextFrameT from 0.16666666666666666 to 0.20833333333333331
11.5127 	WARNING 	2.2384808999995585: Video catchup needed, advancing self._nextFrameT from 0.20833333333333331 to 0.24999999999999997
11.5127 	WARNING 	2.2384898999989673: Video catchup needed, advancing self._nextFrameT from 0.24999999999999997 to 0.29166666666666663
11.5127 	WARNING 	2.2384985999997298: Video catchup needed, advancing self._nextFrameT from 0.29166666666666663 to 0.3333333333333333
11.5127 	WARNING 	2.238507199999731: Video catchup needed, advancing self._nextFrameT from 0.3333333333333333 to 0.375
11.5128 	WARNING 	2.238516100002016: Video catchup needed, advancing self._nextFrameT from 0.375 to 0.4166666666666667
11.5128 	WARNING 	Max reportNDroppedFrames reached, will not log any more dropped frames
11.7798 	EXP 	Created wth_inst_text = TextStim(__class__=<class 'psychopy.visual.text.TextStim'>, alignHoriz=method-wrapper(...), alignText='center', alignVert=method-wrapper(...), anchorHoriz='center', anchorVert='center', antialias=True, autoDraw=False, autoLog=True, bold=False, color=array([-1, -1, -1]), colorSpace='rgb', contrast=1.0, depth=-1.0, flipHoriz=False, flipVert=False, font='Noto Sans KR', fontFiles=[], height=0.05, italic=False, languageStyle='LTR', name='wth_inst_text', opacity=1.0, ori=0.0, pos=array([ 0. , -0.4]), rgb=UNKNOWN, text='스페이스로 넘어가세요', units='height', win=Window(...), wrapWidth=1)
12.4115 	EXP 	Created wth_background_inst = ImageStim(__class__=<class 'psychopy.visual.image.ImageStim'>, anchor=('center', 'center'), autoLog=True, color=array([1, 1, 1]), colorSpace='rgb', contrast=1.0, depth=0.0, flipHoriz=False, flipVert=False, image=str(...), interpolate=True, mask=None, maskParams=None, name='wth_background_inst', opacity=1.0, ori=0.0, pos=array([0., 0.]), size=array([1920., 1080.]), texRes=128.0, units='pix', win=Window(...))
12.4347 	EXP 	Created wth_text = TextStim(__class__=<class 'psychopy.visual.text.TextStim'>, alignHoriz=method-wrapper(...), alignText='center', alignVert=method-wrapper(...), anchorHoriz='center', anchorVert='center', antialias=True, autoDraw=False, autoLog=True, bold=False, color=array([-1, -1, -1]), colorSpace='rgb', contrast=1.0, depth=-1.0, flipHoriz=False, flipVert=False, font='Noto Sans KR', fontFiles=[], height=0.07, italic=False, languageStyle='LTR', name='wth_text', opacity=1.0, ori=0.0, pos=array([0., 0.]), rgb=UNKNOWN, text='단어연상 연습이 시작됩니다.', units='height', win=Window(...), wrapWidth=1)
13.1311 	EXP 	Created wth_background_6 = ImageStim(__class__=<class 'psychopy.visual.image.ImageStim'>, anchor=('center', 'center'), autoLog=True, color=array([1, 1, 1]), colorSpace='rgb', contrast=1.0, depth=0.0, flipHoriz=False, flipVert=False, image=str(...), interpolate=True, mask=None, maskParams=None, name='wth_background_6', opacity=1.0, ori=0.0, pos=array([0., 0.]), size=array([1920., 1080.]), texRes=128.0, units='pix', win=Window(...))
13.1411 	EXP 	Created wth_think_instr_2 = TextStim(__class__=<class 'psychopy.visual.text.TextStim'>, alignHoriz=method-wrapper(...), alignText='center', alignVert=method-wrapper(...), anchorHoriz='center', anchorVert='center', antialias=True, autoDraw=False, autoLog=True, bold=False, color=array([-1, -1, -1]), colorSpace='rgb', contrast=1.0, depth=-2.0, flipHoriz=False, flipVert=False, font='Noto Sans KR', fontFiles=[], height=0.07, italic=False, languageStyle='LTR', name='wth_think_instr_2', opacity=1.0, ori=0.0, pos=array([0. , 0.2]), rgb=UNKNOWN, text='자유롭게 생각하세요.', units='height', win=Window(...), wrapWidth=1)
13.1527 	EXP 	Created wth_think_cross_2 = ShapeStim(__class__=<class 'psychopy.visual.shape.ShapeStim'>, anchor=('center', 'center'), autoDraw=False, autoLog=True, closeShape=True, color=method-wrapper(...), colorSpace='rgb', contrast=None, depth=-3.0, fillColor=array([-1, -1, -1]), fillColorSpace='rgb', fillRGB=array([-1, -1, -1]), interpolate=True, lineColor=array([-1, -1, -1]), lineColorSpace='rgb', lineRGB=array([-1, -1, -1]), lineWidth=0.1, name='wth_think_cross_2', opacity=1.0, ori=0.0, pos=array([0., 0.]), size=array([0.07, 0.07]), units='height', vertices=ndarray(...), win=Window(...), windingRule=None)
13.8592 	EXP 	Created wth_word_back = ImageStim(__class__=<class 'psychopy.visual.image.ImageStim'>, anchor=('center', 'center'), autoLog=True, color=array([1, 1, 1]), colorSpace='rgb', contrast=1.0, depth=0.0, flipHoriz=False, flipVert=False, image=str(...), interpolate=True, mask=None, maskParams=None, name='wth_word_back', opacity=1.0, ori=0.0, pos=array([0., 0.]), size=array([1920., 1080.]), texRes=128.0, units='pix', win=Window(...))
13.8862 	EXP 	Created wth_word_instr_4 = TextStim(__class__=<class 'psychopy.visual.text.TextStim'>, alignHoriz=method-wrapper(...), alignText='center', alignVert=method-wrapper(...), anchorHoriz='center', anchorVert='center', antialias=True, autoDraw=False, autoLog=True, bold=False, color=array([-1, -1, -1]), colorSpace='rgb', contrast=1.0, depth=-1.0, flipHoriz=False, flipVert=False, font='Noto Sans KR', fontFiles=[], height=0.07, italic=False, languageStyle='LTR', name='wth_word_instr_4', opacity=1.0, ori=0.0, pos=array([0.  , 0.25]), rgb=UNKNOWN, text='지금 무슨 생각을 하고 있는지\n단어나 구로 입력해주세요.', units='height', win=Window(...), wrapWidth=1)
14.5722 	EXP 	Created wth_background_7 = ImageStim(__class__=<class 'psychopy.visual.image.ImageStim'>, anchor=('center', 'center'), autoLog=True, color=array([1, 1, 1]), colorSpace='rgb', contrast=1.0, depth=0.0, flipHoriz=False, flipVert=False, image=str(...), interpolate=True, mask=None, maskParams=None, name='wth_background_7', opacity=1.0, ori=0.0, pos=array([0., 0.]), size=array([1920., 1080.]), texRes=128.0, units='pix', win=Window(...))
14.5728 	EXP 	Created wth_word_typed_2 = TextStim(__class__=<class 'psychopy.visual.text.TextStim'>, alignHoriz=method-wrapper(...), alignText='center', alignVert=method-wrapper(...), anchorHoriz='center', anchorVert='center', antialias=True, autoDraw=False, autoLog=True, bold=False, color=array([-1, -1, -1]), colorSpace='rgb', contrast=1.0, depth=-1.0, flipHoriz=False, flipVert=False, font='Noto Sans KR', fontFiles=[], height=0.07, italic=False, languageStyle='LTR', name='wth_word_typed_2', opacity=1.0, ori=0.0, pos=array([0. , 0.2]), rgb=UNKNOWN, text='', units='height', win=Window(...), wrapWidth=1)
14.5763 	EXP 	window1: mouseVisible = True
14.6319 	EXP 	Created wth_valence_rating_2 = Slider(__class__=<class 'psychopy.visual.slider.Slider'>, autoDraw=False, autoLog=True, borderColor=None, color=None, colorSpace='rgb', depth=-2, fillColor=None, flip=False, font='Noto Sans KR', granularity=0.0, labelColor=None, labelHeight=0.03, labelWrapWidth=None, labels=('부정', '중립', '긍정'), lineColor=None, markerColor=None, name='wth_valence_rating_2', opacity=None, ori=0.0, pos=array([-0.5, -0.1]), readOnly=False, self=UNKNOWN, size=array([0.45, 0.05]), startValue=None, style='rating', styleTweaks=[], ticks=array([-1,  0,  1]), units='height', win=Window(...))
14.6445 	EXP 	Created wth_valence_txt_2 = TextStim(__class__=<class 'psychopy.visual.text.TextStim'>, alignHoriz=method-wrapper(...), alignText='center', alignVert=method-wrapper(...), anchorHoriz='center', anchorVert='center', antialias=True, autoDraw=False, autoLog=True, bold=False, color=array([-1, -1, -1]), colorSpace='rgb', contrast=1.0, depth=-3.0, flipHoriz=False, flipVert=False, font='Noto Sans KR', fontFiles=[], height=0.04, italic=False, languageStyle='LTR', name='wth_valence_txt_2', opacity=1.0, ori=0.0, pos=array([-0.5 , -0.02]), rgb=UNKNOWN, text='단어에서 느껴지는 감정', units='height', win=Window(...), wrapWidth=1)
14.6553 	EXP 	Created wth_self_txt_2 = TextStim(__class__=<class 'psychopy.visual.text.TextStim'>, alignHoriz=method-wrapper(...), alignText='center', alignVert=method-wrapper(...), anchorHoriz='center', anchorVert='center', antialias=True, autoDraw=False, autoLog=True, bold=False, color=array([-1, -1, -1]), colorSpace='rgb', contrast=1.0, depth=-4.0, flipHoriz=False, flipVert=False, font='Noto Sans KR', fontFiles=[], height=0.04, italic=False, languageStyle='LTR', name='wth_self_txt_2', opacity=1.0, ori=0.0, pos=array([ 0.5 , -0.02]), rgb=UNKNOWN, text='단어가 자신과 관련이 있는 정도', units='height', win=Window(...), wrapWidth=1)
14.6568 	EXP 	window1: mouseVisible = True
14.7435 	EXP 	Created wth_self_rating_2 = Slider(__class__=<class 'psychopy.visual.slider.Slider'>, autoDraw=False, autoLog=True, borderColor=None, color=None, colorSpace='rgb', depth=-5, fillColor=None, flip=False, font='Noto Sans KR', granularity=0.0, labelColor=None, labelHeight=0.03, labelWrapWidth=None, labels=('전혀 나와 관련 없음', '나와 관련 매우 많음'), lineColor=None, markerColor=None, name='wth_self_rating_2', opacity=None, ori=0.0, pos=array([ 0.5, -0.1]), readOnly=False, self=UNKNOWN, size=array([0.45, 0.05]), startValue=None, style='rating', styleTweaks=[], ticks=array([0, 1]), units='height', win=Window(...))
14.7795 	EXP 	window1: mouseVisible = True
15.4243 	EXP 	Created wth_image_2 = ImageStim(__class__=<class 'psychopy.visual.image.ImageStim'>, anchor=('center', 'center'), autoLog=True, color=array([1, 1, 1]), colorSpace='rgb', contrast=1.0, depth=0.0, flipHoriz=False, flipVert=False, image=str(...), interpolate=True, mask=None, maskParams=None, name='wth_image_2', opacity=1.0, ori=0.0, pos=array([0., 0.]), size=array([1920., 1080.]), texRes=128.0, units='pix', win=Window(...))
15.4464 	EXP 	Created wth_text_4 = TextStim(__class__=<class 'psychopy.visual.text.TextStim'>, alignHoriz=method-wrapper(...), alignText='center', alignVert=method-wrapper(...), anchorHoriz='center', anchorVert='center', antialias=True, autoDraw=False, autoLog=True, bold=False, color=array([-1, -1, -1]), colorSpace='rgb', contrast=1.0, depth=-1.0, flipHoriz=False, flipVert=False, font='Noto Sans KR', fontFiles=[], height=0.07, italic=False, languageStyle='LTR', name='wth_text_4', opacity=1.0, ori=0.0, pos=array([0., 0.]), rgb=UNKNOWN, text='넘어가시겠습니까?\n\n넘어가기 : Y\n다시연습 : N\n', units='height', win=Window(...), wrapWidth=1)
16.1005 	EXP 	Created wth_background_inst_2 = ImageStim(__class__=<class 'psychopy.visual.image.ImageStim'>, anchor=('center', 'center'), autoLog=True, color=array([1, 1, 1]), colorSpace='rgb', contrast=1.0, depth=0.0, flipHoriz=False, flipVert=False, image=str(...), interpolate=True, mask=None, maskParams=None, name='wth_background_inst_2', opacity=1.0, ori=0.0, pos=array([0., 0.]), size=array([1920., 1080.]), texRes=128.0, units='pix', win=Window(...))
16.1333 	EXP 	Created wth_text_2 = TextStim(__class__=<class 'psychopy.visual.text.TextStim'>, alignHoriz=method-wrapper(...), alignText='center', alignVert=method-wrapper(...), anchorHoriz='center', anchorVert='center', antialias=True, autoDraw=False, autoLog=True, bold=False, color=array([-1, -1, -1]), colorSpace='rgb', contrast=1.0, depth=-1.0, flipHoriz=False, flipVert=False, font='Noto Sans KR', fontFiles=[], height=0.07, italic=False, languageStyle='LTR', name='wth_text_2', opacity=1.0, ori=0.0, pos=array([0., 0.]), rgb=UNKNOWN, text=str(...), units='height', win=Window(...), wrapWidth=1)
16.7519 	EXP 	Created wth_begin_background = ImageStim(__class__=<class 'psychopy.visual.image.ImageStim'>, anchor=('center', 'center'), autoLog=True, color=array([1, 1, 1]), colorSpace='rgb', contrast=1.0, depth=0.0, flipHoriz=False, flipVert=False, image=str(...), interpolate=True, mask=None, maskParams=None, name='wth_begin_background', opacity=1.0, ori=0.0, pos=array([0., 0.]), size=array([1920., 1080.]), texRes=128.0, units='pix', win=Window(...))
16.7536 	EXP 	Created wth_begin_text = TextStim(__class__=<class 'psychopy.visual.text.TextStim'>, alignHoriz=method-wrapper(...), alignText='center', alignVert=method-wrapper(...), anchorHoriz='center', anchorVert='center', antialias=True, autoDraw=False, autoLog=True, bold=False, color=array([-1, -1, -1]), colorSpace='rgb', contrast=1.0, depth=-1.0, flipHoriz=False, flipVert=False, font='Noto Sans KR', fontFiles=[], height=0.07, italic=False, languageStyle='LTR', name='wth_begin_text', opacity=1.0, ori=0.0, pos=array([0., 0.]), rgb=UNKNOWN, text='시작', units='height', win=Window(...), wrapWidth=1)
17.3697 	EXP 	Created wth_background = ImageStim(__class__=<class 'psychopy.visual.image.ImageStim'>, anchor=('center', 'center'), autoLog=True, color=array([1, 1, 1]), colorSpace='rgb', contrast=1.0, depth=0.0, flipHoriz=False, flipVert=False, image=str(...), interpolate=True, mask=None, maskParams=None, name='wth_background', opacity=1.0, ori=0.0, pos=array([0., 0.]), size=array([1920., 1080.]), texRes=128.0, units='pix', win=Window(...))
17.3998 	EXP 	Created wth_think_instr = TextStim(__class__=<class 'psychopy.visual.text.TextStim'>, alignHoriz=method-wrapper(...), alignText='center', alignVert=method-wrapper(...), anchorHoriz='center', anchorVert='center', antialias=True, autoDraw=False, autoLog=True, bold=False, color=array([-1, -1, -1]), colorSpace='rgb', contrast=1.0, depth=-2.0, flipHoriz=False, flipVert=False, font='Noto Sans KR', fontFiles=[], height=0.07, italic=False, languageStyle='LTR', name='wth_think_instr', opacity=1.0, ori=0.0, pos=array([0. , 0.2]), rgb=UNKNOWN, text='자유롭게 생각하세요.', units='height', win=Window(...), wrapWidth=1)
17.4011 	EXP 	Created wth_think_cross = ShapeStim(__class__=<class 'psychopy.visual.shape.ShapeStim'>, anchor=('center', 'center'), autoDraw=False, autoLog=True, closeShape=True, color=method-wrapper(...), colorSpace='rgb', contrast=None, depth=-3.0, fillColor=array([-1, -1, -1]), fillColorSpace='rgb', fillRGB=array([-1, -1, -1]), interpolate=True, lineColor=array([-1, -1, -1]), lineColorSpace='rgb', lineRGB=array([-1, -1, -1]), lineWidth=0.1, name='wth_think_cross', opacity=1.0, ori=0.0, pos=array([0., 0.]), size=array([0.07, 0.07]), units='height', vertices=ndarray(...), win=Window(...), windingRule=None)
17.9907 	EXP 	Created wth_background_2 = ImageStim(__class__=<class 'psychopy.visual.image.ImageStim'>, anchor=('center', 'center'), autoLog=True, color=array([1, 1, 1]), colorSpace='rgb', contrast=1.0, depth=0.0, flipHoriz=False, flipVert=False, image=str(...), interpolate=True, mask=None, maskParams=None, name='wth_background_2', opacity=1.0, ori=0.0, pos=array([0., 0.]), size=array([1920., 1080.]), texRes=128.0, units='pix', win=Window(...))
18.0091 	EXP 	Created wth_word_instr = TextStim(__class__=<class 'psychopy.visual.text.TextStim'>, alignHoriz=method-wrapper(...), alignText='center', alignVert=method-wrapper(...), anchorHoriz='center', anchorVert='center', antialias=True, autoDraw=False, autoLog=True, bold=False, color=array([-1, -1, -1]), colorSpace='rgb', contrast=1.0, depth=-1.0, flipHoriz=False, flipVert=False, font='Arial', fontFiles=[], height=0.07, italic=False, languageStyle='LTR', name='wth_word_instr', opacity=1.0, ori=0.0, pos=array([0.  , 0.25]), rgb=UNKNOWN, text='지금 무슨 생각을 하고 있는지\n단어나 구로 입력해주세요.', units='height', win=Window(...), wrapWidth=1)
18.6808 	EXP 	Created wth_background_3 = ImageStim(__class__=<class 'psychopy.visual.image.ImageStim'>, anchor=('center', 'center'), autoLog=True, color=array([1, 1, 1]), colorSpace='rgb', contrast=1.0, depth=0.0, flipHoriz=False, flipVert=False, image=str(...), interpolate=True, mask=None, maskParams=None, name='wth_background_3', opacity=1.0, ori=0.0, pos=array([0., 0.]), size=array([1920., 1080.]), texRes=128.0, units='pix', win=Window(...))
18.6821 	EXP 	Created wth_word_typed = TextStim(__class__=<class 'psychopy.visual.text.TextStim'>, alignHoriz=method-wrapper(...), alignText='center', alignVert=method-wrapper(...), anchorHoriz='center', anchorVert='center', antialias=True, autoDraw=False, autoLog=True, bold=False, color=array([-1, -1, -1]), colorSpace='rgb', contrast=1.0, depth=-1.0, flipHoriz=False, flipVert=False, font='Noto Sans KR', fontFiles=[], height=0.1, italic=False, languageStyle='LTR', name='wth_word_typed', opacity=1.0, ori=0.0, pos=array([0. , 0.2]), rgb=UNKNOWN, text='', units='height', win=Window(...), wrapWidth=1)
18.6837 	EXP 	window1: mouseVisible = True
18.7275 	EXP 	Created wth_valence_rating = Slider(__class__=<class 'psychopy.visual.slider.Slider'>, autoDraw=False, autoLog=True, borderColor=None, color=None, colorSpace='rgb', depth=-2, fillColor=None, flip=False, font='Noto Sans KR', granularity=0.0, labelColor=None, labelHeight=0.03, labelWrapWidth=None, labels=('부정', '중립', '긍정'), lineColor=None, markerColor=None, name='wth_valence_rating', opacity=None, ori=0.0, pos=array([-0.5, -0.1]), readOnly=False, self=UNKNOWN, size=array([0.45, 0.05]), startValue=None, style='rating', styleTweaks=[], ticks=array([-1,  0,  1]), units='height', win=Window(...))
18.7362 	EXP 	Created wth_valence_txt = TextStim(__class__=<class 'psychopy.visual.text.TextStim'>, alignHoriz=method-wrapper(...), alignText='center', alignVert=method-wrapper(...), anchorHoriz='center', anchorVert='center', antialias=True, autoDraw=False, autoLog=True, bold=False, color=array([-1, -1, -1]), colorSpace='rgb', contrast=1.0, depth=-3.0, flipHoriz=False, flipVert=False, font='Noto Sans KR', fontFiles=[], height=0.04, italic=False, languageStyle='LTR', name='wth_valence_txt', opacity=1.0, ori=0.0, pos=array([-0.5 , -0.02]), rgb=UNKNOWN, text='단어에서 느껴지는 감정', units='height', win=Window(...), wrapWidth=1)
18.7432 	EXP 	Created wth_self_txt = TextStim(__class__=<class 'psychopy.visual.text.TextStim'>, alignHoriz=method-wrapper(...), alignText='center', alignVert=method-wrapper(...), anchorHoriz='center', anchorVert='center', antialias=True, autoDraw=False, autoLog=True, bold=False, color=array([-1, -1, -1]), colorSpace='rgb', contrast=1.0, depth=-4.0, flipHoriz=False, flipVert=False, font='Noto Sans KR', fontFiles=[], height=0.04, italic=False, languageStyle='LTR', name='wth_self_txt', opacity=1.0, ori=0.0, pos=array([ 0.5 , -0.02]), rgb=UNKNOWN, text='단어가 자신과 관련이 있는 정도', units='height', win=Window(...), wrapWidth=1)
18.7448 	EXP 	window1: mouseVisible = True
18.7657 	EXP 	Created wth_self_rating = Slider(__class__=<class 'psychopy.visual.slider.Slider'>, autoDraw=False, autoLog=True, borderColor=None, color=None, colorSpace='rgb', depth=-5, fillColor=None, flip=False, font='Noto Sans KR', granularity=0.0, labelColor=None, labelHeight=0.03, labelWrapWidth=None, labels=('전혀 나와 관련 없음', '나와 관련 매우 많음'), lineColor=None, markerColor=None, name='wth_self_rating', opacity=None, ori=0.0, pos=array([ 0.5, -0.1]), readOnly=False, self=UNKNOWN, size=array([0.45, 0.05]), startValue=None, style='rating', styleTweaks=[], ticks=array([0, 1]), units='height', win=Window(...))
18.7700 	EXP 	window1: mouseVisible = True
19.3713 	EXP 	Created wth_end_image = ImageStim(__class__=<class 'psychopy.visual.image.ImageStim'>, anchor=('center', 'center'), autoLog=True, color=array([1, 1, 1]), colorSpace='rgb', contrast=1.0, depth=0.0, flipHoriz=False, flipVert=False, image=str(...), interpolate=True, mask=None, maskParams=None, name='wth_end_image', opacity=1.0, ori=0.0, pos=array([0., 0.]), size=array([1920., 1080.]), texRes=128.0, units='pix', win=Window(...))
19.4163 	EXP 	Created exp_end_text = TextStim(__class__=<class 'psychopy.visual.text.TextStim'>, alignHoriz=method-wrapper(...), alignText='center', alignVert=method-wrapper(...), anchorHoriz='center', anchorVert='center', antialias=True, autoDraw=False, autoLog=True, bold=False, color=array([-1, -1, -1]), colorSpace='rgb', contrast=1.0, depth=-1.0, flipHoriz=False, flipVert=False, font='Noto Sans KR', fontFiles=[], height=0.07, italic=False, languageStyle='LTR', name='exp_end_text', opacity=1.0, ori=0.0, pos=array([0., 0.]), rgb=UNKNOWN, text=str(...), units='height', win=Window(...), wrapWidth=1)
19.4165 	EXP 	window1: mouseVisible = False
19.4337 	EXP 	wth_movie: autoLog = True
19.4337 	EXP 	wth_movie: movie = 'ins/weather_intro.mp4'
19.4337 	EXP 	wth_movie: ori = 0.0
19.4337 	EXP 	wth_valence_rating_2: autoLog = True
19.4337 	EXP 	wth_valence_rating_2: markerPos = None
19.4337 	EXP 	wth_valence_rating_2: styleTweaks = []
19.4337 	EXP 	wth_valence_rating_2: styleTweaks = []
19.4337 	EXP 	wth_valence_rating_2: styleTweaks = []
19.4337 	EXP 	wth_valence_rating_2: styleTweaks = []
19.4337 	EXP 	wth_valence_rating_2: contrast = 1.0
19.4337 	EXP 	wth_valence_rating_2: autoLog = True
19.4337 	EXP 	wth_self_rating_2: autoLog = True
19.4337 	EXP 	wth_self_rating_2: markerPos = None
19.4337 	EXP 	wth_self_rating_2: styleTweaks = []
19.4337 	EXP 	wth_self_rating_2: styleTweaks = []
19.4337 	EXP 	wth_self_rating_2: styleTweaks = []
19.4337 	EXP 	wth_self_rating_2: styleTweaks = []
19.4337 	EXP 	wth_self_rating_2: contrast = 1.0
19.4337 	EXP 	wth_self_rating_2: autoLog = True
19.4337 	EXP 	wth_valence_rating: autoLog = True
19.4337 	EXP 	wth_valence_rating: markerPos = None
19.4337 	EXP 	wth_valence_rating: styleTweaks = []
19.4337 	EXP 	wth_valence_rating: styleTweaks = []
19.4337 	EXP 	wth_valence_rating: styleTweaks = []
19.4337 	EXP 	wth_valence_rating: styleTweaks = []
19.4337 	EXP 	wth_valence_rating: contrast = 1.0
19.4337 	EXP 	wth_valence_rating: autoLog = True
19.4337 	EXP 	wth_self_rating: autoLog = True
19.4337 	EXP 	wth_self_rating: markerPos = None
19.4337 	EXP 	wth_self_rating: styleTweaks = []
19.4337 	EXP 	wth_self_rating: styleTweaks = []
19.4337 	EXP 	wth_self_rating: styleTweaks = []
19.4337 	EXP 	wth_self_rating: styleTweaks = []
19.4337 	EXP 	wth_self_rating: contrast = 1.0
19.4337 	EXP 	wth_self_rating: autoLog = True
19.4337 	EXP 	wth_inst_image: autoDraw = True
20.2173 	EXP 	Created sequence: random, trialTypes=1, nReps=1, seed=None
20.2175 	EXP 	New trial (rep=0, index=0): None
20.2182 	DATA 	Keypress: space
20.2318 	EXP 	wth_inst_image: autoDraw = False
22.2331 	EXP 	wth_movie: autoDraw = True
22.2331 	EXP 	wth_inst_text: autoDraw = True
22.9339 	EXP 	Created sequence: sequential, trialTypes=1, nReps=99, seed=None
22.9342 	EXP 	New trial (rep=0, index=0): None
22.9909 	DATA 	Keypress: space
22.9992 	EXP 	wth_movie: autoDraw = False
22.9992 	EXP 	wth_inst_text: autoDraw = False
22.9992 	EXP 	wth_background_inst: autoDraw = True
23.9332 	EXP 	wth_text: autoDraw = True
25.9331 	EXP 	wth_text: autoDraw = False
28.0322 	EXP 	wth_background_inst: autoDraw = False
28.0322 	EXP 	wth_background_inst: autoDraw = False
28.0322 	EXP 	wth_text: autoDraw = False
28.0322 	EXP 	wth_background_6: autoDraw = True
28.0322 	EXP 	wth_think_instr_2: autoDraw = True
28.0322 	EXP 	wth_think_cross_2: autoDraw = True
33.0169 	EXP 	window1: mouseVisible = True
33.0646 	EXP 	wth_background_6: autoDraw = False
33.0646 	EXP 	wth_think_instr_2: autoDraw = False
33.0646 	EXP 	wth_think_cross_2: autoDraw = False
33.0646 	EXP 	wth_background_6: autoDraw = False
33.0646 	EXP 	wth_think_instr_2: autoDraw = False
33.0646 	EXP 	wth_think_cross_2: autoDraw = False
33.0646 	EXP 	wth_word_back: autoDraw = True
33.0646 	EXP 	wth_word_instr_4: autoDraw = True
36.9958 	EXP 	wth_word_back: autoDraw = False
36.9958 	EXP 	wth_word_instr_4: autoDraw = False
36.9958 	EXP 	wth_word_typed_2: height = 0.07
36.9958 	EXP 	wth_word_typed_2: height = 0.07
36.9958 	EXP 	wth_word_typed_2: height = 0.07
36.9958 	EXP 	wth_word_typed_2: text = 'jjj'
36.9958 	EXP 	wth_valence_rating_2: markerPos = None
36.9958 	EXP 	wth_valence_rating_2: markerPos = None
36.9958 	EXP 	wth_self_rating_2: markerPos = None
36.9958 	EXP 	wth_self_rating_2: markerPos = None
36.9958 	EXP 	wth_background_7: autoDraw = True
36.9958 	EXP 	wth_word_typed_2: autoDraw = True
36.9958 	EXP 	wth_valence_rating_2: autoDraw = True
36.9958 	EXP 	wth_valence_txt_2: autoDraw = True
36.9958 	EXP 	wth_self_txt_2: autoDraw = True
36.9958 	EXP 	wth_self_rating_2: autoDraw = True
37.9814 	DATA 	Mouse: Left button down, pos=(494,463)
38.1207 	DATA 	Mouse:  Left button up, pos=(494,463)
39.2369 	DATA 	Mouse: Left button down, pos=(1570,429)
39.2462 	EXP 	wth_self_rating_2: markerPos = 0.6440329218106996
39.2630 	EXP 	wth_self_rating_2: markerPos = 0.6440329218106996
39.2793 	EXP 	wth_self_rating_2: markerPos = 0.6440329218106996
39.2961 	EXP 	wth_self_rating_2: markerPos = 0.6440329218106996
39.3128 	EXP 	wth_self_rating_2: markerPos = 0.6440329218106996
39.3296 	EXP 	wth_self_rating_2: markerPos = 0.6440329218106996
39.3458 	EXP 	wth_self_rating_2: markerPos = 0.6440329218106996
39.3627 	EXP 	wth_self_rating_2: markerPos = 0.6440329218106996
39.3794 	EXP 	wth_self_rating_2: markerPos = 0.6440329218106996
39.3959 	EXP 	wth_self_rating_2: markerPos = 0.6440329218106996
39.4127 	EXP 	wth_self_rating_2: markerPos = 0.6440329218106996
39.4225 	DATA 	Mouse:  Left button up, pos=(1570,429)
39.4294 	EXP 	wth_self_rating_2: markerPos = 0.6440329218106996
39.4459 	EXP 	wth_self_rating_2: markerPos = 0.6440329218106996
40.3136 	DATA 	Mouse: Left button down, pos=(615,428)
40.3288 	EXP 	wth_valence_rating_2: markerPos = 0.8024691358024691
40.3457 	EXP 	wth_valence_rating_2: markerPos = 0.8024691358024691
40.3625 	EXP 	wth_valence_rating_2: markerPos = 0.8024691358024691
40.3790 	EXP 	wth_valence_rating_2: markerPos = 0.8024691358024691
40.3957 	EXP 	wth_valence_rating_2: markerPos = 0.8024691358024691
40.4124 	EXP 	wth_valence_rating_2: markerPos = 0.8024691358024691
40.4291 	EXP 	wth_valence_rating_2: markerPos = 0.8024691358024691
40.4459 	EXP 	wth_valence_rating_2: markerPos = 0.8024691358024691
40.4626 	EXP 	wth_valence_rating_2: markerPos = 0.8024691358024691
40.4792 	EXP 	wth_valence_rating_2: markerPos = 0.8024691358024691
40.4959 	EXP 	wth_valence_rating_2: markerPos = 0.8024691358024691
40.5123 	EXP 	wth_valence_rating_2: markerPos = 0.8024691358024691
40.5128 	DATA 	Mouse:  Left button up, pos=(615,428)
40.5290 	EXP 	wth_valence_rating_2: markerPos = 0.8024691358024691
41.1980 	DATA 	Mouse: Left button down, pos=(842,292)
41.3690 	DATA 	Mouse:  Left button up, pos=(842,292)
41.5694 	DATA 	Mouse: Left button down, pos=(843,290)
41.7628 	DATA 	Mouse:  Left button up, pos=(843,290)
42.4467 	DATA 	Mouse: Left button down, pos=(972,176)
42.5793 	DATA 	Mouse:  Left button up, pos=(972,176)
42.6976 	DATA 	Mouse: Left button down, pos=(969,164)
42.7849 	DATA 	Mouse:  Left button up, pos=(969,164)
42.9602 	DATA 	Mouse: Left button down, pos=(992,127)
43.3523 	DATA 	Mouse:  Left button up, pos=(951,105)
43.4795 	DATA 	Mouse: Left button down, pos=(951,105)
43.5625 	DATA 	Mouse:  Left button up, pos=(951,105)
43.6796 	DATA 	Mouse: Left button down, pos=(951,105)
43.7570 	DATA 	Mouse:  Left button up, pos=(951,105)
44.1127 	DATA 	Mouse: Left button down, pos=(1124,125)
44.2125 	DATA 	Mouse:  Left button up, pos=(1124,125)
44.4803 	DATA 	Mouse: Left button down, pos=(1083,151)
44.5884 	DATA 	Mouse:  Left button up, pos=(1032,163)
44.7131 	DATA 	Mouse: Left button down, pos=(1021,156)
44.7623 	DATA 	Mouse:  Left button up, pos=(1021,156)
44.9127 	DATA 	Mouse: Left button down, pos=(1021,156)
44.9619 	DATA 	Mouse:  Left button up, pos=(1021,156)
45.4151 	DATA 	Mouse: Left button down, pos=(953,239)
45.5050 	DATA 	Mouse:  Left button up, pos=(953,239)
45.6365 	DATA 	Mouse: Left button down, pos=(953,239)
45.7124 	DATA 	Mouse:  Left button up, pos=(953,239)
46.0674 	DATA 	Keypress: escape
46.7430 	EXP 	window1: mouseVisible = True
