2.3397 	WARNING 	We strongly recommend you activate the PTB sound engine in PsychoPy prefs as the preferred audio engine. Its timing is vastly superior. Your prefs are currently set to use ['sounddevice', 'PTB', 'pyo', 'pygame'] (in that order).
6.5390 	EXP 	Created window1 = Window(allowGUI=True, allowStencil=False, autoLog=True, backendConf=UNKNOWN, bitsMode=UNKNOWN, blendMode='avg', bpc=(8, 8, 8), color=array([0., 0., 0.]), colorSpace='hsv', depthBits=8, fullscr=<method-wrapper '__getattribute__' of attributeSetter object at 0x0000025BBC243E50>, gamma=None, gammaErrorPolicy='raise', lms=UNKNOWN, monitor=<psychopy.monitors.calibTools.Monitor object at 0x0000025BBC62A310>, multiSample=False, name='window1', numSamples=2, pos=(0, 0), screen=0, size=array([1920, 1080]), stencilBits=0, stereo=False, units='height', useFBO=True, useRetina=False, viewOri=0.0, viewPos=None, viewScale=None, waitBlanking=True, winType='pyglet')
6.5391 	EXP 	window1: mouseVisible = True
6.5391 	EXP 	window1: mouseVisible = True
6.5392 	EXP 	window1: Attempting to measure frame rate of screen (0) ...
6.5392 	EXP 	window1: recordFrameIntervals = False
6.7045 	EXP 	window1: recordFrameIntervals = True
6.8877 	EXP 	Screen (0) actual frame rate measured at 60.11Hz
6.8877 	EXP 	window1: recordFrameIntervals = False
6.9163 	WARNING 	launchHubServer: If using the iohub mouse or eyetracker devices, fullScr should be True.
8.5654 	EXP 	Created image = ImageStim(__class__=<class 'psychopy.visual.image.ImageStim'>, anchor=('center', 'center'), autoLog=True, color=array([1, 1, 1]), colorSpace='rgb', contrast=1.0, depth=0.0, flipHoriz=False, flipVert=False, image='fis_artwork/general_instruction.png', interpolate=True, mask=None, maskParams=None, name='image', opacity=1.0, ori=0.0, pos=array([0., 0.]), size=array([1920., 1080.]), texRes=128.0, units='pix', win=Window(...))
8.7100 	EXP 	Created wth_movie = MovieStim3(__class__=<class 'psychopy.visual.movie3.MovieStim3'>, anchor=('center', 'center'), autoLog=True, color=UNKNOWN, colorSpace=UNKNOWN, depth=0.0, filename='ins/weather_intro.mp4', flipHoriz=False, flipVert=False, fps=UNKNOWN, interpolate=True, loop=False, name='wth_movie', noAudio=False, opacity=1, ori=method-wrapper(...), pos=array([0., 0.]), size=None, units='pix', vframe_callback=UNKNOWN, volume=UNKNOWN, win=Window(...))
10.9222 	WARNING 	2.2122129999997924: Video catchup needed, advancing self._nextFrameT from 0.0 to 0.041666666666666664
10.9223 	WARNING 	2.212242900000092: Video catchup needed, advancing self._nextFrameT from 0.041666666666666664 to 0.08333333333333333
10.9223 	WARNING 	2.212253100000453: Video catchup needed, advancing self._nextFrameT from 0.08333333333333333 to 0.125
10.9223 	WARNING 	2.2122620000000097: Video catchup needed, advancing self._nextFrameT from 0.125 to 0.16666666666666666
10.9223 	WARNING 	2.2122706000000107: Video catchup needed, advancing self._nextFrameT from 0.16666666666666666 to 0.20833333333333331
10.9223 	WARNING 	2.212279600000329: Video catchup needed, advancing self._nextFrameT from 0.20833333333333331 to 0.24999999999999997
10.9223 	WARNING 	2.21228820000033: Video catchup needed, advancing self._nextFrameT from 0.24999999999999997 to 0.29166666666666663
10.9223 	WARNING 	2.212296700000479: Video catchup needed, advancing self._nextFrameT from 0.29166666666666663 to 0.3333333333333333
10.9223 	WARNING 	2.212305099999867: Video catchup needed, advancing self._nextFrameT from 0.3333333333333333 to 0.375
10.9223 	WARNING 	2.212313400000312: Video catchup needed, advancing self._nextFrameT from 0.375 to 0.4166666666666667
10.9223 	WARNING 	Max reportNDroppedFrames reached, will not log any more dropped frames
11.1760 	EXP 	Created text = TextStim(__class__=<class 'psychopy.visual.text.TextStim'>, alignHoriz=method-wrapper(...), alignText='center', alignVert=method-wrapper(...), anchorHoriz='center', anchorVert='center', antialias=True, autoDraw=False, autoLog=True, bold=False, color=array([-1, -1, -1]), colorSpace='rgb', contrast=1.0, depth=-1.0, flipHoriz=False, flipVert=False, font='Noto Sans KR', fontFiles=[], height=0.05, italic=False, languageStyle='LTR', name='text', opacity=1.0, ori=0.0, pos=array([ 0. , -0.4]), rgb=UNKNOWN, text='스페이스로 넘어가세요', units='height', win=Window(...), wrapWidth=1)
11.7564 	EXP 	Created wth_background_inst = ImageStim(__class__=<class 'psychopy.visual.image.ImageStim'>, anchor=('center', 'center'), autoLog=True, color=array([1, 1, 1]), colorSpace='rgb', contrast=1.0, depth=0.0, flipHoriz=False, flipVert=False, image=str(...), interpolate=True, mask=None, maskParams=None, name='wth_background_inst', opacity=1.0, ori=0.0, pos=array([0., 0.]), size=array([1920., 1080.]), texRes=128.0, units='pix', win=Window(...))
11.7748 	EXP 	Created wth_text = TextStim(__class__=<class 'psychopy.visual.text.TextStim'>, alignHoriz=method-wrapper(...), alignText='center', alignVert=method-wrapper(...), anchorHoriz='center', anchorVert='center', antialias=True, autoDraw=False, autoLog=True, bold=False, color=array([-1, -1, -1]), colorSpace='rgb', contrast=1.0, depth=-1.0, flipHoriz=False, flipVert=False, font='Noto Sans KR', fontFiles=[], height=0.07, italic=False, languageStyle='LTR', name='wth_text', opacity=1.0, ori=0.0, pos=array([0., 0.]), rgb=UNKNOWN, text='단어연상 연습이 시작됩니다.', units='height', win=Window(...), wrapWidth=1)
12.4212 	EXP 	Created wth_background_6 = ImageStim(__class__=<class 'psychopy.visual.image.ImageStim'>, anchor=('center', 'center'), autoLog=True, color=array([1, 1, 1]), colorSpace='rgb', contrast=1.0, depth=0.0, flipHoriz=False, flipVert=False, image=str(...), interpolate=True, mask=None, maskParams=None, name='wth_background_6', opacity=1.0, ori=0.0, pos=array([0., 0.]), size=array([1920., 1080.]), texRes=128.0, units='pix', win=Window(...))
12.4325 	EXP 	Created wth_think_instr_2 = TextStim(__class__=<class 'psychopy.visual.text.TextStim'>, alignHoriz=method-wrapper(...), alignText='center', alignVert=method-wrapper(...), anchorHoriz='center', anchorVert='center', antialias=True, autoDraw=False, autoLog=True, bold=False, color=array([-1, -1, -1]), colorSpace='rgb', contrast=1.0, depth=-2.0, flipHoriz=False, flipVert=False, font='Noto Sans KR', fontFiles=[], height=0.07, italic=False, languageStyle='LTR', name='wth_think_instr_2', opacity=1.0, ori=0.0, pos=array([0. , 0.3]), rgb=UNKNOWN, text='자유롭게 생각하세요.', units='height', win=Window(...), wrapWidth=1)
12.4408 	EXP 	Created wth_think_cross_2 = ShapeStim(__class__=<class 'psychopy.visual.shape.ShapeStim'>, anchor=('center', 'center'), autoDraw=False, autoLog=True, closeShape=True, color=method-wrapper(...), colorSpace='rgb', contrast=None, depth=-3.0, fillColor=array([-1, -1, -1]), fillColorSpace='rgb', fillRGB=array([-1, -1, -1]), interpolate=True, lineColor=array([-1, -1, -1]), lineColorSpace='rgb', lineRGB=array([-1, -1, -1]), lineWidth=0.1, name='wth_think_cross_2', opacity=1.0, ori=0.0, pos=array([0., 0.]), size=array([0.07, 0.07]), units='height', vertices=ndarray(...), win=Window(...), windingRule=None)
13.0696 	EXP 	Created image_2 = ImageStim(__class__=<class 'psychopy.visual.image.ImageStim'>, anchor=('center', 'center'), autoLog=True, color=array([1, 1, 1]), colorSpace='rgb', contrast=1.0, depth=0.0, flipHoriz=False, flipVert=False, image=str(...), interpolate=True, mask=None, maskParams=None, name='image_2', opacity=1.0, ori=0.0, pos=array([0., 0.]), size=array([1920., 1080.]), texRes=128.0, units='pix', win=Window(...))
13.0913 	EXP 	Created wth_word_instr_4 = TextStim(__class__=<class 'psychopy.visual.text.TextStim'>, alignHoriz=method-wrapper(...), alignText='center', alignVert=method-wrapper(...), anchorHoriz='center', anchorVert='center', antialias=True, autoDraw=False, autoLog=True, bold=False, color=array([-1, -1, -1]), colorSpace='rgb', contrast=1.0, depth=-1.0, flipHoriz=False, flipVert=False, font='Noto Sans KR', fontFiles=[], height=0.07, italic=False, languageStyle='LTR', name='wth_word_instr_4', opacity=1.0, ori=0.0, pos=array([0.  , 0.25]), rgb=UNKNOWN, text='지금 무슨 생각을 하고 있는지\n단어나 구로 입력해주세요.', units='height', win=Window(...), wrapWidth=1)
13.6862 	EXP 	Created wth_background_7 = ImageStim(__class__=<class 'psychopy.visual.image.ImageStim'>, anchor=('center', 'center'), autoLog=True, color=array([1, 1, 1]), colorSpace='rgb', contrast=1.0, depth=0.0, flipHoriz=False, flipVert=False, image=str(...), interpolate=True, mask=None, maskParams=None, name='wth_background_7', opacity=1.0, ori=0.0, pos=array([0., 0.]), size=array([1920., 1080.]), texRes=128.0, units='pix', win=Window(...))
13.6869 	EXP 	Created wth_word_typed_2 = TextStim(__class__=<class 'psychopy.visual.text.TextStim'>, alignHoriz=method-wrapper(...), alignText='center', alignVert=method-wrapper(...), anchorHoriz='center', anchorVert='center', antialias=True, autoDraw=False, autoLog=True, bold=False, color=array([-1, -1, -1]), colorSpace='rgb', contrast=1.0, depth=-1.0, flipHoriz=False, flipVert=False, font='Noto Sans KR', fontFiles=[], height=0.07, italic=False, languageStyle='LTR', name='wth_word_typed_2', opacity=1.0, ori=0.0, pos=array([0. , 0.2]), rgb=UNKNOWN, text='', units='height', win=Window(...), wrapWidth=1)
13.6903 	EXP 	window1: mouseVisible = True
13.7466 	EXP 	Created wth_valence_rating_2 = Slider(__class__=<class 'psychopy.visual.slider.Slider'>, autoDraw=False, autoLog=True, borderColor=None, color=None, colorSpace='rgb', depth=-2, fillColor=None, flip=False, font='Noto Sans KR', granularity=0.0, labelColor=None, labelHeight=0.03, labelWrapWidth=None, labels=('부정', '중립', '긍정'), lineColor=None, markerColor=None, name='wth_valence_rating_2', opacity=None, ori=0.0, pos=array([-0.5, -0.1]), readOnly=False, self=UNKNOWN, size=array([0.45, 0.05]), startValue=None, style='rating', styleTweaks=[], ticks=array([-1,  0,  1]), units='height', win=Window(...))
13.7594 	EXP 	Created wth_valence_txt_2 = TextStim(__class__=<class 'psychopy.visual.text.TextStim'>, alignHoriz=method-wrapper(...), alignText='center', alignVert=method-wrapper(...), anchorHoriz='center', anchorVert='center', antialias=True, autoDraw=False, autoLog=True, bold=False, color=array([-1, -1, -1]), colorSpace='rgb', contrast=1.0, depth=-3.0, flipHoriz=False, flipVert=False, font='Noto Sans KR', fontFiles=[], height=0.04, italic=False, languageStyle='LTR', name='wth_valence_txt_2', opacity=1.0, ori=0.0, pos=array([-0.5 , -0.02]), rgb=UNKNOWN, text='단어에서 느껴지는 감정', units='height', win=Window(...), wrapWidth=1)
13.7692 	EXP 	Created wth_self_txt_2 = TextStim(__class__=<class 'psychopy.visual.text.TextStim'>, alignHoriz=method-wrapper(...), alignText='center', alignVert=method-wrapper(...), anchorHoriz='center', anchorVert='center', antialias=True, autoDraw=False, autoLog=True, bold=False, color=array([-1, -1, -1]), colorSpace='rgb', contrast=1.0, depth=-4.0, flipHoriz=False, flipVert=False, font='Noto Sans KR', fontFiles=[], height=0.04, italic=False, languageStyle='LTR', name='wth_self_txt_2', opacity=1.0, ori=0.0, pos=array([ 0.5 , -0.02]), rgb=UNKNOWN, text='단어가 자신과 관련이 있는 정도', units='height', win=Window(...), wrapWidth=1)
13.7706 	EXP 	window1: mouseVisible = True
13.8567 	EXP 	Created wth_self_rating_2 = Slider(__class__=<class 'psychopy.visual.slider.Slider'>, autoDraw=False, autoLog=True, borderColor=None, color=None, colorSpace='rgb', depth=-5, fillColor=None, flip=False, font='Noto Sans KR', granularity=0.0, labelColor=None, labelHeight=0.03, labelWrapWidth=None, labels=('전혀 나와 관련 없음', '나와 관련 매우 많음'), lineColor=None, markerColor=None, name='wth_self_rating_2', opacity=None, ori=0.0, pos=array([ 0.5, -0.1]), readOnly=False, self=UNKNOWN, size=array([0.45, 0.05]), startValue=None, style='rating', styleTweaks=[], ticks=array([0, 1]), units='height', win=Window(...))
13.8955 	EXP 	window1: mouseVisible = True
14.4789 	EXP 	Created wth_image_2 = ImageStim(__class__=<class 'psychopy.visual.image.ImageStim'>, anchor=('center', 'center'), autoLog=True, color=array([1, 1, 1]), colorSpace='rgb', contrast=1.0, depth=0.0, flipHoriz=False, flipVert=False, image=str(...), interpolate=True, mask=None, maskParams=None, name='wth_image_2', opacity=1.0, ori=0.0, pos=array([0., 0.]), size=array([1920., 1080.]), texRes=128.0, units='pix', win=Window(...))
14.4964 	EXP 	Created wth_text_4 = TextStim(__class__=<class 'psychopy.visual.text.TextStim'>, alignHoriz=method-wrapper(...), alignText='center', alignVert=method-wrapper(...), anchorHoriz='center', anchorVert='center', antialias=True, autoDraw=False, autoLog=True, bold=False, color=array([-1, -1, -1]), colorSpace='rgb', contrast=1.0, depth=-1.0, flipHoriz=False, flipVert=False, font='Noto Sans KR', fontFiles=[], height=0.07, italic=False, languageStyle='LTR', name='wth_text_4', opacity=1.0, ori=0.0, pos=array([0., 0.]), rgb=UNKNOWN, text='연습을 다시 하시겠습니까?\n\n다시연습 : y\n\n넘어가기 : n', units='height', win=Window(...), wrapWidth=1)
15.0789 	EXP 	Created wth_background_inst_2 = ImageStim(__class__=<class 'psychopy.visual.image.ImageStim'>, anchor=('center', 'center'), autoLog=True, color=array([1, 1, 1]), colorSpace='rgb', contrast=1.0, depth=0.0, flipHoriz=False, flipVert=False, image=str(...), interpolate=True, mask=None, maskParams=None, name='wth_background_inst_2', opacity=1.0, ori=0.0, pos=array([0., 0.]), size=array([1920., 1080.]), texRes=128.0, units='pix', win=Window(...))
15.1035 	EXP 	Created wth_text_2 = TextStim(__class__=<class 'psychopy.visual.text.TextStim'>, alignHoriz=method-wrapper(...), alignText='center', alignVert=method-wrapper(...), anchorHoriz='center', anchorVert='center', antialias=True, autoDraw=False, autoLog=True, bold=False, color=array([-1, -1, -1]), colorSpace='rgb', contrast=1.0, depth=-1.0, flipHoriz=False, flipVert=False, font='Noto Sans KR', fontFiles=[], height=0.07, italic=False, languageStyle='LTR', name='wth_text_2', opacity=1.0, ori=0.0, pos=array([0., 0.]), rgb=UNKNOWN, text=str(...), units='height', win=Window(...), wrapWidth=1)
15.6764 	EXP 	Created image_3 = ImageStim(__class__=<class 'psychopy.visual.image.ImageStim'>, anchor=('center', 'center'), autoLog=True, color=array([1, 1, 1]), colorSpace='rgb', contrast=1.0, depth=0.0, flipHoriz=False, flipVert=False, image=str(...), interpolate=True, mask=None, maskParams=None, name='image_3', opacity=1.0, ori=0.0, pos=array([0., 0.]), size=array([1920., 1080.]), texRes=128.0, units='pix', win=Window(...))
15.6784 	EXP 	Created text_2 = TextStim(__class__=<class 'psychopy.visual.text.TextStim'>, alignHoriz=method-wrapper(...), alignText='center', alignVert=method-wrapper(...), anchorHoriz='center', anchorVert='center', antialias=True, autoDraw=False, autoLog=True, bold=False, color=array([-1, -1, -1]), colorSpace='rgb', contrast=1.0, depth=-1.0, flipHoriz=False, flipVert=False, font='Noto Sans KR', fontFiles=[], height=0.07, italic=False, languageStyle='LTR', name='text_2', opacity=1.0, ori=0.0, pos=array([0., 0.]), rgb=UNKNOWN, text='시작', units='height', win=Window(...), wrapWidth=1)
16.2473 	EXP 	Created wth_background = ImageStim(__class__=<class 'psychopy.visual.image.ImageStim'>, anchor=('center', 'center'), autoLog=True, color=array([1, 1, 1]), colorSpace='rgb', contrast=1.0, depth=0.0, flipHoriz=False, flipVert=False, image=str(...), interpolate=True, mask=None, maskParams=None, name='wth_background', opacity=1.0, ori=0.0, pos=array([0., 0.]), size=array([1920., 1080.]), texRes=128.0, units='pix', win=Window(...))
16.2605 	EXP 	Created wth_think_instr = TextStim(__class__=<class 'psychopy.visual.text.TextStim'>, alignHoriz=method-wrapper(...), alignText='center', alignVert=method-wrapper(...), anchorHoriz='center', anchorVert='center', antialias=True, autoDraw=False, autoLog=True, bold=False, color=array([-1, -1, -1]), colorSpace='rgb', contrast=1.0, depth=-2.0, flipHoriz=False, flipVert=False, font='Noto Sans KR', fontFiles=[], height=0.07, italic=False, languageStyle='LTR', name='wth_think_instr', opacity=1.0, ori=0.0, pos=array([0. , 0.2]), rgb=UNKNOWN, text='자유롭게 생각하세요.', units='height', win=Window(...), wrapWidth=1)
16.2618 	EXP 	Created wth_think_cross = ShapeStim(__class__=<class 'psychopy.visual.shape.ShapeStim'>, anchor=('center', 'center'), autoDraw=False, autoLog=True, closeShape=True, color=method-wrapper(...), colorSpace='rgb', contrast=None, depth=-3.0, fillColor=array([-1, -1, -1]), fillColorSpace='rgb', fillRGB=array([-1, -1, -1]), interpolate=True, lineColor=array([-1, -1, -1]), lineColorSpace='rgb', lineRGB=array([-1, -1, -1]), lineWidth=0.1, name='wth_think_cross', opacity=1.0, ori=0.0, pos=array([0., 0.]), size=array([0.07, 0.07]), units='height', vertices=ndarray(...), win=Window(...), windingRule=None)
16.8312 	EXP 	Created wth_background_2 = ImageStim(__class__=<class 'psychopy.visual.image.ImageStim'>, anchor=('center', 'center'), autoLog=True, color=array([1, 1, 1]), colorSpace='rgb', contrast=1.0, depth=0.0, flipHoriz=False, flipVert=False, image=str(...), interpolate=True, mask=None, maskParams=None, name='wth_background_2', opacity=1.0, ori=0.0, pos=array([0., 0.]), size=array([1920., 1080.]), texRes=128.0, units='pix', win=Window(...))
16.8487 	EXP 	Created wth_word_instr = TextStim(__class__=<class 'psychopy.visual.text.TextStim'>, alignHoriz=method-wrapper(...), alignText='center', alignVert=method-wrapper(...), anchorHoriz='center', anchorVert='center', antialias=True, autoDraw=False, autoLog=True, bold=False, color=array([-1, -1, -1]), colorSpace='rgb', contrast=1.0, depth=-1.0, flipHoriz=False, flipVert=False, font='Arial', fontFiles=[], height=0.07, italic=False, languageStyle='LTR', name='wth_word_instr', opacity=1.0, ori=0.0, pos=array([0.  , 0.25]), rgb=UNKNOWN, text='지금 무슨 생각을 하고 있는지\n단어나 구로 입력해주세요.', units='height', win=Window(...), wrapWidth=1)
17.4599 	EXP 	Created wth_background_3 = ImageStim(__class__=<class 'psychopy.visual.image.ImageStim'>, anchor=('center', 'center'), autoLog=True, color=array([1, 1, 1]), colorSpace='rgb', contrast=1.0, depth=0.0, flipHoriz=False, flipVert=False, image=str(...), interpolate=True, mask=None, maskParams=None, name='wth_background_3', opacity=1.0, ori=0.0, pos=array([0., 0.]), size=array([1920., 1080.]), texRes=128.0, units='pix', win=Window(...))
17.4618 	EXP 	Created wth_word_typed = TextStim(__class__=<class 'psychopy.visual.text.TextStim'>, alignHoriz=method-wrapper(...), alignText='center', alignVert=method-wrapper(...), anchorHoriz='center', anchorVert='center', antialias=True, autoDraw=False, autoLog=True, bold=False, color=array([-1, -1, -1]), colorSpace='rgb', contrast=1.0, depth=-1.0, flipHoriz=False, flipVert=False, font='Noto Sans KR', fontFiles=[], height=0.1, italic=False, languageStyle='LTR', name='wth_word_typed', opacity=1.0, ori=0.0, pos=array([0. , 0.2]), rgb=UNKNOWN, text='', units='height', win=Window(...), wrapWidth=1)
17.4635 	EXP 	window1: mouseVisible = True
17.4994 	EXP 	Created wth_valence_rating = Slider(__class__=<class 'psychopy.visual.slider.Slider'>, autoDraw=False, autoLog=True, borderColor=None, color=None, colorSpace='rgb', depth=-2, fillColor=None, flip=False, font='Noto Sans KR', granularity=0.0, labelColor=None, labelHeight=0.03, labelWrapWidth=None, labels=('부정', '중립', '긍정'), lineColor=None, markerColor=None, name='wth_valence_rating', opacity=None, ori=0.0, pos=array([-0.5, -0.1]), readOnly=False, self=UNKNOWN, size=array([0.45, 0.05]), startValue=None, style='rating', styleTweaks=[], ticks=array([-1,  0,  1]), units='height', win=Window(...))
17.5073 	EXP 	Created wth_valence_txt = TextStim(__class__=<class 'psychopy.visual.text.TextStim'>, alignHoriz=method-wrapper(...), alignText='center', alignVert=method-wrapper(...), anchorHoriz='center', anchorVert='center', antialias=True, autoDraw=False, autoLog=True, bold=False, color=array([-1, -1, -1]), colorSpace='rgb', contrast=1.0, depth=-3.0, flipHoriz=False, flipVert=False, font='Noto Sans KR', fontFiles=[], height=0.04, italic=False, languageStyle='LTR', name='wth_valence_txt', opacity=1.0, ori=0.0, pos=array([-0.5 , -0.02]), rgb=UNKNOWN, text='단어에서 느껴지는 감정', units='height', win=Window(...), wrapWidth=1)
17.5138 	EXP 	Created wth_self_txt = TextStim(__class__=<class 'psychopy.visual.text.TextStim'>, alignHoriz=method-wrapper(...), alignText='center', alignVert=method-wrapper(...), anchorHoriz='center', anchorVert='center', antialias=True, autoDraw=False, autoLog=True, bold=False, color=array([-1, -1, -1]), colorSpace='rgb', contrast=1.0, depth=-4.0, flipHoriz=False, flipVert=False, font='Noto Sans KR', fontFiles=[], height=0.04, italic=False, languageStyle='LTR', name='wth_self_txt', opacity=1.0, ori=0.0, pos=array([ 0.5 , -0.02]), rgb=UNKNOWN, text='단어가 자신과 관련이 있는 정도', units='height', win=Window(...), wrapWidth=1)
17.5153 	EXP 	window1: mouseVisible = True
17.5357 	EXP 	Created wth_self_rating = Slider(__class__=<class 'psychopy.visual.slider.Slider'>, autoDraw=False, autoLog=True, borderColor=None, color=None, colorSpace='rgb', depth=-5, fillColor=None, flip=False, font='Noto Sans KR', granularity=0.0, labelColor=None, labelHeight=0.03, labelWrapWidth=None, labels=('전혀 나와 관련 없음', '나와 관련 매우 많음'), lineColor=None, markerColor=None, name='wth_self_rating', opacity=None, ori=0.0, pos=array([ 0.5, -0.1]), readOnly=False, self=UNKNOWN, size=array([0.45, 0.05]), startValue=None, style='rating', styleTweaks=[], ticks=array([0, 1]), units='height', win=Window(...))
17.5397 	EXP 	window1: mouseVisible = True
17.5486 	EXP 	Created exp_end_back = ImageStim(__class__=<class 'psychopy.visual.image.ImageStim'>, anchor=('center', 'center'), autoLog=True, color=array([1, 1, 1]), colorSpace='rgb', contrast=1.0, depth=-1.0, flipHoriz=False, flipVert=False, image='pics/blank.png', interpolate=True, mask=None, maskParams=None, name='exp_end_back', opacity=1.0, ori=0.0, pos=array([0., 0.]), size=array([3., 1.]), texRes=128.0, units='height', win=Window(...))
17.5783 	EXP 	Created exp_end_text = TextStim(__class__=<class 'psychopy.visual.text.TextStim'>, alignHoriz=method-wrapper(...), alignText='center', alignVert=method-wrapper(...), anchorHoriz='center', anchorVert='center', antialias=True, autoDraw=False, autoLog=True, bold=False, color=array([-1, -1, -1]), colorSpace='rgb', contrast=1.0, depth=-2.0, flipHoriz=False, flipVert=False, font='Noto Sans KR', fontFiles=[], height=0.04, italic=False, languageStyle='LTR', name='exp_end_text', opacity=1.0, ori=0.0, pos=array([0., 0.]), rgb=UNKNOWN, text=str(...), units='height', win=Window(...), wrapWidth=1)
17.5911 	EXP 	Created total_end_text = TextStim(__class__=<class 'psychopy.visual.text.TextStim'>, alignHoriz=method-wrapper(...), alignText='center', alignVert=method-wrapper(...), anchorHoriz='center', anchorVert='center', antialias=True, autoDraw=False, autoLog=True, bold=False, color=array([1, 1, 1]), colorSpace='rgb', contrast=1.0, depth=0.0, flipHoriz=False, flipVert=False, font='Arial', fontFiles=[], height=0.04, italic=False, languageStyle='LTR', name='total_end_text', opacity=1.0, ori=0.0, pos=array([0., 0.]), rgb=UNKNOWN, text='참여해주셔서 감사합니다.\n자동으로 종료됩니다.', units='height', win=Window(...), wrapWidth=1)
17.5995 	DATA 	Keypress: return
17.6212 	EXP 	wth_movie: autoLog = True
17.6212 	EXP 	wth_movie: movie = 'ins/weather_intro.mp4'
17.6212 	EXP 	wth_movie: ori = 0.0
17.6212 	EXP 	wth_valence_rating_2: autoLog = True
17.6212 	EXP 	wth_valence_rating_2: markerPos = None
17.6212 	EXP 	wth_valence_rating_2: styleTweaks = []
17.6212 	EXP 	wth_valence_rating_2: styleTweaks = []
17.6212 	EXP 	wth_valence_rating_2: styleTweaks = []
17.6212 	EXP 	wth_valence_rating_2: styleTweaks = []
17.6212 	EXP 	wth_valence_rating_2: contrast = 1.0
17.6212 	EXP 	wth_valence_rating_2: autoLog = True
17.6212 	EXP 	wth_self_rating_2: autoLog = True
17.6212 	EXP 	wth_self_rating_2: markerPos = None
17.6212 	EXP 	wth_self_rating_2: styleTweaks = []
17.6212 	EXP 	wth_self_rating_2: styleTweaks = []
17.6212 	EXP 	wth_self_rating_2: styleTweaks = []
17.6212 	EXP 	wth_self_rating_2: styleTweaks = []
17.6212 	EXP 	wth_self_rating_2: contrast = 1.0
17.6212 	EXP 	wth_self_rating_2: autoLog = True
17.6212 	EXP 	wth_valence_rating: autoLog = True
17.6212 	EXP 	wth_valence_rating: markerPos = None
17.6212 	EXP 	wth_valence_rating: styleTweaks = []
17.6212 	EXP 	wth_valence_rating: styleTweaks = []
17.6212 	EXP 	wth_valence_rating: styleTweaks = []
17.6212 	EXP 	wth_valence_rating: styleTweaks = []
17.6212 	EXP 	wth_valence_rating: contrast = 1.0
17.6212 	EXP 	wth_valence_rating: autoLog = True
17.6212 	EXP 	wth_self_rating: autoLog = True
17.6212 	EXP 	wth_self_rating: markerPos = None
17.6212 	EXP 	wth_self_rating: styleTweaks = []
17.6212 	EXP 	wth_self_rating: styleTweaks = []
17.6212 	EXP 	wth_self_rating: styleTweaks = []
17.6212 	EXP 	wth_self_rating: styleTweaks = []
17.6212 	EXP 	wth_self_rating: contrast = 1.0
17.6212 	EXP 	wth_self_rating: autoLog = True
17.6212 	EXP 	image: autoDraw = True
19.0889 	EXP 	Created sequence: random, trialTypes=1, nReps=1, seed=None
19.0890 	EXP 	New trial (rep=0, index=0): None
19.0897 	DATA 	Keypress: space
19.1025 	EXP 	image: autoDraw = False
21.1042 	EXP 	wth_movie: autoDraw = True
21.1042 	EXP 	text: autoDraw = True
21.8225 	EXP 	Created sequence: sequential, trialTypes=1, nReps=99, seed=None
21.8230 	EXP 	New trial (rep=0, index=0): None
21.8646 	DATA 	Keypress: space
21.8701 	EXP 	wth_movie: autoDraw = False
21.8701 	EXP 	text: autoDraw = False
21.8701 	EXP 	wth_background_inst: autoDraw = True
22.8210 	EXP 	wth_text: autoDraw = True
24.8210 	EXP 	wth_text: autoDraw = False
26.8546 	EXP 	window1: mouseVisible = False
26.8863 	EXP 	wth_background_inst: autoDraw = False
26.8863 	EXP 	wth_background_inst: autoDraw = False
26.8863 	EXP 	wth_text: autoDraw = False
26.8863 	EXP 	wth_background_6: autoDraw = True
26.8863 	EXP 	wth_think_instr_2: autoDraw = True
26.8863 	EXP 	wth_think_cross_2: autoDraw = True
27.4724 	DATA 	Keypress: space
28.1893 	DATA 	Keypress: space
31.8708 	EXP 	window1: mouseVisible = True
31.8709 	EXP 	window1: mouseVisible = True
31.9026 	EXP 	wth_background_6: autoDraw = False
31.9026 	EXP 	wth_think_instr_2: autoDraw = False
31.9026 	EXP 	wth_think_cross_2: autoDraw = False
31.9026 	EXP 	wth_background_6: autoDraw = False
31.9026 	EXP 	wth_think_instr_2: autoDraw = False
31.9026 	EXP 	wth_think_cross_2: autoDraw = False
31.9026 	EXP 	image_2: autoDraw = True
31.9026 	EXP 	wth_word_instr_4: autoDraw = True
39.5162 	EXP 	image_2: autoDraw = False
39.5162 	EXP 	wth_word_instr_4: autoDraw = False
39.5162 	EXP 	wth_word_typed_2: height = 0.07
39.5162 	EXP 	wth_word_typed_2: height = 0.07
39.5162 	EXP 	wth_word_typed_2: height = 0.07
39.5162 	EXP 	wth_word_typed_2: text = 'kjlkj'
39.5162 	EXP 	wth_valence_rating_2: markerPos = None
39.5162 	EXP 	wth_valence_rating_2: markerPos = None
39.5162 	EXP 	wth_self_rating_2: markerPos = None
39.5162 	EXP 	wth_self_rating_2: markerPos = None
39.5162 	EXP 	wth_background_7: autoDraw = True
39.5162 	EXP 	wth_word_typed_2: autoDraw = True
39.5162 	EXP 	wth_valence_rating_2: autoDraw = True
39.5162 	EXP 	wth_valence_txt_2: autoDraw = True
39.5162 	EXP 	wth_self_txt_2: autoDraw = True
39.5162 	EXP 	wth_self_rating_2: autoDraw = True
40.7395 	DATA 	Mouse: Left button down, pos=(608,369)
40.8509 	DATA 	Mouse:  Left button up, pos=(608,369)
41.5515 	DATA 	Mouse: Left button down, pos=(621,429)
41.5668 	EXP 	wth_valence_rating_2: markerPos = 0.8271604938271606
41.5835 	EXP 	wth_valence_rating_2: markerPos = 0.8271604938271606
41.6001 	EXP 	wth_valence_rating_2: markerPos = 0.8271604938271606
41.6165 	EXP 	wth_valence_rating_2: markerPos = 0.8271604938271606
41.6334 	EXP 	wth_valence_rating_2: markerPos = 0.8271604938271606
41.6502 	EXP 	wth_valence_rating_2: markerPos = 0.8271604938271606
41.6664 	EXP 	wth_valence_rating_2: markerPos = 0.8271604938271606
41.6679 	DATA 	Mouse:  Left button up, pos=(621,429)
41.6832 	EXP 	wth_valence_rating_2: markerPos = 0.8271604938271606
42.8564 	DATA 	Mouse: Left button down, pos=(1365,439)
42.8668 	EXP 	wth_self_rating_2: markerPos = 0.2222222222222222
42.8835 	EXP 	wth_self_rating_2: markerPos = 0.2222222222222222
42.9002 	EXP 	wth_self_rating_2: markerPos = 0.2222222222222222
42.9167 	EXP 	wth_self_rating_2: markerPos = 0.2222222222222222
42.9330 	EXP 	wth_self_rating_2: markerPos = 0.2222222222222222
42.9661 	EXP 	wth_self_rating_2: markerPos = 0.2222222222222222
42.9835 	EXP 	wth_self_rating_2: markerPos = 0.2222222222222222
42.9997 	EXP 	wth_self_rating_2: markerPos = 0.2222222222222222
43.0166 	EXP 	wth_self_rating_2: markerPos = 0.2222222222222222
43.0332 	EXP 	wth_self_rating_2: markerPos = 0.2222222222222222
43.0399 	DATA 	Mouse:  Left button up, pos=(1365,439)
43.0499 	EXP 	wth_self_rating_2: markerPos = 0.2222222222222222
47.6666 	DATA 	Mouse: Left button down, pos=(923,78)
47.7005 	EXP 	wth_background_7: autoDraw = False
47.7005 	EXP 	wth_word_typed_2: autoDraw = False
47.7005 	EXP 	wth_valence_rating_2: autoDraw = False
47.7005 	EXP 	wth_valence_txt_2: autoDraw = False
47.7005 	EXP 	wth_self_txt_2: autoDraw = False
47.7005 	EXP 	wth_self_rating_2: autoDraw = False
47.7005 	EXP 	wth_image_2: autoDraw = True
47.7005 	EXP 	wth_text_4: autoDraw = True
47.8362 	DATA 	Mouse:  Left button up, pos=(923,78)
49.4578 	DATA 	Keypress: n
49.4670 	EXP 	wth_image_2: autoDraw = False
49.4670 	EXP 	wth_text_4: autoDraw = False
49.4670 	EXP 	wth_background_inst_2: autoDraw = True
49.4670 	EXP 	wth_text_2: autoDraw = True
50.3896 	DATA 	Keypress: space
50.4001 	EXP 	wth_background_inst_2: autoDraw = False
50.4001 	EXP 	wth_text_2: autoDraw = False
50.4001 	EXP 	image_3: autoDraw = True
51.3840 	EXP 	text_2: autoDraw = True
53.3840 	EXP 	text_2: autoDraw = False
54.3840 	EXP 	Created sequence: sequential, trialTypes=1, nReps=4, seed=None
54.3842 	EXP 	New trial (rep=0, index=0): None
54.3844 	EXP 	window1: mouseVisible = False
54.4332 	EXP 	image_3: autoDraw = False
54.4332 	EXP 	text_2: autoDraw = False
54.4332 	EXP 	wth_background: autoDraw = True
54.4332 	EXP 	wth_think_instr: autoDraw = True
54.4332 	EXP 	wth_think_cross: autoDraw = True
59.4173 	EXP 	window1: mouseVisible = True
59.4642 	EXP 	wth_background: autoDraw = False
59.4642 	EXP 	wth_think_instr: autoDraw = False
59.4642 	EXP 	wth_think_cross: autoDraw = False
59.4642 	EXP 	wth_background: autoDraw = False
59.4642 	EXP 	wth_think_instr: autoDraw = False
59.4642 	EXP 	wth_think_cross: autoDraw = False
59.4642 	EXP 	wth_word_instr: font = 'Noto Sans KR'
59.4642 	EXP 	wth_background_2: autoDraw = True
59.4642 	EXP 	wth_word_instr: autoDraw = True
59.4642 	EXP 	wth_word_instr: height = 0.07
59.4642 	EXP 	wth_word_instr: height = 0.07
59.4642 	EXP 	wth_word_instr: height = 0.07
59.4642 	EXP 	wth_word_instr: text = '지금 무슨 생각을 하고 있는지\n단어나 구로 입력해주세요.'
63.7134 	EXP 	wth_background_2: autoDraw = False
63.7134 	EXP 	wth_word_instr: autoDraw = False
63.7134 	EXP 	wth_word_typed: height = 0.1
63.7134 	EXP 	wth_word_typed: height = 0.1
63.7134 	EXP 	wth_word_typed: height = 0.1
63.7134 	EXP 	wth_word_typed: text = 'jjjjk'
63.7134 	EXP 	wth_valence_rating: markerPos = None
63.7134 	EXP 	wth_valence_rating: markerPos = None
63.7134 	EXP 	wth_self_rating: markerPos = None
63.7134 	EXP 	wth_self_rating: markerPos = None
63.7134 	EXP 	wth_background_3: autoDraw = True
63.7134 	EXP 	wth_word_typed: autoDraw = True
63.7134 	EXP 	wth_valence_rating: autoDraw = True
63.7134 	EXP 	wth_valence_txt: autoDraw = True
63.7134 	EXP 	wth_self_txt: autoDraw = True
63.7134 	EXP 	wth_self_rating: autoDraw = True
64.7492 	DATA 	Mouse: Left button down, pos=(590,418)
64.7637 	EXP 	wth_valence_rating: markerPos = 0.6995884773662553
64.7805 	EXP 	wth_valence_rating: markerPos = 0.6995884773662553
64.7969 	EXP 	wth_valence_rating: markerPos = 0.6995884773662553
64.8136 	EXP 	wth_valence_rating: markerPos = 0.6995884773662553
64.8304 	EXP 	wth_valence_rating: markerPos = 0.6995884773662553
64.8370 	DATA 	Mouse:  Left button up, pos=(590,418)
64.8472 	EXP 	wth_valence_rating: markerPos = 0.6995884773662553
64.8635 	EXP 	wth_valence_rating: markerPos = 0.6995884773662553
65.9483 	DATA 	Mouse: Left button down, pos=(1409,425)
65.9636 	EXP 	wth_self_rating: markerPos = 0.31275720164609055
65.9805 	EXP 	wth_self_rating: markerPos = 0.31275720164609055
65.9967 	EXP 	wth_self_rating: markerPos = 0.31275720164609055
66.0141 	EXP 	wth_self_rating: markerPos = 0.31275720164609055
66.0301 	EXP 	wth_self_rating: markerPos = 0.31275720164609055
66.0467 	EXP 	wth_self_rating: markerPos = 0.31275720164609055
66.0637 	EXP 	wth_self_rating: markerPos = 0.31275720164609055
66.0801 	EXP 	wth_self_rating: markerPos = 0.31275720164609055
66.0970 	EXP 	wth_self_rating: markerPos = 0.31275720164609055
66.1132 	EXP 	wth_self_rating: markerPos = 0.31275720164609055
66.1147 	DATA 	Mouse:  Left button up, pos=(1409,425)
66.1303 	EXP 	wth_self_rating: markerPos = 0.31275720164609055
67.0124 	DATA 	Mouse: Left button down, pos=(931,61)
67.0317 	EXP 	New trial (rep=1, index=0): None
67.0319 	EXP 	window1: mouseVisible = False
67.0488 	EXP 	wth_background_3: autoDraw = False
67.0488 	EXP 	wth_word_typed: autoDraw = False
67.0488 	EXP 	wth_valence_rating: autoDraw = False
67.0488 	EXP 	wth_valence_txt: autoDraw = False
67.0488 	EXP 	wth_self_txt: autoDraw = False
67.0488 	EXP 	wth_self_rating: autoDraw = False
67.0488 	EXP 	wth_background: autoDraw = True
67.0488 	EXP 	wth_think_instr: autoDraw = True
67.0488 	EXP 	wth_think_cross: autoDraw = True
67.1338 	DATA 	Mouse:  Left button up, pos=(931,61)
72.0326 	EXP 	window1: mouseVisible = True
72.0481 	EXP 	wth_background: autoDraw = False
72.0481 	EXP 	wth_think_instr: autoDraw = False
72.0481 	EXP 	wth_think_cross: autoDraw = False
72.0481 	EXP 	wth_background: autoDraw = False
72.0481 	EXP 	wth_think_instr: autoDraw = False
72.0481 	EXP 	wth_think_cross: autoDraw = False
72.0481 	EXP 	wth_word_instr: font = 'Noto Sans KR'
72.0481 	EXP 	wth_background_2: autoDraw = True
72.0481 	EXP 	wth_word_instr: autoDraw = True
72.0481 	EXP 	wth_word_instr: height = 0.07
72.0481 	EXP 	wth_word_instr: height = 0.07
72.0481 	EXP 	wth_word_instr: height = 0.07
72.0481 	EXP 	wth_word_instr: text = '지금 무슨 생각을 하고 있는지\n단어나 구로 입력해주세요.'
76.0624 	EXP 	wth_background_2: autoDraw = False
76.0624 	EXP 	wth_word_instr: autoDraw = False
76.0624 	EXP 	wth_word_typed: height = 0.1
76.0624 	EXP 	wth_word_typed: height = 0.1
76.0624 	EXP 	wth_word_typed: height = 0.1
76.0624 	EXP 	wth_word_typed: text = 'nkj'
76.0624 	EXP 	wth_valence_rating: markerPos = None
76.0624 	EXP 	wth_valence_rating: markerPos = None
76.0624 	EXP 	wth_self_rating: markerPos = None
76.0624 	EXP 	wth_self_rating: markerPos = None
76.0624 	EXP 	wth_background_3: autoDraw = True
76.0624 	EXP 	wth_word_typed: autoDraw = True
76.0624 	EXP 	wth_valence_rating: autoDraw = True
76.0624 	EXP 	wth_valence_txt: autoDraw = True
76.0624 	EXP 	wth_self_txt: autoDraw = True
76.0624 	EXP 	wth_self_rating: autoDraw = True
76.9044 	DATA 	Mouse: Left button down, pos=(594,395)
77.0354 	DATA 	Mouse:  Left button up, pos=(594,395)
77.3640 	DATA 	Mouse: Left button down, pos=(631,427)
77.3787 	EXP 	wth_valence_rating: markerPos = 0.8683127572016462
77.3955 	EXP 	wth_valence_rating: markerPos = 0.8683127572016462
77.4122 	EXP 	wth_valence_rating: markerPos = 0.8683127572016462
77.4287 	EXP 	wth_valence_rating: markerPos = 0.8683127572016462
77.4451 	EXP 	wth_valence_rating: markerPos = 0.8683127572016462
77.4619 	EXP 	wth_valence_rating: markerPos = 0.8683127572016462
77.4786 	EXP 	wth_valence_rating: markerPos = 0.8683127572016462
77.4953 	EXP 	wth_valence_rating: markerPos = 0.8683127572016462
77.4965 	DATA 	Mouse:  Left button up, pos=(631,427)
77.5120 	EXP 	wth_valence_rating: markerPos = 0.8683127572016462
78.1640 	DATA 	Mouse: Left button down, pos=(1444,431)
78.1783 	EXP 	wth_self_rating: markerPos = 0.3847736625514403
78.1953 	EXP 	wth_self_rating: markerPos = 0.3847736625514403
78.2121 	EXP 	wth_self_rating: markerPos = 0.3847736625514403
78.2285 	EXP 	wth_self_rating: markerPos = 0.3847736625514403
78.2454 	EXP 	wth_self_rating: markerPos = 0.3847736625514403
78.2622 	EXP 	wth_self_rating: markerPos = 0.3847736625514403
78.2786 	EXP 	wth_self_rating: markerPos = 0.3847736625514403
78.2802 	DATA 	Mouse:  Left button up, pos=(1444,431)
78.2954 	EXP 	wth_self_rating: markerPos = 0.3847736625514403
79.2378 	DATA 	Mouse: Left button down, pos=(938,92)
79.2470 	EXP 	New trial (rep=2, index=0): None
79.2472 	EXP 	window1: mouseVisible = False
79.2639 	EXP 	wth_background_3: autoDraw = False
79.2639 	EXP 	wth_word_typed: autoDraw = False
79.2639 	EXP 	wth_valence_rating: autoDraw = False
79.2639 	EXP 	wth_valence_txt: autoDraw = False
79.2639 	EXP 	wth_self_txt: autoDraw = False
79.2639 	EXP 	wth_self_rating: autoDraw = False
79.2639 	EXP 	wth_background: autoDraw = True
79.2639 	EXP 	wth_think_instr: autoDraw = True
79.2639 	EXP 	wth_think_cross: autoDraw = True
79.3491 	DATA 	Mouse:  Left button up, pos=(938,92)
84.2477 	EXP 	window1: mouseVisible = True
84.2630 	EXP 	wth_background: autoDraw = False
84.2630 	EXP 	wth_think_instr: autoDraw = False
84.2630 	EXP 	wth_think_cross: autoDraw = False
84.2630 	EXP 	wth_background: autoDraw = False
84.2630 	EXP 	wth_think_instr: autoDraw = False
84.2630 	EXP 	wth_think_cross: autoDraw = False
84.2630 	EXP 	wth_word_instr: font = 'Noto Sans KR'
84.2630 	EXP 	wth_background_2: autoDraw = True
84.2630 	EXP 	wth_word_instr: autoDraw = True
84.2630 	EXP 	wth_word_instr: height = 0.07
84.2630 	EXP 	wth_word_instr: height = 0.07
84.2630 	EXP 	wth_word_instr: height = 0.07
84.2630 	EXP 	wth_word_instr: text = '지금 무슨 생각을 하고 있는지\n단어나 구로 입력해주세요.'
87.5933 	EXP 	wth_background_2: autoDraw = False
87.5933 	EXP 	wth_word_instr: autoDraw = False
87.5933 	EXP 	wth_word_typed: height = 0.1
87.5933 	EXP 	wth_word_typed: height = 0.1
87.5933 	EXP 	wth_word_typed: height = 0.1
87.5933 	EXP 	wth_word_typed: text = 'sdfsd'
87.5933 	EXP 	wth_valence_rating: markerPos = None
87.5933 	EXP 	wth_valence_rating: markerPos = None
87.5933 	EXP 	wth_self_rating: markerPos = None
87.5933 	EXP 	wth_self_rating: markerPos = None
87.5933 	EXP 	wth_background_3: autoDraw = True
87.5933 	EXP 	wth_word_typed: autoDraw = True
87.5933 	EXP 	wth_valence_rating: autoDraw = True
87.5933 	EXP 	wth_valence_txt: autoDraw = True
87.5933 	EXP 	wth_self_txt: autoDraw = True
87.5933 	EXP 	wth_self_rating: autoDraw = True
88.3462 	DATA 	Mouse: Left button down, pos=(600,416)
88.3606 	EXP 	wth_valence_rating: markerPos = 0.7407407407407407
88.3770 	EXP 	wth_valence_rating: markerPos = 0.7407407407407407
88.3939 	EXP 	wth_valence_rating: markerPos = 0.7407407407407407
88.4106 	EXP 	wth_valence_rating: markerPos = 0.7407407407407407
88.4272 	EXP 	wth_valence_rating: markerPos = 0.7407407407407407
88.4439 	EXP 	wth_valence_rating: markerPos = 0.7407407407407407
88.4606 	EXP 	wth_valence_rating: markerPos = 0.7407407407407407
88.4678 	DATA 	Mouse:  Left button up, pos=(600,416)
88.4773 	EXP 	wth_valence_rating: markerPos = 0.7407407407407407
88.4940 	EXP 	wth_valence_rating: markerPos = 0.7407407407407407
89.1956 	DATA 	Mouse: Left button down, pos=(1444,431)
89.2103 	EXP 	wth_self_rating: markerPos = 0.3847736625514403
89.2271 	EXP 	wth_self_rating: markerPos = 0.3847736625514403
89.2435 	EXP 	wth_self_rating: markerPos = 0.3847736625514403
89.2603 	EXP 	wth_self_rating: markerPos = 0.3847736625514403
89.2773 	EXP 	wth_self_rating: markerPos = 0.3847736625514403
89.2936 	EXP 	wth_self_rating: markerPos = 0.3847736625514403
89.3105 	EXP 	wth_self_rating: markerPos = 0.3847736625514403
89.3206 	DATA 	Mouse:  Left button up, pos=(1444,431)
89.3276 	EXP 	wth_self_rating: markerPos = 0.3847736625514403
89.3436 	EXP 	wth_self_rating: markerPos = 0.3847736625514403
89.9945 	DATA 	Mouse: Left button down, pos=(964,91)
89.9961 	EXP 	New trial (rep=3, index=0): None
89.9963 	EXP 	window1: mouseVisible = False
90.0124 	EXP 	wth_background_3: autoDraw = False
90.0124 	EXP 	wth_word_typed: autoDraw = False
90.0124 	EXP 	wth_valence_rating: autoDraw = False
90.0124 	EXP 	wth_valence_txt: autoDraw = False
90.0124 	EXP 	wth_self_txt: autoDraw = False
90.0124 	EXP 	wth_self_rating: autoDraw = False
90.0124 	EXP 	wth_background: autoDraw = True
90.0124 	EXP 	wth_think_instr: autoDraw = True
90.0124 	EXP 	wth_think_cross: autoDraw = True
90.0975 	DATA 	Mouse:  Left button up, pos=(964,91)
94.9959 	EXP 	window1: mouseVisible = True
95.0115 	EXP 	wth_background: autoDraw = False
95.0115 	EXP 	wth_think_instr: autoDraw = False
95.0115 	EXP 	wth_think_cross: autoDraw = False
95.0115 	EXP 	wth_background: autoDraw = False
95.0115 	EXP 	wth_think_instr: autoDraw = False
95.0115 	EXP 	wth_think_cross: autoDraw = False
95.0115 	EXP 	wth_word_instr: font = 'Noto Sans KR'
95.0115 	EXP 	wth_background_2: autoDraw = True
95.0115 	EXP 	wth_word_instr: autoDraw = True
95.0115 	EXP 	wth_word_instr: height = 0.07
95.0115 	EXP 	wth_word_instr: height = 0.07
95.0115 	EXP 	wth_word_instr: height = 0.07
95.0115 	EXP 	wth_word_instr: text = '지금 무슨 생각을 하고 있는지\n단어나 구로 입력해주세요.'
98.3924 	EXP 	wth_background_2: autoDraw = False
98.3924 	EXP 	wth_word_instr: autoDraw = False
98.3924 	EXP 	wth_word_typed: height = 0.1
98.3924 	EXP 	wth_word_typed: height = 0.1
98.3924 	EXP 	wth_word_typed: height = 0.1
98.3924 	EXP 	wth_word_typed: text = 'sadf'
98.3924 	EXP 	wth_valence_rating: markerPos = None
98.3924 	EXP 	wth_valence_rating: markerPos = None
98.3924 	EXP 	wth_self_rating: markerPos = None
98.3924 	EXP 	wth_self_rating: markerPos = None
98.3924 	EXP 	wth_background_3: autoDraw = True
98.3924 	EXP 	wth_word_typed: autoDraw = True
98.3924 	EXP 	wth_valence_rating: autoDraw = True
98.3924 	EXP 	wth_valence_txt: autoDraw = True
98.3924 	EXP 	wth_self_txt: autoDraw = True
98.3924 	EXP 	wth_self_rating: autoDraw = True
99.3613 	DATA 	Mouse: Left button down, pos=(579,434)
99.3758 	EXP 	wth_valence_rating: markerPos = 0.654320987654321
99.3926 	EXP 	wth_valence_rating: markerPos = 0.654320987654321
99.4089 	EXP 	wth_valence_rating: markerPos = 0.654320987654321
99.4258 	EXP 	wth_valence_rating: markerPos = 0.654320987654321
99.4427 	EXP 	wth_valence_rating: markerPos = 0.654320987654321
99.4594 	EXP 	wth_valence_rating: markerPos = 0.654320987654321
99.4612 	DATA 	Mouse:  Left button up, pos=(579,434)
99.4759 	EXP 	wth_valence_rating: markerPos = 0.654320987654321
100.1289 	DATA 	Mouse: Left button down, pos=(1520,426)
100.1423 	EXP 	wth_self_rating: markerPos = 0.5411522633744856
100.1591 	EXP 	wth_self_rating: markerPos = 0.5411522633744856
100.1755 	EXP 	wth_self_rating: markerPos = 0.5411522633744856
100.1923 	EXP 	wth_self_rating: markerPos = 0.5411522633744856
100.2092 	EXP 	wth_self_rating: markerPos = 0.5411522633744856
100.2255 	EXP 	wth_self_rating: markerPos = 0.5411522633744856
100.2424 	EXP 	wth_self_rating: markerPos = 0.5411522633744856
100.2522 	DATA 	Mouse:  Left button up, pos=(1520,426)
100.2592 	EXP 	wth_self_rating: markerPos = 0.5411522633744856
100.2756 	EXP 	wth_self_rating: markerPos = 0.5411522633744856
101.6270 	DATA 	Mouse: Left button down, pos=(994,85)
101.6433 	EXP 	wth_background_3: autoDraw = False
101.6433 	EXP 	wth_word_typed: autoDraw = False
101.6433 	EXP 	wth_valence_rating: autoDraw = False
101.6433 	EXP 	wth_valence_txt: autoDraw = False
101.6433 	EXP 	wth_self_txt: autoDraw = False
101.6433 	EXP 	wth_self_rating: autoDraw = False
101.6433 	EXP 	exp_end_back: autoDraw = True
101.6433 	EXP 	exp_end_text: autoDraw = True
101.6949 	DATA 	Mouse:  Left button up, pos=(994,85)
113.6769 	DATA 	Mouse: Right button down, pos=(994,85)
113.8268 	DATA 	Mouse:  Right button up, pos=(994,85)
119.2357 	EXP 	window1: mouseVisible = True
