1.8930 	WARNING 	We strongly recommend you activate the PTB sound engine in PsychoPy prefs as the preferred audio engine. Its timing is vastly superior. Your prefs are currently set to use ['sounddevice', 'PTB', 'pyo', 'pygame'] (in that order).
3.0922 	WARNING 	Font Manager failed to load file C:\Windows\Fonts\경기천년바탕_Regular.ttf
3.1126 	WARNING 	Font Manager failed to load file C:\Windows\Fonts\경기천년제목_Medium.ttf
3.1178 	WARNING 	Font Manager failed to load file C:\Windows\Fonts\전주완판본 각B.ttf
3.1398 	WARNING 	Font Manager failed to load file C:\Windows\Fonts\전주완판본 순L.ttf
3.1506 	WARNING 	Font Manager failed to load file C:\Windows\Fonts\전주완판본 각L.ttf
3.1526 	WARNING 	Font Manager failed to load file C:\Windows\Fonts\전주완판본 순R.ttf
3.1645 	WARNING 	Font Manager failed to load file C:\Windows\Fonts\경기천년제목_Light.ttf
3.1680 	WARNING 	Font Manager failed to load file C:\Windows\Fonts\경기천년바탕_Bold.ttf
3.1770 	WARNING 	Font Manager failed to load file C:\Windows\Fonts\전주완판본 각R.ttf
3.1794 	WARNING 	Font Manager failed to load file C:\Windows\Fonts\경기천년제목V_Bold.ttf
3.1811 	WARNING 	Font Manager failed to load file C:\Windows\Fonts\전주완판본 순B.ttf
3.1872 	WARNING 	Font Manager failed to load file C:\Windows\Fonts\경기천년제목_Bold.ttf
3.2098 	WARNING 	C:\Users\Minu Kim\AppData\Roaming\psychopy3\fonts\Times.truetype doesn't have valid font family name
3.3236 	WARNING 	Font Manager failed to load file C:\Windows\Fonts\경기천년바탕_Regular.ttf
3.3430 	WARNING 	Font Manager failed to load file C:\Windows\Fonts\경기천년제목_Medium.ttf
3.3489 	WARNING 	Font Manager failed to load file C:\Windows\Fonts\전주완판본 각B.ttf
3.3702 	WARNING 	Font Manager failed to load file C:\Windows\Fonts\전주완판본 순L.ttf
3.3806 	WARNING 	Font Manager failed to load file C:\Windows\Fonts\전주완판본 각L.ttf
3.3825 	WARNING 	Font Manager failed to load file C:\Windows\Fonts\전주완판본 순R.ttf
3.3941 	WARNING 	Font Manager failed to load file C:\Windows\Fonts\경기천년제목_Light.ttf
3.3979 	WARNING 	Font Manager failed to load file C:\Windows\Fonts\경기천년바탕_Bold.ttf
3.4066 	WARNING 	Font Manager failed to load file C:\Windows\Fonts\전주완판본 각R.ttf
3.4089 	WARNING 	Font Manager failed to load file C:\Windows\Fonts\경기천년제목V_Bold.ttf
3.4105 	WARNING 	Font Manager failed to load file C:\Windows\Fonts\전주완판본 순B.ttf
3.4166 	WARNING 	Font Manager failed to load file C:\Windows\Fonts\경기천년제목_Bold.ttf
3.4382 	WARNING 	C:\Users\Minu Kim\AppData\Roaming\psychopy3\fonts\Times.truetype doesn't have valid font family name
5.7540 	EXP 	Created window1 = Window(allowGUI=True, allowStencil=False, autoLog=True, backendConf=UNKNOWN, bitsMode=UNKNOWN, blendMode='avg', bpc=(8, 8, 8), color=array([0., 0., 0.]), colorSpace='hsv', depthBits=8, fullscr=<method-wrapper '__getattribute__' of attributeSetter object at 0x000001C8E2B0B0D0>, gamma=None, gammaErrorPolicy='raise', lms=UNKNOWN, monitor=<psychopy.monitors.calibTools.Monitor object at 0x000001C8E3000460>, multiSample=False, name='window1', numSamples=2, pos=(0, 0), screen=1, size=array([1920, 1080]), stencilBits=0, stereo=False, units='height', useFBO=True, useRetina=False, viewOri=0.0, viewPos=None, viewScale=None, waitBlanking=True, winType='pyglet')
5.7541 	EXP 	window1: mouseVisible = True
5.7541 	EXP 	window1: mouseVisible = True
5.7541 	EXP 	window1: Attempting to measure frame rate of screen (1) ...
5.7541 	EXP 	window1: recordFrameIntervals = False
5.9205 	EXP 	window1: recordFrameIntervals = True
6.1043 	EXP 	Screen (1) actual frame rate measured at 59.97Hz
6.1043 	EXP 	window1: recordFrameIntervals = False
6.1278 	WARNING 	launchHubServer: If using the iohub mouse or eyetracker devices, fullScr should be True.
7.7397 	EXP 	Created image = ImageStim(__class__=<class 'psychopy.visual.image.ImageStim'>, anchor=('center', 'center'), autoLog=True, color=array([1, 1, 1]), colorSpace='rgb', contrast=1.0, depth=0.0, flipHoriz=False, flipVert=False, image='fis_artwork/general_instruction.png', interpolate=True, mask=None, maskParams=None, name='image', opacity=1.0, ori=0.0, pos=array([0., 0.]), size=array([1920., 1080.]), texRes=128.0, units='pix', win=Window(...))
7.8689 	EXP 	Created wth_movie = MovieStim3(__class__=<class 'psychopy.visual.movie3.MovieStim3'>, anchor=('center', 'center'), autoLog=True, color=UNKNOWN, colorSpace=UNKNOWN, depth=0.0, filename='ins/weather_intro.mp4', flipHoriz=False, flipVert=False, fps=UNKNOWN, interpolate=True, loop=False, name='wth_movie', noAudio=False, opacity=1, ori=method-wrapper(...), pos=array([0., 0.]), size=None, units='pix', vframe_callback=UNKNOWN, volume=UNKNOWN, win=Window(...))
8.8771 	WARNING 	1.0081259000580758: Video catchup needed, advancing self._nextFrameT from 0.0 to 0.041666666666666664
8.8771 	WARNING 	1.0081525000277907: Video catchup needed, advancing self._nextFrameT from 0.041666666666666664 to 0.08333333333333333
8.8771 	WARNING 	1.0081637999974191: Video catchup needed, advancing self._nextFrameT from 0.08333333333333333 to 0.125
8.8771 	WARNING 	1.0081734999548644: Video catchup needed, advancing self._nextFrameT from 0.125 to 0.16666666666666666
8.8771 	WARNING 	1.0081827000249177: Video catchup needed, advancing self._nextFrameT from 0.16666666666666666 to 0.20833333333333331
8.8771 	WARNING 	1.008191900094971: Video catchup needed, advancing self._nextFrameT from 0.20833333333333331 to 0.24999999999999997
8.8771 	WARNING 	1.008200699929148: Video catchup needed, advancing self._nextFrameT from 0.24999999999999997 to 0.29166666666666663
8.8771 	WARNING 	1.0082095998805016: Video catchup needed, advancing self._nextFrameT from 0.29166666666666663 to 0.3333333333333333
8.8771 	WARNING 	1.008218500064686: Video catchup needed, advancing self._nextFrameT from 0.3333333333333333 to 0.375
8.8771 	WARNING 	1.0082280000206083: Video catchup needed, advancing self._nextFrameT from 0.375 to 0.4166666666666667
8.8772 	WARNING 	Max reportNDroppedFrames reached, will not log any more dropped frames
8.9850 	EXP 	Created text = TextStim(__class__=<class 'psychopy.visual.text.TextStim'>, alignHoriz=method-wrapper(...), alignText='center', alignVert=method-wrapper(...), anchorHoriz='center', anchorVert='center', antialias=True, autoDraw=False, autoLog=True, bold=False, color=array([-1, -1, -1]), colorSpace='rgb', contrast=1.0, depth=-1.0, flipHoriz=False, flipVert=False, font='Noto Sans KR', fontFiles=[], height=0.05, italic=False, languageStyle='LTR', name='text', opacity=1.0, ori=0.0, pos=array([ 0. , -0.4]), rgb=UNKNOWN, text='스페이스로 넘어가세요', units='height', win=Window(...), wrapWidth=1)
8.9851 	EXP 	window1: mouseVisible = True
9.7006 	EXP 	Created wth_background_inst = ImageStim(__class__=<class 'psychopy.visual.image.ImageStim'>, anchor=('center', 'center'), autoLog=True, color=array([1, 1, 1]), colorSpace='rgb', contrast=1.0, depth=-1.0, flipHoriz=False, flipVert=False, image=str(...), interpolate=True, mask=None, maskParams=None, name='wth_background_inst', opacity=1.0, ori=0.0, pos=array([0., 0.]), size=array([1920., 1080.]), texRes=128.0, units='pix', win=Window(...))
9.7131 	EXP 	Created wth_text = TextStim(__class__=<class 'psychopy.visual.text.TextStim'>, alignHoriz=method-wrapper(...), alignText='center', alignVert=method-wrapper(...), anchorHoriz='center', anchorVert='center', antialias=True, autoDraw=False, autoLog=True, bold=False, color=array([-1, -1, -1]), colorSpace='rgb', contrast=1.0, depth=-2.0, flipHoriz=False, flipVert=False, font='Noto Sans KR', fontFiles=[], height=0.07, italic=False, languageStyle='LTR', name='wth_text', opacity=1.0, ori=0.0, pos=array([0., 0.]), rgb=UNKNOWN, text='단어연상 연습이 시작됩니다.', units='height', win=Window(...), wrapWidth=1)
10.3934 	EXP 	Created wth_background_6 = ImageStim(__class__=<class 'psychopy.visual.image.ImageStim'>, anchor=('center', 'center'), autoLog=True, color=array([1, 1, 1]), colorSpace='rgb', contrast=1.0, depth=0.0, flipHoriz=False, flipVert=False, image=str(...), interpolate=True, mask=None, maskParams=None, name='wth_background_6', opacity=1.0, ori=0.0, pos=array([0., 0.]), size=array([2., 1.]), texRes=128.0, units='height', win=Window(...))
10.4011 	EXP 	Created wth_think_instr_2 = TextStim(__class__=<class 'psychopy.visual.text.TextStim'>, alignHoriz=method-wrapper(...), alignText='center', alignVert=method-wrapper(...), anchorHoriz='center', anchorVert='center', antialias=True, autoDraw=False, autoLog=True, bold=False, color=array([-1, -1, -1]), colorSpace='rgb', contrast=1.0, depth=-2.0, flipHoriz=False, flipVert=False, font='Noto Sans KR', fontFiles=[], height=0.07, italic=False, languageStyle='LTR', name='wth_think_instr_2', opacity=1.0, ori=0.0, pos=array([0. , 0.3]), rgb=UNKNOWN, text='자유롭게 생각하세요.', units='height', win=Window(...), wrapWidth=1)
10.4053 	EXP 	Created wth_think_cross_2 = ShapeStim(__class__=<class 'psychopy.visual.shape.ShapeStim'>, anchor=('center', 'center'), autoDraw=False, autoLog=True, closeShape=True, color=method-wrapper(...), colorSpace='rgb', contrast=None, depth=-3.0, fillColor=array([-1, -1, -1]), fillColorSpace='rgb', fillRGB=array([-1, -1, -1]), interpolate=True, lineColor=array([-1, -1, -1]), lineColorSpace='rgb', lineRGB=array([-1, -1, -1]), lineWidth=0.1, name='wth_think_cross_2', opacity=1.0, ori=0.0, pos=array([0., 0.]), size=array([0.07, 0.07]), units='height', vertices=ndarray(...), win=Window(...), windingRule=None)
11.1096 	EXP 	Created image_2 = ImageStim(__class__=<class 'psychopy.visual.image.ImageStim'>, anchor=('center', 'center'), autoLog=True, color=array([1, 1, 1]), colorSpace='rgb', contrast=1.0, depth=0.0, flipHoriz=False, flipVert=False, image=str(...), interpolate=True, mask=None, maskParams=None, name='image_2', opacity=1.0, ori=0.0, pos=array([0., 0.]), size=array([1920., 1080.]), texRes=128.0, units='pix', win=Window(...))
11.2056 	EXP 	Created wth_word_instr_4 = TextStim(__class__=<class 'psychopy.visual.text.TextStim'>, alignHoriz=method-wrapper(...), alignText='center', alignVert=method-wrapper(...), anchorHoriz='center', anchorVert='center', antialias=True, autoDraw=False, autoLog=True, bold=False, color=array([-1, -1, -1]), colorSpace='rgb', contrast=1.0, depth=-2.0, flipHoriz=False, flipVert=False, font='Noto Sans KR', fontFiles=[], height=0.05, italic=False, languageStyle='LTR', name='wth_word_instr_4', opacity=1.0, ori=0.0, pos=array([0.  , 0.25]), rgb=UNKNOWN, text=str(...), units='height', win=Window(...), wrapWidth=1)
11.8795 	EXP 	Created wth_background_7 = ImageStim(__class__=<class 'psychopy.visual.image.ImageStim'>, anchor=('center', 'center'), autoLog=True, color=array([1, 1, 1]), colorSpace='rgb', contrast=1.0, depth=0.0, flipHoriz=False, flipVert=False, image=str(...), interpolate=True, mask=None, maskParams=None, name='wth_background_7', opacity=1.0, ori=0.0, pos=array([0., 0.]), size=array([2., 1.]), texRes=128.0, units='height', win=Window(...))
11.8808 	EXP 	Created wth_word_typed_2 = TextStim(__class__=<class 'psychopy.visual.text.TextStim'>, alignHoriz=method-wrapper(...), alignText='center', alignVert=method-wrapper(...), anchorHoriz='center', anchorVert='center', antialias=True, autoDraw=False, autoLog=True, bold=False, color=array([-1, -1, -1]), colorSpace='rgb', contrast=1.0, depth=-1.0, flipHoriz=False, flipVert=False, font='Noto Sans KR', fontFiles=[], height=0.1, italic=False, languageStyle='LTR', name='wth_word_typed_2', opacity=1.0, ori=0.0, pos=array([0. , 0.2]), rgb=UNKNOWN, text='', units='height', win=Window(...), wrapWidth=1)
11.8839 	EXP 	window1: mouseVisible = True
11.9298 	EXP 	Created wth_valence_rating_2 = Slider(__class__=<class 'psychopy.visual.slider.Slider'>, autoDraw=False, autoLog=True, borderColor=None, color=None, colorSpace='rgb', depth=-2, fillColor=None, flip=False, font='Noto Sans KR', granularity=0.0, labelColor=None, labelHeight=0.03, labelWrapWidth=None, labels=('부정', '중립', '긍정'), lineColor=None, markerColor=None, name='wth_valence_rating_2', opacity=None, ori=0.0, pos=array([-0.5, -0.1]), readOnly=False, self=UNKNOWN, size=array([0.45, 0.05]), startValue=None, style='rating', styleTweaks=[], ticks=array([-1,  0,  1]), units='height', win=Window(...))
11.9385 	EXP 	Created wth_valence_txt_2 = TextStim(__class__=<class 'psychopy.visual.text.TextStim'>, alignHoriz=method-wrapper(...), alignText='center', alignVert=method-wrapper(...), anchorHoriz='center', anchorVert='center', antialias=True, autoDraw=False, autoLog=True, bold=False, color=array([-1, -1, -1]), colorSpace='rgb', contrast=1.0, depth=-3.0, flipHoriz=False, flipVert=False, font='Noto Sans KR', fontFiles=[], height=0.04, italic=False, languageStyle='LTR', name='wth_valence_txt_2', opacity=1.0, ori=0.0, pos=array([-0.5 , -0.02]), rgb=UNKNOWN, text='단어에서 느껴지는 감정', units='height', win=Window(...), wrapWidth=1)
11.9455 	EXP 	Created wth_self_txt_2 = TextStim(__class__=<class 'psychopy.visual.text.TextStim'>, alignHoriz=method-wrapper(...), alignText='center', alignVert=method-wrapper(...), anchorHoriz='center', anchorVert='center', antialias=True, autoDraw=False, autoLog=True, bold=False, color=array([-1, -1, -1]), colorSpace='rgb', contrast=1.0, depth=-4.0, flipHoriz=False, flipVert=False, font='Noto Sans KR', fontFiles=[], height=0.04, italic=False, languageStyle='LTR', name='wth_self_txt_2', opacity=1.0, ori=0.0, pos=array([ 0.4 , -0.02]), rgb=UNKNOWN, text='단어가 자신과 관련이 있는 정도', units='height', win=Window(...), wrapWidth=1)
11.9467 	EXP 	window1: mouseVisible = True
12.0161 	EXP 	Created wth_self_rating_2 = Slider(__class__=<class 'psychopy.visual.slider.Slider'>, autoDraw=False, autoLog=True, borderColor=None, color=None, colorSpace='rgb', depth=-5, fillColor=None, flip=False, font='Noto Sans KR', granularity=0.0, labelColor=None, labelHeight=0.03, labelWrapWidth=None, labels=('전혀 나와 관련이 없음', '나와 관련이 매우 많음'), lineColor=None, markerColor=None, name='wth_self_rating_2', opacity=None, ori=0.0, pos=array([ 0.4, -0.1]), readOnly=False, self=UNKNOWN, size=array([0.45, 0.05]), startValue=None, style='rating', styleTweaks=[], ticks=array([0, 1]), units='height', win=Window(...))
12.0454 	EXP 	window1: mouseVisible = True
12.7424 	EXP 	Created wth_image_2 = ImageStim(__class__=<class 'psychopy.visual.image.ImageStim'>, anchor=('center', 'center'), autoLog=True, color=array([1, 1, 1]), colorSpace='rgb', contrast=1.0, depth=0.0, flipHoriz=False, flipVert=False, image=str(...), interpolate=True, mask=None, maskParams=None, name='wth_image_2', opacity=1.0, ori=0.0, pos=array([0., 0.]), size=array([2., 1.]), texRes=128.0, units='height', win=Window(...))
12.7568 	EXP 	Created wth_text_4 = TextStim(__class__=<class 'psychopy.visual.text.TextStim'>, alignHoriz=method-wrapper(...), alignText='center', alignVert=method-wrapper(...), anchorHoriz='center', anchorVert='center', antialias=True, autoDraw=False, autoLog=True, bold=False, color=array([-1, -1, -1]), colorSpace='rgb', contrast=1.0, depth=-1.0, flipHoriz=False, flipVert=False, font='Noto Sans KR', fontFiles=[], height=0.05, italic=False, languageStyle='LTR', name='wth_text_4', opacity=1.0, ori=0.0, pos=array([0., 0.]), rgb=UNKNOWN, text='연습을 다시 하시겠습니까?\n\ny 혹은 n을 누르세요.', units='height', win=Window(...), wrapWidth=1)
13.4290 	EXP 	Created wth_background_inst_2 = ImageStim(__class__=<class 'psychopy.visual.image.ImageStim'>, anchor=('center', 'center'), autoLog=True, color=array([1, 1, 1]), colorSpace='rgb', contrast=1.0, depth=0.0, flipHoriz=False, flipVert=False, image=str(...), interpolate=True, mask=None, maskParams=None, name='wth_background_inst_2', opacity=1.0, ori=0.0, pos=array([0., 0.]), size=array([2., 1.]), texRes=128.0, units='height', win=Window(...))
13.4394 	EXP 	Created wth_text_2 = TextStim(__class__=<class 'psychopy.visual.text.TextStim'>, alignHoriz=method-wrapper(...), alignText='center', alignVert=method-wrapper(...), anchorHoriz='center', anchorVert='center', antialias=True, autoDraw=False, autoLog=True, bold=False, color=array([-1, -1, -1]), colorSpace='rgb', contrast=1.0, depth=-1.0, flipHoriz=False, flipVert=False, font='Arial', fontFiles=[], height=0.07, italic=False, languageStyle='LTR', name='wth_text_2', opacity=1.0, ori=0.0, pos=array([0., 0.]), rgb=UNKNOWN, text='실험을 시작합니다.\n\n스페이스로 넘어가세요.', units='height', win=Window(...), wrapWidth=1)
14.1401 	EXP 	Created wth_background = ImageStim(__class__=<class 'psychopy.visual.image.ImageStim'>, anchor=('center', 'center'), autoLog=True, color=array([1, 1, 1]), colorSpace='rgb', contrast=1.0, depth=0.0, flipHoriz=False, flipVert=False, image=str(...), interpolate=True, mask=None, maskParams=None, name='wth_background', opacity=1.0, ori=0.0, pos=array([0., 0.]), size=array([2., 1.]), texRes=128.0, units='height', win=Window(...))
14.1514 	EXP 	Created wth_think_instr = TextStim(__class__=<class 'psychopy.visual.text.TextStim'>, alignHoriz=method-wrapper(...), alignText='center', alignVert=method-wrapper(...), anchorHoriz='center', anchorVert='center', antialias=True, autoDraw=False, autoLog=True, bold=False, color=array([-1, -1, -1]), colorSpace='rgb', contrast=1.0, depth=-2.0, flipHoriz=False, flipVert=False, font='Arial', fontFiles=[], height=0.07, italic=False, languageStyle='LTR', name='wth_think_instr', opacity=1.0, ori=0.0, pos=array([0. , 0.3]), rgb=UNKNOWN, text='자유롭게 생각하세요.', units='height', win=Window(...), wrapWidth=1)
14.1524 	EXP 	Created wth_think_cross = ShapeStim(__class__=<class 'psychopy.visual.shape.ShapeStim'>, anchor=('center', 'center'), autoDraw=False, autoLog=True, closeShape=True, color=method-wrapper(...), colorSpace='rgb', contrast=None, depth=-3.0, fillColor=array([-1, -1, -1]), fillColorSpace='rgb', fillRGB=array([-1, -1, -1]), interpolate=True, lineColor=array([-1, -1, -1]), lineColorSpace='rgb', lineRGB=array([-1, -1, -1]), lineWidth=0.1, name='wth_think_cross', opacity=1.0, ori=0.0, pos=array([0., 0.]), size=array([0.07, 0.07]), units='height', vertices=ndarray(...), win=Window(...), windingRule=None)
14.8428 	EXP 	Created wth_background_2 = ImageStim(__class__=<class 'psychopy.visual.image.ImageStim'>, anchor=('center', 'center'), autoLog=True, color=array([1, 1, 1]), colorSpace='rgb', contrast=1.0, depth=0.0, flipHoriz=False, flipVert=False, image=str(...), interpolate=True, mask=None, maskParams=None, name='wth_background_2', opacity=1.0, ori=0.0, pos=array([0., 0.]), size=array([2., 1.]), texRes=128.0, units='height', win=Window(...))
14.8621 	EXP 	Created wth_word_instr = TextStim(__class__=<class 'psychopy.visual.text.TextStim'>, alignHoriz=method-wrapper(...), alignText='center', alignVert=method-wrapper(...), anchorHoriz='center', anchorVert='center', antialias=True, autoDraw=False, autoLog=True, bold=False, color=array([-1, -1, -1]), colorSpace='rgb', contrast=1.0, depth=-1.0, flipHoriz=False, flipVert=False, font='Arial', fontFiles=[], height=0.05, italic=False, languageStyle='LTR', name='wth_word_instr', opacity=1.0, ori=0.0, pos=array([0.  , 0.25]), rgb=UNKNOWN, text=str(...), units='height', win=Window(...), wrapWidth=1)
14.8683 	EXP 	window1: mouseVisible = True
15.5527 	EXP 	Created wth_background_3 = ImageStim(__class__=<class 'psychopy.visual.image.ImageStim'>, anchor=('center', 'center'), autoLog=True, color=array([1, 1, 1]), colorSpace='rgb', contrast=1.0, depth=0.0, flipHoriz=False, flipVert=False, image=str(...), interpolate=True, mask=None, maskParams=None, name='wth_background_3', opacity=1.0, ori=0.0, pos=array([0., 0.]), size=array([2., 1.]), texRes=128.0, units='height', win=Window(...))
15.5540 	EXP 	Created wth_word_typed = TextStim(__class__=<class 'psychopy.visual.text.TextStim'>, alignHoriz=method-wrapper(...), alignText='center', alignVert=method-wrapper(...), anchorHoriz='center', anchorVert='center', antialias=True, autoDraw=False, autoLog=True, bold=False, color=array([-1, -1, -1]), colorSpace='rgb', contrast=1.0, depth=-1.0, flipHoriz=False, flipVert=False, font='Arial', fontFiles=[], height=0.1, italic=False, languageStyle='LTR', name='wth_word_typed', opacity=1.0, ori=0.0, pos=array([0. , 0.2]), rgb=UNKNOWN, text='', units='height', win=Window(...), wrapWidth=1)
15.5553 	EXP 	window1: mouseVisible = True
15.5778 	EXP 	Created wth_valence_rating = Slider(__class__=<class 'psychopy.visual.slider.Slider'>, autoDraw=False, autoLog=True, borderColor=None, color=None, colorSpace='rgb', depth=-2, fillColor=None, flip=False, font='Noto Sans KR', granularity=0.0, labelColor=None, labelHeight=0.03, labelWrapWidth=None, labels=('부정', '중립', '긍정'), lineColor=None, markerColor=None, name='wth_valence_rating', opacity=None, ori=0.0, pos=array([-0.5, -0.1]), readOnly=False, self=UNKNOWN, size=array([0.45, 0.05]), startValue=None, style='rating', styleTweaks=[], ticks=array([-1,  0,  1]), units='height', win=Window(...))
15.5852 	EXP 	Created wth_valence_txt = TextStim(__class__=<class 'psychopy.visual.text.TextStim'>, alignHoriz=method-wrapper(...), alignText='center', alignVert=method-wrapper(...), anchorHoriz='center', anchorVert='center', antialias=True, autoDraw=False, autoLog=True, bold=False, color=array([-1, -1, -1]), colorSpace='rgb', contrast=1.0, depth=-3.0, flipHoriz=False, flipVert=False, font='Arial', fontFiles=[], height=0.04, italic=False, languageStyle='LTR', name='wth_valence_txt', opacity=1.0, ori=0.0, pos=array([-0.5 , -0.02]), rgb=UNKNOWN, text='단어에서 느껴지는 감정', units='height', win=Window(...), wrapWidth=1)
15.5903 	EXP 	Created wth_self_txt = TextStim(__class__=<class 'psychopy.visual.text.TextStim'>, alignHoriz=method-wrapper(...), alignText='center', alignVert=method-wrapper(...), anchorHoriz='center', anchorVert='center', antialias=True, autoDraw=False, autoLog=True, bold=False, color=array([-1, -1, -1]), colorSpace='rgb', contrast=1.0, depth=-4.0, flipHoriz=False, flipVert=False, font='Arial', fontFiles=[], height=0.04, italic=False, languageStyle='LTR', name='wth_self_txt', opacity=1.0, ori=0.0, pos=array([ 0.4 , -0.02]), rgb=UNKNOWN, text='단어가 자신과 관련이 있는 정도', units='height', win=Window(...), wrapWidth=1)
15.5915 	EXP 	window1: mouseVisible = True
15.6075 	EXP 	Created wth_self_rating = Slider(__class__=<class 'psychopy.visual.slider.Slider'>, autoDraw=False, autoLog=True, borderColor=None, color=None, colorSpace='rgb', depth=-5, fillColor=None, flip=False, font='Noto Sans KR', granularity=0.0, labelColor=None, labelHeight=0.03, labelWrapWidth=None, labels=('전혀 나와 관련이 없음', '나와 관련이 매우 많음'), lineColor=None, markerColor=None, name='wth_self_rating', opacity=None, ori=0.0, pos=array([ 0.4, -0.1]), readOnly=False, self=UNKNOWN, size=array([0.45, 0.05]), startValue=None, style='rating', styleTweaks=[], ticks=array([0, 1]), units='height', win=Window(...))
15.6105 	EXP 	window1: mouseVisible = True
15.6249 	EXP 	Created exp_end_back = ImageStim(__class__=<class 'psychopy.visual.image.ImageStim'>, anchor=('center', 'center'), autoLog=True, color=array([1, 1, 1]), colorSpace='rgb', contrast=1.0, depth=-1.0, flipHoriz=False, flipVert=False, image='pics/blank.png', interpolate=True, mask=None, maskParams=None, name='exp_end_back', opacity=1.0, ori=0.0, pos=array([0., 0.]), size=array([3., 1.]), texRes=128.0, units='height', win=Window(...))
15.6434 	EXP 	Created exp_end_text = TextStim(__class__=<class 'psychopy.visual.text.TextStim'>, alignHoriz=method-wrapper(...), alignText='center', alignVert=method-wrapper(...), anchorHoriz='center', anchorVert='center', antialias=True, autoDraw=False, autoLog=True, bold=False, color=array([-1, -1, -1]), colorSpace='rgb', contrast=1.0, depth=-2.0, flipHoriz=False, flipVert=False, font='Noto Sans KR', fontFiles=[], height=0.04, italic=False, languageStyle='LTR', name='exp_end_text', opacity=1.0, ori=0.0, pos=array([0., 0.]), rgb=UNKNOWN, text=str(...), units='height', win=Window(...), wrapWidth=1)
15.6512 	EXP 	Created total_end_text = TextStim(__class__=<class 'psychopy.visual.text.TextStim'>, alignHoriz=method-wrapper(...), alignText='center', alignVert=method-wrapper(...), anchorHoriz='center', anchorVert='center', antialias=True, autoDraw=False, autoLog=True, bold=False, color=array([1, 1, 1]), colorSpace='rgb', contrast=1.0, depth=0.0, flipHoriz=False, flipVert=False, font='Arial', fontFiles=[], height=0.04, italic=False, languageStyle='LTR', name='total_end_text', opacity=1.0, ori=0.0, pos=array([0., 0.]), rgb=UNKNOWN, text='참여해주셔서 감사합니다.\n자동으로 종료됩니다.', units='height', win=Window(...), wrapWidth=1)
15.6585 	DATA 	Mouse: Left button down, pos=(974,219)
15.7195 	EXP 	wth_movie: autoLog = True
15.7195 	EXP 	wth_movie: movie = 'ins/weather_intro.mp4'
15.7195 	EXP 	wth_movie: ori = 0.0
15.7195 	EXP 	wth_valence_rating_2: autoLog = True
15.7195 	EXP 	wth_valence_rating_2: markerPos = None
15.7195 	EXP 	wth_valence_rating_2: styleTweaks = []
15.7195 	EXP 	wth_valence_rating_2: styleTweaks = []
15.7195 	EXP 	wth_valence_rating_2: styleTweaks = []
15.7195 	EXP 	wth_valence_rating_2: styleTweaks = []
15.7195 	EXP 	wth_valence_rating_2: contrast = 1.0
15.7195 	EXP 	wth_valence_rating_2: autoLog = True
15.7195 	EXP 	wth_self_rating_2: autoLog = True
15.7195 	EXP 	wth_self_rating_2: markerPos = None
15.7195 	EXP 	wth_self_rating_2: styleTweaks = []
15.7195 	EXP 	wth_self_rating_2: styleTweaks = []
15.7195 	EXP 	wth_self_rating_2: styleTweaks = []
15.7195 	EXP 	wth_self_rating_2: styleTweaks = []
15.7195 	EXP 	wth_self_rating_2: contrast = 1.0
15.7195 	EXP 	wth_self_rating_2: autoLog = True
15.7195 	EXP 	wth_valence_rating: autoLog = True
15.7195 	EXP 	wth_valence_rating: markerPos = None
15.7195 	EXP 	wth_valence_rating: styleTweaks = []
15.7195 	EXP 	wth_valence_rating: styleTweaks = []
15.7195 	EXP 	wth_valence_rating: styleTweaks = []
15.7195 	EXP 	wth_valence_rating: styleTweaks = []
15.7195 	EXP 	wth_valence_rating: contrast = 1.0
15.7195 	EXP 	wth_valence_rating: autoLog = True
15.7195 	EXP 	wth_self_rating: autoLog = True
15.7195 	EXP 	wth_self_rating: markerPos = None
15.7195 	EXP 	wth_self_rating: styleTweaks = []
15.7195 	EXP 	wth_self_rating: styleTweaks = []
15.7195 	EXP 	wth_self_rating: styleTweaks = []
15.7195 	EXP 	wth_self_rating: styleTweaks = []
15.7195 	EXP 	wth_self_rating: contrast = 1.0
15.7195 	EXP 	wth_self_rating: autoLog = True
15.7195 	EXP 	image: autoDraw = True
15.7379 	DATA 	Mouse:  Left button up, pos=(974,219)
16.4380 	EXP 	Created sequence: random, trialTypes=1, nReps=1, seed=None
16.4381 	EXP 	New trial (rep=0, index=0): None
16.4389 	DATA 	Keypress: space
16.4542 	EXP 	image: autoDraw = False
17.4876 	DATA 	Mouse: Left button down, pos=(1215,423)
17.7038 	DATA 	Mouse:  Left button up, pos=(1239,192)
18.4538 	EXP 	wth_movie: autoDraw = True
18.4538 	EXP 	text: autoDraw = True
18.7906 	DATA 	Keypress: space
18.8048 	EXP 	Created sequence: sequential, trialTypes=1, nReps=10, seed=None
18.8049 	EXP 	New trial (rep=0, index=0): None
18.8212 	EXP 	wth_movie: autoDraw = False
18.8212 	EXP 	text: autoDraw = False
18.8212 	EXP 	wth_background_inst: autoDraw = True
19.6047 	DATA 	Mouse: Left button down, pos=(1255,310)
19.8040 	EXP 	wth_text: autoDraw = True
19.8555 	DATA 	Mouse:  Left button up, pos=(1227,203)
20.4053 	DATA 	Mouse: Left button down, pos=(1176,368)
20.6050 	DATA 	Mouse:  Left button up, pos=(1191,216)
20.8889 	DATA 	Mouse: Left button down, pos=(1276,610)
21.0890 	DATA 	Mouse:  Left button up, pos=(1245,433)
21.2224 	DATA 	Mouse: Left button down, pos=(1102,839)
21.4049 	DATA 	Mouse:  Left button up, pos=(1305,766)
21.6048 	DATA 	Mouse: Left button down, pos=(1367,1061)
21.8041 	EXP 	wth_text: autoDraw = False
21.9220 	DATA 	Mouse:  Left button up, pos=(1315,692)
22.4219 	DATA 	Mouse: Left button down, pos=(928,375)
22.6713 	DATA 	Mouse:  Left button up, pos=(719,279)
23.7714 	DATA 	Mouse: Left button down, pos=(784,395)
23.7717 	DATA 	Mouse: Right button down, pos=(784,395)
23.8215 	DATA 	Mouse:  Left button up, pos=(788,397)
23.8551 	DATA 	Mouse:  Right button up, pos=(791,400)
23.9882 	DATA 	Mouse: Left button down, pos=(869,489)
24.0552 	DATA 	Mouse:  Left button up, pos=(896,513)
24.1882 	DATA 	Mouse: Left button down, pos=(1006,583)
24.2380 	DATA 	Mouse:  Left button up, pos=(1017,583)
24.3380 	DATA 	Mouse: Right button down, pos=(1061,593)
24.4715 	DATA 	Mouse:  Right button up, pos=(1078,591)
24.5380 	DATA 	Mouse: Left button down, pos=(1128,588)
24.6382 	DATA 	Mouse:  Left button up, pos=(1174,570)
24.7378 	DATA 	Mouse: Left button down, pos=(1363,551)
24.8215 	DATA 	Mouse:  Left button up, pos=(1726,530)
31.1247 	EXP 	window1: mouseVisible = True
